Using device: cuda
Loading data from /work/nvme/bemc/abagchi2/finance-diffusion/data/data.pt...
  Shape: 150 days, 200 assets, 350 factors
Epoch 1/1000  Loss: 18.846461
Epoch 2/1000  Loss: 2.915328
Epoch 3/1000  Loss: 7.027871
Epoch 4/1000  Loss: 4.983420
Epoch 5/1000  Loss: 1.420856
Epoch 6/1000  Loss: 1.656282
Epoch 7/1000  Loss: 3.674555
Epoch 8/1000  Loss: 0.573715
Epoch 9/1000  Loss: 0.545921
Epoch 10/1000  Loss: 0.377291
Epoch 11/1000  Loss: 0.299336
Epoch 12/1000  Loss: 0.288255
Epoch 13/1000  Loss: 0.144313
Epoch 14/1000  Loss: 0.191049
Epoch 15/1000  Loss: 0.070007
Epoch 16/1000  Loss: 0.943555
Epoch 17/1000  Loss: 0.065384
Epoch 18/1000  Loss: 0.193479
Epoch 19/1000  Loss: 0.158560
Epoch 20/1000  Loss: 0.049459
Epoch 21/1000  Loss: 0.023935
Epoch 22/1000  Loss: 0.174487
Epoch 23/1000  Loss: 0.187431
Epoch 24/1000  Loss: 0.064111
Epoch 25/1000  Loss: 0.090809
Epoch 26/1000  Loss: 0.037798
Epoch 27/1000  Loss: 0.172427
Epoch 28/1000  Loss: 0.027045
Epoch 29/1000  Loss: 0.032645
Epoch 30/1000  Loss: 0.027816
Epoch 31/1000  Loss: 0.016858
Epoch 32/1000  Loss: 0.021475
Epoch 33/1000  Loss: 0.034722
Epoch 34/1000  Loss: 0.021813
Epoch 35/1000  Loss: 0.066561
Epoch 36/1000  Loss: 0.030193
Epoch 37/1000  Loss: 0.050113
Epoch 38/1000  Loss: 0.038668
Epoch 39/1000  Loss: 0.022663
Epoch 40/1000  Loss: 0.017565
Epoch 41/1000  Loss: 0.023826
Epoch 42/1000  Loss: 0.016262
Epoch 43/1000  Loss: 0.014613
Epoch 44/1000  Loss: 0.015694
Epoch 45/1000  Loss: 0.037570
Epoch 46/1000  Loss: 0.016815
Epoch 47/1000  Loss: 0.020563
Epoch 48/1000  Loss: 0.022050
Epoch 49/1000  Loss: 0.019537
Epoch 50/1000  Loss: 0.024107
Epoch 51/1000  Loss: 0.015077
Epoch 52/1000  Loss: 0.017116
Epoch 53/1000  Loss: 0.017951
Epoch 54/1000  Loss: 0.026803
Epoch 55/1000  Loss: 0.074535
Epoch 56/1000  Loss: 0.093602
Epoch 57/1000  Loss: 0.018412
Epoch 58/1000  Loss: 0.014401
Epoch 59/1000  Loss: 0.008582
Epoch 60/1000  Loss: 0.008331
Epoch 61/1000  Loss: 0.011957
Epoch 62/1000  Loss: 0.013486
Epoch 63/1000  Loss: 0.020990
Epoch 64/1000  Loss: 0.024397
Epoch 65/1000  Loss: 0.021590
Epoch 66/1000  Loss: 0.021194
Epoch 67/1000  Loss: 0.018910
Epoch 68/1000  Loss: 0.023737
Epoch 69/1000  Loss: 0.008401
Epoch 70/1000  Loss: 0.010509
Epoch 71/1000  Loss: 0.010416
Epoch 72/1000  Loss: 0.028599
Epoch 73/1000  Loss: 0.009641
Epoch 74/1000  Loss: 0.006866
Epoch 75/1000  Loss: 0.008396
Epoch 76/1000  Loss: 0.008509
Epoch 77/1000  Loss: 0.011256
Epoch 78/1000  Loss: 0.018111
Epoch 79/1000  Loss: 0.013402
Epoch 80/1000  Loss: 0.037571
Epoch 81/1000  Loss: 0.021220
Epoch 82/1000  Loss: 0.151528
Epoch 83/1000  Loss: 0.014702
Epoch 84/1000  Loss: 0.010000
Epoch 85/1000  Loss: 0.009285
Epoch 86/1000  Loss: 0.010723
Epoch 87/1000  Loss: 0.013525
Epoch 88/1000  Loss: 0.020822
Epoch 89/1000  Loss: 0.016054
Epoch 90/1000  Loss: 0.022836
Epoch 91/1000  Loss: 0.013081
Epoch 92/1000  Loss: 0.013262
Epoch 93/1000  Loss: 0.007418
Epoch 94/1000  Loss: 0.008626
Epoch 95/1000  Loss: 0.012023
Epoch 96/1000  Loss: 0.012126
Epoch 97/1000  Loss: 0.005144
Epoch 98/1000  Loss: 0.012327
Epoch 99/1000  Loss: 0.007634
Epoch 100/1000  Loss: 0.011772
Epoch 101/1000  Loss: 0.005289
Epoch 102/1000  Loss: 0.008801
Epoch 103/1000  Loss: 0.005953
Epoch 104/1000  Loss: 0.012625
Epoch 105/1000  Loss: 0.011235
Epoch 106/1000  Loss: 0.004092
Epoch 107/1000  Loss: 0.003761
Epoch 108/1000  Loss: 0.011417
Epoch 109/1000  Loss: 0.025218
Epoch 110/1000  Loss: 0.003414
Epoch 111/1000  Loss: 0.020805
Epoch 112/1000  Loss: 0.022419
Epoch 113/1000  Loss: 0.004251
Epoch 114/1000  Loss: 0.110052
Epoch 115/1000  Loss: 0.005600
Epoch 116/1000  Loss: 0.003503
Epoch 117/1000  Loss: 0.002202
Epoch 118/1000  Loss: 0.018740
Epoch 119/1000  Loss: 0.005903
Epoch 120/1000  Loss: 0.004100
Epoch 121/1000  Loss: 0.004068
Epoch 122/1000  Loss: 0.004690
Epoch 123/1000  Loss: 0.089012
Epoch 124/1000  Loss: 0.005256
Epoch 125/1000  Loss: 0.003218
Epoch 126/1000  Loss: 0.003768
Epoch 127/1000  Loss: 0.004207
Epoch 128/1000  Loss: 0.003264
Epoch 129/1000  Loss: 0.003267
Epoch 130/1000  Loss: 0.001994
Epoch 131/1000  Loss: 0.003333
Epoch 132/1000  Loss: 0.002061
Epoch 133/1000  Loss: 0.002750
Epoch 134/1000  Loss: 0.003896
Epoch 135/1000  Loss: 0.004374
Epoch 136/1000  Loss: 0.001996
Epoch 137/1000  Loss: 0.002085
Epoch 138/1000  Loss: 0.003600
Epoch 139/1000  Loss: 0.005488
Epoch 140/1000  Loss: 0.002048
Epoch 141/1000  Loss: 0.015089
Epoch 142/1000  Loss: 0.005667
Epoch 143/1000  Loss: 0.005280
Epoch 144/1000  Loss: 0.002283
Epoch 145/1000  Loss: 0.111225
Epoch 146/1000  Loss: 0.009452
Epoch 147/1000  Loss: 0.004068
Epoch 148/1000  Loss: 0.004526
Epoch 149/1000  Loss: 0.005315
Epoch 150/1000  Loss: 0.003722
Epoch 151/1000  Loss: 0.008577
Epoch 152/1000  Loss: 0.004864
Epoch 153/1000  Loss: 0.006851
Epoch 154/1000  Loss: 0.002802
Epoch 155/1000  Loss: 0.003030
Epoch 156/1000  Loss: 0.005784
Epoch 157/1000  Loss: 0.003959
Epoch 158/1000  Loss: 0.010788
Epoch 159/1000  Loss: 0.002846
Epoch 160/1000  Loss: 0.007779
Epoch 161/1000  Loss: 0.003706
Epoch 162/1000  Loss: 0.009495
Epoch 163/1000  Loss: 0.003470
Epoch 164/1000  Loss: 0.003180
Epoch 165/1000  Loss: 0.003469
Epoch 166/1000  Loss: 0.007990
Epoch 167/1000  Loss: 0.006473
Epoch 168/1000  Loss: 0.002695
Epoch 169/1000  Loss: 0.003870
Epoch 170/1000  Loss: 0.003152
Epoch 171/1000  Loss: 0.019357
Epoch 172/1000  Loss: 0.002472
Epoch 173/1000  Loss: 0.003356
Epoch 174/1000  Loss: 0.003690
Epoch 175/1000  Loss: 0.004187
Epoch 176/1000  Loss: 0.007017
Epoch 177/1000  Loss: 0.004500
Epoch 178/1000  Loss: 0.003310
Epoch 179/1000  Loss: 0.004431
Epoch 180/1000  Loss: 0.004299
Epoch 181/1000  Loss: 0.002173
Epoch 182/1000  Loss: 0.004247
Epoch 183/1000  Loss: 0.003914
Epoch 184/1000  Loss: 0.008581
Epoch 185/1000  Loss: 0.002788
Epoch 186/1000  Loss: 0.003258
Epoch 187/1000  Loss: 0.011320
Epoch 188/1000  Loss: 0.004234
Epoch 189/1000  Loss: 0.004070
Epoch 190/1000  Loss: 0.007385
Epoch 191/1000  Loss: 0.007775
Epoch 192/1000  Loss: 0.010513
Epoch 193/1000  Loss: 0.003064
Epoch 194/1000  Loss: 0.001741
Epoch 195/1000  Loss: 0.003294
Epoch 196/1000  Loss: 0.004010
Epoch 197/1000  Loss: 0.033250
Epoch 198/1000  Loss: 0.002217
Epoch 199/1000  Loss: 0.006061
Epoch 200/1000  Loss: 0.003690
Epoch 201/1000  Loss: 0.005813
Epoch 202/1000  Loss: 0.003975
Epoch 203/1000  Loss: 0.003160
Epoch 204/1000  Loss: 0.001475
Epoch 205/1000  Loss: 0.004479
Epoch 206/1000  Loss: 0.005107
Epoch 207/1000  Loss: 0.001370
Epoch 208/1000  Loss: 0.004133
Epoch 209/1000  Loss: 0.002618
Epoch 210/1000  Loss: 0.004787
Epoch 211/1000  Loss: 0.001849
Epoch 212/1000  Loss: 0.001716
Epoch 213/1000  Loss: 0.002905
Epoch 214/1000  Loss: 0.003436
Epoch 215/1000  Loss: 0.003031
Epoch 216/1000  Loss: 0.006379
Epoch 217/1000  Loss: 0.003701
Epoch 218/1000  Loss: 0.005555
Epoch 219/1000  Loss: 0.005572
Epoch 220/1000  Loss: 0.011541
Epoch 221/1000  Loss: 0.003276
Epoch 222/1000  Loss: 0.006886
Epoch 223/1000  Loss: 0.004211
Epoch 224/1000  Loss: 0.006209
Epoch 225/1000  Loss: 0.003951
Epoch 226/1000  Loss: 0.002884
Epoch 227/1000  Loss: 0.004601
Epoch 228/1000  Loss: 0.005708
Epoch 229/1000  Loss: 0.006343
Epoch 230/1000  Loss: 0.003042
Epoch 231/1000  Loss: 0.001760
Epoch 232/1000  Loss: 0.003293
Epoch 233/1000  Loss: 0.004929
Epoch 234/1000  Loss: 0.001909
Epoch 235/1000  Loss: 0.001755
Epoch 236/1000  Loss: 0.002834
Epoch 237/1000  Loss: 0.002559
Epoch 238/1000  Loss: 0.001757
Epoch 239/1000  Loss: 0.001639
Epoch 240/1000  Loss: 0.023174
Epoch 241/1000  Loss: 0.014311
Epoch 242/1000  Loss: 0.004683
Epoch 243/1000  Loss: 0.002153
Epoch 244/1000  Loss: 0.008570
Epoch 245/1000  Loss: 0.003221
Epoch 246/1000  Loss: 0.006387
Epoch 247/1000  Loss: 0.004152
Epoch 248/1000  Loss: 0.005962
Epoch 249/1000  Loss: 0.003230
Epoch 250/1000  Loss: 0.012385
Epoch 251/1000  Loss: 0.038878
Epoch 252/1000  Loss: 0.001913
Epoch 253/1000  Loss: 0.003186
Epoch 254/1000  Loss: 0.003377
Epoch 255/1000  Loss: 0.001095
Epoch 256/1000  Loss: 0.005324
Epoch 257/1000  Loss: 0.007209
Epoch 258/1000  Loss: 0.002820
Epoch 259/1000  Loss: 0.007283
Epoch 260/1000  Loss: 0.002102
Epoch 261/1000  Loss: 0.004949
Epoch 262/1000  Loss: 0.003659
Epoch 263/1000  Loss: 0.002897
Epoch 264/1000  Loss: 0.001744
Epoch 265/1000  Loss: 0.003930
Epoch 266/1000  Loss: 0.022709
Epoch 267/1000  Loss: 0.005350
Epoch 268/1000  Loss: 0.007142
Epoch 269/1000  Loss: 0.002916
Epoch 270/1000  Loss: 0.002214
Epoch 271/1000  Loss: 0.002515
Epoch 272/1000  Loss: 0.003481
Epoch 273/1000  Loss: 0.003484
Epoch 274/1000  Loss: 0.004679
Epoch 275/1000  Loss: 0.002960
Epoch 276/1000  Loss: 0.003584
Epoch 277/1000  Loss: 0.004888
Epoch 278/1000  Loss: 0.003397
Epoch 279/1000  Loss: 0.002975
Epoch 280/1000  Loss: 0.001229
Epoch 281/1000  Loss: 0.009875
Epoch 282/1000  Loss: 0.003193
Epoch 283/1000  Loss: 0.002560
Epoch 284/1000  Loss: 0.004039
Epoch 285/1000  Loss: 0.001757
Epoch 286/1000  Loss: 0.002031
Epoch 287/1000  Loss: 0.026305
Epoch 288/1000  Loss: 0.006808
Epoch 289/1000  Loss: 0.002097
Epoch 290/1000  Loss: 0.004922
Epoch 291/1000  Loss: 0.004990
Epoch 292/1000  Loss: 0.002593
Epoch 293/1000  Loss: 0.002960
Epoch 294/1000  Loss: 0.001509
Epoch 295/1000  Loss: 0.000764
Epoch 296/1000  Loss: 0.003241
Epoch 297/1000  Loss: 0.003348
Epoch 298/1000  Loss: 0.006191
Epoch 299/1000  Loss: 0.002158
Epoch 300/1000  Loss: 0.001330
Epoch 301/1000  Loss: 0.002227
Epoch 302/1000  Loss: 0.002104
Epoch 303/1000  Loss: 0.005119
Epoch 304/1000  Loss: 0.004436
Epoch 305/1000  Loss: 0.004042
Epoch 306/1000  Loss: 0.002553
Epoch 307/1000  Loss: 0.006680
Epoch 308/1000  Loss: 0.001560
Epoch 309/1000  Loss: 0.003960
Epoch 310/1000  Loss: 0.001788
Epoch 311/1000  Loss: 0.002551
Epoch 312/1000  Loss: 0.002916
Epoch 313/1000  Loss: 0.001622
Epoch 314/1000  Loss: 0.008034
Epoch 315/1000  Loss: 0.002205
Epoch 316/1000  Loss: 0.005240
Epoch 317/1000  Loss: 0.003035
Epoch 318/1000  Loss: 0.002167
Epoch 319/1000  Loss: 0.002502
Epoch 320/1000  Loss: 0.003043
Epoch 321/1000  Loss: 0.002991
Epoch 322/1000  Loss: 0.008969
Epoch 323/1000  Loss: 0.000843
Epoch 324/1000  Loss: 0.009971
Epoch 325/1000  Loss: 0.014485
Epoch 326/1000  Loss: 0.003503
Epoch 327/1000  Loss: 0.003591
Epoch 328/1000  Loss: 0.006560
Epoch 329/1000  Loss: 0.007174
Epoch 330/1000  Loss: 0.002902
Epoch 331/1000  Loss: 0.002536
Epoch 332/1000  Loss: 0.005221
Epoch 333/1000  Loss: 0.002850
Epoch 334/1000  Loss: 0.003844
Epoch 335/1000  Loss: 0.005191
Epoch 336/1000  Loss: 0.005900
Epoch 337/1000  Loss: 0.003757
Epoch 338/1000  Loss: 0.003536
Epoch 339/1000  Loss: 0.003122
Epoch 340/1000  Loss: 0.003969
Epoch 341/1000  Loss: 0.006586
Epoch 342/1000  Loss: 0.002226
Epoch 343/1000  Loss: 0.002365
Epoch 344/1000  Loss: 0.003945
Epoch 345/1000  Loss: 0.001903
Epoch 346/1000  Loss: 0.002603
Epoch 347/1000  Loss: 0.002567
Epoch 348/1000  Loss: 0.002486
Epoch 349/1000  Loss: 0.007315
Epoch 350/1000  Loss: 0.001511
Epoch 351/1000  Loss: 0.003087
Epoch 352/1000  Loss: 0.003496
Epoch 353/1000  Loss: 0.009837
Epoch 354/1000  Loss: 0.003207
Epoch 355/1000  Loss: 0.002886
Epoch 356/1000  Loss: 0.024559
Epoch 357/1000  Loss: 0.003055
Epoch 358/1000  Loss: 0.001741
Epoch 359/1000  Loss: 0.004153
Epoch 360/1000  Loss: 0.005450
Epoch 361/1000  Loss: 0.003759
Epoch 362/1000  Loss: 0.003551
Epoch 363/1000  Loss: 0.005437
Epoch 364/1000  Loss: 0.007334
Epoch 365/1000  Loss: 0.004926
Epoch 366/1000  Loss: 0.005804
Epoch 367/1000  Loss: 0.005137
Epoch 368/1000  Loss: 0.002593
Epoch 369/1000  Loss: 0.004624
Epoch 370/1000  Loss: 0.002550
Epoch 371/1000  Loss: 0.004949
Epoch 372/1000  Loss: 0.007272
Epoch 373/1000  Loss: 0.004694
Epoch 374/1000  Loss: 0.003700
Epoch 375/1000  Loss: 0.003134
Epoch 376/1000  Loss: 0.002842
Epoch 377/1000  Loss: 0.004545
Epoch 378/1000  Loss: 0.003595
Epoch 379/1000  Loss: 0.002887
Epoch 380/1000  Loss: 0.001698
Epoch 381/1000  Loss: 0.003731
Epoch 382/1000  Loss: 0.003273
Epoch 383/1000  Loss: 0.005591
Epoch 384/1000  Loss: 0.005096
Epoch 385/1000  Loss: 0.003104
Epoch 386/1000  Loss: 0.003526
Epoch 387/1000  Loss: 0.003403
Epoch 388/1000  Loss: 0.005984
Epoch 389/1000  Loss: 0.006772
Epoch 390/1000  Loss: 0.003472
Epoch 391/1000  Loss: 0.004877
Epoch 392/1000  Loss: 0.003460
Epoch 393/1000  Loss: 0.003456
Epoch 394/1000  Loss: 0.003709
Epoch 395/1000  Loss: 0.003754
Epoch 396/1000  Loss: 0.002434
Epoch 397/1000  Loss: 0.002050
Epoch 398/1000  Loss: 0.002830
Epoch 399/1000  Loss: 0.002769
Epoch 400/1000  Loss: 0.001711
Epoch 401/1000  Loss: 0.002581
Epoch 402/1000  Loss: 0.001806
Epoch 403/1000  Loss: 0.003443
Epoch 404/1000  Loss: 0.001594
Epoch 405/1000  Loss: 0.002689
Epoch 406/1000  Loss: 0.003854
Epoch 407/1000  Loss: 0.002855
Epoch 408/1000  Loss: 0.002906
Epoch 409/1000  Loss: 0.001785
Epoch 410/1000  Loss: 0.002588
Epoch 411/1000  Loss: 0.002483
Epoch 412/1000  Loss: 0.001406
Epoch 413/1000  Loss: 0.001531
Epoch 414/1000  Loss: 0.002530
Epoch 415/1000  Loss: 0.001768
Epoch 416/1000  Loss: 0.004318
Epoch 417/1000  Loss: 0.002130
Epoch 418/1000  Loss: 0.007144
Epoch 419/1000  Loss: 0.004778
Epoch 420/1000  Loss: 0.007997
Epoch 421/1000  Loss: 0.004266
Epoch 422/1000  Loss: 0.006173
Epoch 423/1000  Loss: 0.004834
Epoch 424/1000  Loss: 0.005709
Epoch 425/1000  Loss: 0.002890
Epoch 426/1000  Loss: 0.006498
Epoch 427/1000  Loss: 0.008472
Epoch 428/1000  Loss: 0.004847
Epoch 429/1000  Loss: 0.004559
Epoch 430/1000  Loss: 0.003608
Epoch 431/1000  Loss: 0.004574
Epoch 432/1000  Loss: 0.002757
Epoch 433/1000  Loss: 0.002321
Epoch 434/1000  Loss: 0.002847
Epoch 435/1000  Loss: 0.003655
Epoch 436/1000  Loss: 0.004908
Epoch 437/1000  Loss: 0.002678
Epoch 438/1000  Loss: 0.003536
Epoch 439/1000  Loss: 0.004972
Epoch 440/1000  Loss: 0.005825
Epoch 441/1000  Loss: 0.006513
Epoch 442/1000  Loss: 0.092053
Epoch 443/1000  Loss: 0.005283
Epoch 444/1000  Loss: 0.003777
Epoch 445/1000  Loss: 0.001866
Epoch 446/1000  Loss: 0.001265
Epoch 447/1000  Loss: 0.004527
Epoch 448/1000  Loss: 0.001546
Epoch 449/1000  Loss: 0.001977
Epoch 450/1000  Loss: 0.002328
Epoch 451/1000  Loss: 0.003228
Epoch 452/1000  Loss: 0.010477
Epoch 453/1000  Loss: 0.002787
Epoch 454/1000  Loss: 0.005569
Epoch 455/1000  Loss: 0.005604
Epoch 456/1000  Loss: 0.001428
Epoch 457/1000  Loss: 0.003203
Epoch 458/1000  Loss: 0.004539
Epoch 459/1000  Loss: 0.001479
Epoch 460/1000  Loss: 0.002466
Epoch 461/1000  Loss: 0.002747
Epoch 462/1000  Loss: 0.001839
Epoch 463/1000  Loss: 0.007126
Epoch 464/1000  Loss: 0.001894
Epoch 465/1000  Loss: 0.002117
Epoch 466/1000  Loss: 0.003109
Epoch 467/1000  Loss: 0.004001
Epoch 468/1000  Loss: 0.003676
Epoch 469/1000  Loss: 0.002342
Epoch 470/1000  Loss: 0.002932
Epoch 471/1000  Loss: 0.003604
Epoch 472/1000  Loss: 0.006062
Epoch 473/1000  Loss: 0.003831
Epoch 474/1000  Loss: 0.004157
Epoch 475/1000  Loss: 0.002899
Epoch 476/1000  Loss: 0.004742
Epoch 477/1000  Loss: 0.002073
Epoch 478/1000  Loss: 0.001552
Epoch 479/1000  Loss: 0.004676
Epoch 480/1000  Loss: 0.006290
Epoch 481/1000  Loss: 0.005290
Epoch 482/1000  Loss: 0.003344
Epoch 483/1000  Loss: 0.002776
Epoch 484/1000  Loss: 0.002349
Epoch 485/1000  Loss: 0.002523
Epoch 486/1000  Loss: 0.002251
Epoch 487/1000  Loss: 0.001263
Epoch 488/1000  Loss: 0.004048
Epoch 489/1000  Loss: 0.001270
Epoch 490/1000  Loss: 0.003609
Epoch 491/1000  Loss: 0.003713
Epoch 492/1000  Loss: 0.002308
Epoch 493/1000  Loss: 0.003402
Epoch 494/1000  Loss: 0.004125
Epoch 495/1000  Loss: 0.002023
Epoch 496/1000  Loss: 0.002607
Epoch 497/1000  Loss: 0.002566
Epoch 498/1000  Loss: 0.001820
Epoch 499/1000  Loss: 0.004001
Epoch 500/1000  Loss: 0.005025
Epoch 501/1000  Loss: 0.002982
Epoch 502/1000  Loss: 0.002028
Epoch 503/1000  Loss: 0.002754
Epoch 504/1000  Loss: 0.007130
Epoch 505/1000  Loss: 0.002022
Epoch 506/1000  Loss: 0.003368
Epoch 507/1000  Loss: 0.003476
Epoch 508/1000  Loss: 0.004917
Epoch 509/1000  Loss: 0.005399
Epoch 510/1000  Loss: 0.002384
Epoch 511/1000  Loss: 0.001702
Epoch 512/1000  Loss: 0.003543
Epoch 513/1000  Loss: 0.004015
Epoch 514/1000  Loss: 0.003984
Epoch 515/1000  Loss: 0.002365
Epoch 516/1000  Loss: 0.005097
Epoch 517/1000  Loss: 0.001704
Epoch 518/1000  Loss: 0.003726
Epoch 519/1000  Loss: 0.004993
Epoch 520/1000  Loss: 0.001825
Epoch 521/1000  Loss: 0.000997
Epoch 522/1000  Loss: 0.001239
Epoch 523/1000  Loss: 0.003533
Epoch 524/1000  Loss: 0.002421
Epoch 525/1000  Loss: 0.004283
Epoch 526/1000  Loss: 0.003667
Epoch 527/1000  Loss: 0.001723
Epoch 528/1000  Loss: 0.004007
Epoch 529/1000  Loss: 0.006136
Epoch 530/1000  Loss: 0.001833
Epoch 531/1000  Loss: 0.007077
Epoch 532/1000  Loss: 0.006910
Epoch 533/1000  Loss: 0.003748
Epoch 534/1000  Loss: 0.002552
Epoch 535/1000  Loss: 0.003339
Epoch 536/1000  Loss: 0.002076
Epoch 537/1000  Loss: 0.003520
Epoch 538/1000  Loss: 0.001645
Epoch 539/1000  Loss: 0.002427
Epoch 540/1000  Loss: 0.005821
Epoch 541/1000  Loss: 0.004183
Epoch 542/1000  Loss: 0.002874
Epoch 543/1000  Loss: 0.001382
Epoch 544/1000  Loss: 0.007771
Epoch 545/1000  Loss: 0.003713
Epoch 546/1000  Loss: 0.003657
Epoch 547/1000  Loss: 0.002249
Epoch 548/1000  Loss: 0.005140
Epoch 549/1000  Loss: 0.001776
Epoch 550/1000  Loss: 0.006062
Epoch 551/1000  Loss: 0.002930
Epoch 552/1000  Loss: 0.002871
Epoch 553/1000  Loss: 0.002331
Epoch 554/1000  Loss: 0.003649
Epoch 555/1000  Loss: 0.003050
Epoch 556/1000  Loss: 0.004466
Epoch 557/1000  Loss: 0.004758
Epoch 558/1000  Loss: 0.002703
Epoch 559/1000  Loss: 0.003168
Epoch 560/1000  Loss: 0.003454
Epoch 561/1000  Loss: 0.002586
Epoch 562/1000  Loss: 0.002253
Epoch 563/1000  Loss: 0.003405
Epoch 564/1000  Loss: 0.006963
Epoch 565/1000  Loss: 0.003094
Epoch 566/1000  Loss: 0.004088
Epoch 567/1000  Loss: 0.005434
Epoch 568/1000  Loss: 0.003628
Epoch 569/1000  Loss: 0.006323
Epoch 570/1000  Loss: 0.002681
Epoch 571/1000  Loss: 0.004288
Epoch 572/1000  Loss: 0.002007
Epoch 573/1000  Loss: 0.002259
Epoch 574/1000  Loss: 0.003318
Epoch 575/1000  Loss: 0.003394
Epoch 576/1000  Loss: 0.002191
Epoch 577/1000  Loss: 0.004248
Epoch 578/1000  Loss: 0.002449
Epoch 579/1000  Loss: 0.004544
Epoch 580/1000  Loss: 0.001813
Epoch 581/1000  Loss: 0.001220
Epoch 582/1000  Loss: 0.000732
Epoch 583/1000  Loss: 0.005491
Epoch 584/1000  Loss: 0.002353
Epoch 585/1000  Loss: 0.003584
Epoch 586/1000  Loss: 0.002457
Epoch 587/1000  Loss: 0.001708
Epoch 588/1000  Loss: 0.002565
Epoch 589/1000  Loss: 0.005946
Epoch 590/1000  Loss: 0.002378
Epoch 591/1000  Loss: 0.001294
Epoch 592/1000  Loss: 0.005907
Epoch 593/1000  Loss: 0.004233
Epoch 594/1000  Loss: 0.005225
Epoch 595/1000  Loss: 0.004022
Epoch 596/1000  Loss: 0.004850
Epoch 597/1000  Loss: 0.011083
Epoch 598/1000  Loss: 0.002842
Epoch 599/1000  Loss: 0.003548
Epoch 600/1000  Loss: 0.003425
Epoch 601/1000  Loss: 0.008398
Epoch 602/1000  Loss: 0.002335
Epoch 603/1000  Loss: 0.002451
Epoch 604/1000  Loss: 0.003404
Epoch 605/1000  Loss: 0.003288
Epoch 606/1000  Loss: 0.005412
Epoch 607/1000  Loss: 0.004157
Epoch 608/1000  Loss: 0.003372
Epoch 609/1000  Loss: 0.001306
Epoch 610/1000  Loss: 0.001543
Epoch 611/1000  Loss: 0.003102
Epoch 612/1000  Loss: 0.003347
Epoch 613/1000  Loss: 0.002613
Epoch 614/1000  Loss: 0.002839
Epoch 615/1000  Loss: 0.002205
Epoch 616/1000  Loss: 0.002287
Epoch 617/1000  Loss: 0.003891
Epoch 618/1000  Loss: 0.002860
Epoch 619/1000  Loss: 0.002433
Epoch 620/1000  Loss: 0.001233
Epoch 621/1000  Loss: 0.007579
Epoch 622/1000  Loss: 0.003666
Epoch 623/1000  Loss: 0.001637
Epoch 624/1000  Loss: 0.004727
Epoch 625/1000  Loss: 0.002884
Epoch 626/1000  Loss: 0.002351
Epoch 627/1000  Loss: 0.001518
Epoch 628/1000  Loss: 0.001644
Epoch 629/1000  Loss: 0.001359
Epoch 630/1000  Loss: 0.002668
Epoch 631/1000  Loss: 0.004789
Epoch 632/1000  Loss: 0.005396
Epoch 633/1000  Loss: 0.004877
Epoch 634/1000  Loss: 0.003282
Epoch 635/1000  Loss: 0.006488
Epoch 636/1000  Loss: 0.002293
Epoch 637/1000  Loss: 0.005221
Epoch 638/1000  Loss: 0.001628
Epoch 639/1000  Loss: 0.074660
Epoch 640/1000  Loss: 0.001529
Epoch 641/1000  Loss: 0.001395
Epoch 642/1000  Loss: 0.002958
Epoch 643/1000  Loss: 0.003472
Epoch 644/1000  Loss: 0.004215
Epoch 645/1000  Loss: 0.002188
Epoch 646/1000  Loss: 0.004748
Epoch 647/1000  Loss: 0.003458
Epoch 648/1000  Loss: 0.002049
Epoch 649/1000  Loss: 0.001929
Epoch 650/1000  Loss: 0.004709
Epoch 651/1000  Loss: 0.004152
Epoch 652/1000  Loss: 0.001256
Epoch 653/1000  Loss: 0.002401
Epoch 654/1000  Loss: 0.002463
Epoch 655/1000  Loss: 0.001174
Epoch 656/1000  Loss: 0.002689
Epoch 657/1000  Loss: 0.003639
Epoch 658/1000  Loss: 0.002925
Epoch 659/1000  Loss: 0.003163
Epoch 660/1000  Loss: 0.001164
Epoch 661/1000  Loss: 0.001174
Epoch 662/1000  Loss: 0.001448
Epoch 663/1000  Loss: 0.003166
Epoch 664/1000  Loss: 0.002096
Epoch 665/1000  Loss: 0.005622
Epoch 666/1000  Loss: 0.007603
Epoch 667/1000  Loss: 0.002562
Epoch 668/1000  Loss: 0.004690
Epoch 669/1000  Loss: 0.004188
Epoch 670/1000  Loss: 0.003619
Epoch 671/1000  Loss: 0.002381
Epoch 672/1000  Loss: 0.005159
Epoch 673/1000  Loss: 0.001552
Epoch 674/1000  Loss: 0.002768
Epoch 675/1000  Loss: 0.001210
Epoch 676/1000  Loss: 0.001937
Epoch 677/1000  Loss: 0.001925
Epoch 678/1000  Loss: 0.007226
Epoch 679/1000  Loss: 0.002921
Epoch 680/1000  Loss: 0.001543
Epoch 681/1000  Loss: 0.002450
Epoch 682/1000  Loss: 0.002070
Epoch 683/1000  Loss: 0.002442
Epoch 684/1000  Loss: 0.003167
Epoch 685/1000  Loss: 0.004817
Epoch 686/1000  Loss: 0.000725
Epoch 687/1000  Loss: 0.002949
Epoch 688/1000  Loss: 0.002375
Epoch 689/1000  Loss: 0.002783
Epoch 690/1000  Loss: 0.002815
Epoch 691/1000  Loss: 0.001777
Epoch 692/1000  Loss: 0.002118
Epoch 693/1000  Loss: 0.002916
Epoch 694/1000  Loss: 0.004229
Epoch 695/1000  Loss: 0.002538
Epoch 696/1000  Loss: 0.004771
Epoch 697/1000  Loss: 0.000855
Epoch 698/1000  Loss: 0.001750
Epoch 699/1000  Loss: 0.001842
Epoch 700/1000  Loss: 0.003159
Epoch 701/1000  Loss: 0.001744
Epoch 702/1000  Loss: 0.001410
Epoch 703/1000  Loss: 0.001981
Epoch 704/1000  Loss: 0.000503
Epoch 705/1000  Loss: 0.002303
Epoch 706/1000  Loss: 0.002002
Epoch 707/1000  Loss: 0.004961
Epoch 708/1000  Loss: 0.002271
Epoch 709/1000  Loss: 0.004046
Epoch 710/1000  Loss: 0.001255
Epoch 711/1000  Loss: 0.003177
Epoch 712/1000  Loss: 0.004151
Epoch 713/1000  Loss: 0.008744
Epoch 714/1000  Loss: 0.004508
Epoch 715/1000  Loss: 0.004993
Epoch 716/1000  Loss: 0.002437
Epoch 717/1000  Loss: 0.001584
Epoch 718/1000  Loss: 0.005497
Epoch 719/1000  Loss: 0.000847
Epoch 720/1000  Loss: 0.003657
Epoch 721/1000  Loss: 0.007285
Epoch 722/1000  Loss: 0.005658
Epoch 723/1000  Loss: 0.005399
Epoch 724/1000  Loss: 0.002570
Epoch 725/1000  Loss: 0.004523
Epoch 726/1000  Loss: 0.003573
Epoch 727/1000  Loss: 0.001789
Epoch 728/1000  Loss: 0.005319
Epoch 729/1000  Loss: 0.002411
Epoch 730/1000  Loss: 0.003868
Epoch 731/1000  Loss: 0.003659
Epoch 732/1000  Loss: 0.003068
Epoch 733/1000  Loss: 0.003799
Epoch 734/1000  Loss: 0.002557
Epoch 735/1000  Loss: 0.006375
Epoch 736/1000  Loss: 0.003979
Epoch 737/1000  Loss: 0.002672
Epoch 738/1000  Loss: 0.003796
Epoch 739/1000  Loss: 0.003508
Epoch 740/1000  Loss: 0.002187
Epoch 741/1000  Loss: 0.003170
Epoch 742/1000  Loss: 0.002324
Epoch 743/1000  Loss: 0.000920
Epoch 744/1000  Loss: 0.004986
Epoch 745/1000  Loss: 0.002434
Epoch 746/1000  Loss: 0.001256
Epoch 747/1000  Loss: 0.003111
Epoch 748/1000  Loss: 0.003680
Epoch 749/1000  Loss: 0.001414
Epoch 750/1000  Loss: 0.004970
Epoch 751/1000  Loss: 0.001473
Epoch 752/1000  Loss: 0.003413
Epoch 753/1000  Loss: 0.002962
Epoch 754/1000  Loss: 0.004929
Epoch 755/1000  Loss: 0.001952
Epoch 756/1000  Loss: 0.005820
Epoch 757/1000  Loss: 0.001104
Epoch 758/1000  Loss: 0.004513
Epoch 759/1000  Loss: 0.004712
Epoch 760/1000  Loss: 0.001524
Epoch 761/1000  Loss: 0.003103
Epoch 762/1000  Loss: 0.003455
Epoch 763/1000  Loss: 0.001303
Epoch 764/1000  Loss: 0.002160
Epoch 765/1000  Loss: 0.002893
Epoch 766/1000  Loss: 0.001179
Epoch 767/1000  Loss: 0.002124
Epoch 768/1000  Loss: 0.001316
Epoch 769/1000  Loss: 0.001132
Epoch 770/1000  Loss: 0.003448
Epoch 771/1000  Loss: 0.002189
Epoch 772/1000  Loss: 0.001281
Epoch 773/1000  Loss: 0.002939
Epoch 774/1000  Loss: 0.002184
Epoch 775/1000  Loss: 0.004033
Epoch 776/1000  Loss: 0.001814
Epoch 777/1000  Loss: 0.006306
Epoch 778/1000  Loss: 0.002326
Epoch 779/1000  Loss: 0.002212
Epoch 780/1000  Loss: 0.002385
Epoch 781/1000  Loss: 0.001323
Epoch 782/1000  Loss: 0.003047
Epoch 783/1000  Loss: 0.001472
Epoch 784/1000  Loss: 0.003714
Epoch 785/1000  Loss: 0.001014
Epoch 786/1000  Loss: 0.000567
Epoch 787/1000  Loss: 0.001098
Epoch 788/1000  Loss: 0.002887
Epoch 789/1000  Loss: 0.003176
Epoch 790/1000  Loss: 0.003610
Epoch 791/1000  Loss: 0.001388
Epoch 792/1000  Loss: 0.002693
Epoch 793/1000  Loss: 0.002293
Epoch 794/1000  Loss: 0.005670
Epoch 795/1000  Loss: 0.004407
Epoch 796/1000  Loss: 0.001868
Epoch 797/1000  Loss: 0.001350
Epoch 798/1000  Loss: 0.003121
Epoch 799/1000  Loss: 0.002258
Epoch 800/1000  Loss: 0.003197
Epoch 801/1000  Loss: 0.002640
Epoch 802/1000  Loss: 0.002106
Epoch 803/1000  Loss: 0.002875
Epoch 804/1000  Loss: 0.002719
Epoch 805/1000  Loss: 0.004954
Epoch 806/1000  Loss: 0.003520
Epoch 807/1000  Loss: 0.003049
Epoch 808/1000  Loss: 0.002184
Epoch 809/1000  Loss: 0.002007
Epoch 810/1000  Loss: 0.001353
Epoch 811/1000  Loss: 0.002049
Epoch 812/1000  Loss: 0.001946
Epoch 813/1000  Loss: 0.003477
Epoch 814/1000  Loss: 0.005470
Epoch 815/1000  Loss: 0.006532
Epoch 816/1000  Loss: 0.001808
Epoch 817/1000  Loss: 0.010749
Epoch 818/1000  Loss: 0.001468
Epoch 819/1000  Loss: 0.001489
Epoch 820/1000  Loss: 0.002389
Epoch 821/1000  Loss: 0.007895
Epoch 822/1000  Loss: 0.001177
Epoch 823/1000  Loss: 0.002391
Epoch 824/1000  Loss: 0.001105
Epoch 825/1000  Loss: 0.004324
Epoch 826/1000  Loss: 0.003771
Epoch 827/1000  Loss: 0.000922
Epoch 828/1000  Loss: 0.002427
Epoch 829/1000  Loss: 0.002335
Epoch 830/1000  Loss: 0.002055
Epoch 831/1000  Loss: 0.002356
Epoch 832/1000  Loss: 0.003197
Epoch 833/1000  Loss: 0.004050
Epoch 834/1000  Loss: 0.003463
Epoch 835/1000  Loss: 0.004428
Epoch 836/1000  Loss: 0.003201
Epoch 837/1000  Loss: 0.002501
Epoch 838/1000  Loss: 0.003282
Epoch 839/1000  Loss: 0.001670
Epoch 840/1000  Loss: 0.003859
Epoch 841/1000  Loss: 0.001079
Epoch 842/1000  Loss: 0.004508
Epoch 843/1000  Loss: 0.003584
Epoch 844/1000  Loss: 0.006259
Epoch 845/1000  Loss: 0.003031
Epoch 846/1000  Loss: 0.003047
Epoch 847/1000  Loss: 0.001159
Epoch 848/1000  Loss: 0.001827
Epoch 849/1000  Loss: 0.002298
Epoch 850/1000  Loss: 0.001133
Epoch 851/1000  Loss: 0.001607
Epoch 852/1000  Loss: 0.006004
Epoch 853/1000  Loss: 0.002595
Epoch 854/1000  Loss: 0.002710
Epoch 855/1000  Loss: 0.001559
Epoch 856/1000  Loss: 0.001881
Epoch 857/1000  Loss: 0.005826
Epoch 858/1000  Loss: 0.002136
Epoch 859/1000  Loss: 0.001262
Epoch 860/1000  Loss: 0.002306
Epoch 861/1000  Loss: 0.002575
Epoch 862/1000  Loss: 0.001564
Epoch 863/1000  Loss: 0.002665
Epoch 864/1000  Loss: 0.001486
Epoch 865/1000  Loss: 0.004695
Epoch 866/1000  Loss: 0.002930
Epoch 867/1000  Loss: 0.001175
Epoch 868/1000  Loss: 0.007490
Epoch 869/1000  Loss: 0.003659
Epoch 870/1000  Loss: 0.002914
Epoch 871/1000  Loss: 0.002849
Epoch 872/1000  Loss: 0.005141
Epoch 873/1000  Loss: 0.001478
Epoch 874/1000  Loss: 0.002510
Epoch 875/1000  Loss: 0.005593
Epoch 876/1000  Loss: 0.002915
Epoch 877/1000  Loss: 0.002446
Epoch 878/1000  Loss: 0.003093
Epoch 879/1000  Loss: 0.001851
Epoch 880/1000  Loss: 0.001202
Epoch 881/1000  Loss: 0.001662
Epoch 882/1000  Loss: 0.002332
Epoch 883/1000  Loss: 0.003628
Epoch 884/1000  Loss: 0.003410
Epoch 885/1000  Loss: 0.002694
Epoch 886/1000  Loss: 0.007482
Epoch 887/1000  Loss: 0.001850
Epoch 888/1000  Loss: 0.001493
Epoch 889/1000  Loss: 0.001896
Epoch 890/1000  Loss: 0.003470
Epoch 891/1000  Loss: 0.000974
Epoch 892/1000  Loss: 0.001508
Epoch 893/1000  Loss: 0.007647
Epoch 894/1000  Loss: 0.006805
Epoch 895/1000  Loss: 0.003688
Epoch 896/1000  Loss: 0.006036
Epoch 897/1000  Loss: 0.002379
Epoch 898/1000  Loss: 0.001877
Epoch 899/1000  Loss: 0.002393
Epoch 900/1000  Loss: 0.001503
Epoch 901/1000  Loss: 0.005132
Epoch 902/1000  Loss: 0.002999
Epoch 903/1000  Loss: 0.001688
Epoch 904/1000  Loss: 0.003102
Epoch 905/1000  Loss: 0.002647
Epoch 906/1000  Loss: 0.003103
Epoch 907/1000  Loss: 0.001905
Epoch 908/1000  Loss: 0.002752
Epoch 909/1000  Loss: 0.003561
Epoch 910/1000  Loss: 0.001224
Epoch 911/1000  Loss: 0.002459
Epoch 912/1000  Loss: 0.001721
Epoch 913/1000  Loss: 0.002338
Epoch 914/1000  Loss: 0.003220
Epoch 915/1000  Loss: 0.003353
Epoch 916/1000  Loss: 0.001860
Epoch 917/1000  Loss: 0.003028
Epoch 918/1000  Loss: 0.002803
Epoch 919/1000  Loss: 0.002911
Epoch 920/1000  Loss: 0.001890
Epoch 921/1000  Loss: 0.001170
Epoch 922/1000  Loss: 0.001513
Epoch 923/1000  Loss: 0.003948
Epoch 924/1000  Loss: 0.001393
Epoch 925/1000  Loss: 0.003307
Epoch 926/1000  Loss: 0.001667
Epoch 927/1000  Loss: 0.004021
Epoch 928/1000  Loss: 0.003210
Epoch 929/1000  Loss: 0.003442
Epoch 930/1000  Loss: 0.001427
Epoch 931/1000  Loss: 0.006173
Epoch 932/1000  Loss: 0.002263
Epoch 933/1000  Loss: 0.000836
Epoch 934/1000  Loss: 0.002381
Epoch 935/1000  Loss: 0.003055
Epoch 936/1000  Loss: 0.001666
Epoch 937/1000  Loss: 0.005359
Epoch 938/1000  Loss: 0.003959
Epoch 939/1000  Loss: 0.015228
Epoch 940/1000  Loss: 0.002400
Epoch 941/1000  Loss: 0.004040
Epoch 942/1000  Loss: 0.002265
Epoch 943/1000  Loss: 0.001563
Epoch 944/1000  Loss: 0.001863
Epoch 945/1000  Loss: 0.006308
Epoch 946/1000  Loss: 0.003071
Epoch 947/1000  Loss: 0.002863
Epoch 948/1000  Loss: 0.004095
Epoch 949/1000  Loss: 0.002388
Epoch 950/1000  Loss: 0.002614
Epoch 951/1000  Loss: 0.000988
Epoch 952/1000  Loss: 0.002185
Epoch 953/1000  Loss: 0.006232
Epoch 954/1000  Loss: 0.004994
Epoch 955/1000  Loss: 0.003134
Epoch 956/1000  Loss: 0.002028
Epoch 957/1000  Loss: 0.001745
Epoch 958/1000  Loss: 0.001201
Epoch 959/1000  Loss: 0.001864
Epoch 960/1000  Loss: 0.006532
Epoch 961/1000  Loss: 0.001385
Epoch 962/1000  Loss: 0.004057
Epoch 963/1000  Loss: 0.004279
Epoch 964/1000  Loss: 0.002994
Epoch 965/1000  Loss: 0.001945
Epoch 966/1000  Loss: 0.002060
Epoch 967/1000  Loss: 0.001647
Epoch 968/1000  Loss: 0.003179
Epoch 969/1000  Loss: 0.002608
Epoch 970/1000  Loss: 0.005255
Epoch 971/1000  Loss: 0.005362
Epoch 972/1000  Loss: 0.001497
Epoch 973/1000  Loss: 0.006401
Epoch 974/1000  Loss: 0.005367
Epoch 975/1000  Loss: 0.002563
Epoch 976/1000  Loss: 0.006717
Epoch 977/1000  Loss: 0.001862
Epoch 978/1000  Loss: 0.002284
Epoch 979/1000  Loss: 0.004245
Epoch 980/1000  Loss: 0.002284
Epoch 981/1000  Loss: 0.004003
Epoch 982/1000  Loss: 0.000900
Epoch 983/1000  Loss: 0.003124
Epoch 984/1000  Loss: 0.001185
Epoch 985/1000  Loss: 0.005020
Epoch 986/1000  Loss: 0.002751
Epoch 987/1000  Loss: 0.002757
Epoch 988/1000  Loss: 0.002449
Epoch 989/1000  Loss: 0.002917
Epoch 990/1000  Loss: 0.003668
Epoch 991/1000  Loss: 0.002688
Epoch 992/1000  Loss: 0.001977
Epoch 993/1000  Loss: 0.002172
Epoch 994/1000  Loss: 0.002287
Epoch 995/1000  Loss: 0.010095
Epoch 996/1000  Loss: 0.002740
Epoch 997/1000  Loss: 0.003027
Epoch 998/1000  Loss: 0.007384
Epoch 999/1000  Loss: 0.001832
Epoch 1000/1000  Loss: 0.001810

============================================================
Portfolio Performance (no transaction costs)
============================================================
EW            Mean: 0.4664%  Std: 1.2877%  Sharpe: 5.7500
Factordiff    Mean: 0.7931%  Std: 1.5622%  Sharpe: 8.0589
Emp           Mean: 0.2612%  Std: 0.9022%  Sharpe: 4.5964
ShrEmp        Mean: 0.2562%  Std: 0.9377%  Sharpe: 4.3379

With transaction costs (Factordiff):
  Mean: 0.7734%  Std: 1.5643%  Sharpe: 7.8486

Model saved to checkpoint_few.pt
