Using device: cuda
Generating synthetic data...
  Shape: 150 days, 200 assets, 350 factors
Epoch 1/1000  Loss: 0.903989
Epoch 2/1000  Loss: 0.643064
Epoch 3/1000  Loss: 0.439247
Epoch 4/1000  Loss: 0.290465
Epoch 5/1000  Loss: 0.168768
Epoch 6/1000  Loss: 0.087205
Epoch 7/1000  Loss: 0.062700
Epoch 8/1000  Loss: 0.061548
Epoch 9/1000  Loss: 0.057677
Epoch 10/1000  Loss: 0.034323
Epoch 11/1000  Loss: 0.030906
Epoch 12/1000  Loss: 0.041055
Epoch 13/1000  Loss: 0.047751
Epoch 14/1000  Loss: 0.047794
Epoch 15/1000  Loss: 0.030754
Epoch 16/1000  Loss: 0.042449
Epoch 17/1000  Loss: 0.043753
Epoch 18/1000  Loss: 0.041731
Epoch 19/1000  Loss: 0.046570
Epoch 20/1000  Loss: 0.040060
Epoch 21/1000  Loss: 0.028221
Epoch 22/1000  Loss: 0.040278
Epoch 23/1000  Loss: 0.032867
Epoch 24/1000  Loss: 0.032865
Epoch 25/1000  Loss: 0.025992
Epoch 26/1000  Loss: 0.020633
Epoch 27/1000  Loss: 0.026991
Epoch 28/1000  Loss: 0.033567
Epoch 29/1000  Loss: 0.040811
Epoch 30/1000  Loss: 0.035946
Epoch 31/1000  Loss: 0.025314
Epoch 32/1000  Loss: 0.037821
Epoch 33/1000  Loss: 0.038308
Epoch 34/1000  Loss: 0.050239
Epoch 35/1000  Loss: 0.049760
Epoch 36/1000  Loss: 0.015492
Epoch 37/1000  Loss: 0.035057
Epoch 38/1000  Loss: 0.025519
Epoch 39/1000  Loss: 0.023125
Epoch 40/1000  Loss: 0.029830
Epoch 41/1000  Loss: 0.027745
Epoch 42/1000  Loss: 0.025449
Epoch 43/1000  Loss: 0.023681
Epoch 44/1000  Loss: 0.020810
Epoch 45/1000  Loss: 0.017567
Epoch 46/1000  Loss: 0.022843
Epoch 47/1000  Loss: 0.038499
Epoch 48/1000  Loss: 0.015363
Epoch 49/1000  Loss: 0.024795
Epoch 50/1000  Loss: 0.019132
Epoch 51/1000  Loss: 0.040880
Epoch 52/1000  Loss: 0.025397
Epoch 53/1000  Loss: 0.033722
Epoch 54/1000  Loss: 0.037963
Epoch 55/1000  Loss: 0.031715
Epoch 56/1000  Loss: 0.024653
Epoch 57/1000  Loss: 0.016729
Epoch 58/1000  Loss: 0.036926
Epoch 59/1000  Loss: 0.015149
Epoch 60/1000  Loss: 0.020009
Epoch 61/1000  Loss: 0.016321
Epoch 62/1000  Loss: 0.021856
Epoch 63/1000  Loss: 0.017697
Epoch 64/1000  Loss: 0.030063
Epoch 65/1000  Loss: 0.026441
Epoch 66/1000  Loss: 0.011728
Epoch 67/1000  Loss: 0.029611
Epoch 68/1000  Loss: 0.033658
Epoch 69/1000  Loss: 0.020870
Epoch 70/1000  Loss: 0.020462
Epoch 71/1000  Loss: 0.023345
Epoch 72/1000  Loss: 0.022171
Epoch 73/1000  Loss: 0.014340
Epoch 74/1000  Loss: 0.016581
Epoch 75/1000  Loss: 0.013080
Epoch 76/1000  Loss: 0.017534
Epoch 77/1000  Loss: 0.017326
Epoch 78/1000  Loss: 0.014988
Epoch 79/1000  Loss: 0.025371
Epoch 80/1000  Loss: 0.027118
Epoch 81/1000  Loss: 0.037204
Epoch 82/1000  Loss: 0.027053
Epoch 83/1000  Loss: 0.026429
Epoch 84/1000  Loss: 0.023642
Epoch 85/1000  Loss: 0.022538
Epoch 86/1000  Loss: 0.014402
Epoch 87/1000  Loss: 0.017438
Epoch 88/1000  Loss: 0.024935
Epoch 89/1000  Loss: 0.019414
Epoch 90/1000  Loss: 0.015524
Epoch 91/1000  Loss: 0.025030
Epoch 92/1000  Loss: 0.023434
Epoch 93/1000  Loss: 0.021788
Epoch 94/1000  Loss: 0.016378
Epoch 95/1000  Loss: 0.030128
Epoch 96/1000  Loss: 0.014528
Epoch 97/1000  Loss: 0.013904
Epoch 98/1000  Loss: 0.011909
Epoch 99/1000  Loss: 0.014024
Epoch 100/1000  Loss: 0.020748
Epoch 101/1000  Loss: 0.020169
Epoch 102/1000  Loss: 0.016175
Epoch 103/1000  Loss: 0.020277
Epoch 104/1000  Loss: 0.024579
Epoch 105/1000  Loss: 0.015487
Epoch 106/1000  Loss: 0.013036
Epoch 107/1000  Loss: 0.020967
Epoch 108/1000  Loss: 0.014159
Epoch 109/1000  Loss: 0.013361
Epoch 110/1000  Loss: 0.011774
Epoch 111/1000  Loss: 0.012338
Epoch 112/1000  Loss: 0.012806
Epoch 113/1000  Loss: 0.015381
Epoch 114/1000  Loss: 0.016587
Epoch 115/1000  Loss: 0.011132
Epoch 116/1000  Loss: 0.019430
Epoch 117/1000  Loss: 0.011014
Epoch 118/1000  Loss: 0.025115
Epoch 119/1000  Loss: 0.016115
Epoch 120/1000  Loss: 0.014151
Epoch 121/1000  Loss: 0.016056
Epoch 122/1000  Loss: 0.013578
Epoch 123/1000  Loss: 0.015532
Epoch 124/1000  Loss: 0.017081
Epoch 125/1000  Loss: 0.013477
Epoch 126/1000  Loss: 0.018713
Epoch 127/1000  Loss: 0.018193
Epoch 128/1000  Loss: 0.014743
Epoch 129/1000  Loss: 0.013630
Epoch 130/1000  Loss: 0.006107
Epoch 131/1000  Loss: 0.007626
Epoch 132/1000  Loss: 0.007521
Epoch 133/1000  Loss: 0.007536
Epoch 134/1000  Loss: 0.012076
Epoch 135/1000  Loss: 0.020527
Epoch 136/1000  Loss: 0.010351
Epoch 137/1000  Loss: 0.009375
Epoch 138/1000  Loss: 0.012271
Epoch 139/1000  Loss: 0.016342
Epoch 140/1000  Loss: 0.010719
Epoch 141/1000  Loss: 0.013880
Epoch 142/1000  Loss: 0.018723
Epoch 143/1000  Loss: 0.017493
Epoch 144/1000  Loss: 0.010471
Epoch 145/1000  Loss: 0.017628
Epoch 146/1000  Loss: 0.018597
Epoch 147/1000  Loss: 0.012635
Epoch 148/1000  Loss: 0.013502
Epoch 149/1000  Loss: 0.014700
Epoch 150/1000  Loss: 0.010877
Epoch 151/1000  Loss: 0.018595
Epoch 152/1000  Loss: 0.013021
Epoch 153/1000  Loss: 0.017025
Epoch 154/1000  Loss: 0.010192
Epoch 155/1000  Loss: 0.009024
Epoch 156/1000  Loss: 0.019105
Epoch 157/1000  Loss: 0.017323
Epoch 158/1000  Loss: 0.014650
Epoch 159/1000  Loss: 0.006379
Epoch 160/1000  Loss: 0.022243
Epoch 161/1000  Loss: 0.012838
Epoch 162/1000  Loss: 0.014654
Epoch 163/1000  Loss: 0.010787
Epoch 164/1000  Loss: 0.015064
Epoch 165/1000  Loss: 0.010378
Epoch 166/1000  Loss: 0.013901
Epoch 167/1000  Loss: 0.013479
Epoch 168/1000  Loss: 0.009048
Epoch 169/1000  Loss: 0.013752
Epoch 170/1000  Loss: 0.013486
Epoch 171/1000  Loss: 0.011197
Epoch 172/1000  Loss: 0.008778
Epoch 173/1000  Loss: 0.014597
Epoch 174/1000  Loss: 0.009228
Epoch 175/1000  Loss: 0.012744
Epoch 176/1000  Loss: 0.015224
Epoch 177/1000  Loss: 0.014862
Epoch 178/1000  Loss: 0.011082
Epoch 179/1000  Loss: 0.014168
Epoch 180/1000  Loss: 0.013511
Epoch 181/1000  Loss: 0.011629
Epoch 182/1000  Loss: 0.014700
Epoch 183/1000  Loss: 0.013723
Epoch 184/1000  Loss: 0.014435
Epoch 185/1000  Loss: 0.010435
Epoch 186/1000  Loss: 0.008092
Epoch 187/1000  Loss: 0.022673
Epoch 188/1000  Loss: 0.011870
Epoch 189/1000  Loss: 0.010870
Epoch 190/1000  Loss: 0.011677
Epoch 191/1000  Loss: 0.012454
Epoch 192/1000  Loss: 0.010483
Epoch 193/1000  Loss: 0.008686
Epoch 194/1000  Loss: 0.003580
Epoch 195/1000  Loss: 0.011440
Epoch 196/1000  Loss: 0.011369
Epoch 197/1000  Loss: 0.009144
Epoch 198/1000  Loss: 0.009578
Epoch 199/1000  Loss: 0.017335
Epoch 200/1000  Loss: 0.012254
Epoch 201/1000  Loss: 0.025440
Epoch 202/1000  Loss: 0.008211
Epoch 203/1000  Loss: 0.017818
Epoch 204/1000  Loss: 0.006733
Epoch 205/1000  Loss: 0.016512
Epoch 206/1000  Loss: 0.007091
Epoch 207/1000  Loss: 0.009477
Epoch 208/1000  Loss: 0.008874
Epoch 209/1000  Loss: 0.011018
Epoch 210/1000  Loss: 0.014183
Epoch 211/1000  Loss: 0.010325
Epoch 212/1000  Loss: 0.011160
Epoch 213/1000  Loss: 0.012321
Epoch 214/1000  Loss: 0.011330
Epoch 215/1000  Loss: 0.005836
Epoch 216/1000  Loss: 0.015391
Epoch 217/1000  Loss: 0.008766
Epoch 218/1000  Loss: 0.016977
Epoch 219/1000  Loss: 0.011864
Epoch 220/1000  Loss: 0.017687
Epoch 221/1000  Loss: 0.014918
Epoch 222/1000  Loss: 0.009214
Epoch 223/1000  Loss: 0.010459
Epoch 224/1000  Loss: 0.014533
Epoch 225/1000  Loss: 0.013844
Epoch 226/1000  Loss: 0.010401
Epoch 227/1000  Loss: 0.008056
Epoch 228/1000  Loss: 0.013830
Epoch 229/1000  Loss: 0.012319
Epoch 230/1000  Loss: 0.018933
Epoch 231/1000  Loss: 0.006981
Epoch 232/1000  Loss: 0.008375
Epoch 233/1000  Loss: 0.013007
Epoch 234/1000  Loss: 0.006213
Epoch 235/1000  Loss: 0.010230
Epoch 236/1000  Loss: 0.012029
Epoch 237/1000  Loss: 0.011748
Epoch 238/1000  Loss: 0.004088
Epoch 239/1000  Loss: 0.006232
Epoch 240/1000  Loss: 0.014676
Epoch 241/1000  Loss: 0.011642
Epoch 242/1000  Loss: 0.010954
Epoch 243/1000  Loss: 0.007549
Epoch 244/1000  Loss: 0.012349
Epoch 245/1000  Loss: 0.013775
Epoch 246/1000  Loss: 0.013485
Epoch 247/1000  Loss: 0.016810
Epoch 248/1000  Loss: 0.012940
Epoch 249/1000  Loss: 0.011186
Epoch 250/1000  Loss: 0.011762
Epoch 251/1000  Loss: 0.012780
Epoch 252/1000  Loss: 0.007967
Epoch 253/1000  Loss: 0.011118
Epoch 254/1000  Loss: 0.015115
Epoch 255/1000  Loss: 0.007426
Epoch 256/1000  Loss: 0.013143
Epoch 257/1000  Loss: 0.019640
Epoch 258/1000  Loss: 0.005306
Epoch 259/1000  Loss: 0.013357
Epoch 260/1000  Loss: 0.008093
Epoch 261/1000  Loss: 0.011167
Epoch 262/1000  Loss: 0.008210
Epoch 263/1000  Loss: 0.009916
Epoch 264/1000  Loss: 0.005503
Epoch 265/1000  Loss: 0.014820
Epoch 266/1000  Loss: 0.010034
Epoch 267/1000  Loss: 0.012658
Epoch 268/1000  Loss: 0.006461
Epoch 269/1000  Loss: 0.011946
Epoch 270/1000  Loss: 0.007873
Epoch 271/1000  Loss: 0.007849
Epoch 272/1000  Loss: 0.007434
Epoch 273/1000  Loss: 0.007275
Epoch 274/1000  Loss: 0.009198
Epoch 275/1000  Loss: 0.009739
Epoch 276/1000  Loss: 0.009205
Epoch 277/1000  Loss: 0.006465
Epoch 278/1000  Loss: 0.004811
Epoch 279/1000  Loss: 0.011945
Epoch 280/1000  Loss: 0.004524
Epoch 281/1000  Loss: 0.019694
Epoch 282/1000  Loss: 0.010014
Epoch 283/1000  Loss: 0.007278
Epoch 284/1000  Loss: 0.011756
Epoch 285/1000  Loss: 0.005020
Epoch 286/1000  Loss: 0.008667
Epoch 287/1000  Loss: 0.016067
Epoch 288/1000  Loss: 0.013339
Epoch 289/1000  Loss: 0.006211
Epoch 290/1000  Loss: 0.011606
Epoch 291/1000  Loss: 0.007939
Epoch 292/1000  Loss: 0.005707
Epoch 293/1000  Loss: 0.009319
Epoch 294/1000  Loss: 0.006222
Epoch 295/1000  Loss: 0.002592
Epoch 296/1000  Loss: 0.008751
Epoch 297/1000  Loss: 0.008661
Epoch 298/1000  Loss: 0.015148
Epoch 299/1000  Loss: 0.006703
Epoch 300/1000  Loss: 0.009349
Epoch 301/1000  Loss: 0.005453
Epoch 302/1000  Loss: 0.010191
Epoch 303/1000  Loss: 0.005219
Epoch 304/1000  Loss: 0.006914
Epoch 305/1000  Loss: 0.015343
Epoch 306/1000  Loss: 0.011851
Epoch 307/1000  Loss: 0.010433
Epoch 308/1000  Loss: 0.006055
Epoch 309/1000  Loss: 0.009227
Epoch 310/1000  Loss: 0.010837
Epoch 311/1000  Loss: 0.004851
Epoch 312/1000  Loss: 0.005238
Epoch 313/1000  Loss: 0.005035
Epoch 314/1000  Loss: 0.007668
Epoch 315/1000  Loss: 0.006441
Epoch 316/1000  Loss: 0.009421
Epoch 317/1000  Loss: 0.009656
Epoch 318/1000  Loss: 0.005489
Epoch 319/1000  Loss: 0.009214
Epoch 320/1000  Loss: 0.010650
Epoch 321/1000  Loss: 0.007491
Epoch 322/1000  Loss: 0.006713
Epoch 323/1000  Loss: 0.004941
Epoch 324/1000  Loss: 0.008618
Epoch 325/1000  Loss: 0.008538
Epoch 326/1000  Loss: 0.008236
Epoch 327/1000  Loss: 0.008165
Epoch 328/1000  Loss: 0.013061
Epoch 329/1000  Loss: 0.010220
Epoch 330/1000  Loss: 0.007789
Epoch 331/1000  Loss: 0.006275
Epoch 332/1000  Loss: 0.008866
Epoch 333/1000  Loss: 0.005800
Epoch 334/1000  Loss: 0.008437
Epoch 335/1000  Loss: 0.007544
Epoch 336/1000  Loss: 0.011010
Epoch 337/1000  Loss: 0.011902
Epoch 338/1000  Loss: 0.006833
Epoch 339/1000  Loss: 0.007979
Epoch 340/1000  Loss: 0.011018
Epoch 341/1000  Loss: 0.011393
Epoch 342/1000  Loss: 0.004884
Epoch 343/1000  Loss: 0.011518
Epoch 344/1000  Loss: 0.009316
Epoch 345/1000  Loss: 0.009115
Epoch 346/1000  Loss: 0.007996
Epoch 347/1000  Loss: 0.006736
Epoch 348/1000  Loss: 0.008209
Epoch 349/1000  Loss: 0.009530
Epoch 350/1000  Loss: 0.006135
Epoch 351/1000  Loss: 0.006992
Epoch 352/1000  Loss: 0.010126
Epoch 353/1000  Loss: 0.009135
Epoch 354/1000  Loss: 0.006466
Epoch 355/1000  Loss: 0.008040
Epoch 356/1000  Loss: 0.010431
Epoch 357/1000  Loss: 0.008953
Epoch 358/1000  Loss: 0.005805
Epoch 359/1000  Loss: 0.004593
Epoch 360/1000  Loss: 0.007739
Epoch 361/1000  Loss: 0.009197
Epoch 362/1000  Loss: 0.009497
Epoch 363/1000  Loss: 0.011892
Epoch 364/1000  Loss: 0.012004
Epoch 365/1000  Loss: 0.004661
Epoch 366/1000  Loss: 0.008543
Epoch 367/1000  Loss: 0.008786
Epoch 368/1000  Loss: 0.010678
Epoch 369/1000  Loss: 0.012718
Epoch 370/1000  Loss: 0.014967
Epoch 371/1000  Loss: 0.009192
Epoch 372/1000  Loss: 0.007172
Epoch 373/1000  Loss: 0.007794
Epoch 374/1000  Loss: 0.016605
Epoch 375/1000  Loss: 0.012402
Epoch 376/1000  Loss: 0.007189
Epoch 377/1000  Loss: 0.005193
Epoch 378/1000  Loss: 0.005467
Epoch 379/1000  Loss: 0.011869
Epoch 380/1000  Loss: 0.007035
Epoch 381/1000  Loss: 0.010191
Epoch 382/1000  Loss: 0.008558
Epoch 383/1000  Loss: 0.013966
Epoch 384/1000  Loss: 0.007644
Epoch 385/1000  Loss: 0.008938
Epoch 386/1000  Loss: 0.008472
Epoch 387/1000  Loss: 0.006999
Epoch 388/1000  Loss: 0.009076
Epoch 389/1000  Loss: 0.013461
Epoch 390/1000  Loss: 0.005918
Epoch 391/1000  Loss: 0.013380
Epoch 392/1000  Loss: 0.007582
Epoch 393/1000  Loss: 0.006615
Epoch 394/1000  Loss: 0.008812
Epoch 395/1000  Loss: 0.008127
Epoch 396/1000  Loss: 0.009465
Epoch 397/1000  Loss: 0.010881
Epoch 398/1000  Loss: 0.007428
Epoch 399/1000  Loss: 0.005207
Epoch 400/1000  Loss: 0.006093
Epoch 401/1000  Loss: 0.010482
Epoch 402/1000  Loss: 0.008390
Epoch 403/1000  Loss: 0.014745
Epoch 404/1000  Loss: 0.008935
Epoch 405/1000  Loss: 0.007365
Epoch 406/1000  Loss: 0.008057
Epoch 407/1000  Loss: 0.007914
Epoch 408/1000  Loss: 0.003823
Epoch 409/1000  Loss: 0.006659
Epoch 410/1000  Loss: 0.011754
Epoch 411/1000  Loss: 0.007938
Epoch 412/1000  Loss: 0.007189
Epoch 413/1000  Loss: 0.008001
Epoch 414/1000  Loss: 0.010806
Epoch 415/1000  Loss: 0.008418
Epoch 416/1000  Loss: 0.004744
Epoch 417/1000  Loss: 0.007055
Epoch 418/1000  Loss: 0.006291
Epoch 419/1000  Loss: 0.008475
Epoch 420/1000  Loss: 0.007887
Epoch 421/1000  Loss: 0.004776
Epoch 422/1000  Loss: 0.010411
Epoch 423/1000  Loss: 0.007497
Epoch 424/1000  Loss: 0.010892
Epoch 425/1000  Loss: 0.006279
Epoch 426/1000  Loss: 0.006195
Epoch 427/1000  Loss: 0.010298
Epoch 428/1000  Loss: 0.007327
Epoch 429/1000  Loss: 0.008496
Epoch 430/1000  Loss: 0.008171
Epoch 431/1000  Loss: 0.005116
Epoch 432/1000  Loss: 0.005929
Epoch 433/1000  Loss: 0.007400
Epoch 434/1000  Loss: 0.005686
Epoch 435/1000  Loss: 0.007621
Epoch 436/1000  Loss: 0.011910
Epoch 437/1000  Loss: 0.006610
Epoch 438/1000  Loss: 0.011354
Epoch 439/1000  Loss: 0.011739
Epoch 440/1000  Loss: 0.005434
Epoch 441/1000  Loss: 0.006580
Epoch 442/1000  Loss: 0.005535
Epoch 443/1000  Loss: 0.005562
Epoch 444/1000  Loss: 0.008302
Epoch 445/1000  Loss: 0.009175
Epoch 446/1000  Loss: 0.006721
Epoch 447/1000  Loss: 0.009042
Epoch 448/1000  Loss: 0.006263
Epoch 449/1000  Loss: 0.005790
Epoch 450/1000  Loss: 0.008494
Epoch 451/1000  Loss: 0.008470
Epoch 452/1000  Loss: 0.016238
Epoch 453/1000  Loss: 0.010706
Epoch 454/1000  Loss: 0.009477
Epoch 455/1000  Loss: 0.008757
Epoch 456/1000  Loss: 0.006877
Epoch 457/1000  Loss: 0.010368
Epoch 458/1000  Loss: 0.005809
Epoch 459/1000  Loss: 0.005533
Epoch 460/1000  Loss: 0.007439
Epoch 461/1000  Loss: 0.005544
Epoch 462/1000  Loss: 0.005104
Epoch 463/1000  Loss: 0.011441
Epoch 464/1000  Loss: 0.003600
Epoch 465/1000  Loss: 0.006109
Epoch 466/1000  Loss: 0.004479
Epoch 467/1000  Loss: 0.007917
Epoch 468/1000  Loss: 0.008881
Epoch 469/1000  Loss: 0.003738
Epoch 470/1000  Loss: 0.005405
Epoch 471/1000  Loss: 0.014782
Epoch 472/1000  Loss: 0.010588
Epoch 473/1000  Loss: 0.008304
Epoch 474/1000  Loss: 0.005654
Epoch 475/1000  Loss: 0.007775
Epoch 476/1000  Loss: 0.007524
Epoch 477/1000  Loss: 0.007269
Epoch 478/1000  Loss: 0.004016
Epoch 479/1000  Loss: 0.010085
Epoch 480/1000  Loss: 0.006614
Epoch 481/1000  Loss: 0.011522
Epoch 482/1000  Loss: 0.005013
Epoch 483/1000  Loss: 0.008404
Epoch 484/1000  Loss: 0.005256
Epoch 485/1000  Loss: 0.006065
Epoch 486/1000  Loss: 0.005666
Epoch 487/1000  Loss: 0.007170
Epoch 488/1000  Loss: 0.007034
Epoch 489/1000  Loss: 0.004219
Epoch 490/1000  Loss: 0.008172
Epoch 491/1000  Loss: 0.010022
Epoch 492/1000  Loss: 0.005780
Epoch 493/1000  Loss: 0.011333
Epoch 494/1000  Loss: 0.006344
Epoch 495/1000  Loss: 0.004496
Epoch 496/1000  Loss: 0.006087
Epoch 497/1000  Loss: 0.005303
Epoch 498/1000  Loss: 0.006007
Epoch 499/1000  Loss: 0.002480
Epoch 500/1000  Loss: 0.013129
Epoch 501/1000  Loss: 0.009955
Epoch 502/1000  Loss: 0.006930
Epoch 503/1000  Loss: 0.007759
Epoch 504/1000  Loss: 0.009259
Epoch 505/1000  Loss: 0.004893
Epoch 506/1000  Loss: 0.009332
Epoch 507/1000  Loss: 0.006672
Epoch 508/1000  Loss: 0.009688
Epoch 509/1000  Loss: 0.006902
Epoch 510/1000  Loss: 0.010453
Epoch 511/1000  Loss: 0.006697
Epoch 512/1000  Loss: 0.011762
Epoch 513/1000  Loss: 0.007275
Epoch 514/1000  Loss: 0.004042
Epoch 515/1000  Loss: 0.008817
Epoch 516/1000  Loss: 0.015813
Epoch 517/1000  Loss: 0.007269
Epoch 518/1000  Loss: 0.009365
Epoch 519/1000  Loss: 0.009124
Epoch 520/1000  Loss: 0.006821
Epoch 521/1000  Loss: 0.003901
Epoch 522/1000  Loss: 0.005876
Epoch 523/1000  Loss: 0.010969
Epoch 524/1000  Loss: 0.006577
Epoch 525/1000  Loss: 0.005595
Epoch 526/1000  Loss: 0.005489
Epoch 527/1000  Loss: 0.007327
Epoch 528/1000  Loss: 0.010814
Epoch 529/1000  Loss: 0.012167
Epoch 530/1000  Loss: 0.004526
Epoch 531/1000  Loss: 0.009230
Epoch 532/1000  Loss: 0.007456
Epoch 533/1000  Loss: 0.007935
Epoch 534/1000  Loss: 0.007454
Epoch 535/1000  Loss: 0.010040
Epoch 536/1000  Loss: 0.004756
Epoch 537/1000  Loss: 0.007048
Epoch 538/1000  Loss: 0.005807
Epoch 539/1000  Loss: 0.006571
Epoch 540/1000  Loss: 0.006152
Epoch 541/1000  Loss: 0.006329
Epoch 542/1000  Loss: 0.007155
Epoch 543/1000  Loss: 0.004833
Epoch 544/1000  Loss: 0.010828
Epoch 545/1000  Loss: 0.007182
Epoch 546/1000  Loss: 0.008250
Epoch 547/1000  Loss: 0.004721
Epoch 548/1000  Loss: 0.007781
Epoch 549/1000  Loss: 0.004969
Epoch 550/1000  Loss: 0.009101
Epoch 551/1000  Loss: 0.006949
Epoch 552/1000  Loss: 0.004183
Epoch 553/1000  Loss: 0.003723
Epoch 554/1000  Loss: 0.005856
Epoch 555/1000  Loss: 0.005728
Epoch 556/1000  Loss: 0.008569
Epoch 557/1000  Loss: 0.008538
Epoch 558/1000  Loss: 0.005156
Epoch 559/1000  Loss: 0.008276
Epoch 560/1000  Loss: 0.006866
Epoch 561/1000  Loss: 0.006653
Epoch 562/1000  Loss: 0.003840
Epoch 563/1000  Loss: 0.006535
Epoch 564/1000  Loss: 0.008522
Epoch 565/1000  Loss: 0.004580
Epoch 566/1000  Loss: 0.005349
Epoch 567/1000  Loss: 0.008335
Epoch 568/1000  Loss: 0.007632
Epoch 569/1000  Loss: 0.013156
Epoch 570/1000  Loss: 0.007531
Epoch 571/1000  Loss: 0.009513
Epoch 572/1000  Loss: 0.007744
Epoch 573/1000  Loss: 0.006009
Epoch 574/1000  Loss: 0.008371
Epoch 575/1000  Loss: 0.007764
Epoch 576/1000  Loss: 0.006837
Epoch 577/1000  Loss: 0.007348
Epoch 578/1000  Loss: 0.002529
Epoch 579/1000  Loss: 0.008718
Epoch 580/1000  Loss: 0.005432
Epoch 581/1000  Loss: 0.005007
Epoch 582/1000  Loss: 0.002396
Epoch 583/1000  Loss: 0.004946
Epoch 584/1000  Loss: 0.009841
Epoch 585/1000  Loss: 0.007562
Epoch 586/1000  Loss: 0.005295
Epoch 587/1000  Loss: 0.006797
Epoch 588/1000  Loss: 0.006872
Epoch 589/1000  Loss: 0.009090
Epoch 590/1000  Loss: 0.007526
Epoch 591/1000  Loss: 0.002513
Epoch 592/1000  Loss: 0.011401
Epoch 593/1000  Loss: 0.006804
Epoch 594/1000  Loss: 0.006507
Epoch 595/1000  Loss: 0.005392
Epoch 596/1000  Loss: 0.007928
Epoch 597/1000  Loss: 0.015589
Epoch 598/1000  Loss: 0.004611
Epoch 599/1000  Loss: 0.012398
Epoch 600/1000  Loss: 0.010431
Epoch 601/1000  Loss: 0.007767
Epoch 602/1000  Loss: 0.008366
Epoch 603/1000  Loss: 0.006065
Epoch 604/1000  Loss: 0.003707
Epoch 605/1000  Loss: 0.004530
Epoch 606/1000  Loss: 0.006909
Epoch 607/1000  Loss: 0.009389
Epoch 608/1000  Loss: 0.008594
Epoch 609/1000  Loss: 0.004357
Epoch 610/1000  Loss: 0.004630
Epoch 611/1000  Loss: 0.003308
Epoch 612/1000  Loss: 0.005490
Epoch 613/1000  Loss: 0.004513
Epoch 614/1000  Loss: 0.005538
Epoch 615/1000  Loss: 0.005960
Epoch 616/1000  Loss: 0.005023
Epoch 617/1000  Loss: 0.004690
Epoch 618/1000  Loss: 0.006086
Epoch 619/1000  Loss: 0.007356
Epoch 620/1000  Loss: 0.007696
Epoch 621/1000  Loss: 0.011344
Epoch 622/1000  Loss: 0.006660
Epoch 623/1000  Loss: 0.003823
Epoch 624/1000  Loss: 0.011127
Epoch 625/1000  Loss: 0.006774
Epoch 626/1000  Loss: 0.004421
Epoch 627/1000  Loss: 0.004573
Epoch 628/1000  Loss: 0.006525
Epoch 629/1000  Loss: 0.005382
Epoch 630/1000  Loss: 0.004259
Epoch 631/1000  Loss: 0.005356
Epoch 632/1000  Loss: 0.008436
Epoch 633/1000  Loss: 0.005892
Epoch 634/1000  Loss: 0.007752
Epoch 635/1000  Loss: 0.011602
Epoch 636/1000  Loss: 0.007721
Epoch 637/1000  Loss: 0.007450
Epoch 638/1000  Loss: 0.004125
Epoch 639/1000  Loss: 0.004928
Epoch 640/1000  Loss: 0.005111
Epoch 641/1000  Loss: 0.007034
Epoch 642/1000  Loss: 0.004589
Epoch 643/1000  Loss: 0.006554
Epoch 644/1000  Loss: 0.005999
Epoch 645/1000  Loss: 0.006680
Epoch 646/1000  Loss: 0.006741
Epoch 647/1000  Loss: 0.006335
Epoch 648/1000  Loss: 0.005261
Epoch 649/1000  Loss: 0.005246
Epoch 650/1000  Loss: 0.010298
Epoch 651/1000  Loss: 0.010131
Epoch 652/1000  Loss: 0.005511
Epoch 653/1000  Loss: 0.007027
Epoch 654/1000  Loss: 0.007233
Epoch 655/1000  Loss: 0.002271
Epoch 656/1000  Loss: 0.006422
Epoch 657/1000  Loss: 0.007110
Epoch 658/1000  Loss: 0.006410
Epoch 659/1000  Loss: 0.006285
Epoch 660/1000  Loss: 0.003913
Epoch 661/1000  Loss: 0.003035
Epoch 662/1000  Loss: 0.003566
Epoch 663/1000  Loss: 0.005925
Epoch 664/1000  Loss: 0.005485
Epoch 665/1000  Loss: 0.009445
Epoch 666/1000  Loss: 0.007964
Epoch 667/1000  Loss: 0.010235
Epoch 668/1000  Loss: 0.009504
Epoch 669/1000  Loss: 0.004471
Epoch 670/1000  Loss: 0.005556
Epoch 671/1000  Loss: 0.006808
Epoch 672/1000  Loss: 0.008846
Epoch 673/1000  Loss: 0.004631
Epoch 674/1000  Loss: 0.008086
Epoch 675/1000  Loss: 0.003258
Epoch 676/1000  Loss: 0.003964
Epoch 677/1000  Loss: 0.005190
Epoch 678/1000  Loss: 0.008805
Epoch 679/1000  Loss: 0.005971
Epoch 680/1000  Loss: 0.004427
Epoch 681/1000  Loss: 0.006597
Epoch 682/1000  Loss: 0.009564
Epoch 683/1000  Loss: 0.004880
Epoch 684/1000  Loss: 0.009844
Epoch 685/1000  Loss: 0.004883
Epoch 686/1000  Loss: 0.003261
Epoch 687/1000  Loss: 0.007752
Epoch 688/1000  Loss: 0.004220
Epoch 689/1000  Loss: 0.005586
Epoch 690/1000  Loss: 0.006523
Epoch 691/1000  Loss: 0.005996
Epoch 692/1000  Loss: 0.006110
Epoch 693/1000  Loss: 0.005311
Epoch 694/1000  Loss: 0.007015
Epoch 695/1000  Loss: 0.003754
Epoch 696/1000  Loss: 0.006908
Epoch 697/1000  Loss: 0.002938
Epoch 698/1000  Loss: 0.004821
Epoch 699/1000  Loss: 0.008044
Epoch 700/1000  Loss: 0.009494
Epoch 701/1000  Loss: 0.004682
Epoch 702/1000  Loss: 0.003560
Epoch 703/1000  Loss: 0.007452
Epoch 704/1000  Loss: 0.004075
Epoch 705/1000  Loss: 0.009305
Epoch 706/1000  Loss: 0.007013
Epoch 707/1000  Loss: 0.008684
Epoch 708/1000  Loss: 0.003812
Epoch 709/1000  Loss: 0.003441
Epoch 710/1000  Loss: 0.003827
Epoch 711/1000  Loss: 0.005064
Epoch 712/1000  Loss: 0.009771
Epoch 713/1000  Loss: 0.011092
Epoch 714/1000  Loss: 0.007279
Epoch 715/1000  Loss: 0.007235
Epoch 716/1000  Loss: 0.006088
Epoch 717/1000  Loss: 0.004848
Epoch 718/1000  Loss: 0.006101
Epoch 719/1000  Loss: 0.002911
Epoch 720/1000  Loss: 0.007512
Epoch 721/1000  Loss: 0.004517
Epoch 722/1000  Loss: 0.004469
Epoch 723/1000  Loss: 0.005651
Epoch 724/1000  Loss: 0.004643
Epoch 725/1000  Loss: 0.006494
Epoch 726/1000  Loss: 0.004837
Epoch 727/1000  Loss: 0.003988
Epoch 728/1000  Loss: 0.008157
Epoch 729/1000  Loss: 0.002795
Epoch 730/1000  Loss: 0.006770
Epoch 731/1000  Loss: 0.006849
Epoch 732/1000  Loss: 0.006655
Epoch 733/1000  Loss: 0.006715
Epoch 734/1000  Loss: 0.005794
Epoch 735/1000  Loss: 0.007045
Epoch 736/1000  Loss: 0.008485
Epoch 737/1000  Loss: 0.005784
Epoch 738/1000  Loss: 0.007185
Epoch 739/1000  Loss: 0.002989
Epoch 740/1000  Loss: 0.004265
Epoch 741/1000  Loss: 0.005494
Epoch 742/1000  Loss: 0.004476
Epoch 743/1000  Loss: 0.002356
Epoch 744/1000  Loss: 0.011191
Epoch 745/1000  Loss: 0.002918
Epoch 746/1000  Loss: 0.003989
Epoch 747/1000  Loss: 0.008136
Epoch 748/1000  Loss: 0.008289
Epoch 749/1000  Loss: 0.004646
Epoch 750/1000  Loss: 0.006396
Epoch 751/1000  Loss: 0.005914
Epoch 752/1000  Loss: 0.005646
Epoch 753/1000  Loss: 0.007176
Epoch 754/1000  Loss: 0.005569
Epoch 755/1000  Loss: 0.003182
Epoch 756/1000  Loss: 0.003789
Epoch 757/1000  Loss: 0.004199
Epoch 758/1000  Loss: 0.006102
Epoch 759/1000  Loss: 0.005145
Epoch 760/1000  Loss: 0.004918
Epoch 761/1000  Loss: 0.003897
Epoch 762/1000  Loss: 0.005637
Epoch 763/1000  Loss: 0.005826
Epoch 764/1000  Loss: 0.006042
Epoch 765/1000  Loss: 0.004429
Epoch 766/1000  Loss: 0.003591
Epoch 767/1000  Loss: 0.003485
Epoch 768/1000  Loss: 0.002013
Epoch 769/1000  Loss: 0.004591
Epoch 770/1000  Loss: 0.003404
Epoch 771/1000  Loss: 0.005481
Epoch 772/1000  Loss: 0.002214
Epoch 773/1000  Loss: 0.005738
Epoch 774/1000  Loss: 0.005066
Epoch 775/1000  Loss: 0.007034
Epoch 776/1000  Loss: 0.004175
Epoch 777/1000  Loss: 0.007341
Epoch 778/1000  Loss: 0.004591
Epoch 779/1000  Loss: 0.004654
Epoch 780/1000  Loss: 0.004230
Epoch 781/1000  Loss: 0.002834
Epoch 782/1000  Loss: 0.006321
Epoch 783/1000  Loss: 0.003774
Epoch 784/1000  Loss: 0.008813
Epoch 785/1000  Loss: 0.002899
Epoch 786/1000  Loss: 0.002560
Epoch 787/1000  Loss: 0.004434
Epoch 788/1000  Loss: 0.007299
Epoch 789/1000  Loss: 0.006881
Epoch 790/1000  Loss: 0.007491
Epoch 791/1000  Loss: 0.005808
Epoch 792/1000  Loss: 0.008063
Epoch 793/1000  Loss: 0.004137
Epoch 794/1000  Loss: 0.005053
Epoch 795/1000  Loss: 0.004365
Epoch 796/1000  Loss: 0.006430
Epoch 797/1000  Loss: 0.002583
Epoch 798/1000  Loss: 0.006998
Epoch 799/1000  Loss: 0.002698
Epoch 800/1000  Loss: 0.009802
Epoch 801/1000  Loss: 0.005752
Epoch 802/1000  Loss: 0.007832
Epoch 803/1000  Loss: 0.005059
Epoch 804/1000  Loss: 0.003944
Epoch 805/1000  Loss: 0.008229
Epoch 806/1000  Loss: 0.007213
Epoch 807/1000  Loss: 0.004784
Epoch 808/1000  Loss: 0.005293
Epoch 809/1000  Loss: 0.004145
Epoch 810/1000  Loss: 0.004676
Epoch 811/1000  Loss: 0.002381
Epoch 812/1000  Loss: 0.003774
Epoch 813/1000  Loss: 0.007823
Epoch 814/1000  Loss: 0.005115
Epoch 815/1000  Loss: 0.006712
Epoch 816/1000  Loss: 0.004366
Epoch 817/1000  Loss: 0.006004
Epoch 818/1000  Loss: 0.003860
Epoch 819/1000  Loss: 0.004368
Epoch 820/1000  Loss: 0.006340
Epoch 821/1000  Loss: 0.006786
Epoch 822/1000  Loss: 0.004016
Epoch 823/1000  Loss: 0.008978
Epoch 824/1000  Loss: 0.004121
Epoch 825/1000  Loss: 0.007724
Epoch 826/1000  Loss: 0.005541
Epoch 827/1000  Loss: 0.004019
Epoch 828/1000  Loss: 0.005274
Epoch 829/1000  Loss: 0.004816
Epoch 830/1000  Loss: 0.003284
Epoch 831/1000  Loss: 0.003678
Epoch 832/1000  Loss: 0.004948
Epoch 833/1000  Loss: 0.004110
Epoch 834/1000  Loss: 0.003415
Epoch 835/1000  Loss: 0.007651
Epoch 836/1000  Loss: 0.008210
Epoch 837/1000  Loss: 0.005437
Epoch 838/1000  Loss: 0.007982
Epoch 839/1000  Loss: 0.004386
Epoch 840/1000  Loss: 0.003598
Epoch 841/1000  Loss: 0.003490
Epoch 842/1000  Loss: 0.005688
Epoch 843/1000  Loss: 0.007585
Epoch 844/1000  Loss: 0.007271
Epoch 845/1000  Loss: 0.006629
Epoch 846/1000  Loss: 0.009110
Epoch 847/1000  Loss: 0.004616
Epoch 848/1000  Loss: 0.003559
Epoch 849/1000  Loss: 0.006650
Epoch 850/1000  Loss: 0.004519
Epoch 851/1000  Loss: 0.005430
Epoch 852/1000  Loss: 0.009784
Epoch 853/1000  Loss: 0.003528
Epoch 854/1000  Loss: 0.004276
Epoch 855/1000  Loss: 0.005029
Epoch 856/1000  Loss: 0.003402
Epoch 857/1000  Loss: 0.007503
Epoch 858/1000  Loss: 0.005032
Epoch 859/1000  Loss: 0.003850
Epoch 860/1000  Loss: 0.006412
Epoch 861/1000  Loss: 0.006773
Epoch 862/1000  Loss: 0.003571
Epoch 863/1000  Loss: 0.003993
Epoch 864/1000  Loss: 0.005468
Epoch 865/1000  Loss: 0.007091
Epoch 866/1000  Loss: 0.006358
Epoch 867/1000  Loss: 0.004464
Epoch 868/1000  Loss: 0.007849
Epoch 869/1000  Loss: 0.004373
Epoch 870/1000  Loss: 0.005655
Epoch 871/1000  Loss: 0.003109
Epoch 872/1000  Loss: 0.004285
Epoch 873/1000  Loss: 0.004316
Epoch 874/1000  Loss: 0.004503
Epoch 875/1000  Loss: 0.009846
Epoch 876/1000  Loss: 0.004938
Epoch 877/1000  Loss: 0.007423
Epoch 878/1000  Loss: 0.004475
Epoch 879/1000  Loss: 0.002436
Epoch 880/1000  Loss: 0.004618
Epoch 881/1000  Loss: 0.007606
Epoch 882/1000  Loss: 0.003577
Epoch 883/1000  Loss: 0.007089
Epoch 884/1000  Loss: 0.004374
Epoch 885/1000  Loss: 0.005264
Epoch 886/1000  Loss: 0.008570
Epoch 887/1000  Loss: 0.005651
Epoch 888/1000  Loss: 0.003417
Epoch 889/1000  Loss: 0.006013
Epoch 890/1000  Loss: 0.006589
Epoch 891/1000  Loss: 0.003210
Epoch 892/1000  Loss: 0.003969
Epoch 893/1000  Loss: 0.004073
Epoch 894/1000  Loss: 0.004619
Epoch 895/1000  Loss: 0.005729
Epoch 896/1000  Loss: 0.010357
Epoch 897/1000  Loss: 0.006872
Epoch 898/1000  Loss: 0.006312
Epoch 899/1000  Loss: 0.005073
Epoch 900/1000  Loss: 0.003464
Epoch 901/1000  Loss: 0.003182
Epoch 902/1000  Loss: 0.007989
Epoch 903/1000  Loss: 0.004372
Epoch 904/1000  Loss: 0.006166
Epoch 905/1000  Loss: 0.003546
Epoch 906/1000  Loss: 0.003519
Epoch 907/1000  Loss: 0.004339
Epoch 908/1000  Loss: 0.006229
Epoch 909/1000  Loss: 0.008462
Epoch 910/1000  Loss: 0.002810
Epoch 911/1000  Loss: 0.003366
Epoch 912/1000  Loss: 0.005293
Epoch 913/1000  Loss: 0.005147
Epoch 914/1000  Loss: 0.005003
Epoch 915/1000  Loss: 0.005956
Epoch 916/1000  Loss: 0.005318
Epoch 917/1000  Loss: 0.002592
Epoch 918/1000  Loss: 0.003881
Epoch 919/1000  Loss: 0.005390
Epoch 920/1000  Loss: 0.004115
Epoch 921/1000  Loss: 0.003298
Epoch 922/1000  Loss: 0.004411
Epoch 923/1000  Loss: 0.005732
Epoch 924/1000  Loss: 0.003591
Epoch 925/1000  Loss: 0.005648
Epoch 926/1000  Loss: 0.004909
Epoch 927/1000  Loss: 0.005983
Epoch 928/1000  Loss: 0.001663
Epoch 929/1000  Loss: 0.007070
Epoch 930/1000  Loss: 0.005857
Epoch 931/1000  Loss: 0.007518
Epoch 932/1000  Loss: 0.005332
Epoch 933/1000  Loss: 0.001845
Epoch 934/1000  Loss: 0.003738
Epoch 935/1000  Loss: 0.007365
Epoch 936/1000  Loss: 0.004652
Epoch 937/1000  Loss: 0.007211
Epoch 938/1000  Loss: 0.006404
Epoch 939/1000  Loss: 0.005629
Epoch 940/1000  Loss: 0.007535
Epoch 941/1000  Loss: 0.006582
Epoch 942/1000  Loss: 0.005829
Epoch 943/1000  Loss: 0.004411
Epoch 944/1000  Loss: 0.006136
Epoch 945/1000  Loss: 0.006920
Epoch 946/1000  Loss: 0.005353
Epoch 947/1000  Loss: 0.002915
Epoch 948/1000  Loss: 0.004902
Epoch 949/1000  Loss: 0.005223
Epoch 950/1000  Loss: 0.002362
Epoch 951/1000  Loss: 0.002414
Epoch 952/1000  Loss: 0.006185
Epoch 953/1000  Loss: 0.005704
Epoch 954/1000  Loss: 0.005603
Epoch 955/1000  Loss: 0.005532
Epoch 956/1000  Loss: 0.004409
Epoch 957/1000  Loss: 0.002914
Epoch 958/1000  Loss: 0.002131
Epoch 959/1000  Loss: 0.004525
Epoch 960/1000  Loss: 0.004816
Epoch 961/1000  Loss: 0.004651
Epoch 962/1000  Loss: 0.003642
Epoch 963/1000  Loss: 0.004033
Epoch 964/1000  Loss: 0.004155
Epoch 965/1000  Loss: 0.002509
Epoch 966/1000  Loss: 0.003644
Epoch 967/1000  Loss: 0.004242
Epoch 968/1000  Loss: 0.002940
Epoch 969/1000  Loss: 0.006584
Epoch 970/1000  Loss: 0.003976
Epoch 971/1000  Loss: 0.006569
Epoch 972/1000  Loss: 0.002565
Epoch 973/1000  Loss: 0.005843
Epoch 974/1000  Loss: 0.003636
Epoch 975/1000  Loss: 0.005704
Epoch 976/1000  Loss: 0.007620
Epoch 977/1000  Loss: 0.004137
Epoch 978/1000  Loss: 0.004270
Epoch 979/1000  Loss: 0.007168
Epoch 980/1000  Loss: 0.002661
Epoch 981/1000  Loss: 0.004365
Epoch 982/1000  Loss: 0.002345
Epoch 983/1000  Loss: 0.006408
Epoch 984/1000  Loss: 0.002906
Epoch 985/1000  Loss: 0.008644
Epoch 986/1000  Loss: 0.008623
Epoch 987/1000  Loss: 0.002213
Epoch 988/1000  Loss: 0.006597
Epoch 989/1000  Loss: 0.005934
Epoch 990/1000  Loss: 0.005822
Epoch 991/1000  Loss: 0.005076
Epoch 992/1000  Loss: 0.002742
Epoch 993/1000  Loss: 0.002833
Epoch 994/1000  Loss: 0.004044
Epoch 995/1000  Loss: 0.008385
Epoch 996/1000  Loss: 0.005756
Epoch 997/1000  Loss: 0.002618
Epoch 998/1000  Loss: 0.007569
Epoch 999/1000  Loss: 0.002714
Epoch 1000/1000  Loss: 0.003411

============================================================
Portfolio Performance (no transaction costs)
============================================================
EW            Mean: -0.1856%  Std: 0.3030%  Sharpe: -9.7238
Factordiff    Mean: -0.1127%  Std: 8.4808%  Sharpe: -0.2110
Emp           Mean: 5.8453%  Std: 2.4417%  Sharpe: 38.0020
ShrEmp        Mean: 5.6495%  Std: 1.8621%  Sharpe: 48.1614

With transaction costs (Factordiff):
  Mean: 0.6835%  Std: 7.9974%  Sharpe: 1.3566

Model saved to checkpoint.pt
