Using device: cuda
Loading returns from /work/nvme/bemc/abagchi2/finance-diffusion/data/data.pt (implicit-factor mode)...
  Shape: 150 days, 200 assets (no factors)
Epoch 1/1000  Loss: 0.901729
Epoch 2/1000  Loss: 0.641795
Epoch 3/1000  Loss: 0.431011
Epoch 4/1000  Loss: 0.281731
Epoch 5/1000  Loss: 0.170499
Epoch 6/1000  Loss: 0.105417
Epoch 7/1000  Loss: 0.053183
Epoch 8/1000  Loss: 0.029829
Epoch 9/1000  Loss: 0.021766
Epoch 10/1000  Loss: 0.016709
Epoch 11/1000  Loss: 0.017625
Epoch 12/1000  Loss: 0.015163
Epoch 13/1000  Loss: 0.020488
Epoch 14/1000  Loss: 0.018563
Epoch 15/1000  Loss: 0.011217
Epoch 16/1000  Loss: 0.013412
Epoch 17/1000  Loss: 0.016353
Epoch 18/1000  Loss: 0.015671
Epoch 19/1000  Loss: 0.010509
Epoch 20/1000  Loss: 0.011583
Epoch 21/1000  Loss: 0.007335
Epoch 22/1000  Loss: 0.007307
Epoch 23/1000  Loss: 0.006312
Epoch 24/1000  Loss: 0.008748
Epoch 25/1000  Loss: 0.003097
Epoch 26/1000  Loss: 0.003701
Epoch 27/1000  Loss: 0.003070
Epoch 28/1000  Loss: 0.007373
Epoch 29/1000  Loss: 0.008390
Epoch 30/1000  Loss: 0.014666
Epoch 31/1000  Loss: 0.009740
Epoch 32/1000  Loss: 0.011539
Epoch 33/1000  Loss: 0.014786
Epoch 34/1000  Loss: 0.015087
Epoch 35/1000  Loss: 0.007789
Epoch 36/1000  Loss: 0.003500
Epoch 37/1000  Loss: 0.011770
Epoch 38/1000  Loss: 0.008106
Epoch 39/1000  Loss: 0.006489
Epoch 40/1000  Loss: 0.005920
Epoch 41/1000  Loss: 0.004120
Epoch 42/1000  Loss: 0.006055
Epoch 43/1000  Loss: 0.008082
Epoch 44/1000  Loss: 0.005303
Epoch 45/1000  Loss: 0.003071
Epoch 46/1000  Loss: 0.006810
Epoch 47/1000  Loss: 0.009105
Epoch 48/1000  Loss: 0.002748
Epoch 49/1000  Loss: 0.009188
Epoch 50/1000  Loss: 0.005473
Epoch 51/1000  Loss: 0.013575
Epoch 52/1000  Loss: 0.004677
Epoch 53/1000  Loss: 0.007602
Epoch 54/1000  Loss: 0.012123
Epoch 55/1000  Loss: 0.007425
Epoch 56/1000  Loss: 0.008562
Epoch 57/1000  Loss: 0.008243
Epoch 58/1000  Loss: 0.006907
Epoch 59/1000  Loss: 0.003997
Epoch 60/1000  Loss: 0.010920
Epoch 61/1000  Loss: 0.002635
Epoch 62/1000  Loss: 0.005777
Epoch 63/1000  Loss: 0.011943
Epoch 64/1000  Loss: 0.012308
Epoch 65/1000  Loss: 0.006955
Epoch 66/1000  Loss: 0.002805
Epoch 67/1000  Loss: 0.007437
Epoch 68/1000  Loss: 0.005113
Epoch 69/1000  Loss: 0.006584
Epoch 70/1000  Loss: 0.015216
Epoch 71/1000  Loss: 0.003805
Epoch 72/1000  Loss: 0.006109
Epoch 73/1000  Loss: 0.005812
Epoch 74/1000  Loss: 0.002119
Epoch 75/1000  Loss: 0.002269
Epoch 76/1000  Loss: 0.008591
Epoch 77/1000  Loss: 0.005169
Epoch 78/1000  Loss: 0.007940
Epoch 79/1000  Loss: 0.008408
Epoch 80/1000  Loss: 0.004536
Epoch 81/1000  Loss: 0.008707
Epoch 82/1000  Loss: 0.006902
Epoch 83/1000  Loss: 0.008923
Epoch 84/1000  Loss: 0.005347
Epoch 85/1000  Loss: 0.006501
Epoch 86/1000  Loss: 0.003465
Epoch 87/1000  Loss: 0.008331
Epoch 88/1000  Loss: 0.010880
Epoch 89/1000  Loss: 0.010215
Epoch 90/1000  Loss: 0.003940
Epoch 91/1000  Loss: 0.013102
Epoch 92/1000  Loss: 0.006721
Epoch 93/1000  Loss: 0.014291
Epoch 94/1000  Loss: 0.005467
Epoch 95/1000  Loss: 0.020698
Epoch 96/1000  Loss: 0.004759
Epoch 97/1000  Loss: 0.004584
Epoch 98/1000  Loss: 0.002500
Epoch 99/1000  Loss: 0.006437
Epoch 100/1000  Loss: 0.004238
Epoch 101/1000  Loss: 0.011510
Epoch 102/1000  Loss: 0.004299
Epoch 103/1000  Loss: 0.011645
Epoch 104/1000  Loss: 0.011078
Epoch 105/1000  Loss: 0.003628
Epoch 106/1000  Loss: 0.003320
Epoch 107/1000  Loss: 0.014755
Epoch 108/1000  Loss: 0.006713
Epoch 109/1000  Loss: 0.009772
Epoch 110/1000  Loss: 0.006969
Epoch 111/1000  Loss: 0.005021
Epoch 112/1000  Loss: 0.004826
Epoch 113/1000  Loss: 0.005572
Epoch 114/1000  Loss: 0.008990
Epoch 115/1000  Loss: 0.005584
Epoch 116/1000  Loss: 0.006111
Epoch 117/1000  Loss: 0.003184
Epoch 118/1000  Loss: 0.011186
Epoch 119/1000  Loss: 0.004722
Epoch 120/1000  Loss: 0.007937
Epoch 121/1000  Loss: 0.006343
Epoch 122/1000  Loss: 0.003154
Epoch 123/1000  Loss: 0.003095
Epoch 124/1000  Loss: 0.004182
Epoch 125/1000  Loss: 0.005442
Epoch 126/1000  Loss: 0.006666
Epoch 127/1000  Loss: 0.004743
Epoch 128/1000  Loss: 0.003632
Epoch 129/1000  Loss: 0.004905
Epoch 130/1000  Loss: 0.002743
Epoch 131/1000  Loss: 0.010710
Epoch 132/1000  Loss: 0.002301
Epoch 133/1000  Loss: 0.002036
Epoch 134/1000  Loss: 0.003570
Epoch 135/1000  Loss: 0.002637
Epoch 136/1000  Loss: 0.001799
Epoch 137/1000  Loss: 0.001623
Epoch 138/1000  Loss: 0.003055
Epoch 139/1000  Loss: 0.010839
Epoch 140/1000  Loss: 0.007332
Epoch 141/1000  Loss: 0.004501
Epoch 142/1000  Loss: 0.014215
Epoch 143/1000  Loss: 0.010917
Epoch 144/1000  Loss: 0.003327
Epoch 145/1000  Loss: 0.012742
Epoch 146/1000  Loss: 0.008750
Epoch 147/1000  Loss: 0.003571
Epoch 148/1000  Loss: 0.007028
Epoch 149/1000  Loss: 0.006035
Epoch 150/1000  Loss: 0.003957
Epoch 151/1000  Loss: 0.005167
Epoch 152/1000  Loss: 0.009595
Epoch 153/1000  Loss: 0.004689
Epoch 154/1000  Loss: 0.002610
Epoch 155/1000  Loss: 0.001719
Epoch 156/1000  Loss: 0.010425
Epoch 157/1000  Loss: 0.007964
Epoch 158/1000  Loss: 0.012098
Epoch 159/1000  Loss: 0.003569
Epoch 160/1000  Loss: 0.009437
Epoch 161/1000  Loss: 0.006814
Epoch 162/1000  Loss: 0.008850
Epoch 163/1000  Loss: 0.006624
Epoch 164/1000  Loss: 0.003530
Epoch 165/1000  Loss: 0.002476
Epoch 166/1000  Loss: 0.012783
Epoch 167/1000  Loss: 0.005564
Epoch 168/1000  Loss: 0.004083
Epoch 169/1000  Loss: 0.004920
Epoch 170/1000  Loss: 0.005556
Epoch 171/1000  Loss: 0.004962
Epoch 172/1000  Loss: 0.007214
Epoch 173/1000  Loss: 0.008900
Epoch 174/1000  Loss: 0.006414
Epoch 175/1000  Loss: 0.007764
Epoch 176/1000  Loss: 0.005418
Epoch 177/1000  Loss: 0.008493
Epoch 178/1000  Loss: 0.002439
Epoch 179/1000  Loss: 0.003362
Epoch 180/1000  Loss: 0.013735
Epoch 181/1000  Loss: 0.004819
Epoch 182/1000  Loss: 0.007679
Epoch 183/1000  Loss: 0.005089
Epoch 184/1000  Loss: 0.008382
Epoch 185/1000  Loss: 0.005627
Epoch 186/1000  Loss: 0.004158
Epoch 187/1000  Loss: 0.007575
Epoch 188/1000  Loss: 0.002912
Epoch 189/1000  Loss: 0.007352
Epoch 190/1000  Loss: 0.006927
Epoch 191/1000  Loss: 0.009210
Epoch 192/1000  Loss: 0.005817
Epoch 193/1000  Loss: 0.002625
Epoch 194/1000  Loss: 0.000926
Epoch 195/1000  Loss: 0.004100
Epoch 196/1000  Loss: 0.006994
Epoch 197/1000  Loss: 0.003880
Epoch 198/1000  Loss: 0.005636
Epoch 199/1000  Loss: 0.013148
Epoch 200/1000  Loss: 0.004149
Epoch 201/1000  Loss: 0.009275
Epoch 202/1000  Loss: 0.005657
Epoch 203/1000  Loss: 0.005378
Epoch 204/1000  Loss: 0.001842
Epoch 205/1000  Loss: 0.006105
Epoch 206/1000  Loss: 0.003791
Epoch 207/1000  Loss: 0.005441
Epoch 208/1000  Loss: 0.007267
Epoch 209/1000  Loss: 0.004039
Epoch 210/1000  Loss: 0.009799
Epoch 211/1000  Loss: 0.004414
Epoch 212/1000  Loss: 0.002860
Epoch 213/1000  Loss: 0.008638
Epoch 214/1000  Loss: 0.005799
Epoch 215/1000  Loss: 0.002398
Epoch 216/1000  Loss: 0.006197
Epoch 217/1000  Loss: 0.004428
Epoch 218/1000  Loss: 0.014719
Epoch 219/1000  Loss: 0.005675
Epoch 220/1000  Loss: 0.013016
Epoch 221/1000  Loss: 0.017053
Epoch 222/1000  Loss: 0.005953
Epoch 223/1000  Loss: 0.006225
Epoch 224/1000  Loss: 0.005117
Epoch 225/1000  Loss: 0.018387
Epoch 226/1000  Loss: 0.008947
Epoch 227/1000  Loss: 0.010457
Epoch 228/1000  Loss: 0.009724
Epoch 229/1000  Loss: 0.009770
Epoch 230/1000  Loss: 0.013881
Epoch 231/1000  Loss: 0.003385
Epoch 232/1000  Loss: 0.004592
Epoch 233/1000  Loss: 0.008772
Epoch 234/1000  Loss: 0.003393
Epoch 235/1000  Loss: 0.006355
Epoch 236/1000  Loss: 0.004904
Epoch 237/1000  Loss: 0.003167
Epoch 238/1000  Loss: 0.002041
Epoch 239/1000  Loss: 0.002918
Epoch 240/1000  Loss: 0.005348
Epoch 241/1000  Loss: 0.004967
Epoch 242/1000  Loss: 0.007221
Epoch 243/1000  Loss: 0.003931
Epoch 244/1000  Loss: 0.008468
Epoch 245/1000  Loss: 0.009505
Epoch 246/1000  Loss: 0.010762
Epoch 247/1000  Loss: 0.007720
Epoch 248/1000  Loss: 0.012725
Epoch 249/1000  Loss: 0.003510
Epoch 250/1000  Loss: 0.002806
Epoch 251/1000  Loss: 0.004371
Epoch 252/1000  Loss: 0.004790
Epoch 253/1000  Loss: 0.003123
Epoch 254/1000  Loss: 0.005960
Epoch 255/1000  Loss: 0.006085
Epoch 256/1000  Loss: 0.014967
Epoch 257/1000  Loss: 0.012998
Epoch 258/1000  Loss: 0.001837
Epoch 259/1000  Loss: 0.009450
Epoch 260/1000  Loss: 0.002192
Epoch 261/1000  Loss: 0.007277
Epoch 262/1000  Loss: 0.003298
Epoch 263/1000  Loss: 0.003175
Epoch 264/1000  Loss: 0.004212
Epoch 265/1000  Loss: 0.009737
Epoch 266/1000  Loss: 0.008060
Epoch 267/1000  Loss: 0.006838
Epoch 268/1000  Loss: 0.004994
Epoch 269/1000  Loss: 0.016617
Epoch 270/1000  Loss: 0.005126
Epoch 271/1000  Loss: 0.006611
Epoch 272/1000  Loss: 0.005513
Epoch 273/1000  Loss: 0.005190
Epoch 274/1000  Loss: 0.002771
Epoch 275/1000  Loss: 0.003580
Epoch 276/1000  Loss: 0.003717
Epoch 277/1000  Loss: 0.006002
Epoch 278/1000  Loss: 0.001969
Epoch 279/1000  Loss: 0.008284
Epoch 280/1000  Loss: 0.001638
Epoch 281/1000  Loss: 0.017306
Epoch 282/1000  Loss: 0.006271
Epoch 283/1000  Loss: 0.006738
Epoch 284/1000  Loss: 0.008324
Epoch 285/1000  Loss: 0.006783
Epoch 286/1000  Loss: 0.007122
Epoch 287/1000  Loss: 0.006717
Epoch 288/1000  Loss: 0.015424
Epoch 289/1000  Loss: 0.007768
Epoch 290/1000  Loss: 0.006854
Epoch 291/1000  Loss: 0.002497
Epoch 292/1000  Loss: 0.008363
Epoch 293/1000  Loss: 0.005164
Epoch 294/1000  Loss: 0.002825
Epoch 295/1000  Loss: 0.001001
Epoch 296/1000  Loss: 0.005933
Epoch 297/1000  Loss: 0.003314
Epoch 298/1000  Loss: 0.017048
Epoch 299/1000  Loss: 0.003418
Epoch 300/1000  Loss: 0.008451
Epoch 301/1000  Loss: 0.007844
Epoch 302/1000  Loss: 0.006624
Epoch 303/1000  Loss: 0.003822
Epoch 304/1000  Loss: 0.008622
Epoch 305/1000  Loss: 0.016160
Epoch 306/1000  Loss: 0.006617
Epoch 307/1000  Loss: 0.004715
Epoch 308/1000  Loss: 0.007221
Epoch 309/1000  Loss: 0.003403
Epoch 310/1000  Loss: 0.003813
Epoch 311/1000  Loss: 0.004092
Epoch 312/1000  Loss: 0.003373
Epoch 313/1000  Loss: 0.001989
Epoch 314/1000  Loss: 0.006598
Epoch 315/1000  Loss: 0.002277
Epoch 316/1000  Loss: 0.005734
Epoch 317/1000  Loss: 0.006240
Epoch 318/1000  Loss: 0.001533
Epoch 319/1000  Loss: 0.004011
Epoch 320/1000  Loss: 0.008536
Epoch 321/1000  Loss: 0.005075
Epoch 322/1000  Loss: 0.004074
Epoch 323/1000  Loss: 0.001453
Epoch 324/1000  Loss: 0.007446
Epoch 325/1000  Loss: 0.002472
Epoch 326/1000  Loss: 0.003438
Epoch 327/1000  Loss: 0.020011
Epoch 328/1000  Loss: 0.015257
Epoch 329/1000  Loss: 0.009524
Epoch 330/1000  Loss: 0.008106
Epoch 331/1000  Loss: 0.005307
Epoch 332/1000  Loss: 0.002211
Epoch 333/1000  Loss: 0.002702
Epoch 334/1000  Loss: 0.005296
Epoch 335/1000  Loss: 0.003637
Epoch 336/1000  Loss: 0.011639
Epoch 337/1000  Loss: 0.002697
Epoch 338/1000  Loss: 0.006077
Epoch 339/1000  Loss: 0.005185
Epoch 340/1000  Loss: 0.011344
Epoch 341/1000  Loss: 0.004196
Epoch 342/1000  Loss: 0.002037
Epoch 343/1000  Loss: 0.003732
Epoch 344/1000  Loss: 0.003536
Epoch 345/1000  Loss: 0.002638
Epoch 346/1000  Loss: 0.005979
Epoch 347/1000  Loss: 0.002203
Epoch 348/1000  Loss: 0.003650
Epoch 349/1000  Loss: 0.003402
Epoch 350/1000  Loss: 0.001427
Epoch 351/1000  Loss: 0.002800
Epoch 352/1000  Loss: 0.005570
Epoch 353/1000  Loss: 0.005074
Epoch 354/1000  Loss: 0.004376
Epoch 355/1000  Loss: 0.008517
Epoch 356/1000  Loss: 0.003521
Epoch 357/1000  Loss: 0.006682
Epoch 358/1000  Loss: 0.007226
Epoch 359/1000  Loss: 0.001783
Epoch 360/1000  Loss: 0.005369
Epoch 361/1000  Loss: 0.008431
Epoch 362/1000  Loss: 0.004404
Epoch 363/1000  Loss: 0.013903
Epoch 364/1000  Loss: 0.009842
Epoch 365/1000  Loss: 0.002595
Epoch 366/1000  Loss: 0.006236
Epoch 367/1000  Loss: 0.003308
Epoch 368/1000  Loss: 0.003037
Epoch 369/1000  Loss: 0.007715
Epoch 370/1000  Loss: 0.009134
Epoch 371/1000  Loss: 0.006463
Epoch 372/1000  Loss: 0.007922
Epoch 373/1000  Loss: 0.004021
Epoch 374/1000  Loss: 0.003978
Epoch 375/1000  Loss: 0.003544
Epoch 376/1000  Loss: 0.005080
Epoch 377/1000  Loss: 0.008457
Epoch 378/1000  Loss: 0.002156
Epoch 379/1000  Loss: 0.010321
Epoch 380/1000  Loss: 0.004578
Epoch 381/1000  Loss: 0.007342
Epoch 382/1000  Loss: 0.004210
Epoch 383/1000  Loss: 0.009443
Epoch 384/1000  Loss: 0.005038
Epoch 385/1000  Loss: 0.005510
Epoch 386/1000  Loss: 0.010851
Epoch 387/1000  Loss: 0.005408
Epoch 388/1000  Loss: 0.006214
Epoch 389/1000  Loss: 0.011746
Epoch 390/1000  Loss: 0.002478
Epoch 391/1000  Loss: 0.007427
Epoch 392/1000  Loss: 0.003609
Epoch 393/1000  Loss: 0.005562
Epoch 394/1000  Loss: 0.004167
Epoch 395/1000  Loss: 0.008100
Epoch 396/1000  Loss: 0.007230
Epoch 397/1000  Loss: 0.008361
Epoch 398/1000  Loss: 0.005844
Epoch 399/1000  Loss: 0.002833
Epoch 400/1000  Loss: 0.003538
Epoch 401/1000  Loss: 0.005895
Epoch 402/1000  Loss: 0.004169
Epoch 403/1000  Loss: 0.009415
Epoch 404/1000  Loss: 0.003066
Epoch 405/1000  Loss: 0.003996
Epoch 406/1000  Loss: 0.004272
Epoch 407/1000  Loss: 0.004612
Epoch 408/1000  Loss: 0.003934
Epoch 409/1000  Loss: 0.003733
Epoch 410/1000  Loss: 0.008374
Epoch 411/1000  Loss: 0.006912
Epoch 412/1000  Loss: 0.004895
Epoch 413/1000  Loss: 0.005361
Epoch 414/1000  Loss: 0.005487
Epoch 415/1000  Loss: 0.007580
Epoch 416/1000  Loss: 0.003456
Epoch 417/1000  Loss: 0.006633
Epoch 418/1000  Loss: 0.003117
Epoch 419/1000  Loss: 0.002582
Epoch 420/1000  Loss: 0.004462
Epoch 421/1000  Loss: 0.003496
Epoch 422/1000  Loss: 0.004815
Epoch 423/1000  Loss: 0.006452
Epoch 424/1000  Loss: 0.008067
Epoch 425/1000  Loss: 0.002763
Epoch 426/1000  Loss: 0.003453
Epoch 427/1000  Loss: 0.005565
Epoch 428/1000  Loss: 0.002411
Epoch 429/1000  Loss: 0.005523
Epoch 430/1000  Loss: 0.004004
Epoch 431/1000  Loss: 0.005019
Epoch 432/1000  Loss: 0.002615
Epoch 433/1000  Loss: 0.008113
Epoch 434/1000  Loss: 0.003777
Epoch 435/1000  Loss: 0.012002
Epoch 436/1000  Loss: 0.007050
Epoch 437/1000  Loss: 0.003526
Epoch 438/1000  Loss: 0.004065
Epoch 439/1000  Loss: 0.005959
Epoch 440/1000  Loss: 0.004102
Epoch 441/1000  Loss: 0.002834
Epoch 442/1000  Loss: 0.003204
Epoch 443/1000  Loss: 0.003033
Epoch 444/1000  Loss: 0.009352
Epoch 445/1000  Loss: 0.003864
Epoch 446/1000  Loss: 0.004882
Epoch 447/1000  Loss: 0.006954
Epoch 448/1000  Loss: 0.004561
Epoch 449/1000  Loss: 0.002748
Epoch 450/1000  Loss: 0.001941
Epoch 451/1000  Loss: 0.008715
Epoch 452/1000  Loss: 0.007236
Epoch 453/1000  Loss: 0.005915
Epoch 454/1000  Loss: 0.007777
Epoch 455/1000  Loss: 0.012794
Epoch 456/1000  Loss: 0.004533
Epoch 457/1000  Loss: 0.009008
Epoch 458/1000  Loss: 0.006143
Epoch 459/1000  Loss: 0.005527
Epoch 460/1000  Loss: 0.004144
Epoch 461/1000  Loss: 0.002511
Epoch 462/1000  Loss: 0.002160
Epoch 463/1000  Loss: 0.007375
Epoch 464/1000  Loss: 0.001121
Epoch 465/1000  Loss: 0.001584
Epoch 466/1000  Loss: 0.002863
Epoch 467/1000  Loss: 0.004100
Epoch 468/1000  Loss: 0.004690
Epoch 469/1000  Loss: 0.003206
Epoch 470/1000  Loss: 0.002760
Epoch 471/1000  Loss: 0.016923
Epoch 472/1000  Loss: 0.004248
Epoch 473/1000  Loss: 0.006342
Epoch 474/1000  Loss: 0.002792
Epoch 475/1000  Loss: 0.010908
Epoch 476/1000  Loss: 0.004242
Epoch 477/1000  Loss: 0.003414
Epoch 478/1000  Loss: 0.002960
Epoch 479/1000  Loss: 0.004208
Epoch 480/1000  Loss: 0.004313
Epoch 481/1000  Loss: 0.009978
Epoch 482/1000  Loss: 0.005890
Epoch 483/1000  Loss: 0.005015
Epoch 484/1000  Loss: 0.003779
Epoch 485/1000  Loss: 0.007741
Epoch 486/1000  Loss: 0.004223
Epoch 487/1000  Loss: 0.003922
Epoch 488/1000  Loss: 0.004337
Epoch 489/1000  Loss: 0.002973
Epoch 490/1000  Loss: 0.008608
Epoch 491/1000  Loss: 0.006361
Epoch 492/1000  Loss: 0.005493
Epoch 493/1000  Loss: 0.013242
Epoch 494/1000  Loss: 0.003738
Epoch 495/1000  Loss: 0.003829
Epoch 496/1000  Loss: 0.006123
Epoch 497/1000  Loss: 0.007035
Epoch 498/1000  Loss: 0.003429
Epoch 499/1000  Loss: 0.001980
Epoch 500/1000  Loss: 0.011403
Epoch 501/1000  Loss: 0.013243
Epoch 502/1000  Loss: 0.004090
Epoch 503/1000  Loss: 0.004740
Epoch 504/1000  Loss: 0.007680
Epoch 505/1000  Loss: 0.002132
Epoch 506/1000  Loss: 0.008401
Epoch 507/1000  Loss: 0.010564
Epoch 508/1000  Loss: 0.008802
Epoch 509/1000  Loss: 0.012468
Epoch 510/1000  Loss: 0.008324
Epoch 511/1000  Loss: 0.004778
Epoch 512/1000  Loss: 0.004158
Epoch 513/1000  Loss: 0.004629
Epoch 514/1000  Loss: 0.006681
Epoch 515/1000  Loss: 0.005365
Epoch 516/1000  Loss: 0.008082
Epoch 517/1000  Loss: 0.005103
Epoch 518/1000  Loss: 0.004884
Epoch 519/1000  Loss: 0.004026
Epoch 520/1000  Loss: 0.004483
Epoch 521/1000  Loss: 0.004755
Epoch 522/1000  Loss: 0.004469
Epoch 523/1000  Loss: 0.005192
Epoch 524/1000  Loss: 0.006114
Epoch 525/1000  Loss: 0.002414
Epoch 526/1000  Loss: 0.002833
Epoch 527/1000  Loss: 0.007803
Epoch 528/1000  Loss: 0.003904
Epoch 529/1000  Loss: 0.007718
Epoch 530/1000  Loss: 0.005071
Epoch 531/1000  Loss: 0.006716
Epoch 532/1000  Loss: 0.005457
Epoch 533/1000  Loss: 0.008240
Epoch 534/1000  Loss: 0.004151
Epoch 535/1000  Loss: 0.003371
Epoch 536/1000  Loss: 0.005637
Epoch 537/1000  Loss: 0.005045
Epoch 538/1000  Loss: 0.003180
Epoch 539/1000  Loss: 0.008203
Epoch 540/1000  Loss: 0.006175
Epoch 541/1000  Loss: 0.005222
Epoch 542/1000  Loss: 0.003908
Epoch 543/1000  Loss: 0.003023
Epoch 544/1000  Loss: 0.004877
Epoch 545/1000  Loss: 0.006848
Epoch 546/1000  Loss: 0.006189
Epoch 547/1000  Loss: 0.002834
Epoch 548/1000  Loss: 0.005415
Epoch 549/1000  Loss: 0.002044
Epoch 550/1000  Loss: 0.005349
Epoch 551/1000  Loss: 0.002538
Epoch 552/1000  Loss: 0.009884
Epoch 553/1000  Loss: 0.003532
Epoch 554/1000  Loss: 0.008252
Epoch 555/1000  Loss: 0.007390
Epoch 556/1000  Loss: 0.005701
Epoch 557/1000  Loss: 0.005639
Epoch 558/1000  Loss: 0.007462
Epoch 559/1000  Loss: 0.009853
Epoch 560/1000  Loss: 0.003751
Epoch 561/1000  Loss: 0.005766
Epoch 562/1000  Loss: 0.004207
Epoch 563/1000  Loss: 0.005939
Epoch 564/1000  Loss: 0.015866
Epoch 565/1000  Loss: 0.006055
Epoch 566/1000  Loss: 0.002301
Epoch 567/1000  Loss: 0.007947
Epoch 568/1000  Loss: 0.006961
Epoch 569/1000  Loss: 0.009026
Epoch 570/1000  Loss: 0.006151
Epoch 571/1000  Loss: 0.009525
Epoch 572/1000  Loss: 0.009012
Epoch 573/1000  Loss: 0.002582
Epoch 574/1000  Loss: 0.005475
Epoch 575/1000  Loss: 0.007525
Epoch 576/1000  Loss: 0.002432
Epoch 577/1000  Loss: 0.007494
Epoch 578/1000  Loss: 0.001100
Epoch 579/1000  Loss: 0.009791
Epoch 580/1000  Loss: 0.006958
Epoch 581/1000  Loss: 0.002389
Epoch 582/1000  Loss: 0.001438
Epoch 583/1000  Loss: 0.002778
Epoch 584/1000  Loss: 0.006298
Epoch 585/1000  Loss: 0.003513
Epoch 586/1000  Loss: 0.011520
Epoch 587/1000  Loss: 0.003801
Epoch 588/1000  Loss: 0.007100
Epoch 589/1000  Loss: 0.006308
Epoch 590/1000  Loss: 0.006363
Epoch 591/1000  Loss: 0.001784
Epoch 592/1000  Loss: 0.007492
Epoch 593/1000  Loss: 0.008269
Epoch 594/1000  Loss: 0.005118
Epoch 595/1000  Loss: 0.003267
Epoch 596/1000  Loss: 0.010327
Epoch 597/1000  Loss: 0.008962
Epoch 598/1000  Loss: 0.003031
Epoch 599/1000  Loss: 0.005910
Epoch 600/1000  Loss: 0.005570
Epoch 601/1000  Loss: 0.007294
Epoch 602/1000  Loss: 0.004407
Epoch 603/1000  Loss: 0.002884
Epoch 604/1000  Loss: 0.006666
Epoch 605/1000  Loss: 0.002350
Epoch 606/1000  Loss: 0.004128
Epoch 607/1000  Loss: 0.007202
Epoch 608/1000  Loss: 0.009178
Epoch 609/1000  Loss: 0.002128
Epoch 610/1000  Loss: 0.001643
Epoch 611/1000  Loss: 0.004383
Epoch 612/1000  Loss: 0.006343
Epoch 613/1000  Loss: 0.002071
Epoch 614/1000  Loss: 0.002165
Epoch 615/1000  Loss: 0.007394
Epoch 616/1000  Loss: 0.005160
Epoch 617/1000  Loss: 0.002308
Epoch 618/1000  Loss: 0.005893
Epoch 619/1000  Loss: 0.004047
Epoch 620/1000  Loss: 0.006203
Epoch 621/1000  Loss: 0.007220
Epoch 622/1000  Loss: 0.003345
Epoch 623/1000  Loss: 0.002002
Epoch 624/1000  Loss: 0.004962
Epoch 625/1000  Loss: 0.004390
Epoch 626/1000  Loss: 0.003121
Epoch 627/1000  Loss: 0.002560
Epoch 628/1000  Loss: 0.006531
Epoch 629/1000  Loss: 0.005538
Epoch 630/1000  Loss: 0.006362
Epoch 631/1000  Loss: 0.004457
Epoch 632/1000  Loss: 0.006242
Epoch 633/1000  Loss: 0.002873
Epoch 634/1000  Loss: 0.008368
Epoch 635/1000  Loss: 0.015896
Epoch 636/1000  Loss: 0.009564
Epoch 637/1000  Loss: 0.004773
Epoch 638/1000  Loss: 0.009991
Epoch 639/1000  Loss: 0.005057
Epoch 640/1000  Loss: 0.002733
Epoch 641/1000  Loss: 0.007364
Epoch 642/1000  Loss: 0.004191
Epoch 643/1000  Loss: 0.004727
Epoch 644/1000  Loss: 0.005082
Epoch 645/1000  Loss: 0.005751
Epoch 646/1000  Loss: 0.006100
Epoch 647/1000  Loss: 0.004775
Epoch 648/1000  Loss: 0.004673
Epoch 649/1000  Loss: 0.005571
Epoch 650/1000  Loss: 0.005518
Epoch 651/1000  Loss: 0.006092
Epoch 652/1000  Loss: 0.004828
Epoch 653/1000  Loss: 0.008979
Epoch 654/1000  Loss: 0.008047
Epoch 655/1000  Loss: 0.001320
Epoch 656/1000  Loss: 0.004746
Epoch 657/1000  Loss: 0.006501
Epoch 658/1000  Loss: 0.005363
Epoch 659/1000  Loss: 0.006950
Epoch 660/1000  Loss: 0.003753
Epoch 661/1000  Loss: 0.005003
Epoch 662/1000  Loss: 0.002319
Epoch 663/1000  Loss: 0.002909
Epoch 664/1000  Loss: 0.003209
Epoch 665/1000  Loss: 0.005950
Epoch 666/1000  Loss: 0.008073
Epoch 667/1000  Loss: 0.019719
Epoch 668/1000  Loss: 0.008079
Epoch 669/1000  Loss: 0.003309
Epoch 670/1000  Loss: 0.003371
Epoch 671/1000  Loss: 0.007776
Epoch 672/1000  Loss: 0.009014
Epoch 673/1000  Loss: 0.002454
Epoch 674/1000  Loss: 0.007993
Epoch 675/1000  Loss: 0.002337
Epoch 676/1000  Loss: 0.002349
Epoch 677/1000  Loss: 0.004367
Epoch 678/1000  Loss: 0.007040
Epoch 679/1000  Loss: 0.006619
Epoch 680/1000  Loss: 0.005330
Epoch 681/1000  Loss: 0.007350
Epoch 682/1000  Loss: 0.003568
Epoch 683/1000  Loss: 0.001312
Epoch 684/1000  Loss: 0.006653
Epoch 685/1000  Loss: 0.003042
Epoch 686/1000  Loss: 0.003132
Epoch 687/1000  Loss: 0.008228
Epoch 688/1000  Loss: 0.003585
Epoch 689/1000  Loss: 0.008371
Epoch 690/1000  Loss: 0.003566
Epoch 691/1000  Loss: 0.006544
Epoch 692/1000  Loss: 0.003823
Epoch 693/1000  Loss: 0.004967
Epoch 694/1000  Loss: 0.006484
Epoch 695/1000  Loss: 0.002655
Epoch 696/1000  Loss: 0.005963
Epoch 697/1000  Loss: 0.002320
Epoch 698/1000  Loss: 0.005235
Epoch 699/1000  Loss: 0.004453
Epoch 700/1000  Loss: 0.007490
Epoch 701/1000  Loss: 0.002142
Epoch 702/1000  Loss: 0.005859
Epoch 703/1000  Loss: 0.009284
Epoch 704/1000  Loss: 0.001712
Epoch 705/1000  Loss: 0.016998
Epoch 706/1000  Loss: 0.005593
Epoch 707/1000  Loss: 0.004324
Epoch 708/1000  Loss: 0.002472
Epoch 709/1000  Loss: 0.006781
Epoch 710/1000  Loss: 0.002813
Epoch 711/1000  Loss: 0.007665
Epoch 712/1000  Loss: 0.010387
Epoch 713/1000  Loss: 0.009472
Epoch 714/1000  Loss: 0.008235
Epoch 715/1000  Loss: 0.008357
Epoch 716/1000  Loss: 0.004690
Epoch 717/1000  Loss: 0.003187
Epoch 718/1000  Loss: 0.004430
Epoch 719/1000  Loss: 0.001735
Epoch 720/1000  Loss: 0.007086
Epoch 721/1000  Loss: 0.003277
Epoch 722/1000  Loss: 0.002798
Epoch 723/1000  Loss: 0.005087
Epoch 724/1000  Loss: 0.002399
Epoch 725/1000  Loss: 0.007978
Epoch 726/1000  Loss: 0.003868
Epoch 727/1000  Loss: 0.006731
Epoch 728/1000  Loss: 0.006061
Epoch 729/1000  Loss: 0.002103
Epoch 730/1000  Loss: 0.003164
Epoch 731/1000  Loss: 0.004974
Epoch 732/1000  Loss: 0.004434
Epoch 733/1000  Loss: 0.011493
Epoch 734/1000  Loss: 0.003349
Epoch 735/1000  Loss: 0.005956
Epoch 736/1000  Loss: 0.013852
Epoch 737/1000  Loss: 0.007634
Epoch 738/1000  Loss: 0.003657
Epoch 739/1000  Loss: 0.003276
Epoch 740/1000  Loss: 0.005451
Epoch 741/1000  Loss: 0.004628
Epoch 742/1000  Loss: 0.005051
Epoch 743/1000  Loss: 0.001557
Epoch 744/1000  Loss: 0.005190
Epoch 745/1000  Loss: 0.001087
Epoch 746/1000  Loss: 0.002061
Epoch 747/1000  Loss: 0.006293
Epoch 748/1000  Loss: 0.005720
Epoch 749/1000  Loss: 0.002929
Epoch 750/1000  Loss: 0.003872
Epoch 751/1000  Loss: 0.006386
Epoch 752/1000  Loss: 0.005531
Epoch 753/1000  Loss: 0.009281
Epoch 754/1000  Loss: 0.004660
Epoch 755/1000  Loss: 0.003984
Epoch 756/1000  Loss: 0.003877
Epoch 757/1000  Loss: 0.005830
Epoch 758/1000  Loss: 0.005261
Epoch 759/1000  Loss: 0.009070
Epoch 760/1000  Loss: 0.002761
Epoch 761/1000  Loss: 0.002614
Epoch 762/1000  Loss: 0.010499
Epoch 763/1000  Loss: 0.004307
Epoch 764/1000  Loss: 0.004264
Epoch 765/1000  Loss: 0.002662
Epoch 766/1000  Loss: 0.002493
Epoch 767/1000  Loss: 0.001866
Epoch 768/1000  Loss: 0.000897
Epoch 769/1000  Loss: 0.005936
Epoch 770/1000  Loss: 0.002826
Epoch 771/1000  Loss: 0.013316
Epoch 772/1000  Loss: 0.004640
Epoch 773/1000  Loss: 0.001905
Epoch 774/1000  Loss: 0.002315
Epoch 775/1000  Loss: 0.005137
Epoch 776/1000  Loss: 0.003085
Epoch 777/1000  Loss: 0.004244
Epoch 778/1000  Loss: 0.005040
Epoch 779/1000  Loss: 0.002305
Epoch 780/1000  Loss: 0.002037
Epoch 781/1000  Loss: 0.003150
Epoch 782/1000  Loss: 0.006321
Epoch 783/1000  Loss: 0.003351
Epoch 784/1000  Loss: 0.004223
Epoch 785/1000  Loss: 0.001759
Epoch 786/1000  Loss: 0.001668
Epoch 787/1000  Loss: 0.008645
Epoch 788/1000  Loss: 0.008133
Epoch 789/1000  Loss: 0.003100
Epoch 790/1000  Loss: 0.011575
Epoch 791/1000  Loss: 0.003342
Epoch 792/1000  Loss: 0.004662
Epoch 793/1000  Loss: 0.007605
Epoch 794/1000  Loss: 0.007836
Epoch 795/1000  Loss: 0.002284
Epoch 796/1000  Loss: 0.008762
Epoch 797/1000  Loss: 0.002319
Epoch 798/1000  Loss: 0.003623
Epoch 799/1000  Loss: 0.000920
Epoch 800/1000  Loss: 0.012864
Epoch 801/1000  Loss: 0.003680
Epoch 802/1000  Loss: 0.005970
Epoch 803/1000  Loss: 0.004207
Epoch 804/1000  Loss: 0.001771
Epoch 805/1000  Loss: 0.007875
Epoch 806/1000  Loss: 0.006570
Epoch 807/1000  Loss: 0.003126
Epoch 808/1000  Loss: 0.005569
Epoch 809/1000  Loss: 0.006221
Epoch 810/1000  Loss: 0.001749
Epoch 811/1000  Loss: 0.001722
Epoch 812/1000  Loss: 0.003880
Epoch 813/1000  Loss: 0.006130
Epoch 814/1000  Loss: 0.005977
Epoch 815/1000  Loss: 0.002445
Epoch 816/1000  Loss: 0.004609
Epoch 817/1000  Loss: 0.005601
Epoch 818/1000  Loss: 0.001704
Epoch 819/1000  Loss: 0.004362
Epoch 820/1000  Loss: 0.006156
Epoch 821/1000  Loss: 0.007471
Epoch 822/1000  Loss: 0.001725
Epoch 823/1000  Loss: 0.007112
Epoch 824/1000  Loss: 0.002304
Epoch 825/1000  Loss: 0.003865
Epoch 826/1000  Loss: 0.003383
Epoch 827/1000  Loss: 0.001695
Epoch 828/1000  Loss: 0.005534
Epoch 829/1000  Loss: 0.004811
Epoch 830/1000  Loss: 0.002701
Epoch 831/1000  Loss: 0.001940
Epoch 832/1000  Loss: 0.006789
Epoch 833/1000  Loss: 0.003159
Epoch 834/1000  Loss: 0.003389
Epoch 835/1000  Loss: 0.003195
Epoch 836/1000  Loss: 0.004581
Epoch 837/1000  Loss: 0.004562
Epoch 838/1000  Loss: 0.003340
Epoch 839/1000  Loss: 0.005727
Epoch 840/1000  Loss: 0.002203
Epoch 841/1000  Loss: 0.004227
Epoch 842/1000  Loss: 0.002672
Epoch 843/1000  Loss: 0.006933
Epoch 844/1000  Loss: 0.006641
Epoch 845/1000  Loss: 0.007137
Epoch 846/1000  Loss: 0.007704
Epoch 847/1000  Loss: 0.007102
Epoch 848/1000  Loss: 0.002979
Epoch 849/1000  Loss: 0.008739
Epoch 850/1000  Loss: 0.004699
Epoch 851/1000  Loss: 0.003390
Epoch 852/1000  Loss: 0.006476
Epoch 853/1000  Loss: 0.004515
Epoch 854/1000  Loss: 0.004105
Epoch 855/1000  Loss: 0.008716
Epoch 856/1000  Loss: 0.004561
Epoch 857/1000  Loss: 0.005829
Epoch 858/1000  Loss: 0.004759
Epoch 859/1000  Loss: 0.006243
Epoch 860/1000  Loss: 0.005693
Epoch 861/1000  Loss: 0.008745
Epoch 862/1000  Loss: 0.008295
Epoch 863/1000  Loss: 0.002813
Epoch 864/1000  Loss: 0.003551
Epoch 865/1000  Loss: 0.004808
Epoch 866/1000  Loss: 0.004018
Epoch 867/1000  Loss: 0.001948
Epoch 868/1000  Loss: 0.006647
Epoch 869/1000  Loss: 0.011887
Epoch 870/1000  Loss: 0.005551
Epoch 871/1000  Loss: 0.002868
Epoch 872/1000  Loss: 0.007075
Epoch 873/1000  Loss: 0.004508
Epoch 874/1000  Loss: 0.005552
Epoch 875/1000  Loss: 0.010697
Epoch 876/1000  Loss: 0.005842
Epoch 877/1000  Loss: 0.005248
Epoch 878/1000  Loss: 0.003972
Epoch 879/1000  Loss: 0.003054
Epoch 880/1000  Loss: 0.001551
Epoch 881/1000  Loss: 0.008095
Epoch 882/1000  Loss: 0.002847
Epoch 883/1000  Loss: 0.008577
Epoch 884/1000  Loss: 0.003858
Epoch 885/1000  Loss: 0.004200
Epoch 886/1000  Loss: 0.003615
Epoch 887/1000  Loss: 0.002642
Epoch 888/1000  Loss: 0.003875
Epoch 889/1000  Loss: 0.005229
Epoch 890/1000  Loss: 0.007645
Epoch 891/1000  Loss: 0.002352
Epoch 892/1000  Loss: 0.001636
Epoch 893/1000  Loss: 0.007506
Epoch 894/1000  Loss: 0.002156
Epoch 895/1000  Loss: 0.008767
Epoch 896/1000  Loss: 0.008862
Epoch 897/1000  Loss: 0.009246
Epoch 898/1000  Loss: 0.003259
Epoch 899/1000  Loss: 0.002881
Epoch 900/1000  Loss: 0.003886
Epoch 901/1000  Loss: 0.002859
Epoch 902/1000  Loss: 0.003609
Epoch 903/1000  Loss: 0.003182
Epoch 904/1000  Loss: 0.003357
Epoch 905/1000  Loss: 0.003993
Epoch 906/1000  Loss: 0.003516
Epoch 907/1000  Loss: 0.002435
Epoch 908/1000  Loss: 0.005032
Epoch 909/1000  Loss: 0.004373
Epoch 910/1000  Loss: 0.005158
Epoch 911/1000  Loss: 0.002660
Epoch 912/1000  Loss: 0.007149
Epoch 913/1000  Loss: 0.002524
Epoch 914/1000  Loss: 0.005613
Epoch 915/1000  Loss: 0.009614
Epoch 916/1000  Loss: 0.007292
Epoch 917/1000  Loss: 0.002440
Epoch 918/1000  Loss: 0.003966
Epoch 919/1000  Loss: 0.005552
Epoch 920/1000  Loss: 0.007098
Epoch 921/1000  Loss: 0.008124
Epoch 922/1000  Loss: 0.005302
Epoch 923/1000  Loss: 0.005868
Epoch 924/1000  Loss: 0.002182
Epoch 925/1000  Loss: 0.005083
Epoch 926/1000  Loss: 0.006494
Epoch 927/1000  Loss: 0.003494
Epoch 928/1000  Loss: 0.002776
Epoch 929/1000  Loss: 0.008645
Epoch 930/1000  Loss: 0.005657
Epoch 931/1000  Loss: 0.007412
Epoch 932/1000  Loss: 0.005314
Epoch 933/1000  Loss: 0.000990
Epoch 934/1000  Loss: 0.006845
Epoch 935/1000  Loss: 0.005274
Epoch 936/1000  Loss: 0.005879
Epoch 937/1000  Loss: 0.006828
Epoch 938/1000  Loss: 0.006500
Epoch 939/1000  Loss: 0.003012
Epoch 940/1000  Loss: 0.005088
Epoch 941/1000  Loss: 0.004214
Epoch 942/1000  Loss: 0.002849
Epoch 943/1000  Loss: 0.003578
Epoch 944/1000  Loss: 0.004445
Epoch 945/1000  Loss: 0.009021
Epoch 946/1000  Loss: 0.007878
Epoch 947/1000  Loss: 0.009380
Epoch 948/1000  Loss: 0.003967
Epoch 949/1000  Loss: 0.003497
Epoch 950/1000  Loss: 0.004285
Epoch 951/1000  Loss: 0.004080
Epoch 952/1000  Loss: 0.006505
Epoch 953/1000  Loss: 0.009603
Epoch 954/1000  Loss: 0.006974
Epoch 955/1000  Loss: 0.006440
Epoch 956/1000  Loss: 0.003118
Epoch 957/1000  Loss: 0.003533
Epoch 958/1000  Loss: 0.002574
Epoch 959/1000  Loss: 0.007795
Epoch 960/1000  Loss: 0.003484
Epoch 961/1000  Loss: 0.008045
Epoch 962/1000  Loss: 0.003767
Epoch 963/1000  Loss: 0.005280
Epoch 964/1000  Loss: 0.002962
Epoch 965/1000  Loss: 0.001182
Epoch 966/1000  Loss: 0.002618
Epoch 967/1000  Loss: 0.002980
Epoch 968/1000  Loss: 0.007895
Epoch 969/1000  Loss: 0.008875
Epoch 970/1000  Loss: 0.002408
Epoch 971/1000  Loss: 0.005908
Epoch 972/1000  Loss: 0.001841
Epoch 973/1000  Loss: 0.007724
Epoch 974/1000  Loss: 0.002656
Epoch 975/1000  Loss: 0.007157
Epoch 976/1000  Loss: 0.014078
Epoch 977/1000  Loss: 0.003958
Epoch 978/1000  Loss: 0.002521
Epoch 979/1000  Loss: 0.005652
Epoch 980/1000  Loss: 0.005967
Epoch 981/1000  Loss: 0.003271
Epoch 982/1000  Loss: 0.002641
Epoch 983/1000  Loss: 0.004452
Epoch 984/1000  Loss: 0.005173
Epoch 985/1000  Loss: 0.004724
Epoch 986/1000  Loss: 0.009756
Epoch 987/1000  Loss: 0.005344
Epoch 988/1000  Loss: 0.009848
Epoch 989/1000  Loss: 0.009129
Epoch 990/1000  Loss: 0.005887
Epoch 991/1000  Loss: 0.007191
Epoch 992/1000  Loss: 0.002606
Epoch 993/1000  Loss: 0.003776
Epoch 994/1000  Loss: 0.002774
Epoch 995/1000  Loss: 0.006605
Epoch 996/1000  Loss: 0.006085
Epoch 997/1000  Loss: 0.001097
Epoch 998/1000  Loss: 0.007572
Epoch 999/1000  Loss: 0.003208
Epoch 1000/1000  Loss: 0.002028

============================================================
Portfolio Performance (no transaction costs)
============================================================
EW            Mean: 0.4664%  Std: 1.2877%  Sharpe: 5.7500
Diffusion     Mean: 0.4620%  Std: 3.2566%  Sharpe: 2.2521
Emp           Mean: 0.2612%  Std: 0.9022%  Sharpe: 4.5964
ShrEmp        Mean: 0.2562%  Std: 0.9377%  Sharpe: 4.3379

With transaction costs (Diffusion):
  Mean: 0.3109%  Std: 1.8606%  Sharpe: 2.6529

Model saved to im_checkpoint_few.pt
