Using device: cuda
Generating synthetic data (implicit mode: using returns only)...
  Shape: 150 days, 200 assets
Epoch 1/1000  Loss: 0.908825
Epoch 2/1000  Loss: 0.647496
Epoch 3/1000  Loss: 0.445119
Epoch 4/1000  Loss: 0.300946
Epoch 5/1000  Loss: 0.187856
Epoch 6/1000  Loss: 0.119807
Epoch 7/1000  Loss: 0.078634
Epoch 8/1000  Loss: 0.059581
Epoch 9/1000  Loss: 0.057900
Epoch 10/1000  Loss: 0.032450
Epoch 11/1000  Loss: 0.024764
Epoch 12/1000  Loss: 0.042395
Epoch 13/1000  Loss: 0.039702
Epoch 14/1000  Loss: 0.035099
Epoch 15/1000  Loss: 0.028454
Epoch 16/1000  Loss: 0.035384
Epoch 17/1000  Loss: 0.038210
Epoch 18/1000  Loss: 0.039110
Epoch 19/1000  Loss: 0.040249
Epoch 20/1000  Loss: 0.028539
Epoch 21/1000  Loss: 0.027182
Epoch 22/1000  Loss: 0.038904
Epoch 23/1000  Loss: 0.030500
Epoch 24/1000  Loss: 0.030208
Epoch 25/1000  Loss: 0.025577
Epoch 26/1000  Loss: 0.019569
Epoch 27/1000  Loss: 0.024568
Epoch 28/1000  Loss: 0.032407
Epoch 29/1000  Loss: 0.038239
Epoch 30/1000  Loss: 0.039013
Epoch 31/1000  Loss: 0.021106
Epoch 32/1000  Loss: 0.039904
Epoch 33/1000  Loss: 0.039194
Epoch 34/1000  Loss: 0.053984
Epoch 35/1000  Loss: 0.040897
Epoch 36/1000  Loss: 0.013208
Epoch 37/1000  Loss: 0.033944
Epoch 38/1000  Loss: 0.024029
Epoch 39/1000  Loss: 0.026855
Epoch 40/1000  Loss: 0.035596
Epoch 41/1000  Loss: 0.028663
Epoch 42/1000  Loss: 0.031584
Epoch 43/1000  Loss: 0.025539
Epoch 44/1000  Loss: 0.022779
Epoch 45/1000  Loss: 0.017504
Epoch 46/1000  Loss: 0.027371
Epoch 47/1000  Loss: 0.040117
Epoch 48/1000  Loss: 0.016072
Epoch 49/1000  Loss: 0.029311
Epoch 50/1000  Loss: 0.020343
Epoch 51/1000  Loss: 0.047848
Epoch 52/1000  Loss: 0.029740
Epoch 53/1000  Loss: 0.039421
Epoch 54/1000  Loss: 0.039954
Epoch 55/1000  Loss: 0.040924
Epoch 56/1000  Loss: 0.025390
Epoch 57/1000  Loss: 0.020384
Epoch 58/1000  Loss: 0.040516
Epoch 59/1000  Loss: 0.017402
Epoch 60/1000  Loss: 0.018169
Epoch 61/1000  Loss: 0.018994
Epoch 62/1000  Loss: 0.026119
Epoch 63/1000  Loss: 0.022132
Epoch 64/1000  Loss: 0.035059
Epoch 65/1000  Loss: 0.031659
Epoch 66/1000  Loss: 0.013152
Epoch 67/1000  Loss: 0.035301
Epoch 68/1000  Loss: 0.037977
Epoch 69/1000  Loss: 0.030694
Epoch 70/1000  Loss: 0.025638
Epoch 71/1000  Loss: 0.030500
Epoch 72/1000  Loss: 0.027773
Epoch 73/1000  Loss: 0.018395
Epoch 74/1000  Loss: 0.022783
Epoch 75/1000  Loss: 0.016222
Epoch 76/1000  Loss: 0.024985
Epoch 77/1000  Loss: 0.021904
Epoch 78/1000  Loss: 0.019812
Epoch 79/1000  Loss: 0.036106
Epoch 80/1000  Loss: 0.032569
Epoch 81/1000  Loss: 0.044026
Epoch 82/1000  Loss: 0.035533
Epoch 83/1000  Loss: 0.037892
Epoch 84/1000  Loss: 0.032034
Epoch 85/1000  Loss: 0.028459
Epoch 86/1000  Loss: 0.020410
Epoch 87/1000  Loss: 0.024391
Epoch 88/1000  Loss: 0.031797
Epoch 89/1000  Loss: 0.025988
Epoch 90/1000  Loss: 0.024706
Epoch 91/1000  Loss: 0.038984
Epoch 92/1000  Loss: 0.030202
Epoch 93/1000  Loss: 0.032457
Epoch 94/1000  Loss: 0.023037
Epoch 95/1000  Loss: 0.042766
Epoch 96/1000  Loss: 0.022180
Epoch 97/1000  Loss: 0.020470
Epoch 98/1000  Loss: 0.020659
Epoch 99/1000  Loss: 0.021461
Epoch 100/1000  Loss: 0.024925
Epoch 101/1000  Loss: 0.020194
Epoch 102/1000  Loss: 0.023004
Epoch 103/1000  Loss: 0.031047
Epoch 104/1000  Loss: 0.034078
Epoch 105/1000  Loss: 0.024858
Epoch 106/1000  Loss: 0.024597
Epoch 107/1000  Loss: 0.029554
Epoch 108/1000  Loss: 0.020834
Epoch 109/1000  Loss: 0.020005
Epoch 110/1000  Loss: 0.018869
Epoch 111/1000  Loss: 0.019537
Epoch 112/1000  Loss: 0.018057
Epoch 113/1000  Loss: 0.029833
Epoch 114/1000  Loss: 0.033990
Epoch 115/1000  Loss: 0.018292
Epoch 116/1000  Loss: 0.029902
Epoch 117/1000  Loss: 0.018243
Epoch 118/1000  Loss: 0.038133
Epoch 119/1000  Loss: 0.031912
Epoch 120/1000  Loss: 0.021644
Epoch 121/1000  Loss: 0.029167
Epoch 122/1000  Loss: 0.021666
Epoch 123/1000  Loss: 0.022656
Epoch 124/1000  Loss: 0.034162
Epoch 125/1000  Loss: 0.027214
Epoch 126/1000  Loss: 0.032386
Epoch 127/1000  Loss: 0.031763
Epoch 128/1000  Loss: 0.025691
Epoch 129/1000  Loss: 0.025207
Epoch 130/1000  Loss: 0.012202
Epoch 131/1000  Loss: 0.014467
Epoch 132/1000  Loss: 0.012956
Epoch 133/1000  Loss: 0.015134
Epoch 134/1000  Loss: 0.020223
Epoch 135/1000  Loss: 0.037516
Epoch 136/1000  Loss: 0.022231
Epoch 137/1000  Loss: 0.018677
Epoch 138/1000  Loss: 0.021256
Epoch 139/1000  Loss: 0.027376
Epoch 140/1000  Loss: 0.023307
Epoch 141/1000  Loss: 0.029554
Epoch 142/1000  Loss: 0.037506
Epoch 143/1000  Loss: 0.031943
Epoch 144/1000  Loss: 0.019316
Epoch 145/1000  Loss: 0.034587
Epoch 146/1000  Loss: 0.030444
Epoch 147/1000  Loss: 0.023605
Epoch 148/1000  Loss: 0.023358
Epoch 149/1000  Loss: 0.023936
Epoch 150/1000  Loss: 0.022866
Epoch 151/1000  Loss: 0.027605
Epoch 152/1000  Loss: 0.018095
Epoch 153/1000  Loss: 0.031555
Epoch 154/1000  Loss: 0.020102
Epoch 155/1000  Loss: 0.020064
Epoch 156/1000  Loss: 0.029719
Epoch 157/1000  Loss: 0.031794
Epoch 158/1000  Loss: 0.025661
Epoch 159/1000  Loss: 0.011560
Epoch 160/1000  Loss: 0.040773
Epoch 161/1000  Loss: 0.020226
Epoch 162/1000  Loss: 0.029380
Epoch 163/1000  Loss: 0.021210
Epoch 164/1000  Loss: 0.034012
Epoch 165/1000  Loss: 0.025535
Epoch 166/1000  Loss: 0.027153
Epoch 167/1000  Loss: 0.032104
Epoch 168/1000  Loss: 0.016658
Epoch 169/1000  Loss: 0.028123
Epoch 170/1000  Loss: 0.026880
Epoch 171/1000  Loss: 0.024528
Epoch 172/1000  Loss: 0.023840
Epoch 173/1000  Loss: 0.028358
Epoch 174/1000  Loss: 0.023765
Epoch 175/1000  Loss: 0.021560
Epoch 176/1000  Loss: 0.033116
Epoch 177/1000  Loss: 0.029650
Epoch 178/1000  Loss: 0.025308
Epoch 179/1000  Loss: 0.034326
Epoch 180/1000  Loss: 0.030892
Epoch 181/1000  Loss: 0.021961
Epoch 182/1000  Loss: 0.026299
Epoch 183/1000  Loss: 0.029963
Epoch 184/1000  Loss: 0.034087
Epoch 185/1000  Loss: 0.025494
Epoch 186/1000  Loss: 0.018568
Epoch 187/1000  Loss: 0.047607
Epoch 188/1000  Loss: 0.028420
Epoch 189/1000  Loss: 0.023388
Epoch 190/1000  Loss: 0.023915
Epoch 191/1000  Loss: 0.026645
Epoch 192/1000  Loss: 0.023727
Epoch 193/1000  Loss: 0.018586
Epoch 194/1000  Loss: 0.008596
Epoch 195/1000  Loss: 0.030042
Epoch 196/1000  Loss: 0.021984
Epoch 197/1000  Loss: 0.019871
Epoch 198/1000  Loss: 0.023385
Epoch 199/1000  Loss: 0.031052
Epoch 200/1000  Loss: 0.025553
Epoch 201/1000  Loss: 0.046590
Epoch 202/1000  Loss: 0.021373
Epoch 203/1000  Loss: 0.027407
Epoch 204/1000  Loss: 0.014617
Epoch 205/1000  Loss: 0.032685
Epoch 206/1000  Loss: 0.015593
Epoch 207/1000  Loss: 0.019187
Epoch 208/1000  Loss: 0.021713
Epoch 209/1000  Loss: 0.026132
Epoch 210/1000  Loss: 0.034046
Epoch 211/1000  Loss: 0.024685
Epoch 212/1000  Loss: 0.029217
Epoch 213/1000  Loss: 0.034566
Epoch 214/1000  Loss: 0.022850
Epoch 215/1000  Loss: 0.017396
Epoch 216/1000  Loss: 0.030357
Epoch 217/1000  Loss: 0.025572
Epoch 218/1000  Loss: 0.027184
Epoch 219/1000  Loss: 0.030499
Epoch 220/1000  Loss: 0.029527
Epoch 221/1000  Loss: 0.028124
Epoch 222/1000  Loss: 0.018660
Epoch 223/1000  Loss: 0.023957
Epoch 224/1000  Loss: 0.039187
Epoch 225/1000  Loss: 0.031640
Epoch 226/1000  Loss: 0.029886
Epoch 227/1000  Loss: 0.016087
Epoch 228/1000  Loss: 0.035159
Epoch 229/1000  Loss: 0.028785
Epoch 230/1000  Loss: 0.037636
Epoch 231/1000  Loss: 0.018617
Epoch 232/1000  Loss: 0.022447
Epoch 233/1000  Loss: 0.029790
Epoch 234/1000  Loss: 0.017279
Epoch 235/1000  Loss: 0.025197
Epoch 236/1000  Loss: 0.031939
Epoch 237/1000  Loss: 0.030302
Epoch 238/1000  Loss: 0.012557
Epoch 239/1000  Loss: 0.015291
Epoch 240/1000  Loss: 0.030910
Epoch 241/1000  Loss: 0.036576
Epoch 242/1000  Loss: 0.032810
Epoch 243/1000  Loss: 0.019659
Epoch 244/1000  Loss: 0.028748
Epoch 245/1000  Loss: 0.035511
Epoch 246/1000  Loss: 0.036583
Epoch 247/1000  Loss: 0.040917
Epoch 248/1000  Loss: 0.030055
Epoch 249/1000  Loss: 0.031772
Epoch 250/1000  Loss: 0.029990
Epoch 251/1000  Loss: 0.027248
Epoch 252/1000  Loss: 0.024560
Epoch 253/1000  Loss: 0.027717
Epoch 254/1000  Loss: 0.029531
Epoch 255/1000  Loss: 0.018295
Epoch 256/1000  Loss: 0.031933
Epoch 257/1000  Loss: 0.041489
Epoch 258/1000  Loss: 0.016585
Epoch 259/1000  Loss: 0.027555
Epoch 260/1000  Loss: 0.024417
Epoch 261/1000  Loss: 0.027945
Epoch 262/1000  Loss: 0.018879
Epoch 263/1000  Loss: 0.026456
Epoch 264/1000  Loss: 0.016141
Epoch 265/1000  Loss: 0.040759
Epoch 266/1000  Loss: 0.030640
Epoch 267/1000  Loss: 0.037832
Epoch 268/1000  Loss: 0.017053
Epoch 269/1000  Loss: 0.030209
Epoch 270/1000  Loss: 0.023876
Epoch 271/1000  Loss: 0.023401
Epoch 272/1000  Loss: 0.021026
Epoch 273/1000  Loss: 0.017467
Epoch 274/1000  Loss: 0.024763
Epoch 275/1000  Loss: 0.026497
Epoch 276/1000  Loss: 0.030826
Epoch 277/1000  Loss: 0.018837
Epoch 278/1000  Loss: 0.017722
Epoch 279/1000  Loss: 0.027444
Epoch 280/1000  Loss: 0.012205
Epoch 281/1000  Loss: 0.047716
Epoch 282/1000  Loss: 0.026664
Epoch 283/1000  Loss: 0.022399
Epoch 284/1000  Loss: 0.030498
Epoch 285/1000  Loss: 0.015362
Epoch 286/1000  Loss: 0.026302
Epoch 287/1000  Loss: 0.037422
Epoch 288/1000  Loss: 0.030389
Epoch 289/1000  Loss: 0.020444
Epoch 290/1000  Loss: 0.030390
Epoch 291/1000  Loss: 0.022807
Epoch 292/1000  Loss: 0.017126
Epoch 293/1000  Loss: 0.029630
Epoch 294/1000  Loss: 0.022277
Epoch 295/1000  Loss: 0.009267
Epoch 296/1000  Loss: 0.030736
Epoch 297/1000  Loss: 0.025755
Epoch 298/1000  Loss: 0.028647
Epoch 299/1000  Loss: 0.021480
Epoch 300/1000  Loss: 0.022022
Epoch 301/1000  Loss: 0.018230
Epoch 302/1000  Loss: 0.027744
Epoch 303/1000  Loss: 0.018877
Epoch 304/1000  Loss: 0.022384
Epoch 305/1000  Loss: 0.037436
Epoch 306/1000  Loss: 0.033111
Epoch 307/1000  Loss: 0.025420
Epoch 308/1000  Loss: 0.020032
Epoch 309/1000  Loss: 0.030818
Epoch 310/1000  Loss: 0.038280
Epoch 311/1000  Loss: 0.016081
Epoch 312/1000  Loss: 0.017311
Epoch 313/1000  Loss: 0.019134
Epoch 314/1000  Loss: 0.020495
Epoch 315/1000  Loss: 0.022468
Epoch 316/1000  Loss: 0.019889
Epoch 317/1000  Loss: 0.031824
Epoch 318/1000  Loss: 0.016322
Epoch 319/1000  Loss: 0.028955
Epoch 320/1000  Loss: 0.035324
Epoch 321/1000  Loss: 0.018955
Epoch 322/1000  Loss: 0.017773
Epoch 323/1000  Loss: 0.017720
Epoch 324/1000  Loss: 0.029380
Epoch 325/1000  Loss: 0.022283
Epoch 326/1000  Loss: 0.024448
Epoch 327/1000  Loss: 0.019138
Epoch 328/1000  Loss: 0.031547
Epoch 329/1000  Loss: 0.030159
Epoch 330/1000  Loss: 0.027535
Epoch 331/1000  Loss: 0.017602
Epoch 332/1000  Loss: 0.022529
Epoch 333/1000  Loss: 0.017501
Epoch 334/1000  Loss: 0.030777
Epoch 335/1000  Loss: 0.019769
Epoch 336/1000  Loss: 0.025729
Epoch 337/1000  Loss: 0.033297
Epoch 338/1000  Loss: 0.019785
Epoch 339/1000  Loss: 0.025458
Epoch 340/1000  Loss: 0.035580
Epoch 341/1000  Loss: 0.026061
Epoch 342/1000  Loss: 0.018848
Epoch 343/1000  Loss: 0.035217
Epoch 344/1000  Loss: 0.031265
Epoch 345/1000  Loss: 0.025509
Epoch 346/1000  Loss: 0.015457
Epoch 347/1000  Loss: 0.017873
Epoch 348/1000  Loss: 0.025787
Epoch 349/1000  Loss: 0.029555
Epoch 350/1000  Loss: 0.022917
Epoch 351/1000  Loss: 0.021463
Epoch 352/1000  Loss: 0.032350
Epoch 353/1000  Loss: 0.033386
Epoch 354/1000  Loss: 0.017826
Epoch 355/1000  Loss: 0.018981
Epoch 356/1000  Loss: 0.035074
Epoch 357/1000  Loss: 0.024004
Epoch 358/1000  Loss: 0.022806
Epoch 359/1000  Loss: 0.011184
Epoch 360/1000  Loss: 0.027091
Epoch 361/1000  Loss: 0.025758
Epoch 362/1000  Loss: 0.027534
Epoch 363/1000  Loss: 0.035169
Epoch 364/1000  Loss: 0.036884
Epoch 365/1000  Loss: 0.011758
Epoch 366/1000  Loss: 0.026733
Epoch 367/1000  Loss: 0.022589
Epoch 368/1000  Loss: 0.021284
Epoch 369/1000  Loss: 0.034823
Epoch 370/1000  Loss: 0.027987
Epoch 371/1000  Loss: 0.024158
Epoch 372/1000  Loss: 0.020890
Epoch 373/1000  Loss: 0.025699
Epoch 374/1000  Loss: 0.037646
Epoch 375/1000  Loss: 0.029845
Epoch 376/1000  Loss: 0.022240
Epoch 377/1000  Loss: 0.017876
Epoch 378/1000  Loss: 0.016537
Epoch 379/1000  Loss: 0.027988
Epoch 380/1000  Loss: 0.020601
Epoch 381/1000  Loss: 0.033035
Epoch 382/1000  Loss: 0.027624
Epoch 383/1000  Loss: 0.041731
Epoch 384/1000  Loss: 0.022633
Epoch 385/1000  Loss: 0.022114
Epoch 386/1000  Loss: 0.021943
Epoch 387/1000  Loss: 0.021408
Epoch 388/1000  Loss: 0.035462
Epoch 389/1000  Loss: 0.040658
Epoch 390/1000  Loss: 0.020230
Epoch 391/1000  Loss: 0.039345
Epoch 392/1000  Loss: 0.025800
Epoch 393/1000  Loss: 0.023177
Epoch 394/1000  Loss: 0.027470
Epoch 395/1000  Loss: 0.022681
Epoch 396/1000  Loss: 0.026289
Epoch 397/1000  Loss: 0.027479
Epoch 398/1000  Loss: 0.024107
Epoch 399/1000  Loss: 0.018354
Epoch 400/1000  Loss: 0.022868
Epoch 401/1000  Loss: 0.023361
Epoch 402/1000  Loss: 0.026384
Epoch 403/1000  Loss: 0.024395
Epoch 404/1000  Loss: 0.025022
Epoch 405/1000  Loss: 0.021569
Epoch 406/1000  Loss: 0.026209
Epoch 407/1000  Loss: 0.029458
Epoch 408/1000  Loss: 0.017217
Epoch 409/1000  Loss: 0.017459
Epoch 410/1000  Loss: 0.029077
Epoch 411/1000  Loss: 0.025034
Epoch 412/1000  Loss: 0.022029
Epoch 413/1000  Loss: 0.019271
Epoch 414/1000  Loss: 0.038151
Epoch 415/1000  Loss: 0.026396
Epoch 416/1000  Loss: 0.021708
Epoch 417/1000  Loss: 0.026155
Epoch 418/1000  Loss: 0.017436
Epoch 419/1000  Loss: 0.027931
Epoch 420/1000  Loss: 0.030687
Epoch 421/1000  Loss: 0.018167
Epoch 422/1000  Loss: 0.025225
Epoch 423/1000  Loss: 0.019541
Epoch 424/1000  Loss: 0.040495
Epoch 425/1000  Loss: 0.026397
Epoch 426/1000  Loss: 0.017198
Epoch 427/1000  Loss: 0.038366
Epoch 428/1000  Loss: 0.017844
Epoch 429/1000  Loss: 0.030218
Epoch 430/1000  Loss: 0.032540
Epoch 431/1000  Loss: 0.019295
Epoch 432/1000  Loss: 0.024645
Epoch 433/1000  Loss: 0.027921
Epoch 434/1000  Loss: 0.024929
Epoch 435/1000  Loss: 0.024991
Epoch 436/1000  Loss: 0.032490
Epoch 437/1000  Loss: 0.022997
Epoch 438/1000  Loss: 0.031207
Epoch 439/1000  Loss: 0.036752
Epoch 440/1000  Loss: 0.019061
Epoch 441/1000  Loss: 0.018992
Epoch 442/1000  Loss: 0.019350
Epoch 443/1000  Loss: 0.018262
Epoch 444/1000  Loss: 0.019657
Epoch 445/1000  Loss: 0.018957
Epoch 446/1000  Loss: 0.021566
Epoch 447/1000  Loss: 0.018656
Epoch 448/1000  Loss: 0.020898
Epoch 449/1000  Loss: 0.016267
Epoch 450/1000  Loss: 0.030109
Epoch 451/1000  Loss: 0.023325
Epoch 452/1000  Loss: 0.034259
Epoch 453/1000  Loss: 0.030296
Epoch 454/1000  Loss: 0.035301
Epoch 455/1000  Loss: 0.029856
Epoch 456/1000  Loss: 0.027835
Epoch 457/1000  Loss: 0.031180
Epoch 458/1000  Loss: 0.024070
Epoch 459/1000  Loss: 0.017235
Epoch 460/1000  Loss: 0.026924
Epoch 461/1000  Loss: 0.019354
Epoch 462/1000  Loss: 0.022215
Epoch 463/1000  Loss: 0.033073
Epoch 464/1000  Loss: 0.017367
Epoch 465/1000  Loss: 0.030392
Epoch 466/1000  Loss: 0.021131
Epoch 467/1000  Loss: 0.029691
Epoch 468/1000  Loss: 0.025460
Epoch 469/1000  Loss: 0.015590
Epoch 470/1000  Loss: 0.020877
Epoch 471/1000  Loss: 0.026293
Epoch 472/1000  Loss: 0.026536
Epoch 473/1000  Loss: 0.029707
Epoch 474/1000  Loss: 0.019470
Epoch 475/1000  Loss: 0.023224
Epoch 476/1000  Loss: 0.018841
Epoch 477/1000  Loss: 0.011087
Epoch 478/1000  Loss: 0.018286
Epoch 479/1000  Loss: 0.023892
Epoch 480/1000  Loss: 0.025002
Epoch 481/1000  Loss: 0.036614
Epoch 482/1000  Loss: 0.020684
Epoch 483/1000  Loss: 0.031888
Epoch 484/1000  Loss: 0.020765
Epoch 485/1000  Loss: 0.018154
Epoch 486/1000  Loss: 0.022300
Epoch 487/1000  Loss: 0.027495
Epoch 488/1000  Loss: 0.030382
Epoch 489/1000  Loss: 0.019638
Epoch 490/1000  Loss: 0.020370
Epoch 491/1000  Loss: 0.036608
Epoch 492/1000  Loss: 0.022405
Epoch 493/1000  Loss: 0.030560
Epoch 494/1000  Loss: 0.027723
Epoch 495/1000  Loss: 0.017406
Epoch 496/1000  Loss: 0.024886
Epoch 497/1000  Loss: 0.016871
Epoch 498/1000  Loss: 0.020918
Epoch 499/1000  Loss: 0.012803
Epoch 500/1000  Loss: 0.044349
Epoch 501/1000  Loss: 0.029224
Epoch 502/1000  Loss: 0.026728
Epoch 503/1000  Loss: 0.023611
Epoch 504/1000  Loss: 0.030463
Epoch 505/1000  Loss: 0.017172
Epoch 506/1000  Loss: 0.032489
Epoch 507/1000  Loss: 0.023587
Epoch 508/1000  Loss: 0.029609
Epoch 509/1000  Loss: 0.025063
Epoch 510/1000  Loss: 0.030761
Epoch 511/1000  Loss: 0.028420
Epoch 512/1000  Loss: 0.043290
Epoch 513/1000  Loss: 0.028858
Epoch 514/1000  Loss: 0.013183
Epoch 515/1000  Loss: 0.026684
Epoch 516/1000  Loss: 0.044334
Epoch 517/1000  Loss: 0.023005
Epoch 518/1000  Loss: 0.027633
Epoch 519/1000  Loss: 0.030477
Epoch 520/1000  Loss: 0.031655
Epoch 521/1000  Loss: 0.020270
Epoch 522/1000  Loss: 0.023738
Epoch 523/1000  Loss: 0.043479
Epoch 524/1000  Loss: 0.020564
Epoch 525/1000  Loss: 0.022375
Epoch 526/1000  Loss: 0.017879
Epoch 527/1000  Loss: 0.028625
Epoch 528/1000  Loss: 0.029849
Epoch 529/1000  Loss: 0.043525
Epoch 530/1000  Loss: 0.016678
Epoch 531/1000  Loss: 0.033706
Epoch 532/1000  Loss: 0.023782
Epoch 533/1000  Loss: 0.024881
Epoch 534/1000  Loss: 0.031949
Epoch 535/1000  Loss: 0.032858
Epoch 536/1000  Loss: 0.020054
Epoch 537/1000  Loss: 0.023931
Epoch 538/1000  Loss: 0.019069
Epoch 539/1000  Loss: 0.028100
Epoch 540/1000  Loss: 0.023993
Epoch 541/1000  Loss: 0.025767
Epoch 542/1000  Loss: 0.021754
Epoch 543/1000  Loss: 0.023114
Epoch 544/1000  Loss: 0.030488
Epoch 545/1000  Loss: 0.026303
Epoch 546/1000  Loss: 0.028167
Epoch 547/1000  Loss: 0.023041
Epoch 548/1000  Loss: 0.026317
Epoch 549/1000  Loss: 0.023147
Epoch 550/1000  Loss: 0.029649
Epoch 551/1000  Loss: 0.024575
Epoch 552/1000  Loss: 0.019410
Epoch 553/1000  Loss: 0.016952
Epoch 554/1000  Loss: 0.016367
Epoch 555/1000  Loss: 0.023592
Epoch 556/1000  Loss: 0.021223
Epoch 557/1000  Loss: 0.038058
Epoch 558/1000  Loss: 0.022920
Epoch 559/1000  Loss: 0.026172
Epoch 560/1000  Loss: 0.023526
Epoch 561/1000  Loss: 0.019342
Epoch 562/1000  Loss: 0.025102
Epoch 563/1000  Loss: 0.033863
Epoch 564/1000  Loss: 0.025590
Epoch 565/1000  Loss: 0.017935
Epoch 566/1000  Loss: 0.022400
Epoch 567/1000  Loss: 0.025392
Epoch 568/1000  Loss: 0.031522
Epoch 569/1000  Loss: 0.021894
Epoch 570/1000  Loss: 0.023665
Epoch 571/1000  Loss: 0.022433
Epoch 572/1000  Loss: 0.024084
Epoch 573/1000  Loss: 0.017134
Epoch 574/1000  Loss: 0.030504
Epoch 575/1000  Loss: 0.026547
Epoch 576/1000  Loss: 0.025636
Epoch 577/1000  Loss: 0.030339
Epoch 578/1000  Loss: 0.014822
Epoch 579/1000  Loss: 0.030259
Epoch 580/1000  Loss: 0.023851
Epoch 581/1000  Loss: 0.017144
Epoch 582/1000  Loss: 0.010588
Epoch 583/1000  Loss: 0.018531
Epoch 584/1000  Loss: 0.034828
Epoch 585/1000  Loss: 0.025157
Epoch 586/1000  Loss: 0.021299
Epoch 587/1000  Loss: 0.030448
Epoch 588/1000  Loss: 0.024645
Epoch 589/1000  Loss: 0.027072
Epoch 590/1000  Loss: 0.026483
Epoch 591/1000  Loss: 0.011863
Epoch 592/1000  Loss: 0.029917
Epoch 593/1000  Loss: 0.024630
Epoch 594/1000  Loss: 0.031752
Epoch 595/1000  Loss: 0.022334
Epoch 596/1000  Loss: 0.033190
Epoch 597/1000  Loss: 0.043772
Epoch 598/1000  Loss: 0.017944
Epoch 599/1000  Loss: 0.021928
Epoch 600/1000  Loss: 0.029343
Epoch 601/1000  Loss: 0.026395
Epoch 602/1000  Loss: 0.031043
Epoch 603/1000  Loss: 0.026639
Epoch 604/1000  Loss: 0.020270
Epoch 605/1000  Loss: 0.019065
Epoch 606/1000  Loss: 0.029323
Epoch 607/1000  Loss: 0.030528
Epoch 608/1000  Loss: 0.028971
Epoch 609/1000  Loss: 0.016866
Epoch 610/1000  Loss: 0.019651
Epoch 611/1000  Loss: 0.015626
Epoch 612/1000  Loss: 0.029040
Epoch 613/1000  Loss: 0.023466
Epoch 614/1000  Loss: 0.028288
Epoch 615/1000  Loss: 0.028196
Epoch 616/1000  Loss: 0.025469
Epoch 617/1000  Loss: 0.025322
Epoch 618/1000  Loss: 0.024313
Epoch 619/1000  Loss: 0.030241
Epoch 620/1000  Loss: 0.025916
Epoch 621/1000  Loss: 0.039597
Epoch 622/1000  Loss: 0.026911
Epoch 623/1000  Loss: 0.017853
Epoch 624/1000  Loss: 0.043548
Epoch 625/1000  Loss: 0.024552
Epoch 626/1000  Loss: 0.020073
Epoch 627/1000  Loss: 0.018478
Epoch 628/1000  Loss: 0.031905
Epoch 629/1000  Loss: 0.015765
Epoch 630/1000  Loss: 0.016949
Epoch 631/1000  Loss: 0.029593
Epoch 632/1000  Loss: 0.033324
Epoch 633/1000  Loss: 0.026593
Epoch 634/1000  Loss: 0.032781
Epoch 635/1000  Loss: 0.034294
Epoch 636/1000  Loss: 0.024364
Epoch 637/1000  Loss: 0.036556
Epoch 638/1000  Loss: 0.018468
Epoch 639/1000  Loss: 0.020383
Epoch 640/1000  Loss: 0.022903
Epoch 641/1000  Loss: 0.030508
Epoch 642/1000  Loss: 0.025643
Epoch 643/1000  Loss: 0.032064
Epoch 644/1000  Loss: 0.027684
Epoch 645/1000  Loss: 0.026717
Epoch 646/1000  Loss: 0.030408
Epoch 647/1000  Loss: 0.029965
Epoch 648/1000  Loss: 0.021307
Epoch 649/1000  Loss: 0.026019
Epoch 650/1000  Loss: 0.039846
Epoch 651/1000  Loss: 0.042083
Epoch 652/1000  Loss: 0.018858
Epoch 653/1000  Loss: 0.022439
Epoch 654/1000  Loss: 0.032109
Epoch 655/1000  Loss: 0.012648
Epoch 656/1000  Loss: 0.032836
Epoch 657/1000  Loss: 0.029392
Epoch 658/1000  Loss: 0.025288
Epoch 659/1000  Loss: 0.023808
Epoch 660/1000  Loss: 0.018995
Epoch 661/1000  Loss: 0.015884
Epoch 662/1000  Loss: 0.014066
Epoch 663/1000  Loss: 0.026411
Epoch 664/1000  Loss: 0.024792
Epoch 665/1000  Loss: 0.034132
Epoch 666/1000  Loss: 0.028825
Epoch 667/1000  Loss: 0.034923
Epoch 668/1000  Loss: 0.032492
Epoch 669/1000  Loss: 0.019246
Epoch 670/1000  Loss: 0.021969
Epoch 671/1000  Loss: 0.022682
Epoch 672/1000  Loss: 0.038578
Epoch 673/1000  Loss: 0.020510
Epoch 674/1000  Loss: 0.040122
Epoch 675/1000  Loss: 0.014286
Epoch 676/1000  Loss: 0.011977
Epoch 677/1000  Loss: 0.023221
Epoch 678/1000  Loss: 0.047169
Epoch 679/1000  Loss: 0.029050
Epoch 680/1000  Loss: 0.017504
Epoch 681/1000  Loss: 0.026400
Epoch 682/1000  Loss: 0.046072
Epoch 683/1000  Loss: 0.020844
Epoch 684/1000  Loss: 0.030083
Epoch 685/1000  Loss: 0.019696
Epoch 686/1000  Loss: 0.016847
Epoch 687/1000  Loss: 0.023253
Epoch 688/1000  Loss: 0.015051
Epoch 689/1000  Loss: 0.016342
Epoch 690/1000  Loss: 0.025793
Epoch 691/1000  Loss: 0.026265
Epoch 692/1000  Loss: 0.021633
Epoch 693/1000  Loss: 0.029354
Epoch 694/1000  Loss: 0.030684
Epoch 695/1000  Loss: 0.021183
Epoch 696/1000  Loss: 0.019554
Epoch 697/1000  Loss: 0.015373
Epoch 698/1000  Loss: 0.022122
Epoch 699/1000  Loss: 0.029946
Epoch 700/1000  Loss: 0.035202
Epoch 701/1000  Loss: 0.015714
Epoch 702/1000  Loss: 0.015602
Epoch 703/1000  Loss: 0.025819
Epoch 704/1000  Loss: 0.015588
Epoch 705/1000  Loss: 0.031843
Epoch 706/1000  Loss: 0.034830
Epoch 707/1000  Loss: 0.038806
Epoch 708/1000  Loss: 0.017728
Epoch 709/1000  Loss: 0.016889
Epoch 710/1000  Loss: 0.017912
Epoch 711/1000  Loss: 0.023028
Epoch 712/1000  Loss: 0.030106
Epoch 713/1000  Loss: 0.041797
Epoch 714/1000  Loss: 0.032847
Epoch 715/1000  Loss: 0.037994
Epoch 716/1000  Loss: 0.030754
Epoch 717/1000  Loss: 0.028256
Epoch 718/1000  Loss: 0.025547
Epoch 719/1000  Loss: 0.015377
Epoch 720/1000  Loss: 0.030921
Epoch 721/1000  Loss: 0.024976
Epoch 722/1000  Loss: 0.023716
Epoch 723/1000  Loss: 0.029681
Epoch 724/1000  Loss: 0.017730
Epoch 725/1000  Loss: 0.023508
Epoch 726/1000  Loss: 0.027799
Epoch 727/1000  Loss: 0.025328
Epoch 728/1000  Loss: 0.029850
Epoch 729/1000  Loss: 0.016324
Epoch 730/1000  Loss: 0.014988
Epoch 731/1000  Loss: 0.029436
Epoch 732/1000  Loss: 0.020603
Epoch 733/1000  Loss: 0.027109
Epoch 734/1000  Loss: 0.022624
Epoch 735/1000  Loss: 0.023951
Epoch 736/1000  Loss: 0.027273
Epoch 737/1000  Loss: 0.030680
Epoch 738/1000  Loss: 0.026821
Epoch 739/1000  Loss: 0.015257
Epoch 740/1000  Loss: 0.024133
Epoch 741/1000  Loss: 0.021063
Epoch 742/1000  Loss: 0.021958
Epoch 743/1000  Loss: 0.011524
Epoch 744/1000  Loss: 0.036352
Epoch 745/1000  Loss: 0.015573
Epoch 746/1000  Loss: 0.018149
Epoch 747/1000  Loss: 0.024824
Epoch 748/1000  Loss: 0.036390
Epoch 749/1000  Loss: 0.022232
Epoch 750/1000  Loss: 0.028291
Epoch 751/1000  Loss: 0.023454
Epoch 752/1000  Loss: 0.017444
Epoch 753/1000  Loss: 0.024755
Epoch 754/1000  Loss: 0.024314
Epoch 755/1000  Loss: 0.019404
Epoch 756/1000  Loss: 0.017960
Epoch 757/1000  Loss: 0.022266
Epoch 758/1000  Loss: 0.023285
Epoch 759/1000  Loss: 0.026030
Epoch 760/1000  Loss: 0.030762
Epoch 761/1000  Loss: 0.016763
Epoch 762/1000  Loss: 0.030373
Epoch 763/1000  Loss: 0.026369
Epoch 764/1000  Loss: 0.029094
Epoch 765/1000  Loss: 0.027138
Epoch 766/1000  Loss: 0.021877
Epoch 767/1000  Loss: 0.019294
Epoch 768/1000  Loss: 0.012752
Epoch 769/1000  Loss: 0.026851
Epoch 770/1000  Loss: 0.026466
Epoch 771/1000  Loss: 0.030473
Epoch 772/1000  Loss: 0.010295
Epoch 773/1000  Loss: 0.021863
Epoch 774/1000  Loss: 0.023814
Epoch 775/1000  Loss: 0.027266
Epoch 776/1000  Loss: 0.022150
Epoch 777/1000  Loss: 0.028017
Epoch 778/1000  Loss: 0.024393
Epoch 779/1000  Loss: 0.025497
Epoch 780/1000  Loss: 0.020396
Epoch 781/1000  Loss: 0.016943
Epoch 782/1000  Loss: 0.025442
Epoch 783/1000  Loss: 0.021401
Epoch 784/1000  Loss: 0.037385
Epoch 785/1000  Loss: 0.019037
Epoch 786/1000  Loss: 0.009925
Epoch 787/1000  Loss: 0.022449
Epoch 788/1000  Loss: 0.032022
Epoch 789/1000  Loss: 0.027545
Epoch 790/1000  Loss: 0.028124
Epoch 791/1000  Loss: 0.027906
Epoch 792/1000  Loss: 0.033897
Epoch 793/1000  Loss: 0.020480
Epoch 794/1000  Loss: 0.033495
Epoch 795/1000  Loss: 0.017489
Epoch 796/1000  Loss: 0.023220
Epoch 797/1000  Loss: 0.015069
Epoch 798/1000  Loss: 0.032874
Epoch 799/1000  Loss: 0.016886
Epoch 800/1000  Loss: 0.050162
Epoch 801/1000  Loss: 0.025480
Epoch 802/1000  Loss: 0.020330
Epoch 803/1000  Loss: 0.031993
Epoch 804/1000  Loss: 0.023408
Epoch 805/1000  Loss: 0.032694
Epoch 806/1000  Loss: 0.029079
Epoch 807/1000  Loss: 0.025337
Epoch 808/1000  Loss: 0.033036
Epoch 809/1000  Loss: 0.023292
Epoch 810/1000  Loss: 0.021941
Epoch 811/1000  Loss: 0.013979
Epoch 812/1000  Loss: 0.021833
Epoch 813/1000  Loss: 0.032525
Epoch 814/1000  Loss: 0.026934
Epoch 815/1000  Loss: 0.028901
Epoch 816/1000  Loss: 0.020043
Epoch 817/1000  Loss: 0.024049
Epoch 818/1000  Loss: 0.021660
Epoch 819/1000  Loss: 0.022691
Epoch 820/1000  Loss: 0.023251
Epoch 821/1000  Loss: 0.032320
Epoch 822/1000  Loss: 0.015525
Epoch 823/1000  Loss: 0.029775
Epoch 824/1000  Loss: 0.017565
Epoch 825/1000  Loss: 0.027602
Epoch 826/1000  Loss: 0.025343
Epoch 827/1000  Loss: 0.020497
Epoch 828/1000  Loss: 0.032081
Epoch 829/1000  Loss: 0.021787
Epoch 830/1000  Loss: 0.020073
Epoch 831/1000  Loss: 0.024746
Epoch 832/1000  Loss: 0.024675
Epoch 833/1000  Loss: 0.024750
Epoch 834/1000  Loss: 0.022153
Epoch 835/1000  Loss: 0.039626
Epoch 836/1000  Loss: 0.031293
Epoch 837/1000  Loss: 0.029739
Epoch 838/1000  Loss: 0.028264
Epoch 839/1000  Loss: 0.016345
Epoch 840/1000  Loss: 0.013858
Epoch 841/1000  Loss: 0.014797
Epoch 842/1000  Loss: 0.020279
Epoch 843/1000  Loss: 0.028253
Epoch 844/1000  Loss: 0.031585
Epoch 845/1000  Loss: 0.028460
Epoch 846/1000  Loss: 0.040626
Epoch 847/1000  Loss: 0.023125
Epoch 848/1000  Loss: 0.015897
Epoch 849/1000  Loss: 0.031249
Epoch 850/1000  Loss: 0.017505
Epoch 851/1000  Loss: 0.021399
Epoch 852/1000  Loss: 0.032396
Epoch 853/1000  Loss: 0.011741
Epoch 854/1000  Loss: 0.020649
Epoch 855/1000  Loss: 0.019557
Epoch 856/1000  Loss: 0.016848
Epoch 857/1000  Loss: 0.021416
Epoch 858/1000  Loss: 0.022131
Epoch 859/1000  Loss: 0.016014
Epoch 860/1000  Loss: 0.022408
Epoch 861/1000  Loss: 0.028875
Epoch 862/1000  Loss: 0.022891
Epoch 863/1000  Loss: 0.021582
Epoch 864/1000  Loss: 0.024184
Epoch 865/1000  Loss: 0.029352
Epoch 866/1000  Loss: 0.033370
Epoch 867/1000  Loss: 0.019772
Epoch 868/1000  Loss: 0.026235
Epoch 869/1000  Loss: 0.025038
Epoch 870/1000  Loss: 0.037020
Epoch 871/1000  Loss: 0.021668
Epoch 872/1000  Loss: 0.024717
Epoch 873/1000  Loss: 0.019994
Epoch 874/1000  Loss: 0.021341
Epoch 875/1000  Loss: 0.045563
Epoch 876/1000  Loss: 0.028136
Epoch 877/1000  Loss: 0.035728
Epoch 878/1000  Loss: 0.016049
Epoch 879/1000  Loss: 0.013032
Epoch 880/1000  Loss: 0.015654
Epoch 881/1000  Loss: 0.031189
Epoch 882/1000  Loss: 0.013103
Epoch 883/1000  Loss: 0.035923
Epoch 884/1000  Loss: 0.028640
Epoch 885/1000  Loss: 0.024651
Epoch 886/1000  Loss: 0.035155
Epoch 887/1000  Loss: 0.020264
Epoch 888/1000  Loss: 0.017916
Epoch 889/1000  Loss: 0.029716
Epoch 890/1000  Loss: 0.030479
Epoch 891/1000  Loss: 0.021134
Epoch 892/1000  Loss: 0.020072
Epoch 893/1000  Loss: 0.024969
Epoch 894/1000  Loss: 0.025211
Epoch 895/1000  Loss: 0.024723
Epoch 896/1000  Loss: 0.033116
Epoch 897/1000  Loss: 0.025078
Epoch 898/1000  Loss: 0.033468
Epoch 899/1000  Loss: 0.023408
Epoch 900/1000  Loss: 0.018131
Epoch 901/1000  Loss: 0.017377
Epoch 902/1000  Loss: 0.027757
Epoch 903/1000  Loss: 0.022223
Epoch 904/1000  Loss: 0.025276
Epoch 905/1000  Loss: 0.021872
Epoch 906/1000  Loss: 0.016202
Epoch 907/1000  Loss: 0.024968
Epoch 908/1000  Loss: 0.024162
Epoch 909/1000  Loss: 0.029350
Epoch 910/1000  Loss: 0.019195
Epoch 911/1000  Loss: 0.021473
Epoch 912/1000  Loss: 0.019843
Epoch 913/1000  Loss: 0.022936
Epoch 914/1000  Loss: 0.027414
Epoch 915/1000  Loss: 0.026998
Epoch 916/1000  Loss: 0.026871
Epoch 917/1000  Loss: 0.017257
Epoch 918/1000  Loss: 0.027037
Epoch 919/1000  Loss: 0.029113
Epoch 920/1000  Loss: 0.028344
Epoch 921/1000  Loss: 0.025334
Epoch 922/1000  Loss: 0.021658
Epoch 923/1000  Loss: 0.032145
Epoch 924/1000  Loss: 0.022658
Epoch 925/1000  Loss: 0.035614
Epoch 926/1000  Loss: 0.026253
Epoch 927/1000  Loss: 0.028355
Epoch 928/1000  Loss: 0.012131
Epoch 929/1000  Loss: 0.032717
Epoch 930/1000  Loss: 0.030021
Epoch 931/1000  Loss: 0.042293
Epoch 932/1000  Loss: 0.026294
Epoch 933/1000  Loss: 0.012127
Epoch 934/1000  Loss: 0.024720
Epoch 935/1000  Loss: 0.036007
Epoch 936/1000  Loss: 0.018507
Epoch 937/1000  Loss: 0.023243
Epoch 938/1000  Loss: 0.033014
Epoch 939/1000  Loss: 0.030518
Epoch 940/1000  Loss: 0.029791
Epoch 941/1000  Loss: 0.031644
Epoch 942/1000  Loss: 0.021176
Epoch 943/1000  Loss: 0.026185
Epoch 944/1000  Loss: 0.033232
Epoch 945/1000  Loss: 0.020672
Epoch 946/1000  Loss: 0.029947
Epoch 947/1000  Loss: 0.025888
Epoch 948/1000  Loss: 0.035888
Epoch 949/1000  Loss: 0.024083
Epoch 950/1000  Loss: 0.018830
Epoch 951/1000  Loss: 0.018142
Epoch 952/1000  Loss: 0.034773
Epoch 953/1000  Loss: 0.031652
Epoch 954/1000  Loss: 0.027553
Epoch 955/1000  Loss: 0.027826
Epoch 956/1000  Loss: 0.027144
Epoch 957/1000  Loss: 0.015450
Epoch 958/1000  Loss: 0.016950
Epoch 959/1000  Loss: 0.022597
Epoch 960/1000  Loss: 0.026859
Epoch 961/1000  Loss: 0.029370
Epoch 962/1000  Loss: 0.026647
Epoch 963/1000  Loss: 0.020176
Epoch 964/1000  Loss: 0.025518
Epoch 965/1000  Loss: 0.022965
Epoch 966/1000  Loss: 0.019307
Epoch 967/1000  Loss: 0.018501
Epoch 968/1000  Loss: 0.021852
Epoch 969/1000  Loss: 0.034584
Epoch 970/1000  Loss: 0.024161
Epoch 971/1000  Loss: 0.029814
Epoch 972/1000  Loss: 0.014975
Epoch 973/1000  Loss: 0.031605
Epoch 974/1000  Loss: 0.022405
Epoch 975/1000  Loss: 0.031783
Epoch 976/1000  Loss: 0.037652
Epoch 977/1000  Loss: 0.021751
Epoch 978/1000  Loss: 0.025759
Epoch 979/1000  Loss: 0.033152
Epoch 980/1000  Loss: 0.011217
Epoch 981/1000  Loss: 0.021612
Epoch 982/1000  Loss: 0.015556
Epoch 983/1000  Loss: 0.021183
Epoch 984/1000  Loss: 0.011929
Epoch 985/1000  Loss: 0.029216
Epoch 986/1000  Loss: 0.049594
Epoch 987/1000  Loss: 0.019621
Epoch 988/1000  Loss: 0.027521
Epoch 989/1000  Loss: 0.031397
Epoch 990/1000  Loss: 0.027132
Epoch 991/1000  Loss: 0.025143
Epoch 992/1000  Loss: 0.013186
Epoch 993/1000  Loss: 0.020371
Epoch 994/1000  Loss: 0.023441
Epoch 995/1000  Loss: 0.038003
Epoch 996/1000  Loss: 0.030192
Epoch 997/1000  Loss: 0.017565
Epoch 998/1000  Loss: 0.029458
Epoch 999/1000  Loss: 0.019156
Epoch 1000/1000  Loss: 0.015814

============================================================
Portfolio Performance (no transaction costs)
============================================================
EW            Mean: -0.1856%  Std: 0.3030%  Sharpe: -9.7238
Diffusion     Mean: 0.5669%  Std: 2.2965%  Sharpe: 3.9187
Emp           Mean: 5.8453%  Std: 2.4417%  Sharpe: 38.0020
ShrEmp        Mean: 5.6495%  Std: 1.8621%  Sharpe: 48.1614

With transaction costs (Diffusion):
  Mean: 0.2506%  Std: 2.3455%  Sharpe: 1.6960

Model saved to checkpoint.pt
