Using device: cuda
Loading returns from /work/nvme/bemc/abagchi2/finance-diffusion/data/data_clean.pt (implicit-factor mode)...
  Shape: 150 months, 200 assets (no factors)
Epoch 1/1000  Loss: 0.167068
Epoch 2/1000  Loss: 0.139349
Epoch 3/1000  Loss: 0.152829
Epoch 4/1000  Loss: 0.127076
Epoch 5/1000  Loss: 0.125930
Epoch 6/1000  Loss: 0.108475
Epoch 7/1000  Loss: 0.151233
Epoch 8/1000  Loss: 0.156019
Epoch 9/1000  Loss: 0.159044
Epoch 10/1000  Loss: 0.108324
Epoch 11/1000  Loss: 0.106562
Epoch 12/1000  Loss: 0.150686
Epoch 13/1000  Loss: 0.156324
Epoch 14/1000  Loss: 0.175158
Epoch 15/1000  Loss: 0.147014
Epoch 16/1000  Loss: 0.166710
Epoch 17/1000  Loss: 0.166826
Epoch 18/1000  Loss: 0.151145
Epoch 19/1000  Loss: 0.161928
Epoch 20/1000  Loss: 0.147242
Epoch 21/1000  Loss: 0.173986
Epoch 22/1000  Loss: 0.164596
Epoch 23/1000  Loss: 0.140285
Epoch 24/1000  Loss: 0.149515
Epoch 25/1000  Loss: 0.122580
Epoch 26/1000  Loss: 0.119597
Epoch 27/1000  Loss: 0.154175
Epoch 28/1000  Loss: 0.171218
Epoch 29/1000  Loss: 0.159220
Epoch 30/1000  Loss: 0.168982
Epoch 31/1000  Loss: 0.127664
Epoch 32/1000  Loss: 0.176110
Epoch 33/1000  Loss: 0.160997
Epoch 34/1000  Loss: 0.180321
Epoch 35/1000  Loss: 0.199968
Epoch 36/1000  Loss: 0.113983
Epoch 37/1000  Loss: 0.153782
Epoch 38/1000  Loss: 0.129894
Epoch 39/1000  Loss: 0.137359
Epoch 40/1000  Loss: 0.182414
Epoch 41/1000  Loss: 0.157586
Epoch 42/1000  Loss: 0.183740
Epoch 43/1000  Loss: 0.140764
Epoch 44/1000  Loss: 0.129512
Epoch 45/1000  Loss: 0.111240
Epoch 46/1000  Loss: 0.147980
Epoch 47/1000  Loss: 0.183137
Epoch 48/1000  Loss: 0.087658
Epoch 49/1000  Loss: 0.159591
Epoch 50/1000  Loss: 0.111488
Epoch 51/1000  Loss: 0.217689
Epoch 52/1000  Loss: 0.155675
Epoch 53/1000  Loss: 0.169867
Epoch 54/1000  Loss: 0.202789
Epoch 55/1000  Loss: 0.178852
Epoch 56/1000  Loss: 0.139104
Epoch 57/1000  Loss: 0.110177
Epoch 58/1000  Loss: 0.169629
Epoch 59/1000  Loss: 0.137159
Epoch 60/1000  Loss: 0.108240
Epoch 61/1000  Loss: 0.127208
Epoch 62/1000  Loss: 0.153987
Epoch 63/1000  Loss: 0.135462
Epoch 64/1000  Loss: 0.182422
Epoch 65/1000  Loss: 0.169423
Epoch 66/1000  Loss: 0.101144
Epoch 67/1000  Loss: 0.147472
Epoch 68/1000  Loss: 0.170437
Epoch 69/1000  Loss: 0.148482
Epoch 70/1000  Loss: 0.166011
Epoch 71/1000  Loss: 0.152461
Epoch 72/1000  Loss: 0.148113
Epoch 73/1000  Loss: 0.103896
Epoch 74/1000  Loss: 0.143692
Epoch 75/1000  Loss: 0.107915
Epoch 76/1000  Loss: 0.158758
Epoch 77/1000  Loss: 0.126011
Epoch 78/1000  Loss: 0.108413
Epoch 79/1000  Loss: 0.174558
Epoch 80/1000  Loss: 0.163728
Epoch 81/1000  Loss: 0.173845
Epoch 82/1000  Loss: 0.188274
Epoch 83/1000  Loss: 0.133903
Epoch 84/1000  Loss: 0.142385
Epoch 85/1000  Loss: 0.164600
Epoch 86/1000  Loss: 0.109731
Epoch 87/1000  Loss: 0.134109
Epoch 88/1000  Loss: 0.147840
Epoch 89/1000  Loss: 0.151681
Epoch 90/1000  Loss: 0.124355
Epoch 91/1000  Loss: 0.173313
Epoch 92/1000  Loss: 0.153871
Epoch 93/1000  Loss: 0.168954
Epoch 94/1000  Loss: 0.136064
Epoch 95/1000  Loss: 0.173870
Epoch 96/1000  Loss: 0.122005
Epoch 97/1000  Loss: 0.116192
Epoch 98/1000  Loss: 0.127572
Epoch 99/1000  Loss: 0.130225
Epoch 100/1000  Loss: 0.122486
Epoch 101/1000  Loss: 0.103267
Epoch 102/1000  Loss: 0.115743
Epoch 103/1000  Loss: 0.158363
Epoch 104/1000  Loss: 0.178516
Epoch 105/1000  Loss: 0.123852
Epoch 106/1000  Loss: 0.125351
Epoch 107/1000  Loss: 0.133998
Epoch 108/1000  Loss: 0.144564
Epoch 109/1000  Loss: 0.112903
Epoch 110/1000  Loss: 0.116820
Epoch 111/1000  Loss: 0.102594
Epoch 112/1000  Loss: 0.131757
Epoch 113/1000  Loss: 0.147486
Epoch 114/1000  Loss: 0.165443
Epoch 115/1000  Loss: 0.105117
Epoch 116/1000  Loss: 0.148048
Epoch 117/1000  Loss: 0.148505
Epoch 118/1000  Loss: 0.175678
Epoch 119/1000  Loss: 0.145728
Epoch 120/1000  Loss: 0.145022
Epoch 121/1000  Loss: 0.136495
Epoch 122/1000  Loss: 0.139401
Epoch 123/1000  Loss: 0.120524
Epoch 124/1000  Loss: 0.137126
Epoch 125/1000  Loss: 0.161572
Epoch 126/1000  Loss: 0.127922
Epoch 127/1000  Loss: 0.163244
Epoch 128/1000  Loss: 0.143449
Epoch 129/1000  Loss: 0.146442
Epoch 130/1000  Loss: 0.072218
Epoch 131/1000  Loss: 0.072894
Epoch 132/1000  Loss: 0.083219
Epoch 133/1000  Loss: 0.097501
Epoch 134/1000  Loss: 0.118171
Epoch 135/1000  Loss: 0.155912
Epoch 136/1000  Loss: 0.135036
Epoch 137/1000  Loss: 0.101938
Epoch 138/1000  Loss: 0.121961
Epoch 139/1000  Loss: 0.137248
Epoch 140/1000  Loss: 0.114673
Epoch 141/1000  Loss: 0.133336
Epoch 142/1000  Loss: 0.144769
Epoch 143/1000  Loss: 0.171725
Epoch 144/1000  Loss: 0.116920
Epoch 145/1000  Loss: 0.162468
Epoch 146/1000  Loss: 0.157108
Epoch 147/1000  Loss: 0.112620
Epoch 148/1000  Loss: 0.131113
Epoch 149/1000  Loss: 0.134382
Epoch 150/1000  Loss: 0.132154
Epoch 151/1000  Loss: 0.137526
Epoch 152/1000  Loss: 0.120355
Epoch 153/1000  Loss: 0.149169
Epoch 154/1000  Loss: 0.118259
Epoch 155/1000  Loss: 0.112845
Epoch 156/1000  Loss: 0.159311
Epoch 157/1000  Loss: 0.150712
Epoch 158/1000  Loss: 0.132965
Epoch 159/1000  Loss: 0.076202
Epoch 160/1000  Loss: 0.175328
Epoch 161/1000  Loss: 0.127221
Epoch 162/1000  Loss: 0.171091
Epoch 163/1000  Loss: 0.103810
Epoch 164/1000  Loss: 0.140793
Epoch 165/1000  Loss: 0.136054
Epoch 166/1000  Loss: 0.117601
Epoch 167/1000  Loss: 0.139099
Epoch 168/1000  Loss: 0.094930
Epoch 169/1000  Loss: 0.156132
Epoch 170/1000  Loss: 0.126471
Epoch 171/1000  Loss: 0.123943
Epoch 172/1000  Loss: 0.117543
Epoch 173/1000  Loss: 0.143022
Epoch 174/1000  Loss: 0.128761
Epoch 175/1000  Loss: 0.117626
Epoch 176/1000  Loss: 0.144945
Epoch 177/1000  Loss: 0.143132
Epoch 178/1000  Loss: 0.103575
Epoch 179/1000  Loss: 0.144089
Epoch 180/1000  Loss: 0.139688
Epoch 181/1000  Loss: 0.125417
Epoch 182/1000  Loss: 0.119723
Epoch 183/1000  Loss: 0.135452
Epoch 184/1000  Loss: 0.145342
Epoch 185/1000  Loss: 0.108915
Epoch 186/1000  Loss: 0.085606
Epoch 187/1000  Loss: 0.189089
Epoch 188/1000  Loss: 0.115315
Epoch 189/1000  Loss: 0.122229
Epoch 190/1000  Loss: 0.115746
Epoch 191/1000  Loss: 0.138440
Epoch 192/1000  Loss: 0.113674
Epoch 193/1000  Loss: 0.095127
Epoch 194/1000  Loss: 0.048971
Epoch 195/1000  Loss: 0.140305
Epoch 196/1000  Loss: 0.106744
Epoch 197/1000  Loss: 0.096092
Epoch 198/1000  Loss: 0.112345
Epoch 199/1000  Loss: 0.126724
Epoch 200/1000  Loss: 0.132169
Epoch 201/1000  Loss: 0.164116
Epoch 202/1000  Loss: 0.092734
Epoch 203/1000  Loss: 0.144477
Epoch 204/1000  Loss: 0.084350
Epoch 205/1000  Loss: 0.135292
Epoch 206/1000  Loss: 0.084341
Epoch 207/1000  Loss: 0.086619
Epoch 208/1000  Loss: 0.109173
Epoch 209/1000  Loss: 0.106553
Epoch 210/1000  Loss: 0.129264
Epoch 211/1000  Loss: 0.104791
Epoch 212/1000  Loss: 0.122236
Epoch 213/1000  Loss: 0.153296
Epoch 214/1000  Loss: 0.124517
Epoch 215/1000  Loss: 0.084648
Epoch 216/1000  Loss: 0.137452
Epoch 217/1000  Loss: 0.122337
Epoch 218/1000  Loss: 0.114473
Epoch 219/1000  Loss: 0.121094
Epoch 220/1000  Loss: 0.138289
Epoch 221/1000  Loss: 0.109842
Epoch 222/1000  Loss: 0.085411
Epoch 223/1000  Loss: 0.104471
Epoch 224/1000  Loss: 0.144045
Epoch 225/1000  Loss: 0.120176
Epoch 226/1000  Loss: 0.128419
Epoch 227/1000  Loss: 0.079649
Epoch 228/1000  Loss: 0.130922
Epoch 229/1000  Loss: 0.125720
Epoch 230/1000  Loss: 0.157342
Epoch 231/1000  Loss: 0.097067
Epoch 232/1000  Loss: 0.105111
Epoch 233/1000  Loss: 0.119809
Epoch 234/1000  Loss: 0.087212
Epoch 235/1000  Loss: 0.092949
Epoch 236/1000  Loss: 0.146826
Epoch 237/1000  Loss: 0.118029
Epoch 238/1000  Loss: 0.057859
Epoch 239/1000  Loss: 0.077424
Epoch 240/1000  Loss: 0.123676
Epoch 241/1000  Loss: 0.149499
Epoch 242/1000  Loss: 0.133957
Epoch 243/1000  Loss: 0.084691
Epoch 244/1000  Loss: 0.125850
Epoch 245/1000  Loss: 0.134161
Epoch 246/1000  Loss: 0.145486
Epoch 247/1000  Loss: 0.152484
Epoch 248/1000  Loss: 0.120739
Epoch 249/1000  Loss: 0.118711
Epoch 250/1000  Loss: 0.108720
Epoch 251/1000  Loss: 0.108605
Epoch 252/1000  Loss: 0.106131
Epoch 253/1000  Loss: 0.107045
Epoch 254/1000  Loss: 0.125451
Epoch 255/1000  Loss: 0.086613
Epoch 256/1000  Loss: 0.124714
Epoch 257/1000  Loss: 0.149888
Epoch 258/1000  Loss: 0.077533
Epoch 259/1000  Loss: 0.103941
Epoch 260/1000  Loss: 0.105545
Epoch 261/1000  Loss: 0.104592
Epoch 262/1000  Loss: 0.083608
Epoch 263/1000  Loss: 0.108494
Epoch 264/1000  Loss: 0.088663
Epoch 265/1000  Loss: 0.170509
Epoch 266/1000  Loss: 0.124055
Epoch 267/1000  Loss: 0.146799
Epoch 268/1000  Loss: 0.085370
Epoch 269/1000  Loss: 0.121152
Epoch 270/1000  Loss: 0.103345
Epoch 271/1000  Loss: 0.105858
Epoch 272/1000  Loss: 0.088190
Epoch 273/1000  Loss: 0.079476
Epoch 274/1000  Loss: 0.102280
Epoch 275/1000  Loss: 0.101479
Epoch 276/1000  Loss: 0.130783
Epoch 277/1000  Loss: 0.084317
Epoch 278/1000  Loss: 0.077659
Epoch 279/1000  Loss: 0.114076
Epoch 280/1000  Loss: 0.049561
Epoch 281/1000  Loss: 0.144200
Epoch 282/1000  Loss: 0.105752
Epoch 283/1000  Loss: 0.098182
Epoch 284/1000  Loss: 0.104555
Epoch 285/1000  Loss: 0.069040
Epoch 286/1000  Loss: 0.096566
Epoch 287/1000  Loss: 0.128393
Epoch 288/1000  Loss: 0.122953
Epoch 289/1000  Loss: 0.069813
Epoch 290/1000  Loss: 0.129890
Epoch 291/1000  Loss: 0.099279
Epoch 292/1000  Loss: 0.078367
Epoch 293/1000  Loss: 0.121785
Epoch 294/1000  Loss: 0.088970
Epoch 295/1000  Loss: 0.052287
Epoch 296/1000  Loss: 0.125307
Epoch 297/1000  Loss: 0.086005
Epoch 298/1000  Loss: 0.136700
Epoch 299/1000  Loss: 0.108329
Epoch 300/1000  Loss: 0.096327
Epoch 301/1000  Loss: 0.086093
Epoch 302/1000  Loss: 0.105717
Epoch 303/1000  Loss: 0.075405
Epoch 304/1000  Loss: 0.095464
Epoch 305/1000  Loss: 0.159056
Epoch 306/1000  Loss: 0.125635
Epoch 307/1000  Loss: 0.120050
Epoch 308/1000  Loss: 0.084446
Epoch 309/1000  Loss: 0.108665
Epoch 310/1000  Loss: 0.141234
Epoch 311/1000  Loss: 0.075156
Epoch 312/1000  Loss: 0.079442
Epoch 313/1000  Loss: 0.087731
Epoch 314/1000  Loss: 0.092611
Epoch 315/1000  Loss: 0.102131
Epoch 316/1000  Loss: 0.090493
Epoch 317/1000  Loss: 0.110294
Epoch 318/1000  Loss: 0.077237
Epoch 319/1000  Loss: 0.119848
Epoch 320/1000  Loss: 0.125516
Epoch 321/1000  Loss: 0.098127
Epoch 322/1000  Loss: 0.081217
Epoch 323/1000  Loss: 0.071479
Epoch 324/1000  Loss: 0.108687
Epoch 325/1000  Loss: 0.088853
Epoch 326/1000  Loss: 0.105825
Epoch 327/1000  Loss: 0.093225
Epoch 328/1000  Loss: 0.127833
Epoch 329/1000  Loss: 0.118099
Epoch 330/1000  Loss: 0.106866
Epoch 331/1000  Loss: 0.079959
Epoch 332/1000  Loss: 0.098796
Epoch 333/1000  Loss: 0.066247
Epoch 334/1000  Loss: 0.105150
Epoch 335/1000  Loss: 0.088574
Epoch 336/1000  Loss: 0.113969
Epoch 337/1000  Loss: 0.124489
Epoch 338/1000  Loss: 0.079183
Epoch 339/1000  Loss: 0.091566
Epoch 340/1000  Loss: 0.132048
Epoch 341/1000  Loss: 0.104598
Epoch 342/1000  Loss: 0.086440
Epoch 343/1000  Loss: 0.123359
Epoch 344/1000  Loss: 0.124662
Epoch 345/1000  Loss: 0.092317
Epoch 346/1000  Loss: 0.074600
Epoch 347/1000  Loss: 0.076442
Epoch 348/1000  Loss: 0.093859
Epoch 349/1000  Loss: 0.112409
Epoch 350/1000  Loss: 0.084882
Epoch 351/1000  Loss: 0.095858
Epoch 352/1000  Loss: 0.116285
Epoch 353/1000  Loss: 0.107471
Epoch 354/1000  Loss: 0.079229
Epoch 355/1000  Loss: 0.083695
Epoch 356/1000  Loss: 0.114302
Epoch 357/1000  Loss: 0.091896
Epoch 358/1000  Loss: 0.083871
Epoch 359/1000  Loss: 0.062160
Epoch 360/1000  Loss: 0.115821
Epoch 361/1000  Loss: 0.113673
Epoch 362/1000  Loss: 0.109313
Epoch 363/1000  Loss: 0.143257
Epoch 364/1000  Loss: 0.142921
Epoch 365/1000  Loss: 0.062399
Epoch 366/1000  Loss: 0.105448
Epoch 367/1000  Loss: 0.077363
Epoch 368/1000  Loss: 0.081523
Epoch 369/1000  Loss: 0.132512
Epoch 370/1000  Loss: 0.129927
Epoch 371/1000  Loss: 0.093229
Epoch 372/1000  Loss: 0.081539
Epoch 373/1000  Loss: 0.102417
Epoch 374/1000  Loss: 0.134743
Epoch 375/1000  Loss: 0.106152
Epoch 376/1000  Loss: 0.099091
Epoch 377/1000  Loss: 0.077537
Epoch 378/1000  Loss: 0.070600
Epoch 379/1000  Loss: 0.110051
Epoch 380/1000  Loss: 0.085003
Epoch 381/1000  Loss: 0.113853
Epoch 382/1000  Loss: 0.097206
Epoch 383/1000  Loss: 0.127690
Epoch 384/1000  Loss: 0.104901
Epoch 385/1000  Loss: 0.096212
Epoch 386/1000  Loss: 0.090222
Epoch 387/1000  Loss: 0.095576
Epoch 388/1000  Loss: 0.128882
Epoch 389/1000  Loss: 0.125599
Epoch 390/1000  Loss: 0.077881
Epoch 391/1000  Loss: 0.132314
Epoch 392/1000  Loss: 0.105565
Epoch 393/1000  Loss: 0.083436
Epoch 394/1000  Loss: 0.096209
Epoch 395/1000  Loss: 0.088017
Epoch 396/1000  Loss: 0.099704
Epoch 397/1000  Loss: 0.110539
Epoch 398/1000  Loss: 0.089219
Epoch 399/1000  Loss: 0.075432
Epoch 400/1000  Loss: 0.079333
Epoch 401/1000  Loss: 0.090256
Epoch 402/1000  Loss: 0.092757
Epoch 403/1000  Loss: 0.103022
Epoch 404/1000  Loss: 0.088228
Epoch 405/1000  Loss: 0.099943
Epoch 406/1000  Loss: 0.098392
Epoch 407/1000  Loss: 0.110153
Epoch 408/1000  Loss: 0.071206
Epoch 409/1000  Loss: 0.081142
Epoch 410/1000  Loss: 0.112591
Epoch 411/1000  Loss: 0.102372
Epoch 412/1000  Loss: 0.083159
Epoch 413/1000  Loss: 0.082792
Epoch 414/1000  Loss: 0.119232
Epoch 415/1000  Loss: 0.085434
Epoch 416/1000  Loss: 0.076079
Epoch 417/1000  Loss: 0.104766
Epoch 418/1000  Loss: 0.063831
Epoch 419/1000  Loss: 0.105691
Epoch 420/1000  Loss: 0.099328
Epoch 421/1000  Loss: 0.066021
Epoch 422/1000  Loss: 0.104020
Epoch 423/1000  Loss: 0.069875
Epoch 424/1000  Loss: 0.144147
Epoch 425/1000  Loss: 0.089450
Epoch 426/1000  Loss: 0.071369
Epoch 427/1000  Loss: 0.116247
Epoch 428/1000  Loss: 0.069522
Epoch 429/1000  Loss: 0.094295
Epoch 430/1000  Loss: 0.117756
Epoch 431/1000  Loss: 0.076102
Epoch 432/1000  Loss: 0.087870
Epoch 433/1000  Loss: 0.101479
Epoch 434/1000  Loss: 0.086473
Epoch 435/1000  Loss: 0.094708
Epoch 436/1000  Loss: 0.117445
Epoch 437/1000  Loss: 0.087101
Epoch 438/1000  Loss: 0.109985
Epoch 439/1000  Loss: 0.136411
Epoch 440/1000  Loss: 0.077020
Epoch 441/1000  Loss: 0.071178
Epoch 442/1000  Loss: 0.069685
Epoch 443/1000  Loss: 0.075853
Epoch 444/1000  Loss: 0.084184
Epoch 445/1000  Loss: 0.082768
Epoch 446/1000  Loss: 0.069626
Epoch 447/1000  Loss: 0.079259
Epoch 448/1000  Loss: 0.091750
Epoch 449/1000  Loss: 0.067882
Epoch 450/1000  Loss: 0.113026
Epoch 451/1000  Loss: 0.088637
Epoch 452/1000  Loss: 0.133857
Epoch 453/1000  Loss: 0.109842
Epoch 454/1000  Loss: 0.119513
Epoch 455/1000  Loss: 0.101054
Epoch 456/1000  Loss: 0.092490
Epoch 457/1000  Loss: 0.106740
Epoch 458/1000  Loss: 0.092678
Epoch 459/1000  Loss: 0.067493
Epoch 460/1000  Loss: 0.093338
Epoch 461/1000  Loss: 0.073162
Epoch 462/1000  Loss: 0.094279
Epoch 463/1000  Loss: 0.106971
Epoch 464/1000  Loss: 0.068118
Epoch 465/1000  Loss: 0.096633
Epoch 466/1000  Loss: 0.077797
Epoch 467/1000  Loss: 0.091174
Epoch 468/1000  Loss: 0.086693
Epoch 469/1000  Loss: 0.055797
Epoch 470/1000  Loss: 0.091706
Epoch 471/1000  Loss: 0.114853
Epoch 472/1000  Loss: 0.098322
Epoch 473/1000  Loss: 0.094836
Epoch 474/1000  Loss: 0.066531
Epoch 475/1000  Loss: 0.087172
Epoch 476/1000  Loss: 0.081858
Epoch 477/1000  Loss: 0.056173
Epoch 478/1000  Loss: 0.071936
Epoch 479/1000  Loss: 0.090758
Epoch 480/1000  Loss: 0.091422
Epoch 481/1000  Loss: 0.127251
Epoch 482/1000  Loss: 0.083104
Epoch 483/1000  Loss: 0.112690
Epoch 484/1000  Loss: 0.075205
Epoch 485/1000  Loss: 0.065819
Epoch 486/1000  Loss: 0.080939
Epoch 487/1000  Loss: 0.081566
Epoch 488/1000  Loss: 0.089498
Epoch 489/1000  Loss: 0.076089
Epoch 490/1000  Loss: 0.083536
Epoch 491/1000  Loss: 0.123198
Epoch 492/1000  Loss: 0.089795
Epoch 493/1000  Loss: 0.115018
Epoch 494/1000  Loss: 0.078224
Epoch 495/1000  Loss: 0.063023
Epoch 496/1000  Loss: 0.082056
Epoch 497/1000  Loss: 0.067831
Epoch 498/1000  Loss: 0.075626
Epoch 499/1000  Loss: 0.051569
Epoch 500/1000  Loss: 0.147027
Epoch 501/1000  Loss: 0.102915
Epoch 502/1000  Loss: 0.091231
Epoch 503/1000  Loss: 0.093058
Epoch 504/1000  Loss: 0.092844
Epoch 505/1000  Loss: 0.068976
Epoch 506/1000  Loss: 0.101533
Epoch 507/1000  Loss: 0.100553
Epoch 508/1000  Loss: 0.103843
Epoch 509/1000  Loss: 0.092155
Epoch 510/1000  Loss: 0.104333
Epoch 511/1000  Loss: 0.092658
Epoch 512/1000  Loss: 0.119264
Epoch 513/1000  Loss: 0.100123
Epoch 514/1000  Loss: 0.047801
Epoch 515/1000  Loss: 0.094048
Epoch 516/1000  Loss: 0.147509
Epoch 517/1000  Loss: 0.071723
Epoch 518/1000  Loss: 0.097125
Epoch 519/1000  Loss: 0.101841
Epoch 520/1000  Loss: 0.097724
Epoch 521/1000  Loss: 0.072538
Epoch 522/1000  Loss: 0.096025
Epoch 523/1000  Loss: 0.132793
Epoch 524/1000  Loss: 0.085994
Epoch 525/1000  Loss: 0.077090
Epoch 526/1000  Loss: 0.072223
Epoch 527/1000  Loss: 0.104625
Epoch 528/1000  Loss: 0.109358
Epoch 529/1000  Loss: 0.129656
Epoch 530/1000  Loss: 0.076802
Epoch 531/1000  Loss: 0.125490
Epoch 532/1000  Loss: 0.079422
Epoch 533/1000  Loss: 0.088917
Epoch 534/1000  Loss: 0.107067
Epoch 535/1000  Loss: 0.113798
Epoch 536/1000  Loss: 0.071312
Epoch 537/1000  Loss: 0.084466
Epoch 538/1000  Loss: 0.069221
Epoch 539/1000  Loss: 0.096984
Epoch 540/1000  Loss: 0.091528
Epoch 541/1000  Loss: 0.083537
Epoch 542/1000  Loss: 0.078960
Epoch 543/1000  Loss: 0.071827
Epoch 544/1000  Loss: 0.120209
Epoch 545/1000  Loss: 0.087917
Epoch 546/1000  Loss: 0.099924
Epoch 547/1000  Loss: 0.079666
Epoch 548/1000  Loss: 0.103233
Epoch 549/1000  Loss: 0.074535
Epoch 550/1000  Loss: 0.102141
Epoch 551/1000  Loss: 0.079469
Epoch 552/1000  Loss: 0.076719
Epoch 553/1000  Loss: 0.060770
Epoch 554/1000  Loss: 0.073102
Epoch 555/1000  Loss: 0.082154
Epoch 556/1000  Loss: 0.085564
Epoch 557/1000  Loss: 0.123722
Epoch 558/1000  Loss: 0.084783
Epoch 559/1000  Loss: 0.092625
Epoch 560/1000  Loss: 0.074025
Epoch 561/1000  Loss: 0.068492
Epoch 562/1000  Loss: 0.083299
Epoch 563/1000  Loss: 0.107012
Epoch 564/1000  Loss: 0.106289
Epoch 565/1000  Loss: 0.067208
Epoch 566/1000  Loss: 0.078914
Epoch 567/1000  Loss: 0.085802
Epoch 568/1000  Loss: 0.094931
Epoch 569/1000  Loss: 0.094581
Epoch 570/1000  Loss: 0.085450
Epoch 571/1000  Loss: 0.088590
Epoch 572/1000  Loss: 0.088217
Epoch 573/1000  Loss: 0.063031
Epoch 574/1000  Loss: 0.106179
Epoch 575/1000  Loss: 0.098388
Epoch 576/1000  Loss: 0.077497
Epoch 577/1000  Loss: 0.113088
Epoch 578/1000  Loss: 0.057376
Epoch 579/1000  Loss: 0.105865
Epoch 580/1000  Loss: 0.077194
Epoch 581/1000  Loss: 0.067299
Epoch 582/1000  Loss: 0.042599
Epoch 583/1000  Loss: 0.073598
Epoch 584/1000  Loss: 0.109021
Epoch 585/1000  Loss: 0.090388
Epoch 586/1000  Loss: 0.073095
Epoch 587/1000  Loss: 0.103486
Epoch 588/1000  Loss: 0.099074
Epoch 589/1000  Loss: 0.087240
Epoch 590/1000  Loss: 0.097110
Epoch 591/1000  Loss: 0.038748
Epoch 592/1000  Loss: 0.105168
Epoch 593/1000  Loss: 0.088991
Epoch 594/1000  Loss: 0.103365
Epoch 595/1000  Loss: 0.078138
Epoch 596/1000  Loss: 0.120999
Epoch 597/1000  Loss: 0.147492
Epoch 598/1000  Loss: 0.072003
Epoch 599/1000  Loss: 0.087074
Epoch 600/1000  Loss: 0.111382
Epoch 601/1000  Loss: 0.089447
Epoch 602/1000  Loss: 0.102596
Epoch 603/1000  Loss: 0.076954
Epoch 604/1000  Loss: 0.070360
Epoch 605/1000  Loss: 0.069479
Epoch 606/1000  Loss: 0.093005
Epoch 607/1000  Loss: 0.099481
Epoch 608/1000  Loss: 0.094130
Epoch 609/1000  Loss: 0.062746
Epoch 610/1000  Loss: 0.070916
Epoch 611/1000  Loss: 0.056508
Epoch 612/1000  Loss: 0.101986
Epoch 613/1000  Loss: 0.080722
Epoch 614/1000  Loss: 0.094565
Epoch 615/1000  Loss: 0.089309
Epoch 616/1000  Loss: 0.092774
Epoch 617/1000  Loss: 0.081897
Epoch 618/1000  Loss: 0.086469
Epoch 619/1000  Loss: 0.101590
Epoch 620/1000  Loss: 0.104959
Epoch 621/1000  Loss: 0.138093
Epoch 622/1000  Loss: 0.092339
Epoch 623/1000  Loss: 0.069267
Epoch 624/1000  Loss: 0.134867
Epoch 625/1000  Loss: 0.080200
Epoch 626/1000  Loss: 0.066862
Epoch 627/1000  Loss: 0.075136
Epoch 628/1000  Loss: 0.099743
Epoch 629/1000  Loss: 0.070078
Epoch 630/1000  Loss: 0.064591
Epoch 631/1000  Loss: 0.101084
Epoch 632/1000  Loss: 0.117151
Epoch 633/1000  Loss: 0.097499
Epoch 634/1000  Loss: 0.110443
Epoch 635/1000  Loss: 0.131183
Epoch 636/1000  Loss: 0.085176
Epoch 637/1000  Loss: 0.112472
Epoch 638/1000  Loss: 0.072142
Epoch 639/1000  Loss: 0.073142
Epoch 640/1000  Loss: 0.076866
Epoch 641/1000  Loss: 0.103481
Epoch 642/1000  Loss: 0.086462
Epoch 643/1000  Loss: 0.105427
Epoch 644/1000  Loss: 0.087825
Epoch 645/1000  Loss: 0.093640
Epoch 646/1000  Loss: 0.099986
Epoch 647/1000  Loss: 0.106998
Epoch 648/1000  Loss: 0.078692
Epoch 649/1000  Loss: 0.087474
Epoch 650/1000  Loss: 0.124331
Epoch 651/1000  Loss: 0.126780
Epoch 652/1000  Loss: 0.060903
Epoch 653/1000  Loss: 0.084172
Epoch 654/1000  Loss: 0.106364
Epoch 655/1000  Loss: 0.048455
Epoch 656/1000  Loss: 0.105557
Epoch 657/1000  Loss: 0.091973
Epoch 658/1000  Loss: 0.092033
Epoch 659/1000  Loss: 0.087436
Epoch 660/1000  Loss: 0.070148
Epoch 661/1000  Loss: 0.055210
Epoch 662/1000  Loss: 0.056785
Epoch 663/1000  Loss: 0.084136
Epoch 664/1000  Loss: 0.082914
Epoch 665/1000  Loss: 0.110919
Epoch 666/1000  Loss: 0.096195
Epoch 667/1000  Loss: 0.115492
Epoch 668/1000  Loss: 0.101229
Epoch 669/1000  Loss: 0.072920
Epoch 670/1000  Loss: 0.072233
Epoch 671/1000  Loss: 0.085766
Epoch 672/1000  Loss: 0.134948
Epoch 673/1000  Loss: 0.071948
Epoch 674/1000  Loss: 0.123912
Epoch 675/1000  Loss: 0.061232
Epoch 676/1000  Loss: 0.055585
Epoch 677/1000  Loss: 0.078332
Epoch 678/1000  Loss: 0.123987
Epoch 679/1000  Loss: 0.105211
Epoch 680/1000  Loss: 0.069360
Epoch 681/1000  Loss: 0.082836
Epoch 682/1000  Loss: 0.126447
Epoch 683/1000  Loss: 0.062782
Epoch 684/1000  Loss: 0.100877
Epoch 685/1000  Loss: 0.069131
Epoch 686/1000  Loss: 0.060547
Epoch 687/1000  Loss: 0.081721
Epoch 688/1000  Loss: 0.056838
Epoch 689/1000  Loss: 0.072754
Epoch 690/1000  Loss: 0.082949
Epoch 691/1000  Loss: 0.091887
Epoch 692/1000  Loss: 0.077359
Epoch 693/1000  Loss: 0.100461
Epoch 694/1000  Loss: 0.092102
Epoch 695/1000  Loss: 0.072418
Epoch 696/1000  Loss: 0.070945
Epoch 697/1000  Loss: 0.057069
Epoch 698/1000  Loss: 0.075655
Epoch 699/1000  Loss: 0.102244
Epoch 700/1000  Loss: 0.117691
Epoch 701/1000  Loss: 0.052550
Epoch 702/1000  Loss: 0.055355
Epoch 703/1000  Loss: 0.089682
Epoch 704/1000  Loss: 0.054746
Epoch 705/1000  Loss: 0.105483
Epoch 706/1000  Loss: 0.114081
Epoch 707/1000  Loss: 0.114803
Epoch 708/1000  Loss: 0.063243
Epoch 709/1000  Loss: 0.056020
Epoch 710/1000  Loss: 0.063123
Epoch 711/1000  Loss: 0.077987
Epoch 712/1000  Loss: 0.096843
Epoch 713/1000  Loss: 0.125331
Epoch 714/1000  Loss: 0.113265
Epoch 715/1000  Loss: 0.117141
Epoch 716/1000  Loss: 0.089090
Epoch 717/1000  Loss: 0.095446
Epoch 718/1000  Loss: 0.085933
Epoch 719/1000  Loss: 0.055822
Epoch 720/1000  Loss: 0.089735
Epoch 721/1000  Loss: 0.084329
Epoch 722/1000  Loss: 0.084841
Epoch 723/1000  Loss: 0.095994
Epoch 724/1000  Loss: 0.066333
Epoch 725/1000  Loss: 0.089417
Epoch 726/1000  Loss: 0.089664
Epoch 727/1000  Loss: 0.075543
Epoch 728/1000  Loss: 0.105608
Epoch 729/1000  Loss: 0.054189
Epoch 730/1000  Loss: 0.058475
Epoch 731/1000  Loss: 0.084270
Epoch 732/1000  Loss: 0.080923
Epoch 733/1000  Loss: 0.096149
Epoch 734/1000  Loss: 0.079025
Epoch 735/1000  Loss: 0.096123
Epoch 736/1000  Loss: 0.093963
Epoch 737/1000  Loss: 0.100517
Epoch 738/1000  Loss: 0.093777
Epoch 739/1000  Loss: 0.055136
Epoch 740/1000  Loss: 0.080479
Epoch 741/1000  Loss: 0.067869
Epoch 742/1000  Loss: 0.074151
Epoch 743/1000  Loss: 0.046699
Epoch 744/1000  Loss: 0.113825
Epoch 745/1000  Loss: 0.049978
Epoch 746/1000  Loss: 0.066592
Epoch 747/1000  Loss: 0.086903
Epoch 748/1000  Loss: 0.115745
Epoch 749/1000  Loss: 0.083479
Epoch 750/1000  Loss: 0.090003
Epoch 751/1000  Loss: 0.075184
Epoch 752/1000  Loss: 0.061272
Epoch 753/1000  Loss: 0.085859
Epoch 754/1000  Loss: 0.084501
Epoch 755/1000  Loss: 0.062792
Epoch 756/1000  Loss: 0.068558
Epoch 757/1000  Loss: 0.069381
Epoch 758/1000  Loss: 0.085254
Epoch 759/1000  Loss: 0.081626
Epoch 760/1000  Loss: 0.079996
Epoch 761/1000  Loss: 0.063139
Epoch 762/1000  Loss: 0.095362
Epoch 763/1000  Loss: 0.080476
Epoch 764/1000  Loss: 0.095345
Epoch 765/1000  Loss: 0.083965
Epoch 766/1000  Loss: 0.067255
Epoch 767/1000  Loss: 0.064601
Epoch 768/1000  Loss: 0.043111
Epoch 769/1000  Loss: 0.085795
Epoch 770/1000  Loss: 0.079723
Epoch 771/1000  Loss: 0.101629
Epoch 772/1000  Loss: 0.047978
Epoch 773/1000  Loss: 0.071361
Epoch 774/1000  Loss: 0.076116
Epoch 775/1000  Loss: 0.089006
Epoch 776/1000  Loss: 0.072607
Epoch 777/1000  Loss: 0.089395
Epoch 778/1000  Loss: 0.078909
Epoch 779/1000  Loss: 0.077193
Epoch 780/1000  Loss: 0.066539
Epoch 781/1000  Loss: 0.059333
Epoch 782/1000  Loss: 0.076743
Epoch 783/1000  Loss: 0.064123
Epoch 784/1000  Loss: 0.114407
Epoch 785/1000  Loss: 0.060194
Epoch 786/1000  Loss: 0.044658
Epoch 787/1000  Loss: 0.072427
Epoch 788/1000  Loss: 0.105630
Epoch 789/1000  Loss: 0.090873
Epoch 790/1000  Loss: 0.095908
Epoch 791/1000  Loss: 0.086239
Epoch 792/1000  Loss: 0.104667
Epoch 793/1000  Loss: 0.067334
Epoch 794/1000  Loss: 0.095084
Epoch 795/1000  Loss: 0.067101
Epoch 796/1000  Loss: 0.084641
Epoch 797/1000  Loss: 0.050796
Epoch 798/1000  Loss: 0.099509
Epoch 799/1000  Loss: 0.059881
Epoch 800/1000  Loss: 0.151528
Epoch 801/1000  Loss: 0.077690
Epoch 802/1000  Loss: 0.079168
Epoch 803/1000  Loss: 0.097576
Epoch 804/1000  Loss: 0.070755
Epoch 805/1000  Loss: 0.109012
Epoch 806/1000  Loss: 0.096522
Epoch 807/1000  Loss: 0.076146
Epoch 808/1000  Loss: 0.090069
Epoch 809/1000  Loss: 0.079847
Epoch 810/1000  Loss: 0.073417
Epoch 811/1000  Loss: 0.051198
Epoch 812/1000  Loss: 0.070412
Epoch 813/1000  Loss: 0.103621
Epoch 814/1000  Loss: 0.093504
Epoch 815/1000  Loss: 0.082546
Epoch 816/1000  Loss: 0.061858
Epoch 817/1000  Loss: 0.086508
Epoch 818/1000  Loss: 0.070253
Epoch 819/1000  Loss: 0.072651
Epoch 820/1000  Loss: 0.078356
Epoch 821/1000  Loss: 0.099651
Epoch 822/1000  Loss: 0.060224
Epoch 823/1000  Loss: 0.088140
Epoch 824/1000  Loss: 0.059131
Epoch 825/1000  Loss: 0.075263
Epoch 826/1000  Loss: 0.084060
Epoch 827/1000  Loss: 0.067331
Epoch 828/1000  Loss: 0.093393
Epoch 829/1000  Loss: 0.059012
Epoch 830/1000  Loss: 0.064031
Epoch 831/1000  Loss: 0.072127
Epoch 832/1000  Loss: 0.076486
Epoch 833/1000  Loss: 0.082866
Epoch 834/1000  Loss: 0.073546
Epoch 835/1000  Loss: 0.112501
Epoch 836/1000  Loss: 0.092590
Epoch 837/1000  Loss: 0.093419
Epoch 838/1000  Loss: 0.091115
Epoch 839/1000  Loss: 0.058905
Epoch 840/1000  Loss: 0.049231
Epoch 841/1000  Loss: 0.058911
Epoch 842/1000  Loss: 0.066884
Epoch 843/1000  Loss: 0.091514
Epoch 844/1000  Loss: 0.103371
Epoch 845/1000  Loss: 0.098198
Epoch 846/1000  Loss: 0.129848
Epoch 847/1000  Loss: 0.074222
Epoch 848/1000  Loss: 0.056593
Epoch 849/1000  Loss: 0.093977
Epoch 850/1000  Loss: 0.062572
Epoch 851/1000  Loss: 0.058236
Epoch 852/1000  Loss: 0.114416
Epoch 853/1000  Loss: 0.052366
Epoch 854/1000  Loss: 0.068384
Epoch 855/1000  Loss: 0.064626
Epoch 856/1000  Loss: 0.054900
Epoch 857/1000  Loss: 0.080571
Epoch 858/1000  Loss: 0.073478
Epoch 859/1000  Loss: 0.066120
Epoch 860/1000  Loss: 0.084635
Epoch 861/1000  Loss: 0.092062
Epoch 862/1000  Loss: 0.068573
Epoch 863/1000  Loss: 0.067228
Epoch 864/1000  Loss: 0.083072
Epoch 865/1000  Loss: 0.087390
Epoch 866/1000  Loss: 0.101594
Epoch 867/1000  Loss: 0.063269
Epoch 868/1000  Loss: 0.100888
Epoch 869/1000  Loss: 0.083349
Epoch 870/1000  Loss: 0.101307
Epoch 871/1000  Loss: 0.074206
Epoch 872/1000  Loss: 0.072912
Epoch 873/1000  Loss: 0.069932
Epoch 874/1000  Loss: 0.068467
Epoch 875/1000  Loss: 0.122076
Epoch 876/1000  Loss: 0.086758
Epoch 877/1000  Loss: 0.111631
Epoch 878/1000  Loss: 0.053118
Epoch 879/1000  Loss: 0.048576
Epoch 880/1000  Loss: 0.059719
Epoch 881/1000  Loss: 0.095994
Epoch 882/1000  Loss: 0.053997
Epoch 883/1000  Loss: 0.129452
Epoch 884/1000  Loss: 0.078351
Epoch 885/1000  Loss: 0.081998
Epoch 886/1000  Loss: 0.114535
Epoch 887/1000  Loss: 0.070950
Epoch 888/1000  Loss: 0.057110
Epoch 889/1000  Loss: 0.091957
Epoch 890/1000  Loss: 0.089574
Epoch 891/1000  Loss: 0.061714
Epoch 892/1000  Loss: 0.069216
Epoch 893/1000  Loss: 0.080029
Epoch 894/1000  Loss: 0.080959
Epoch 895/1000  Loss: 0.081872
Epoch 896/1000  Loss: 0.107052
Epoch 897/1000  Loss: 0.087412
Epoch 898/1000  Loss: 0.088744
Epoch 899/1000  Loss: 0.081550
Epoch 900/1000  Loss: 0.060565
Epoch 901/1000  Loss: 0.053614
Epoch 902/1000  Loss: 0.086827
Epoch 903/1000  Loss: 0.069673
Epoch 904/1000  Loss: 0.075292
Epoch 905/1000  Loss: 0.065593
Epoch 906/1000  Loss: 0.056769
Epoch 907/1000  Loss: 0.079561
Epoch 908/1000  Loss: 0.077427
Epoch 909/1000  Loss: 0.102276
Epoch 910/1000  Loss: 0.061143
Epoch 911/1000  Loss: 0.062531
Epoch 912/1000  Loss: 0.066244
Epoch 913/1000  Loss: 0.080300
Epoch 914/1000  Loss: 0.084291
Epoch 915/1000  Loss: 0.087890
Epoch 916/1000  Loss: 0.085747
Epoch 917/1000  Loss: 0.056103
Epoch 918/1000  Loss: 0.085101
Epoch 919/1000  Loss: 0.091703
Epoch 920/1000  Loss: 0.084097
Epoch 921/1000  Loss: 0.084727
Epoch 922/1000  Loss: 0.067937
Epoch 923/1000  Loss: 0.093316
Epoch 924/1000  Loss: 0.067760
Epoch 925/1000  Loss: 0.096483
Epoch 926/1000  Loss: 0.092717
Epoch 927/1000  Loss: 0.089648
Epoch 928/1000  Loss: 0.045775
Epoch 929/1000  Loss: 0.099432
Epoch 930/1000  Loss: 0.099861
Epoch 931/1000  Loss: 0.115200
Epoch 932/1000  Loss: 0.080531
Epoch 933/1000  Loss: 0.040075
Epoch 934/1000  Loss: 0.075105
Epoch 935/1000  Loss: 0.108966
Epoch 936/1000  Loss: 0.067173
Epoch 937/1000  Loss: 0.080239
Epoch 938/1000  Loss: 0.097122
Epoch 939/1000  Loss: 0.091532
Epoch 940/1000  Loss: 0.093582
Epoch 941/1000  Loss: 0.091246
Epoch 942/1000  Loss: 0.070374
Epoch 943/1000  Loss: 0.082995
Epoch 944/1000  Loss: 0.097334
Epoch 945/1000  Loss: 0.078367
Epoch 946/1000  Loss: 0.084398
Epoch 947/1000  Loss: 0.076906
Epoch 948/1000  Loss: 0.089862
Epoch 949/1000  Loss: 0.074270
Epoch 950/1000  Loss: 0.060913
Epoch 951/1000  Loss: 0.061950
Epoch 952/1000  Loss: 0.100764
Epoch 953/1000  Loss: 0.100208
Epoch 954/1000  Loss: 0.076643
Epoch 955/1000  Loss: 0.080176
Epoch 956/1000  Loss: 0.074800
Epoch 957/1000  Loss: 0.051887
Epoch 958/1000  Loss: 0.056798
Epoch 959/1000  Loss: 0.077783
Epoch 960/1000  Loss: 0.085726
Epoch 961/1000  Loss: 0.088351
Epoch 962/1000  Loss: 0.074588
Epoch 963/1000  Loss: 0.069010
Epoch 964/1000  Loss: 0.078755
Epoch 965/1000  Loss: 0.071889
Epoch 966/1000  Loss: 0.066138
Epoch 967/1000  Loss: 0.065800
Epoch 968/1000  Loss: 0.068411
Epoch 969/1000  Loss: 0.109426
Epoch 970/1000  Loss: 0.071494
Epoch 971/1000  Loss: 0.104446
Epoch 972/1000  Loss: 0.053093
Epoch 973/1000  Loss: 0.088524
Epoch 974/1000  Loss: 0.065577
Epoch 975/1000  Loss: 0.098283
Epoch 976/1000  Loss: 0.117187
Epoch 977/1000  Loss: 0.073250
Epoch 978/1000  Loss: 0.072215
Epoch 979/1000  Loss: 0.110417
Epoch 980/1000  Loss: 0.037002
Epoch 981/1000  Loss: 0.069847
Epoch 982/1000  Loss: 0.052163
Epoch 983/1000  Loss: 0.078641
Epoch 984/1000  Loss: 0.046096
Epoch 985/1000  Loss: 0.095405
Epoch 986/1000  Loss: 0.129835
Epoch 987/1000  Loss: 0.062697
Epoch 988/1000  Loss: 0.087950
Epoch 989/1000  Loss: 0.089281
Epoch 990/1000  Loss: 0.087946
Epoch 991/1000  Loss: 0.077155
Epoch 992/1000  Loss: 0.048550
Epoch 993/1000  Loss: 0.065829
Epoch 994/1000  Loss: 0.070296
Epoch 995/1000  Loss: 0.114802
Epoch 996/1000  Loss: 0.098780
Epoch 997/1000  Loss: 0.063503
Epoch 998/1000  Loss: 0.084959
Epoch 999/1000  Loss: 0.061608
Epoch 1000/1000  Loss: 0.052697

Samples saved to results_implicit/samples and results_implicit/samples_all.npz

============================================================
Portfolio Performance (no transaction costs)
============================================================
EW            Mean: 1.3504%  Std: 7.4747%  Sharpe: 0.6258  Sortino: 83.0021  Calmar: 0.7653  RtC: -0.0000
Diffac        Mean: 0.9270%  Std: 7.6096%  Sharpe: 0.4220  Sortino: 68.0768  Calmar: 0.4132  RtC: -15.6965
Emp           Mean: 0.9877%  Std: 6.0084%  Sharpe: 0.5695  Sortino: 80.9992  Calmar: 0.7112  RtC: -1.4539
ShrEmp        Mean: 1.1886%  Std: 6.1249%  Sharpe: 0.6722  Sortino: 98.5431  Calmar: 0.8542  RtC: 3.3561

With transaction costs (Diffac):
  Mean: 1.0334%  Std: 7.2632%  Sharpe: 0.4929  Sortino: 0.7503  Calmar: 0.5075  RtC: -8.4821

Model saved to checkpoint.pt

Plots and CSV data saved to results_implicit/plots
