Using device: cuda
Generating synthetic data...
  Shape: 150 days, 200 assets, 15 factors
Epoch 1/1000  Loss: 0.907428
Epoch 2/1000  Loss: 0.645823
Epoch 3/1000  Loss: 0.443915
Epoch 4/1000  Loss: 0.302713
Epoch 5/1000  Loss: 0.187779
Epoch 6/1000  Loss: 0.113295
Epoch 7/1000  Loss: 0.072381
Epoch 8/1000  Loss: 0.053739
Epoch 9/1000  Loss: 0.052369
Epoch 10/1000  Loss: 0.027343
Epoch 11/1000  Loss: 0.029510
Epoch 12/1000  Loss: 0.035298
Epoch 13/1000  Loss: 0.042117
Epoch 14/1000  Loss: 0.044663
Epoch 15/1000  Loss: 0.027819
Epoch 16/1000  Loss: 0.030468
Epoch 17/1000  Loss: 0.036000
Epoch 18/1000  Loss: 0.040735
Epoch 19/1000  Loss: 0.036179
Epoch 20/1000  Loss: 0.032719
Epoch 21/1000  Loss: 0.022143
Epoch 22/1000  Loss: 0.039030
Epoch 23/1000  Loss: 0.026760
Epoch 24/1000  Loss: 0.026864
Epoch 25/1000  Loss: 0.020557
Epoch 26/1000  Loss: 0.017348
Epoch 27/1000  Loss: 0.021246
Epoch 28/1000  Loss: 0.036376
Epoch 29/1000  Loss: 0.039427
Epoch 30/1000  Loss: 0.036355
Epoch 31/1000  Loss: 0.020124
Epoch 32/1000  Loss: 0.044024
Epoch 33/1000  Loss: 0.039564
Epoch 34/1000  Loss: 0.050828
Epoch 35/1000  Loss: 0.044508
Epoch 36/1000  Loss: 0.011384
Epoch 37/1000  Loss: 0.035735
Epoch 38/1000  Loss: 0.022986
Epoch 39/1000  Loss: 0.023215
Epoch 40/1000  Loss: 0.029056
Epoch 41/1000  Loss: 0.027498
Epoch 42/1000  Loss: 0.028929
Epoch 43/1000  Loss: 0.025046
Epoch 44/1000  Loss: 0.026206
Epoch 45/1000  Loss: 0.013992
Epoch 46/1000  Loss: 0.022785
Epoch 47/1000  Loss: 0.037780
Epoch 48/1000  Loss: 0.012956
Epoch 49/1000  Loss: 0.023852
Epoch 50/1000  Loss: 0.024997
Epoch 51/1000  Loss: 0.043399
Epoch 52/1000  Loss: 0.027304
Epoch 53/1000  Loss: 0.036510
Epoch 54/1000  Loss: 0.035717
Epoch 55/1000  Loss: 0.036396
Epoch 56/1000  Loss: 0.026800
Epoch 57/1000  Loss: 0.020864
Epoch 58/1000  Loss: 0.041140
Epoch 59/1000  Loss: 0.012315
Epoch 60/1000  Loss: 0.017092
Epoch 61/1000  Loss: 0.016100
Epoch 62/1000  Loss: 0.022614
Epoch 63/1000  Loss: 0.023260
Epoch 64/1000  Loss: 0.041395
Epoch 65/1000  Loss: 0.029926
Epoch 66/1000  Loss: 0.012226
Epoch 67/1000  Loss: 0.035344
Epoch 68/1000  Loss: 0.042998
Epoch 69/1000  Loss: 0.022919
Epoch 70/1000  Loss: 0.021936
Epoch 71/1000  Loss: 0.022695
Epoch 72/1000  Loss: 0.023282
Epoch 73/1000  Loss: 0.013762
Epoch 74/1000  Loss: 0.015903
Epoch 75/1000  Loss: 0.011893
Epoch 76/1000  Loss: 0.019308
Epoch 77/1000  Loss: 0.019280
Epoch 78/1000  Loss: 0.019027
Epoch 79/1000  Loss: 0.031501
Epoch 80/1000  Loss: 0.034875
Epoch 81/1000  Loss: 0.048811
Epoch 82/1000  Loss: 0.030782
Epoch 83/1000  Loss: 0.035321
Epoch 84/1000  Loss: 0.026075
Epoch 85/1000  Loss: 0.026526
Epoch 86/1000  Loss: 0.014734
Epoch 87/1000  Loss: 0.020472
Epoch 88/1000  Loss: 0.024798
Epoch 89/1000  Loss: 0.032690
Epoch 90/1000  Loss: 0.017515
Epoch 91/1000  Loss: 0.035021
Epoch 92/1000  Loss: 0.036374
Epoch 93/1000  Loss: 0.025817
Epoch 94/1000  Loss: 0.021359
Epoch 95/1000  Loss: 0.040242
Epoch 96/1000  Loss: 0.017183
Epoch 97/1000  Loss: 0.017495
Epoch 98/1000  Loss: 0.012373
Epoch 99/1000  Loss: 0.015471
Epoch 100/1000  Loss: 0.023849
Epoch 101/1000  Loss: 0.022769
Epoch 102/1000  Loss: 0.022331
Epoch 103/1000  Loss: 0.026513
Epoch 104/1000  Loss: 0.036212
Epoch 105/1000  Loss: 0.016874
Epoch 106/1000  Loss: 0.016295
Epoch 107/1000  Loss: 0.025409
Epoch 108/1000  Loss: 0.019671
Epoch 109/1000  Loss: 0.017990
Epoch 110/1000  Loss: 0.014412
Epoch 111/1000  Loss: 0.014575
Epoch 112/1000  Loss: 0.018603
Epoch 113/1000  Loss: 0.019232
Epoch 114/1000  Loss: 0.020259
Epoch 115/1000  Loss: 0.015143
Epoch 116/1000  Loss: 0.024452
Epoch 117/1000  Loss: 0.013448
Epoch 118/1000  Loss: 0.033180
Epoch 119/1000  Loss: 0.023060
Epoch 120/1000  Loss: 0.020792
Epoch 121/1000  Loss: 0.021482
Epoch 122/1000  Loss: 0.018224
Epoch 123/1000  Loss: 0.020670
Epoch 124/1000  Loss: 0.020487
Epoch 125/1000  Loss: 0.016860
Epoch 126/1000  Loss: 0.025949
Epoch 127/1000  Loss: 0.027166
Epoch 128/1000  Loss: 0.018920
Epoch 129/1000  Loss: 0.018125
Epoch 130/1000  Loss: 0.007109
Epoch 131/1000  Loss: 0.011143
Epoch 132/1000  Loss: 0.010458
Epoch 133/1000  Loss: 0.008576
Epoch 134/1000  Loss: 0.010912
Epoch 135/1000  Loss: 0.026286
Epoch 136/1000  Loss: 0.011229
Epoch 137/1000  Loss: 0.017292
Epoch 138/1000  Loss: 0.015513
Epoch 139/1000  Loss: 0.018005
Epoch 140/1000  Loss: 0.012066
Epoch 141/1000  Loss: 0.014939
Epoch 142/1000  Loss: 0.028796
Epoch 143/1000  Loss: 0.028216
Epoch 144/1000  Loss: 0.013311
Epoch 145/1000  Loss: 0.020688
Epoch 146/1000  Loss: 0.024321
Epoch 147/1000  Loss: 0.012330
Epoch 148/1000  Loss: 0.018749
Epoch 149/1000  Loss: 0.018026
Epoch 150/1000  Loss: 0.012646
Epoch 151/1000  Loss: 0.030049
Epoch 152/1000  Loss: 0.015332
Epoch 153/1000  Loss: 0.018355
Epoch 154/1000  Loss: 0.012029
Epoch 155/1000  Loss: 0.008259
Epoch 156/1000  Loss: 0.025890
Epoch 157/1000  Loss: 0.016104
Epoch 158/1000  Loss: 0.017900
Epoch 159/1000  Loss: 0.009854
Epoch 160/1000  Loss: 0.030168
Epoch 161/1000  Loss: 0.015848
Epoch 162/1000  Loss: 0.022535
Epoch 163/1000  Loss: 0.014596
Epoch 164/1000  Loss: 0.016412
Epoch 165/1000  Loss: 0.009865
Epoch 166/1000  Loss: 0.019235
Epoch 167/1000  Loss: 0.015540
Epoch 168/1000  Loss: 0.009279
Epoch 169/1000  Loss: 0.014454
Epoch 170/1000  Loss: 0.017911
Epoch 171/1000  Loss: 0.016545
Epoch 172/1000  Loss: 0.010856
Epoch 173/1000  Loss: 0.023551
Epoch 174/1000  Loss: 0.011968
Epoch 175/1000  Loss: 0.017348
Epoch 176/1000  Loss: 0.017112
Epoch 177/1000  Loss: 0.020796
Epoch 178/1000  Loss: 0.011090
Epoch 179/1000  Loss: 0.016657
Epoch 180/1000  Loss: 0.014722
Epoch 181/1000  Loss: 0.017105
Epoch 182/1000  Loss: 0.014656
Epoch 183/1000  Loss: 0.012225
Epoch 184/1000  Loss: 0.015080
Epoch 185/1000  Loss: 0.014495
Epoch 186/1000  Loss: 0.007183
Epoch 187/1000  Loss: 0.030490
Epoch 188/1000  Loss: 0.011996
Epoch 189/1000  Loss: 0.013244
Epoch 190/1000  Loss: 0.011565
Epoch 191/1000  Loss: 0.016591
Epoch 192/1000  Loss: 0.018414
Epoch 193/1000  Loss: 0.012029
Epoch 194/1000  Loss: 0.005148
Epoch 195/1000  Loss: 0.014386
Epoch 196/1000  Loss: 0.015577
Epoch 197/1000  Loss: 0.010708
Epoch 198/1000  Loss: 0.007167
Epoch 199/1000  Loss: 0.018550
Epoch 200/1000  Loss: 0.014497
Epoch 201/1000  Loss: 0.025562
Epoch 202/1000  Loss: 0.006299
Epoch 203/1000  Loss: 0.017659
Epoch 204/1000  Loss: 0.007070
Epoch 205/1000  Loss: 0.022345
Epoch 206/1000  Loss: 0.005463
Epoch 207/1000  Loss: 0.011655
Epoch 208/1000  Loss: 0.011193
Epoch 209/1000  Loss: 0.014576
Epoch 210/1000  Loss: 0.011162
Epoch 211/1000  Loss: 0.013961
Epoch 212/1000  Loss: 0.012460
Epoch 213/1000  Loss: 0.014478
Epoch 214/1000  Loss: 0.015005
Epoch 215/1000  Loss: 0.005962
Epoch 216/1000  Loss: 0.013143
Epoch 217/1000  Loss: 0.007929
Epoch 218/1000  Loss: 0.016380
Epoch 219/1000  Loss: 0.014274
Epoch 220/1000  Loss: 0.024462
Epoch 221/1000  Loss: 0.014530
Epoch 222/1000  Loss: 0.011195
Epoch 223/1000  Loss: 0.012460
Epoch 224/1000  Loss: 0.013717
Epoch 225/1000  Loss: 0.016564
Epoch 226/1000  Loss: 0.008883
Epoch 227/1000  Loss: 0.009126
Epoch 228/1000  Loss: 0.015415
Epoch 229/1000  Loss: 0.012553
Epoch 230/1000  Loss: 0.017991
Epoch 231/1000  Loss: 0.005408
Epoch 232/1000  Loss: 0.006397
Epoch 233/1000  Loss: 0.014841
Epoch 234/1000  Loss: 0.006449
Epoch 235/1000  Loss: 0.009639
Epoch 236/1000  Loss: 0.014052
Epoch 237/1000  Loss: 0.009289
Epoch 238/1000  Loss: 0.004022
Epoch 239/1000  Loss: 0.008320
Epoch 240/1000  Loss: 0.020365
Epoch 241/1000  Loss: 0.011164
Epoch 242/1000  Loss: 0.012227
Epoch 243/1000  Loss: 0.005981
Epoch 244/1000  Loss: 0.018416
Epoch 245/1000  Loss: 0.011451
Epoch 246/1000  Loss: 0.013218
Epoch 247/1000  Loss: 0.014364
Epoch 248/1000  Loss: 0.016317
Epoch 249/1000  Loss: 0.011143
Epoch 250/1000  Loss: 0.009189
Epoch 251/1000  Loss: 0.011590
Epoch 252/1000  Loss: 0.005921
Epoch 253/1000  Loss: 0.014171
Epoch 254/1000  Loss: 0.015382
Epoch 255/1000  Loss: 0.007206
Epoch 256/1000  Loss: 0.014155
Epoch 257/1000  Loss: 0.020020
Epoch 258/1000  Loss: 0.004068
Epoch 259/1000  Loss: 0.011682
Epoch 260/1000  Loss: 0.005949
Epoch 261/1000  Loss: 0.007989
Epoch 262/1000  Loss: 0.007565
Epoch 263/1000  Loss: 0.007695
Epoch 264/1000  Loss: 0.003514
Epoch 265/1000  Loss: 0.011655
Epoch 266/1000  Loss: 0.011626
Epoch 267/1000  Loss: 0.013353
Epoch 268/1000  Loss: 0.007352
Epoch 269/1000  Loss: 0.016714
Epoch 270/1000  Loss: 0.010418
Epoch 271/1000  Loss: 0.007175
Epoch 272/1000  Loss: 0.009058
Epoch 273/1000  Loss: 0.005384
Epoch 274/1000  Loss: 0.007606
Epoch 275/1000  Loss: 0.018460
Epoch 276/1000  Loss: 0.007328
Epoch 277/1000  Loss: 0.004870
Epoch 278/1000  Loss: 0.004512
Epoch 279/1000  Loss: 0.017018
Epoch 280/1000  Loss: 0.003185
Epoch 281/1000  Loss: 0.024783
Epoch 282/1000  Loss: 0.011106
Epoch 283/1000  Loss: 0.006298
Epoch 284/1000  Loss: 0.013744
Epoch 285/1000  Loss: 0.004068
Epoch 286/1000  Loss: 0.007704
Epoch 287/1000  Loss: 0.014582
Epoch 288/1000  Loss: 0.012894
Epoch 289/1000  Loss: 0.006778
Epoch 290/1000  Loss: 0.014822
Epoch 291/1000  Loss: 0.008598
Epoch 292/1000  Loss: 0.008246
Epoch 293/1000  Loss: 0.012837
Epoch 294/1000  Loss: 0.005832
Epoch 295/1000  Loss: 0.002034
Epoch 296/1000  Loss: 0.007499
Epoch 297/1000  Loss: 0.012589
Epoch 298/1000  Loss: 0.020865
Epoch 299/1000  Loss: 0.004070
Epoch 300/1000  Loss: 0.006820
Epoch 301/1000  Loss: 0.004352
Epoch 302/1000  Loss: 0.010299
Epoch 303/1000  Loss: 0.005848
Epoch 304/1000  Loss: 0.006186
Epoch 305/1000  Loss: 0.025713
Epoch 306/1000  Loss: 0.011679
Epoch 307/1000  Loss: 0.012458
Epoch 308/1000  Loss: 0.004413
Epoch 309/1000  Loss: 0.008558
Epoch 310/1000  Loss: 0.009701
Epoch 311/1000  Loss: 0.005855
Epoch 312/1000  Loss: 0.003007
Epoch 313/1000  Loss: 0.003551
Epoch 314/1000  Loss: 0.010355
Epoch 315/1000  Loss: 0.003817
Epoch 316/1000  Loss: 0.010296
Epoch 317/1000  Loss: 0.010076
Epoch 318/1000  Loss: 0.005233
Epoch 319/1000  Loss: 0.009967
Epoch 320/1000  Loss: 0.008524
Epoch 321/1000  Loss: 0.006457
Epoch 322/1000  Loss: 0.004470
Epoch 323/1000  Loss: 0.003240
Epoch 324/1000  Loss: 0.006259
Epoch 325/1000  Loss: 0.008663
Epoch 326/1000  Loss: 0.009630
Epoch 327/1000  Loss: 0.010807
Epoch 328/1000  Loss: 0.011981
Epoch 329/1000  Loss: 0.012600
Epoch 330/1000  Loss: 0.008054
Epoch 331/1000  Loss: 0.008920
Epoch 332/1000  Loss: 0.009824
Epoch 333/1000  Loss: 0.007610
Epoch 334/1000  Loss: 0.009168
Epoch 335/1000  Loss: 0.007580
Epoch 336/1000  Loss: 0.011319
Epoch 337/1000  Loss: 0.008171
Epoch 338/1000  Loss: 0.004162
Epoch 339/1000  Loss: 0.005467
Epoch 340/1000  Loss: 0.010855
Epoch 341/1000  Loss: 0.009690
Epoch 342/1000  Loss: 0.003384
Epoch 343/1000  Loss: 0.009343
Epoch 344/1000  Loss: 0.008785
Epoch 345/1000  Loss: 0.006989
Epoch 346/1000  Loss: 0.009323
Epoch 347/1000  Loss: 0.007265
Epoch 348/1000  Loss: 0.005079
Epoch 349/1000  Loss: 0.006387
Epoch 350/1000  Loss: 0.003818
Epoch 351/1000  Loss: 0.003731
Epoch 352/1000  Loss: 0.009035
Epoch 353/1000  Loss: 0.005568
Epoch 354/1000  Loss: 0.007401
Epoch 355/1000  Loss: 0.009400
Epoch 356/1000  Loss: 0.007985
Epoch 357/1000  Loss: 0.010244
Epoch 358/1000  Loss: 0.004271
Epoch 359/1000  Loss: 0.006794
Epoch 360/1000  Loss: 0.008619
Epoch 361/1000  Loss: 0.008040
Epoch 362/1000  Loss: 0.013630
Epoch 363/1000  Loss: 0.014007
Epoch 364/1000  Loss: 0.012999
Epoch 365/1000  Loss: 0.006226
Epoch 366/1000  Loss: 0.010101
Epoch 367/1000  Loss: 0.005344
Epoch 368/1000  Loss: 0.007611
Epoch 369/1000  Loss: 0.010772
Epoch 370/1000  Loss: 0.021462
Epoch 371/1000  Loss: 0.006471
Epoch 372/1000  Loss: 0.011662
Epoch 373/1000  Loss: 0.006682
Epoch 374/1000  Loss: 0.009215
Epoch 375/1000  Loss: 0.013018
Epoch 376/1000  Loss: 0.005680
Epoch 377/1000  Loss: 0.004965
Epoch 378/1000  Loss: 0.004985
Epoch 379/1000  Loss: 0.024566
Epoch 380/1000  Loss: 0.005727
Epoch 381/1000  Loss: 0.009208
Epoch 382/1000  Loss: 0.004456
Epoch 383/1000  Loss: 0.008795
Epoch 384/1000  Loss: 0.004948
Epoch 385/1000  Loss: 0.007807
Epoch 386/1000  Loss: 0.015862
Epoch 387/1000  Loss: 0.008754
Epoch 388/1000  Loss: 0.007681
Epoch 389/1000  Loss: 0.009962
Epoch 390/1000  Loss: 0.003019
Epoch 391/1000  Loss: 0.016914
Epoch 392/1000  Loss: 0.007741
Epoch 393/1000  Loss: 0.004312
Epoch 394/1000  Loss: 0.007269
Epoch 395/1000  Loss: 0.008568
Epoch 396/1000  Loss: 0.012514
Epoch 397/1000  Loss: 0.012222
Epoch 398/1000  Loss: 0.009968
Epoch 399/1000  Loss: 0.004307
Epoch 400/1000  Loss: 0.003696
Epoch 401/1000  Loss: 0.012864
Epoch 402/1000  Loss: 0.005215
Epoch 403/1000  Loss: 0.020294
Epoch 404/1000  Loss: 0.007550
Epoch 405/1000  Loss: 0.010179
Epoch 406/1000  Loss: 0.009578
Epoch 407/1000  Loss: 0.006352
Epoch 408/1000  Loss: 0.002316
Epoch 409/1000  Loss: 0.005986
Epoch 410/1000  Loss: 0.011223
Epoch 411/1000  Loss: 0.005800
Epoch 412/1000  Loss: 0.008458
Epoch 413/1000  Loss: 0.011183
Epoch 414/1000  Loss: 0.010173
Epoch 415/1000  Loss: 0.012054
Epoch 416/1000  Loss: 0.003940
Epoch 417/1000  Loss: 0.003933
Epoch 418/1000  Loss: 0.008433
Epoch 419/1000  Loss: 0.004616
Epoch 420/1000  Loss: 0.004553
Epoch 421/1000  Loss: 0.002535
Epoch 422/1000  Loss: 0.008769
Epoch 423/1000  Loss: 0.009721
Epoch 424/1000  Loss: 0.017582
Epoch 425/1000  Loss: 0.006419
Epoch 426/1000  Loss: 0.006675
Epoch 427/1000  Loss: 0.009057
Epoch 428/1000  Loss: 0.008055
Epoch 429/1000  Loss: 0.005190
Epoch 430/1000  Loss: 0.004851
Epoch 431/1000  Loss: 0.003324
Epoch 432/1000  Loss: 0.003693
Epoch 433/1000  Loss: 0.006767
Epoch 434/1000  Loss: 0.003354
Epoch 435/1000  Loss: 0.010251
Epoch 436/1000  Loss: 0.008456
Epoch 437/1000  Loss: 0.007170
Epoch 438/1000  Loss: 0.010667
Epoch 439/1000  Loss: 0.012758
Epoch 440/1000  Loss: 0.004436
Epoch 441/1000  Loss: 0.005614
Epoch 442/1000  Loss: 0.003675
Epoch 443/1000  Loss: 0.003918
Epoch 444/1000  Loss: 0.013728
Epoch 445/1000  Loss: 0.010610
Epoch 446/1000  Loss: 0.005973
Epoch 447/1000  Loss: 0.011920
Epoch 448/1000  Loss: 0.005018
Epoch 449/1000  Loss: 0.004540
Epoch 450/1000  Loss: 0.004427
Epoch 451/1000  Loss: 0.008834
Epoch 452/1000  Loss: 0.021143
Epoch 453/1000  Loss: 0.007783
Epoch 454/1000  Loss: 0.008513
Epoch 455/1000  Loss: 0.013426
Epoch 456/1000  Loss: 0.003719
Epoch 457/1000  Loss: 0.009579
Epoch 458/1000  Loss: 0.004740
Epoch 459/1000  Loss: 0.006319
Epoch 460/1000  Loss: 0.006153
Epoch 461/1000  Loss: 0.003569
Epoch 462/1000  Loss: 0.003562
Epoch 463/1000  Loss: 0.012249
Epoch 464/1000  Loss: 0.002040
Epoch 465/1000  Loss: 0.003929
Epoch 466/1000  Loss: 0.002480
Epoch 467/1000  Loss: 0.004439
Epoch 468/1000  Loss: 0.009292
Epoch 469/1000  Loss: 0.002368
Epoch 470/1000  Loss: 0.003333
Epoch 471/1000  Loss: 0.017956
Epoch 472/1000  Loss: 0.007972
Epoch 473/1000  Loss: 0.008480
Epoch 474/1000  Loss: 0.003678
Epoch 475/1000  Loss: 0.006897
Epoch 476/1000  Loss: 0.008095
Epoch 477/1000  Loss: 0.005186
Epoch 478/1000  Loss: 0.002356
Epoch 479/1000  Loss: 0.011651
Epoch 480/1000  Loss: 0.007524
Epoch 481/1000  Loss: 0.012096
Epoch 482/1000  Loss: 0.005244
Epoch 483/1000  Loss: 0.007398
Epoch 484/1000  Loss: 0.003539
Epoch 485/1000  Loss: 0.004819
Epoch 486/1000  Loss: 0.004053
Epoch 487/1000  Loss: 0.010486
Epoch 488/1000  Loss: 0.006709
Epoch 489/1000  Loss: 0.002224
Epoch 490/1000  Loss: 0.010081
Epoch 491/1000  Loss: 0.007383
Epoch 492/1000  Loss: 0.002815
Epoch 493/1000  Loss: 0.013086
Epoch 494/1000  Loss: 0.004304
Epoch 495/1000  Loss: 0.003900
Epoch 496/1000  Loss: 0.003906
Epoch 497/1000  Loss: 0.005766
Epoch 498/1000  Loss: 0.006490
Epoch 499/1000  Loss: 0.001621
Epoch 500/1000  Loss: 0.011717
Epoch 501/1000  Loss: 0.009954
Epoch 502/1000  Loss: 0.004695
Epoch 503/1000  Loss: 0.009873
Epoch 504/1000  Loss: 0.005924
Epoch 505/1000  Loss: 0.004809
Epoch 506/1000  Loss: 0.006873
Epoch 507/1000  Loss: 0.006219
Epoch 508/1000  Loss: 0.012076
Epoch 509/1000  Loss: 0.008253
Epoch 510/1000  Loss: 0.007975
Epoch 511/1000  Loss: 0.004413
Epoch 512/1000  Loss: 0.005814
Epoch 513/1000  Loss: 0.004825
Epoch 514/1000  Loss: 0.005799
Epoch 515/1000  Loss: 0.006656
Epoch 516/1000  Loss: 0.015728
Epoch 517/1000  Loss: 0.004602
Epoch 518/1000  Loss: 0.007113
Epoch 519/1000  Loss: 0.006809
Epoch 520/1000  Loss: 0.004459
Epoch 521/1000  Loss: 0.002683
Epoch 522/1000  Loss: 0.003583
Epoch 523/1000  Loss: 0.007868
Epoch 524/1000  Loss: 0.006751
Epoch 525/1000  Loss: 0.003806
Epoch 526/1000  Loss: 0.004762
Epoch 527/1000  Loss: 0.006368
Epoch 528/1000  Loss: 0.011381
Epoch 529/1000  Loss: 0.009510
Epoch 530/1000  Loss: 0.007337
Epoch 531/1000  Loss: 0.010167
Epoch 532/1000  Loss: 0.004703
Epoch 533/1000  Loss: 0.007706
Epoch 534/1000  Loss: 0.003616
Epoch 535/1000  Loss: 0.006800
Epoch 536/1000  Loss: 0.002166
Epoch 537/1000  Loss: 0.006763
Epoch 538/1000  Loss: 0.004101
Epoch 539/1000  Loss: 0.003527
Epoch 540/1000  Loss: 0.005178
Epoch 541/1000  Loss: 0.002977
Epoch 542/1000  Loss: 0.005632
Epoch 543/1000  Loss: 0.002490
Epoch 544/1000  Loss: 0.010790
Epoch 545/1000  Loss: 0.005405
Epoch 546/1000  Loss: 0.009226
Epoch 547/1000  Loss: 0.003127
Epoch 548/1000  Loss: 0.009549
Epoch 549/1000  Loss: 0.002756
Epoch 550/1000  Loss: 0.007336
Epoch 551/1000  Loss: 0.003585
Epoch 552/1000  Loss: 0.001908
Epoch 553/1000  Loss: 0.001650
Epoch 554/1000  Loss: 0.006238
Epoch 555/1000  Loss: 0.002365
Epoch 556/1000  Loss: 0.009179
Epoch 557/1000  Loss: 0.005849
Epoch 558/1000  Loss: 0.004505
Epoch 559/1000  Loss: 0.005522
Epoch 560/1000  Loss: 0.006130
Epoch 561/1000  Loss: 0.007015
Epoch 562/1000  Loss: 0.002810
Epoch 563/1000  Loss: 0.004672
Epoch 564/1000  Loss: 0.009472
Epoch 565/1000  Loss: 0.002688
Epoch 566/1000  Loss: 0.003364
Epoch 567/1000  Loss: 0.009101
Epoch 568/1000  Loss: 0.004454
Epoch 569/1000  Loss: 0.018733
Epoch 570/1000  Loss: 0.005477
Epoch 571/1000  Loss: 0.007020
Epoch 572/1000  Loss: 0.005596
Epoch 573/1000  Loss: 0.003276
Epoch 574/1000  Loss: 0.009037
Epoch 575/1000  Loss: 0.010101
Epoch 576/1000  Loss: 0.003624
Epoch 577/1000  Loss: 0.008537
Epoch 578/1000  Loss: 0.001737
Epoch 579/1000  Loss: 0.007453
Epoch 580/1000  Loss: 0.005913
Epoch 581/1000  Loss: 0.002458
Epoch 582/1000  Loss: 0.001455
Epoch 583/1000  Loss: 0.003789
Epoch 584/1000  Loss: 0.007172
Epoch 585/1000  Loss: 0.009380
Epoch 586/1000  Loss: 0.005321
Epoch 587/1000  Loss: 0.005128
Epoch 588/1000  Loss: 0.008499
Epoch 589/1000  Loss: 0.011483
Epoch 590/1000  Loss: 0.006106
Epoch 591/1000  Loss: 0.001289
Epoch 592/1000  Loss: 0.018276
Epoch 593/1000  Loss: 0.011115
Epoch 594/1000  Loss: 0.004513
Epoch 595/1000  Loss: 0.004119
Epoch 596/1000  Loss: 0.005992
Epoch 597/1000  Loss: 0.018050
Epoch 598/1000  Loss: 0.005599
Epoch 599/1000  Loss: 0.011701
Epoch 600/1000  Loss: 0.012208
Epoch 601/1000  Loss: 0.006876
Epoch 602/1000  Loss: 0.010545
Epoch 603/1000  Loss: 0.004001
Epoch 604/1000  Loss: 0.003400
Epoch 605/1000  Loss: 0.002996
Epoch 606/1000  Loss: 0.005749
Epoch 607/1000  Loss: 0.009415
Epoch 608/1000  Loss: 0.009467
Epoch 609/1000  Loss: 0.005043
Epoch 610/1000  Loss: 0.002578
Epoch 611/1000  Loss: 0.001897
Epoch 612/1000  Loss: 0.003295
Epoch 613/1000  Loss: 0.002580
Epoch 614/1000  Loss: 0.003347
Epoch 615/1000  Loss: 0.003738
Epoch 616/1000  Loss: 0.004474
Epoch 617/1000  Loss: 0.002341
Epoch 618/1000  Loss: 0.002587
Epoch 619/1000  Loss: 0.006280
Epoch 620/1000  Loss: 0.006275
Epoch 621/1000  Loss: 0.013373
Epoch 622/1000  Loss: 0.004474
Epoch 623/1000  Loss: 0.002065
Epoch 624/1000  Loss: 0.006903
Epoch 625/1000  Loss: 0.006177
Epoch 626/1000  Loss: 0.004047
Epoch 627/1000  Loss: 0.005995
Epoch 628/1000  Loss: 0.006574
Epoch 629/1000  Loss: 0.005790
Epoch 630/1000  Loss: 0.005019
Epoch 631/1000  Loss: 0.003221
Epoch 632/1000  Loss: 0.006892
Epoch 633/1000  Loss: 0.006722
Epoch 634/1000  Loss: 0.005510
Epoch 635/1000  Loss: 0.014725
Epoch 636/1000  Loss: 0.008607
Epoch 637/1000  Loss: 0.006188
Epoch 638/1000  Loss: 0.005577
Epoch 639/1000  Loss: 0.002801
Epoch 640/1000  Loss: 0.006181
Epoch 641/1000  Loss: 0.005107
Epoch 642/1000  Loss: 0.002707
Epoch 643/1000  Loss: 0.004486
Epoch 644/1000  Loss: 0.003021
Epoch 645/1000  Loss: 0.004716
Epoch 646/1000  Loss: 0.004056
Epoch 647/1000  Loss: 0.008098
Epoch 648/1000  Loss: 0.006414
Epoch 649/1000  Loss: 0.003330
Epoch 650/1000  Loss: 0.007442
Epoch 651/1000  Loss: 0.007380
Epoch 652/1000  Loss: 0.003923
Epoch 653/1000  Loss: 0.007115
Epoch 654/1000  Loss: 0.005101
Epoch 655/1000  Loss: 0.001540
Epoch 656/1000  Loss: 0.007843
Epoch 657/1000  Loss: 0.003457
Epoch 658/1000  Loss: 0.005567
Epoch 659/1000  Loss: 0.003378
Epoch 660/1000  Loss: 0.001908
Epoch 661/1000  Loss: 0.003240
Epoch 662/1000  Loss: 0.003502
Epoch 663/1000  Loss: 0.003507
Epoch 664/1000  Loss: 0.003620
Epoch 665/1000  Loss: 0.008439
Epoch 666/1000  Loss: 0.007943
Epoch 667/1000  Loss: 0.007465
Epoch 668/1000  Loss: 0.009274
Epoch 669/1000  Loss: 0.004130
Epoch 670/1000  Loss: 0.004294
Epoch 671/1000  Loss: 0.006866
Epoch 672/1000  Loss: 0.010487
Epoch 673/1000  Loss: 0.002932
Epoch 674/1000  Loss: 0.006880
Epoch 675/1000  Loss: 0.002453
Epoch 676/1000  Loss: 0.003397
Epoch 677/1000  Loss: 0.005488
Epoch 678/1000  Loss: 0.010621
Epoch 679/1000  Loss: 0.008157
Epoch 680/1000  Loss: 0.005171
Epoch 681/1000  Loss: 0.004887
Epoch 682/1000  Loss: 0.005977
Epoch 683/1000  Loss: 0.002007
Epoch 684/1000  Loss: 0.011065
Epoch 685/1000  Loss: 0.005243
Epoch 686/1000  Loss: 0.001729
Epoch 687/1000  Loss: 0.008817
Epoch 688/1000  Loss: 0.003143
Epoch 689/1000  Loss: 0.008736
Epoch 690/1000  Loss: 0.004821
Epoch 691/1000  Loss: 0.003993
Epoch 692/1000  Loss: 0.004615
Epoch 693/1000  Loss: 0.003980
Epoch 694/1000  Loss: 0.005230
Epoch 695/1000  Loss: 0.001601
Epoch 696/1000  Loss: 0.006101
Epoch 697/1000  Loss: 0.001779
Epoch 698/1000  Loss: 0.004261
Epoch 699/1000  Loss: 0.005570
Epoch 700/1000  Loss: 0.011485
Epoch 701/1000  Loss: 0.002130
Epoch 702/1000  Loss: 0.001730
Epoch 703/1000  Loss: 0.008596
Epoch 704/1000  Loss: 0.003994
Epoch 705/1000  Loss: 0.011557
Epoch 706/1000  Loss: 0.004370
Epoch 707/1000  Loss: 0.006456
Epoch 708/1000  Loss: 0.001610
Epoch 709/1000  Loss: 0.002315
Epoch 710/1000  Loss: 0.002016
Epoch 711/1000  Loss: 0.004390
Epoch 712/1000  Loss: 0.008893
Epoch 713/1000  Loss: 0.009242
Epoch 714/1000  Loss: 0.006993
Epoch 715/1000  Loss: 0.007759
Epoch 716/1000  Loss: 0.004192
Epoch 717/1000  Loss: 0.003940
Epoch 718/1000  Loss: 0.006320
Epoch 719/1000  Loss: 0.001740
Epoch 720/1000  Loss: 0.004349
Epoch 721/1000  Loss: 0.002716
Epoch 722/1000  Loss: 0.004161
Epoch 723/1000  Loss: 0.006045
Epoch 724/1000  Loss: 0.005806
Epoch 725/1000  Loss: 0.008040
Epoch 726/1000  Loss: 0.002975
Epoch 727/1000  Loss: 0.002784
Epoch 728/1000  Loss: 0.009197
Epoch 729/1000  Loss: 0.001736
Epoch 730/1000  Loss: 0.006837
Epoch 731/1000  Loss: 0.007264
Epoch 732/1000  Loss: 0.005418
Epoch 733/1000  Loss: 0.004533
Epoch 734/1000  Loss: 0.004578
Epoch 735/1000  Loss: 0.006802
Epoch 736/1000  Loss: 0.006899
Epoch 737/1000  Loss: 0.003276
Epoch 738/1000  Loss: 0.007064
Epoch 739/1000  Loss: 0.002079
Epoch 740/1000  Loss: 0.002641
Epoch 741/1000  Loss: 0.002783
Epoch 742/1000  Loss: 0.003135
Epoch 743/1000  Loss: 0.002152
Epoch 744/1000  Loss: 0.011074
Epoch 745/1000  Loss: 0.002053
Epoch 746/1000  Loss: 0.004140
Epoch 747/1000  Loss: 0.008085
Epoch 748/1000  Loss: 0.004704
Epoch 749/1000  Loss: 0.007251
Epoch 750/1000  Loss: 0.007247
Epoch 751/1000  Loss: 0.004871
Epoch 752/1000  Loss: 0.007352
Epoch 753/1000  Loss: 0.009779
Epoch 754/1000  Loss: 0.005605
Epoch 755/1000  Loss: 0.003120
Epoch 756/1000  Loss: 0.003226
Epoch 757/1000  Loss: 0.003405
Epoch 758/1000  Loss: 0.007863
Epoch 759/1000  Loss: 0.005465
Epoch 760/1000  Loss: 0.003705
Epoch 761/1000  Loss: 0.006385
Epoch 762/1000  Loss: 0.006475
Epoch 763/1000  Loss: 0.004084
Epoch 764/1000  Loss: 0.004392
Epoch 765/1000  Loss: 0.002882
Epoch 766/1000  Loss: 0.002858
Epoch 767/1000  Loss: 0.001340
Epoch 768/1000  Loss: 0.000936
Epoch 769/1000  Loss: 0.002830
Epoch 770/1000  Loss: 0.001687
Epoch 771/1000  Loss: 0.004697
Epoch 772/1000  Loss: 0.002521
Epoch 773/1000  Loss: 0.005542
Epoch 774/1000  Loss: 0.003109
Epoch 775/1000  Loss: 0.006665
Epoch 776/1000  Loss: 0.002347
Epoch 777/1000  Loss: 0.006416
Epoch 778/1000  Loss: 0.003238
Epoch 779/1000  Loss: 0.002996
Epoch 780/1000  Loss: 0.002827
Epoch 781/1000  Loss: 0.001151
Epoch 782/1000  Loss: 0.005323
Epoch 783/1000  Loss: 0.002022
Epoch 784/1000  Loss: 0.006833
Epoch 785/1000  Loss: 0.002506
Epoch 786/1000  Loss: 0.001913
Epoch 787/1000  Loss: 0.003090
Epoch 788/1000  Loss: 0.004769
Epoch 789/1000  Loss: 0.006483
Epoch 790/1000  Loss: 0.007986
Epoch 791/1000  Loss: 0.003880
Epoch 792/1000  Loss: 0.005794
Epoch 793/1000  Loss: 0.002046
Epoch 794/1000  Loss: 0.002791
Epoch 795/1000  Loss: 0.003552
Epoch 796/1000  Loss: 0.007356
Epoch 797/1000  Loss: 0.001472
Epoch 798/1000  Loss: 0.007237
Epoch 799/1000  Loss: 0.002575
Epoch 800/1000  Loss: 0.010473
Epoch 801/1000  Loss: 0.004961
Epoch 802/1000  Loss: 0.009998
Epoch 803/1000  Loss: 0.003118
Epoch 804/1000  Loss: 0.002734
Epoch 805/1000  Loss: 0.005282
Epoch 806/1000  Loss: 0.005300
Epoch 807/1000  Loss: 0.003106
Epoch 808/1000  Loss: 0.005618
Epoch 809/1000  Loss: 0.002830
Epoch 810/1000  Loss: 0.005384
Epoch 811/1000  Loss: 0.001366
Epoch 812/1000  Loss: 0.002709
Epoch 813/1000  Loss: 0.005611
Epoch 814/1000  Loss: 0.004445
Epoch 815/1000  Loss: 0.003750
Epoch 816/1000  Loss: 0.002725
Epoch 817/1000  Loss: 0.009128
Epoch 818/1000  Loss: 0.003043
Epoch 819/1000  Loss: 0.004207
Epoch 820/1000  Loss: 0.004672
Epoch 821/1000  Loss: 0.004952
Epoch 822/1000  Loss: 0.003667
Epoch 823/1000  Loss: 0.003893
Epoch 824/1000  Loss: 0.001758
Epoch 825/1000  Loss: 0.003864
Epoch 826/1000  Loss: 0.002033
Epoch 827/1000  Loss: 0.002579
Epoch 828/1000  Loss: 0.002230
Epoch 829/1000  Loss: 0.002406
Epoch 830/1000  Loss: 0.001328
Epoch 831/1000  Loss: 0.002082
Epoch 832/1000  Loss: 0.002873
Epoch 833/1000  Loss: 0.002589
Epoch 834/1000  Loss: 0.002380
Epoch 835/1000  Loss: 0.005120
Epoch 836/1000  Loss: 0.006353
Epoch 837/1000  Loss: 0.004209
Epoch 838/1000  Loss: 0.005128
Epoch 839/1000  Loss: 0.003008
Epoch 840/1000  Loss: 0.001677
Epoch 841/1000  Loss: 0.002786
Epoch 842/1000  Loss: 0.004216
Epoch 843/1000  Loss: 0.008638
Epoch 844/1000  Loss: 0.006826
Epoch 845/1000  Loss: 0.005329
Epoch 846/1000  Loss: 0.008871
Epoch 847/1000  Loss: 0.003889
Epoch 848/1000  Loss: 0.005555
Epoch 849/1000  Loss: 0.005777
Epoch 850/1000  Loss: 0.003054
Epoch 851/1000  Loss: 0.002650
Epoch 852/1000  Loss: 0.010833
Epoch 853/1000  Loss: 0.004460
Epoch 854/1000  Loss: 0.002903
Epoch 855/1000  Loss: 0.006144
Epoch 856/1000  Loss: 0.002101
Epoch 857/1000  Loss: 0.009386
Epoch 858/1000  Loss: 0.004421
Epoch 859/1000  Loss: 0.004728
Epoch 860/1000  Loss: 0.008360
Epoch 861/1000  Loss: 0.005153
Epoch 862/1000  Loss: 0.003467
Epoch 863/1000  Loss: 0.001817
Epoch 864/1000  Loss: 0.004027
Epoch 865/1000  Loss: 0.006056
Epoch 866/1000  Loss: 0.003579
Epoch 867/1000  Loss: 0.003983
Epoch 868/1000  Loss: 0.007679
Epoch 869/1000  Loss: 0.005121
Epoch 870/1000  Loss: 0.005799
Epoch 871/1000  Loss: 0.001820
Epoch 872/1000  Loss: 0.003886
Epoch 873/1000  Loss: 0.006003
Epoch 874/1000  Loss: 0.002663
Epoch 875/1000  Loss: 0.005694
Epoch 876/1000  Loss: 0.002792
Epoch 877/1000  Loss: 0.006924
Epoch 878/1000  Loss: 0.002646
Epoch 879/1000  Loss: 0.001233
Epoch 880/1000  Loss: 0.004996
Epoch 881/1000  Loss: 0.004728
Epoch 882/1000  Loss: 0.002035
Epoch 883/1000  Loss: 0.006719
Epoch 884/1000  Loss: 0.002644
Epoch 885/1000  Loss: 0.003654
Epoch 886/1000  Loss: 0.005502
Epoch 887/1000  Loss: 0.002904
Epoch 888/1000  Loss: 0.001871
Epoch 889/1000  Loss: 0.003363
Epoch 890/1000  Loss: 0.003516
Epoch 891/1000  Loss: 0.002045
Epoch 892/1000  Loss: 0.001567
Epoch 893/1000  Loss: 0.004856
Epoch 894/1000  Loss: 0.005067
Epoch 895/1000  Loss: 0.007555
Epoch 896/1000  Loss: 0.009852
Epoch 897/1000  Loss: 0.008086
Epoch 898/1000  Loss: 0.004540
Epoch 899/1000  Loss: 0.004171
Epoch 900/1000  Loss: 0.001591
Epoch 901/1000  Loss: 0.001708
Epoch 902/1000  Loss: 0.006332
Epoch 903/1000  Loss: 0.003081
Epoch 904/1000  Loss: 0.005036
Epoch 905/1000  Loss: 0.002644
Epoch 906/1000  Loss: 0.003096
Epoch 907/1000  Loss: 0.004491
Epoch 908/1000  Loss: 0.006392
Epoch 909/1000  Loss: 0.007417
Epoch 910/1000  Loss: 0.002143
Epoch 911/1000  Loss: 0.002269
Epoch 912/1000  Loss: 0.008826
Epoch 913/1000  Loss: 0.004002
Epoch 914/1000  Loss: 0.006817
Epoch 915/1000  Loss: 0.006402
Epoch 916/1000  Loss: 0.003879
Epoch 917/1000  Loss: 0.001559
Epoch 918/1000  Loss: 0.003005
Epoch 919/1000  Loss: 0.006157
Epoch 920/1000  Loss: 0.002933
Epoch 921/1000  Loss: 0.002210
Epoch 922/1000  Loss: 0.004952
Epoch 923/1000  Loss: 0.004630
Epoch 924/1000  Loss: 0.002428
Epoch 925/1000  Loss: 0.004801
Epoch 926/1000  Loss: 0.005072
Epoch 927/1000  Loss: 0.005214
Epoch 928/1000  Loss: 0.001207
Epoch 929/1000  Loss: 0.005023
Epoch 930/1000  Loss: 0.003881
Epoch 931/1000  Loss: 0.007840
Epoch 932/1000  Loss: 0.002516
Epoch 933/1000  Loss: 0.001173
Epoch 934/1000  Loss: 0.003688
Epoch 935/1000  Loss: 0.006533
Epoch 936/1000  Loss: 0.008899
Epoch 937/1000  Loss: 0.011290
Epoch 938/1000  Loss: 0.004821
Epoch 939/1000  Loss: 0.003867
Epoch 940/1000  Loss: 0.007522
Epoch 941/1000  Loss: 0.005313
Epoch 942/1000  Loss: 0.008127
Epoch 943/1000  Loss: 0.002607
Epoch 944/1000  Loss: 0.006649
Epoch 945/1000  Loss: 0.009833
Epoch 946/1000  Loss: 0.004985
Epoch 947/1000  Loss: 0.003580
Epoch 948/1000  Loss: 0.003156
Epoch 949/1000  Loss: 0.004505
Epoch 950/1000  Loss: 0.002362
Epoch 951/1000  Loss: 0.001185
Epoch 952/1000  Loss: 0.004010
Epoch 953/1000  Loss: 0.003213
Epoch 954/1000  Loss: 0.004775
Epoch 955/1000  Loss: 0.002683
Epoch 956/1000  Loss: 0.002611
Epoch 957/1000  Loss: 0.001920
Epoch 958/1000  Loss: 0.001196
Epoch 959/1000  Loss: 0.002801
Epoch 960/1000  Loss: 0.003569
Epoch 961/1000  Loss: 0.002082
Epoch 962/1000  Loss: 0.002642
Epoch 963/1000  Loss: 0.005138
Epoch 964/1000  Loss: 0.001962
Epoch 965/1000  Loss: 0.001440
Epoch 966/1000  Loss: 0.002407
Epoch 967/1000  Loss: 0.003300
Epoch 968/1000  Loss: 0.001860
Epoch 969/1000  Loss: 0.004449
Epoch 970/1000  Loss: 0.001634
Epoch 971/1000  Loss: 0.007241
Epoch 972/1000  Loss: 0.001509
Epoch 973/1000  Loss: 0.006302
Epoch 974/1000  Loss: 0.002146
Epoch 975/1000  Loss: 0.003897
Epoch 976/1000  Loss: 0.006933
Epoch 977/1000  Loss: 0.004435
Epoch 978/1000  Loss: 0.002558
Epoch 979/1000  Loss: 0.007413
Epoch 980/1000  Loss: 0.002395
Epoch 981/1000  Loss: 0.005215
Epoch 982/1000  Loss: 0.001099
Epoch 983/1000  Loss: 0.008096
Epoch 984/1000  Loss: 0.002469
Epoch 985/1000  Loss: 0.007858
Epoch 986/1000  Loss: 0.006758
Epoch 987/1000  Loss: 0.001761
Epoch 988/1000  Loss: 0.006657
Epoch 989/1000  Loss: 0.004180
Epoch 990/1000  Loss: 0.005254
Epoch 991/1000  Loss: 0.002784
Epoch 992/1000  Loss: 0.001620
Epoch 993/1000  Loss: 0.002329
Epoch 994/1000  Loss: 0.001639
Epoch 995/1000  Loss: 0.006569
Epoch 996/1000  Loss: 0.003470
Epoch 997/1000  Loss: 0.001101
Epoch 998/1000  Loss: 0.010439
Epoch 999/1000  Loss: 0.001177
Epoch 1000/1000  Loss: 0.003353

============================================================
Portfolio Performance (no transaction costs)
============================================================
EW            Mean: 0.4634%  Std: 0.3025%  Sharpe: 24.3174
Factordiff    Mean: 10.0000%  Std: 0.0000%  Sharpe: 455374352102379.1875
Emp           Mean: 6.6805%  Std: 1.7069%  Sharpe: 62.1313
ShrEmp        Mean: 6.3164%  Std: 1.6962%  Sharpe: 59.1143

With transaction costs (Factordiff):
  Mean: 9.9534%  Std: 0.0844%  Sharpe: 1872.6009

Model saved to checkpoint_few.pt
