Using device: cuda
Loading data from /work/nvme/bemc/abagchi2/finance-diffusion/data/data_clean.pt...
  Shape: 150 months, 200 assets, 3 factors (subset of 350)
Epoch 1/1000  Loss: 0.904727
Epoch 2/1000  Loss: 0.644774
Epoch 3/1000  Loss: 0.443081
Epoch 4/1000  Loss: 0.301374
Epoch 5/1000  Loss: 0.194024
Epoch 6/1000  Loss: 0.116634
Epoch 7/1000  Loss: 0.079893
Epoch 8/1000  Loss: 0.068263
Epoch 9/1000  Loss: 0.074016
Epoch 10/1000  Loss: 0.044555
Epoch 11/1000  Loss: 0.040592
Epoch 12/1000  Loss: 0.052087
Epoch 13/1000  Loss: 0.055891
Epoch 14/1000  Loss: 0.055146
Epoch 15/1000  Loss: 0.037085
Epoch 16/1000  Loss: 0.046689
Epoch 17/1000  Loss: 0.056793
Epoch 18/1000  Loss: 0.058154
Epoch 19/1000  Loss: 0.053815
Epoch 20/1000  Loss: 0.047953
Epoch 21/1000  Loss: 0.036710
Epoch 22/1000  Loss: 0.060847
Epoch 23/1000  Loss: 0.042896
Epoch 24/1000  Loss: 0.045469
Epoch 25/1000  Loss: 0.034961
Epoch 26/1000  Loss: 0.030575
Epoch 27/1000  Loss: 0.035681
Epoch 28/1000  Loss: 0.053877
Epoch 29/1000  Loss: 0.056295
Epoch 30/1000  Loss: 0.052349
Epoch 31/1000  Loss: 0.033001
Epoch 32/1000  Loss: 0.073203
Epoch 33/1000  Loss: 0.058181
Epoch 34/1000  Loss: 0.080113
Epoch 35/1000  Loss: 0.070717
Epoch 36/1000  Loss: 0.018982
Epoch 37/1000  Loss: 0.052348
Epoch 38/1000  Loss: 0.038323
Epoch 39/1000  Loss: 0.037174
Epoch 40/1000  Loss: 0.046275
Epoch 41/1000  Loss: 0.048912
Epoch 42/1000  Loss: 0.047834
Epoch 43/1000  Loss: 0.038252
Epoch 44/1000  Loss: 0.039623
Epoch 45/1000  Loss: 0.023206
Epoch 46/1000  Loss: 0.035800
Epoch 47/1000  Loss: 0.057644
Epoch 48/1000  Loss: 0.023768
Epoch 49/1000  Loss: 0.037494
Epoch 50/1000  Loss: 0.038110
Epoch 51/1000  Loss: 0.073327
Epoch 52/1000  Loss: 0.044991
Epoch 53/1000  Loss: 0.066397
Epoch 54/1000  Loss: 0.061133
Epoch 55/1000  Loss: 0.062323
Epoch 56/1000  Loss: 0.042463
Epoch 57/1000  Loss: 0.028150
Epoch 58/1000  Loss: 0.066294
Epoch 59/1000  Loss: 0.026369
Epoch 60/1000  Loss: 0.031487
Epoch 61/1000  Loss: 0.027780
Epoch 62/1000  Loss: 0.042656
Epoch 63/1000  Loss: 0.042430
Epoch 64/1000  Loss: 0.070313
Epoch 65/1000  Loss: 0.054461
Epoch 66/1000  Loss: 0.024105
Epoch 67/1000  Loss: 0.055911
Epoch 68/1000  Loss: 0.072892
Epoch 69/1000  Loss: 0.039247
Epoch 70/1000  Loss: 0.041231
Epoch 71/1000  Loss: 0.042888
Epoch 72/1000  Loss: 0.041775
Epoch 73/1000  Loss: 0.025046
Epoch 74/1000  Loss: 0.032733
Epoch 75/1000  Loss: 0.022729
Epoch 76/1000  Loss: 0.038577
Epoch 77/1000  Loss: 0.035923
Epoch 78/1000  Loss: 0.032518
Epoch 79/1000  Loss: 0.055217
Epoch 80/1000  Loss: 0.061595
Epoch 81/1000  Loss: 0.077939
Epoch 82/1000  Loss: 0.059713
Epoch 83/1000  Loss: 0.061528
Epoch 84/1000  Loss: 0.047498
Epoch 85/1000  Loss: 0.049036
Epoch 86/1000  Loss: 0.029654
Epoch 87/1000  Loss: 0.038732
Epoch 88/1000  Loss: 0.045269
Epoch 89/1000  Loss: 0.056628
Epoch 90/1000  Loss: 0.036767
Epoch 91/1000  Loss: 0.062135
Epoch 92/1000  Loss: 0.065297
Epoch 93/1000  Loss: 0.048174
Epoch 94/1000  Loss: 0.038125
Epoch 95/1000  Loss: 0.068254
Epoch 96/1000  Loss: 0.034585
Epoch 97/1000  Loss: 0.032625
Epoch 98/1000  Loss: 0.027593
Epoch 99/1000  Loss: 0.033906
Epoch 100/1000  Loss: 0.047397
Epoch 101/1000  Loss: 0.037654
Epoch 102/1000  Loss: 0.043806
Epoch 103/1000  Loss: 0.051392
Epoch 104/1000  Loss: 0.067990
Epoch 105/1000  Loss: 0.032134
Epoch 106/1000  Loss: 0.033373
Epoch 107/1000  Loss: 0.051817
Epoch 108/1000  Loss: 0.039566
Epoch 109/1000  Loss: 0.038469
Epoch 110/1000  Loss: 0.033253
Epoch 111/1000  Loss: 0.031391
Epoch 112/1000  Loss: 0.036549
Epoch 113/1000  Loss: 0.042788
Epoch 114/1000  Loss: 0.049089
Epoch 115/1000  Loss: 0.031305
Epoch 116/1000  Loss: 0.050571
Epoch 117/1000  Loss: 0.032876
Epoch 118/1000  Loss: 0.070279
Epoch 119/1000  Loss: 0.047788
Epoch 120/1000  Loss: 0.046909
Epoch 121/1000  Loss: 0.046892
Epoch 122/1000  Loss: 0.036146
Epoch 123/1000  Loss: 0.040484
Epoch 124/1000  Loss: 0.047359
Epoch 125/1000  Loss: 0.043070
Epoch 126/1000  Loss: 0.049363
Epoch 127/1000  Loss: 0.053025
Epoch 128/1000  Loss: 0.041451
Epoch 129/1000  Loss: 0.041592
Epoch 130/1000  Loss: 0.019261
Epoch 131/1000  Loss: 0.024205
Epoch 132/1000  Loss: 0.023787
Epoch 133/1000  Loss: 0.020313
Epoch 134/1000  Loss: 0.028103
Epoch 135/1000  Loss: 0.056507
Epoch 136/1000  Loss: 0.030617
Epoch 137/1000  Loss: 0.037478
Epoch 138/1000  Loss: 0.036485
Epoch 139/1000  Loss: 0.044911
Epoch 140/1000  Loss: 0.032670
Epoch 141/1000  Loss: 0.041828
Epoch 142/1000  Loss: 0.058986
Epoch 143/1000  Loss: 0.059882
Epoch 144/1000  Loss: 0.031628
Epoch 145/1000  Loss: 0.054351
Epoch 146/1000  Loss: 0.052206
Epoch 147/1000  Loss: 0.032296
Epoch 148/1000  Loss: 0.039918
Epoch 149/1000  Loss: 0.043277
Epoch 150/1000  Loss: 0.032968
Epoch 151/1000  Loss: 0.059220
Epoch 152/1000  Loss: 0.037917
Epoch 153/1000  Loss: 0.050247
Epoch 154/1000  Loss: 0.035194
Epoch 155/1000  Loss: 0.027546
Epoch 156/1000  Loss: 0.053221
Epoch 157/1000  Loss: 0.048278
Epoch 158/1000  Loss: 0.043341
Epoch 159/1000  Loss: 0.022719
Epoch 160/1000  Loss: 0.071381
Epoch 161/1000  Loss: 0.037537
Epoch 162/1000  Loss: 0.054692
Epoch 163/1000  Loss: 0.036816
Epoch 164/1000  Loss: 0.045836
Epoch 165/1000  Loss: 0.034433
Epoch 166/1000  Loss: 0.045940
Epoch 167/1000  Loss: 0.045556
Epoch 168/1000  Loss: 0.027066
Epoch 169/1000  Loss: 0.046423
Epoch 170/1000  Loss: 0.046065
Epoch 171/1000  Loss: 0.044073
Epoch 172/1000  Loss: 0.035057
Epoch 173/1000  Loss: 0.051106
Epoch 174/1000  Loss: 0.039168
Epoch 175/1000  Loss: 0.041702
Epoch 176/1000  Loss: 0.053136
Epoch 177/1000  Loss: 0.055581
Epoch 178/1000  Loss: 0.032800
Epoch 179/1000  Loss: 0.052426
Epoch 180/1000  Loss: 0.047819
Epoch 181/1000  Loss: 0.049466
Epoch 182/1000  Loss: 0.045432
Epoch 183/1000  Loss: 0.045253
Epoch 184/1000  Loss: 0.045319
Epoch 185/1000  Loss: 0.037915
Epoch 186/1000  Loss: 0.027463
Epoch 187/1000  Loss: 0.078762
Epoch 188/1000  Loss: 0.041026
Epoch 189/1000  Loss: 0.042975
Epoch 190/1000  Loss: 0.038202
Epoch 191/1000  Loss: 0.051494
Epoch 192/1000  Loss: 0.042977
Epoch 193/1000  Loss: 0.034407
Epoch 194/1000  Loss: 0.016970
Epoch 195/1000  Loss: 0.047935
Epoch 196/1000  Loss: 0.036650
Epoch 197/1000  Loss: 0.030959
Epoch 198/1000  Loss: 0.030040
Epoch 199/1000  Loss: 0.051953
Epoch 200/1000  Loss: 0.046834
Epoch 201/1000  Loss: 0.071161
Epoch 202/1000  Loss: 0.027668
Epoch 203/1000  Loss: 0.055463
Epoch 204/1000  Loss: 0.026147
Epoch 205/1000  Loss: 0.062368
Epoch 206/1000  Loss: 0.023203
Epoch 207/1000  Loss: 0.032580
Epoch 208/1000  Loss: 0.038284
Epoch 209/1000  Loss: 0.041097
Epoch 210/1000  Loss: 0.042736
Epoch 211/1000  Loss: 0.040893
Epoch 212/1000  Loss: 0.047472
Epoch 213/1000  Loss: 0.054403
Epoch 214/1000  Loss: 0.043178
Epoch 215/1000  Loss: 0.025331
Epoch 216/1000  Loss: 0.051711
Epoch 217/1000  Loss: 0.036560
Epoch 218/1000  Loss: 0.047469
Epoch 219/1000  Loss: 0.047481
Epoch 220/1000  Loss: 0.061596
Epoch 221/1000  Loss: 0.048393
Epoch 222/1000  Loss: 0.030618
Epoch 223/1000  Loss: 0.041275
Epoch 224/1000  Loss: 0.054523
Epoch 225/1000  Loss: 0.049530
Epoch 226/1000  Loss: 0.040622
Epoch 227/1000  Loss: 0.028109
Epoch 228/1000  Loss: 0.052950
Epoch 229/1000  Loss: 0.048359
Epoch 230/1000  Loss: 0.066013
Epoch 231/1000  Loss: 0.024056
Epoch 232/1000  Loss: 0.029929
Epoch 233/1000  Loss: 0.047244
Epoch 234/1000  Loss: 0.026449
Epoch 235/1000  Loss: 0.039645
Epoch 236/1000  Loss: 0.055712
Epoch 237/1000  Loss: 0.043787
Epoch 238/1000  Loss: 0.017028
Epoch 239/1000  Loss: 0.028416
Epoch 240/1000  Loss: 0.058191
Epoch 241/1000  Loss: 0.055872
Epoch 242/1000  Loss: 0.050768
Epoch 243/1000  Loss: 0.028714
Epoch 244/1000  Loss: 0.050554
Epoch 245/1000  Loss: 0.052663
Epoch 246/1000  Loss: 0.054263
Epoch 247/1000  Loss: 0.063972
Epoch 248/1000  Loss: 0.057094
Epoch 249/1000  Loss: 0.044771
Epoch 250/1000  Loss: 0.039179
Epoch 251/1000  Loss: 0.047814
Epoch 252/1000  Loss: 0.034904
Epoch 253/1000  Loss: 0.048050
Epoch 254/1000  Loss: 0.051337
Epoch 255/1000  Loss: 0.032967
Epoch 256/1000  Loss: 0.055195
Epoch 257/1000  Loss: 0.074661
Epoch 258/1000  Loss: 0.024506
Epoch 259/1000  Loss: 0.043493
Epoch 260/1000  Loss: 0.030913
Epoch 261/1000  Loss: 0.035713
Epoch 262/1000  Loss: 0.031311
Epoch 263/1000  Loss: 0.037653
Epoch 264/1000  Loss: 0.024798
Epoch 265/1000  Loss: 0.065818
Epoch 266/1000  Loss: 0.048472
Epoch 267/1000  Loss: 0.059571
Epoch 268/1000  Loss: 0.034182
Epoch 269/1000  Loss: 0.057267
Epoch 270/1000  Loss: 0.042578
Epoch 271/1000  Loss: 0.038423
Epoch 272/1000  Loss: 0.035134
Epoch 273/1000  Loss: 0.029465
Epoch 274/1000  Loss: 0.038627
Epoch 275/1000  Loss: 0.053796
Epoch 276/1000  Loss: 0.040658
Epoch 277/1000  Loss: 0.026244
Epoch 278/1000  Loss: 0.026242
Epoch 279/1000  Loss: 0.055180
Epoch 280/1000  Loss: 0.017145
Epoch 281/1000  Loss: 0.083157
Epoch 282/1000  Loss: 0.041816
Epoch 283/1000  Loss: 0.034339
Epoch 284/1000  Loss: 0.054056
Epoch 285/1000  Loss: 0.022774
Epoch 286/1000  Loss: 0.038263
Epoch 287/1000  Loss: 0.059145
Epoch 288/1000  Loss: 0.055402
Epoch 289/1000  Loss: 0.029960
Epoch 290/1000  Loss: 0.054808
Epoch 291/1000  Loss: 0.040590
Epoch 292/1000  Loss: 0.028322
Epoch 293/1000  Loss: 0.052819
Epoch 294/1000  Loss: 0.034156
Epoch 295/1000  Loss: 0.013617
Epoch 296/1000  Loss: 0.045255
Epoch 297/1000  Loss: 0.041181
Epoch 298/1000  Loss: 0.064667
Epoch 299/1000  Loss: 0.030632
Epoch 300/1000  Loss: 0.038524
Epoch 301/1000  Loss: 0.027551
Epoch 302/1000  Loss: 0.044546
Epoch 303/1000  Loss: 0.027688
Epoch 304/1000  Loss: 0.033269
Epoch 305/1000  Loss: 0.074283
Epoch 306/1000  Loss: 0.054518
Epoch 307/1000  Loss: 0.048441
Epoch 308/1000  Loss: 0.027010
Epoch 309/1000  Loss: 0.044515
Epoch 310/1000  Loss: 0.055263
Epoch 311/1000  Loss: 0.029244
Epoch 312/1000  Loss: 0.024266
Epoch 313/1000  Loss: 0.026646
Epoch 314/1000  Loss: 0.041462
Epoch 315/1000  Loss: 0.032655
Epoch 316/1000  Loss: 0.038789
Epoch 317/1000  Loss: 0.046915
Epoch 318/1000  Loss: 0.026074
Epoch 319/1000  Loss: 0.049709
Epoch 320/1000  Loss: 0.049895
Epoch 321/1000  Loss: 0.036083
Epoch 322/1000  Loss: 0.029977
Epoch 323/1000  Loss: 0.023099
Epoch 324/1000  Loss: 0.043663
Epoch 325/1000  Loss: 0.037381
Epoch 326/1000  Loss: 0.044180
Epoch 327/1000  Loss: 0.046389
Epoch 328/1000  Loss: 0.058891
Epoch 329/1000  Loss: 0.054068
Epoch 330/1000  Loss: 0.045063
Epoch 331/1000  Loss: 0.036913
Epoch 332/1000  Loss: 0.045549
Epoch 333/1000  Loss: 0.032558
Epoch 334/1000  Loss: 0.043477
Epoch 335/1000  Loss: 0.033933
Epoch 336/1000  Loss: 0.049587
Epoch 337/1000  Loss: 0.048580
Epoch 338/1000  Loss: 0.027529
Epoch 339/1000  Loss: 0.033265
Epoch 340/1000  Loss: 0.054744
Epoch 341/1000  Loss: 0.046300
Epoch 342/1000  Loss: 0.029738
Epoch 343/1000  Loss: 0.049818
Epoch 344/1000  Loss: 0.052240
Epoch 345/1000  Loss: 0.038823
Epoch 346/1000  Loss: 0.034628
Epoch 347/1000  Loss: 0.029674
Epoch 348/1000  Loss: 0.037213
Epoch 349/1000  Loss: 0.042093
Epoch 350/1000  Loss: 0.030426
Epoch 351/1000  Loss: 0.031058
Epoch 352/1000  Loss: 0.047763
Epoch 353/1000  Loss: 0.040662
Epoch 354/1000  Loss: 0.031494
Epoch 355/1000  Loss: 0.037275
Epoch 356/1000  Loss: 0.048332
Epoch 357/1000  Loss: 0.045202
Epoch 358/1000  Loss: 0.033123
Epoch 359/1000  Loss: 0.026826
Epoch 360/1000  Loss: 0.048092
Epoch 361/1000  Loss: 0.046574
Epoch 362/1000  Loss: 0.051504
Epoch 363/1000  Loss: 0.068410
Epoch 364/1000  Loss: 0.064074
Epoch 365/1000  Loss: 0.026866
Epoch 366/1000  Loss: 0.048448
Epoch 367/1000  Loss: 0.034406
Epoch 368/1000  Loss: 0.035994
Epoch 369/1000  Loss: 0.061541
Epoch 370/1000  Loss: 0.077456
Epoch 371/1000  Loss: 0.035744
Epoch 372/1000  Loss: 0.037751
Epoch 373/1000  Loss: 0.037664
Epoch 374/1000  Loss: 0.057212
Epoch 375/1000  Loss: 0.055036
Epoch 376/1000  Loss: 0.035620
Epoch 377/1000  Loss: 0.030145
Epoch 378/1000  Loss: 0.028966
Epoch 379/1000  Loss: 0.062410
Epoch 380/1000  Loss: 0.035939
Epoch 381/1000  Loss: 0.048544
Epoch 382/1000  Loss: 0.036673
Epoch 383/1000  Loss: 0.056990
Epoch 384/1000  Loss: 0.035698
Epoch 385/1000  Loss: 0.039031
Epoch 386/1000  Loss: 0.052573
Epoch 387/1000  Loss: 0.041184
Epoch 388/1000  Loss: 0.051042
Epoch 389/1000  Loss: 0.059295
Epoch 390/1000  Loss: 0.027104
Epoch 391/1000  Loss: 0.066526
Epoch 392/1000  Loss: 0.043453
Epoch 393/1000  Loss: 0.031159
Epoch 394/1000  Loss: 0.040194
Epoch 395/1000  Loss: 0.040574
Epoch 396/1000  Loss: 0.048995
Epoch 397/1000  Loss: 0.051495
Epoch 398/1000  Loss: 0.043938
Epoch 399/1000  Loss: 0.027952
Epoch 400/1000  Loss: 0.030060
Epoch 401/1000  Loss: 0.049770
Epoch 402/1000  Loss: 0.036623
Epoch 403/1000  Loss: 0.062580
Epoch 404/1000  Loss: 0.040471
Epoch 405/1000  Loss: 0.040448
Epoch 406/1000  Loss: 0.045182
Epoch 407/1000  Loss: 0.043807
Epoch 408/1000  Loss: 0.023202
Epoch 409/1000  Loss: 0.034924
Epoch 410/1000  Loss: 0.051795
Epoch 411/1000  Loss: 0.039815
Epoch 412/1000  Loss: 0.035750
Epoch 413/1000  Loss: 0.043459
Epoch 414/1000  Loss: 0.054668
Epoch 415/1000  Loss: 0.046572
Epoch 416/1000  Loss: 0.030337
Epoch 417/1000  Loss: 0.036204
Epoch 418/1000  Loss: 0.028081
Epoch 419/1000  Loss: 0.038842
Epoch 420/1000  Loss: 0.043956
Epoch 421/1000  Loss: 0.024994
Epoch 422/1000  Loss: 0.050053
Epoch 423/1000  Loss: 0.034362
Epoch 424/1000  Loss: 0.073047
Epoch 425/1000  Loss: 0.041021
Epoch 426/1000  Loss: 0.030079
Epoch 427/1000  Loss: 0.056531
Epoch 428/1000  Loss: 0.037684
Epoch 429/1000  Loss: 0.043139
Epoch 430/1000  Loss: 0.047457
Epoch 431/1000  Loss: 0.030252
Epoch 432/1000  Loss: 0.034404
Epoch 433/1000  Loss: 0.043102
Epoch 434/1000  Loss: 0.032949
Epoch 435/1000  Loss: 0.048246
Epoch 436/1000  Loss: 0.056163
Epoch 437/1000  Loss: 0.034654
Epoch 438/1000  Loss: 0.053198
Epoch 439/1000  Loss: 0.071928
Epoch 440/1000  Loss: 0.031351
Epoch 441/1000  Loss: 0.033565
Epoch 442/1000  Loss: 0.027636
Epoch 443/1000  Loss: 0.029931
Epoch 444/1000  Loss: 0.047658
Epoch 445/1000  Loss: 0.041219
Epoch 446/1000  Loss: 0.033651
Epoch 447/1000  Loss: 0.042678
Epoch 448/1000  Loss: 0.037951
Epoch 449/1000  Loss: 0.028714
Epoch 450/1000  Loss: 0.039309
Epoch 451/1000  Loss: 0.041685
Epoch 452/1000  Loss: 0.082257
Epoch 453/1000  Loss: 0.051180
Epoch 454/1000  Loss: 0.052296
Epoch 455/1000  Loss: 0.050513
Epoch 456/1000  Loss: 0.037851
Epoch 457/1000  Loss: 0.054197
Epoch 458/1000  Loss: 0.035665
Epoch 459/1000  Loss: 0.029968
Epoch 460/1000  Loss: 0.038023
Epoch 461/1000  Loss: 0.026705
Epoch 462/1000  Loss: 0.035399
Epoch 463/1000  Loss: 0.054224
Epoch 464/1000  Loss: 0.024043
Epoch 465/1000  Loss: 0.037364
Epoch 466/1000  Loss: 0.027685
Epoch 467/1000  Loss: 0.042811
Epoch 468/1000  Loss: 0.039630
Epoch 469/1000  Loss: 0.022162
Epoch 470/1000  Loss: 0.032845
Epoch 471/1000  Loss: 0.070568
Epoch 472/1000  Loss: 0.042596
Epoch 473/1000  Loss: 0.045363
Epoch 474/1000  Loss: 0.025234
Epoch 475/1000  Loss: 0.038990
Epoch 476/1000  Loss: 0.038480
Epoch 477/1000  Loss: 0.024833
Epoch 478/1000  Loss: 0.024265
Epoch 479/1000  Loss: 0.052315
Epoch 480/1000  Loss: 0.039126
Epoch 481/1000  Loss: 0.055348
Epoch 482/1000  Loss: 0.032944
Epoch 483/1000  Loss: 0.048814
Epoch 484/1000  Loss: 0.030597
Epoch 485/1000  Loss: 0.029956
Epoch 486/1000  Loss: 0.031858
Epoch 487/1000  Loss: 0.044937
Epoch 488/1000  Loss: 0.043108
Epoch 489/1000  Loss: 0.025096
Epoch 490/1000  Loss: 0.038207
Epoch 491/1000  Loss: 0.057276
Epoch 492/1000  Loss: 0.033513
Epoch 493/1000  Loss: 0.061956
Epoch 494/1000  Loss: 0.031350
Epoch 495/1000  Loss: 0.024074
Epoch 496/1000  Loss: 0.035565
Epoch 497/1000  Loss: 0.031582
Epoch 498/1000  Loss: 0.035356
Epoch 499/1000  Loss: 0.016700
Epoch 500/1000  Loss: 0.077889
Epoch 501/1000  Loss: 0.051882
Epoch 502/1000  Loss: 0.041916
Epoch 503/1000  Loss: 0.042830
Epoch 504/1000  Loss: 0.044722
Epoch 505/1000  Loss: 0.026972
Epoch 506/1000  Loss: 0.045425
Epoch 507/1000  Loss: 0.043894
Epoch 508/1000  Loss: 0.055234
Epoch 509/1000  Loss: 0.043846
Epoch 510/1000  Loss: 0.053324
Epoch 511/1000  Loss: 0.039604
Epoch 512/1000  Loss: 0.058117
Epoch 513/1000  Loss: 0.042117
Epoch 514/1000  Loss: 0.024186
Epoch 515/1000  Loss: 0.043310
Epoch 516/1000  Loss: 0.074137
Epoch 517/1000  Loss: 0.031646
Epoch 518/1000  Loss: 0.046222
Epoch 519/1000  Loss: 0.051111
Epoch 520/1000  Loss: 0.043279
Epoch 521/1000  Loss: 0.026538
Epoch 522/1000  Loss: 0.039766
Epoch 523/1000  Loss: 0.069116
Epoch 524/1000  Loss: 0.039466
Epoch 525/1000  Loss: 0.031192
Epoch 526/1000  Loss: 0.030665
Epoch 527/1000  Loss: 0.046186
Epoch 528/1000  Loss: 0.058408
Epoch 529/1000  Loss: 0.067674
Epoch 530/1000  Loss: 0.034284
Epoch 531/1000  Loss: 0.061209
Epoch 532/1000  Loss: 0.034743
Epoch 533/1000  Loss: 0.045429
Epoch 534/1000  Loss: 0.040735
Epoch 535/1000  Loss: 0.055790
Epoch 536/1000  Loss: 0.027295
Epoch 537/1000  Loss: 0.040323
Epoch 538/1000  Loss: 0.031154
Epoch 539/1000  Loss: 0.038678
Epoch 540/1000  Loss: 0.042913
Epoch 541/1000  Loss: 0.033856
Epoch 542/1000  Loss: 0.036496
Epoch 543/1000  Loss: 0.030918
Epoch 544/1000  Loss: 0.061280
Epoch 545/1000  Loss: 0.039586
Epoch 546/1000  Loss: 0.049469
Epoch 547/1000  Loss: 0.034062
Epoch 548/1000  Loss: 0.055064
Epoch 549/1000  Loss: 0.032646
Epoch 550/1000  Loss: 0.054241
Epoch 551/1000  Loss: 0.034227
Epoch 552/1000  Loss: 0.028662
Epoch 553/1000  Loss: 0.025779
Epoch 554/1000  Loss: 0.032978
Epoch 555/1000  Loss: 0.033960
Epoch 556/1000  Loss: 0.050523
Epoch 557/1000  Loss: 0.051494
Epoch 558/1000  Loss: 0.034362
Epoch 559/1000  Loss: 0.044510
Epoch 560/1000  Loss: 0.038926
Epoch 561/1000  Loss: 0.035992
Epoch 562/1000  Loss: 0.033861
Epoch 563/1000  Loss: 0.046273
Epoch 564/1000  Loss: 0.057523
Epoch 565/1000  Loss: 0.029718
Epoch 566/1000  Loss: 0.032575
Epoch 567/1000  Loss: 0.043905
Epoch 568/1000  Loss: 0.042344
Epoch 569/1000  Loss: 0.060810
Epoch 570/1000  Loss: 0.038477
Epoch 571/1000  Loss: 0.044477
Epoch 572/1000  Loss: 0.044120
Epoch 573/1000  Loss: 0.027212
Epoch 574/1000  Loss: 0.046089
Epoch 575/1000  Loss: 0.048448
Epoch 576/1000  Loss: 0.035636
Epoch 577/1000  Loss: 0.049629
Epoch 578/1000  Loss: 0.018830
Epoch 579/1000  Loss: 0.051132
Epoch 580/1000  Loss: 0.039049
Epoch 581/1000  Loss: 0.027039
Epoch 582/1000  Loss: 0.014844
Epoch 583/1000  Loss: 0.032122
Epoch 584/1000  Loss: 0.056401
Epoch 585/1000  Loss: 0.049726
Epoch 586/1000  Loss: 0.036836
Epoch 587/1000  Loss: 0.048781
Epoch 588/1000  Loss: 0.045782
Epoch 589/1000  Loss: 0.041600
Epoch 590/1000  Loss: 0.044808
Epoch 591/1000  Loss: 0.014559
Epoch 592/1000  Loss: 0.057892
Epoch 593/1000  Loss: 0.043019
Epoch 594/1000  Loss: 0.042045
Epoch 595/1000  Loss: 0.034467
Epoch 596/1000  Loss: 0.053721
Epoch 597/1000  Loss: 0.083449
Epoch 598/1000  Loss: 0.030284
Epoch 599/1000  Loss: 0.051284
Epoch 600/1000  Loss: 0.057582
Epoch 601/1000  Loss: 0.043713
Epoch 602/1000  Loss: 0.051770
Epoch 603/1000  Loss: 0.037850
Epoch 604/1000  Loss: 0.027542
Epoch 605/1000  Loss: 0.026557
Epoch 606/1000  Loss: 0.045840
Epoch 607/1000  Loss: 0.053249
Epoch 608/1000  Loss: 0.049183
Epoch 609/1000  Loss: 0.029688
Epoch 610/1000  Loss: 0.027313
Epoch 611/1000  Loss: 0.021414
Epoch 612/1000  Loss: 0.040310
Epoch 613/1000  Loss: 0.032878
Epoch 614/1000  Loss: 0.038994
Epoch 615/1000  Loss: 0.043171
Epoch 616/1000  Loss: 0.041277
Epoch 617/1000  Loss: 0.033495
Epoch 618/1000  Loss: 0.036947
Epoch 619/1000  Loss: 0.049184
Epoch 620/1000  Loss: 0.049440
Epoch 621/1000  Loss: 0.072532
Epoch 622/1000  Loss: 0.043720
Epoch 623/1000  Loss: 0.027021
Epoch 624/1000  Loss: 0.069254
Epoch 625/1000  Loss: 0.039820
Epoch 626/1000  Loss: 0.029735
Epoch 627/1000  Loss: 0.032908
Epoch 628/1000  Loss: 0.050630
Epoch 629/1000  Loss: 0.035888
Epoch 630/1000  Loss: 0.028401
Epoch 631/1000  Loss: 0.039811
Epoch 632/1000  Loss: 0.057445
Epoch 633/1000  Loss: 0.051675
Epoch 634/1000  Loss: 0.052255
Epoch 635/1000  Loss: 0.073102
Epoch 636/1000  Loss: 0.041919
Epoch 637/1000  Loss: 0.052528
Epoch 638/1000  Loss: 0.035665
Epoch 639/1000  Loss: 0.030478
Epoch 640/1000  Loss: 0.035374
Epoch 641/1000  Loss: 0.045115
Epoch 642/1000  Loss: 0.036939
Epoch 643/1000  Loss: 0.047964
Epoch 644/1000  Loss: 0.036898
Epoch 645/1000  Loss: 0.045304
Epoch 646/1000  Loss: 0.047913
Epoch 647/1000  Loss: 0.054427
Epoch 648/1000  Loss: 0.039557
Epoch 649/1000  Loss: 0.035767
Epoch 650/1000  Loss: 0.061470
Epoch 651/1000  Loss: 0.065365
Epoch 652/1000  Loss: 0.029944
Epoch 653/1000  Loss: 0.045975
Epoch 654/1000  Loss: 0.049620
Epoch 655/1000  Loss: 0.016243
Epoch 656/1000  Loss: 0.047730
Epoch 657/1000  Loss: 0.041245
Epoch 658/1000  Loss: 0.039999
Epoch 659/1000  Loss: 0.040936
Epoch 660/1000  Loss: 0.025658
Epoch 661/1000  Loss: 0.025636
Epoch 662/1000  Loss: 0.027283
Epoch 663/1000  Loss: 0.039712
Epoch 664/1000  Loss: 0.039832
Epoch 665/1000  Loss: 0.057937
Epoch 666/1000  Loss: 0.048233
Epoch 667/1000  Loss: 0.057685
Epoch 668/1000  Loss: 0.052256
Epoch 669/1000  Loss: 0.036790
Epoch 670/1000  Loss: 0.032963
Epoch 671/1000  Loss: 0.039991
Epoch 672/1000  Loss: 0.074182
Epoch 673/1000  Loss: 0.033426
Epoch 674/1000  Loss: 0.057440
Epoch 675/1000  Loss: 0.023004
Epoch 676/1000  Loss: 0.026899
Epoch 677/1000  Loss: 0.040533
Epoch 678/1000  Loss: 0.067833
Epoch 679/1000  Loss: 0.052399
Epoch 680/1000  Loss: 0.035104
Epoch 681/1000  Loss: 0.043251
Epoch 682/1000  Loss: 0.059498
Epoch 683/1000  Loss: 0.027739
Epoch 684/1000  Loss: 0.058926
Epoch 685/1000  Loss: 0.031544
Epoch 686/1000  Loss: 0.022118
Epoch 687/1000  Loss: 0.047835
Epoch 688/1000  Loss: 0.026750
Epoch 689/1000  Loss: 0.036253
Epoch 690/1000  Loss: 0.037850
Epoch 691/1000  Loss: 0.039477
Epoch 692/1000  Loss: 0.037817
Epoch 693/1000  Loss: 0.041840
Epoch 694/1000  Loss: 0.046945
Epoch 695/1000  Loss: 0.028240
Epoch 696/1000  Loss: 0.035231
Epoch 697/1000  Loss: 0.022874
Epoch 698/1000  Loss: 0.037723
Epoch 699/1000  Loss: 0.048726
Epoch 700/1000  Loss: 0.068429
Epoch 701/1000  Loss: 0.023694
Epoch 702/1000  Loss: 0.022954
Epoch 703/1000  Loss: 0.047786
Epoch 704/1000  Loss: 0.025493
Epoch 705/1000  Loss: 0.059980
Epoch 706/1000  Loss: 0.048815
Epoch 707/1000  Loss: 0.057082
Epoch 708/1000  Loss: 0.025068
Epoch 709/1000  Loss: 0.025043
Epoch 710/1000  Loss: 0.026670
Epoch 711/1000  Loss: 0.034698
Epoch 712/1000  Loss: 0.057803
Epoch 713/1000  Loss: 0.074024
Epoch 714/1000  Loss: 0.056053
Epoch 715/1000  Loss: 0.056584
Epoch 716/1000  Loss: 0.040108
Epoch 717/1000  Loss: 0.044267
Epoch 718/1000  Loss: 0.043289
Epoch 719/1000  Loss: 0.022105
Epoch 720/1000  Loss: 0.040875
Epoch 721/1000  Loss: 0.034252
Epoch 722/1000  Loss: 0.036245
Epoch 723/1000  Loss: 0.043527
Epoch 724/1000  Loss: 0.039141
Epoch 725/1000  Loss: 0.044145
Epoch 726/1000  Loss: 0.038754
Epoch 727/1000  Loss: 0.032546
Epoch 728/1000  Loss: 0.057207
Epoch 729/1000  Loss: 0.022604
Epoch 730/1000  Loss: 0.031851
Epoch 731/1000  Loss: 0.042190
Epoch 732/1000  Loss: 0.040737
Epoch 733/1000  Loss: 0.043788
Epoch 734/1000  Loss: 0.038508
Epoch 735/1000  Loss: 0.050370
Epoch 736/1000  Loss: 0.047151
Epoch 737/1000  Loss: 0.042927
Epoch 738/1000  Loss: 0.050082
Epoch 739/1000  Loss: 0.023093
Epoch 740/1000  Loss: 0.032832
Epoch 741/1000  Loss: 0.034429
Epoch 742/1000  Loss: 0.035226
Epoch 743/1000  Loss: 0.021747
Epoch 744/1000  Loss: 0.065430
Epoch 745/1000  Loss: 0.022618
Epoch 746/1000  Loss: 0.029079
Epoch 747/1000  Loss: 0.044819
Epoch 748/1000  Loss: 0.053886
Epoch 749/1000  Loss: 0.042759
Epoch 750/1000  Loss: 0.046005
Epoch 751/1000  Loss: 0.033806
Epoch 752/1000  Loss: 0.033449
Epoch 753/1000  Loss: 0.049417
Epoch 754/1000  Loss: 0.040541
Epoch 755/1000  Loss: 0.029759
Epoch 756/1000  Loss: 0.031346
Epoch 757/1000  Loss: 0.033878
Epoch 758/1000  Loss: 0.048328
Epoch 759/1000  Loss: 0.040991
Epoch 760/1000  Loss: 0.041940
Epoch 761/1000  Loss: 0.032004
Epoch 762/1000  Loss: 0.051327
Epoch 763/1000  Loss: 0.039866
Epoch 764/1000  Loss: 0.045701
Epoch 765/1000  Loss: 0.038150
Epoch 766/1000  Loss: 0.032671
Epoch 767/1000  Loss: 0.026192
Epoch 768/1000  Loss: 0.018411
Epoch 769/1000  Loss: 0.039683
Epoch 770/1000  Loss: 0.035764
Epoch 771/1000  Loss: 0.051916
Epoch 772/1000  Loss: 0.021414
Epoch 773/1000  Loss: 0.039598
Epoch 774/1000  Loss: 0.038181
Epoch 775/1000  Loss: 0.049822
Epoch 776/1000  Loss: 0.032461
Epoch 777/1000  Loss: 0.045309
Epoch 778/1000  Loss: 0.037210
Epoch 779/1000  Loss: 0.035961
Epoch 780/1000  Loss: 0.030758
Epoch 781/1000  Loss: 0.023829
Epoch 782/1000  Loss: 0.043150
Epoch 783/1000  Loss: 0.028058
Epoch 784/1000  Loss: 0.062499
Epoch 785/1000  Loss: 0.026749
Epoch 786/1000  Loss: 0.019429
Epoch 787/1000  Loss: 0.032792
Epoch 788/1000  Loss: 0.054634
Epoch 789/1000  Loss: 0.050747
Epoch 790/1000  Loss: 0.053138
Epoch 791/1000  Loss: 0.040612
Epoch 792/1000  Loss: 0.053569
Epoch 793/1000  Loss: 0.030347
Epoch 794/1000  Loss: 0.043373
Epoch 795/1000  Loss: 0.035063
Epoch 796/1000  Loss: 0.047898
Epoch 797/1000  Loss: 0.022285
Epoch 798/1000  Loss: 0.047629
Epoch 799/1000  Loss: 0.027055
Epoch 800/1000  Loss: 0.075584
Epoch 801/1000  Loss: 0.036834
Epoch 802/1000  Loss: 0.045682
Epoch 803/1000  Loss: 0.042716
Epoch 804/1000  Loss: 0.031488
Epoch 805/1000  Loss: 0.052956
Epoch 806/1000  Loss: 0.047882
Epoch 807/1000  Loss: 0.035076
Epoch 808/1000  Loss: 0.047987
Epoch 809/1000  Loss: 0.035255
Epoch 810/1000  Loss: 0.036582
Epoch 811/1000  Loss: 0.020552
Epoch 812/1000  Loss: 0.030878
Epoch 813/1000  Loss: 0.050519
Epoch 814/1000  Loss: 0.046016
Epoch 815/1000  Loss: 0.040817
Epoch 816/1000  Loss: 0.031870
Epoch 817/1000  Loss: 0.054168
Epoch 818/1000  Loss: 0.033516
Epoch 819/1000  Loss: 0.036646
Epoch 820/1000  Loss: 0.038922
Epoch 821/1000  Loss: 0.050249
Epoch 822/1000  Loss: 0.027177
Epoch 823/1000  Loss: 0.044576
Epoch 824/1000  Loss: 0.024200
Epoch 825/1000  Loss: 0.040917
Epoch 826/1000  Loss: 0.038409
Epoch 827/1000  Loss: 0.034835
Epoch 828/1000  Loss: 0.040690
Epoch 829/1000  Loss: 0.028170
Epoch 830/1000  Loss: 0.027492
Epoch 831/1000  Loss: 0.034933
Epoch 832/1000  Loss: 0.035854
Epoch 833/1000  Loss: 0.036414
Epoch 834/1000  Loss: 0.034671
Epoch 835/1000  Loss: 0.058905
Epoch 836/1000  Loss: 0.051193
Epoch 837/1000  Loss: 0.041928
Epoch 838/1000  Loss: 0.046668
Epoch 839/1000  Loss: 0.028672
Epoch 840/1000  Loss: 0.022638
Epoch 841/1000  Loss: 0.024753
Epoch 842/1000  Loss: 0.035990
Epoch 843/1000  Loss: 0.052038
Epoch 844/1000  Loss: 0.052400
Epoch 845/1000  Loss: 0.046949
Epoch 846/1000  Loss: 0.078310
Epoch 847/1000  Loss: 0.033570
Epoch 848/1000  Loss: 0.028605
Epoch 849/1000  Loss: 0.050842
Epoch 850/1000  Loss: 0.030193
Epoch 851/1000  Loss: 0.026948
Epoch 852/1000  Loss: 0.063066
Epoch 853/1000  Loss: 0.028815
Epoch 854/1000  Loss: 0.029890
Epoch 855/1000  Loss: 0.032103
Epoch 856/1000  Loss: 0.024769
Epoch 857/1000  Loss: 0.045201
Epoch 858/1000  Loss: 0.035397
Epoch 859/1000  Loss: 0.034587
Epoch 860/1000  Loss: 0.042727
Epoch 861/1000  Loss: 0.044632
Epoch 862/1000  Loss: 0.032963
Epoch 863/1000  Loss: 0.028453
Epoch 864/1000  Loss: 0.040888
Epoch 865/1000  Loss: 0.047218
Epoch 866/1000  Loss: 0.046558
Epoch 867/1000  Loss: 0.031158
Epoch 868/1000  Loss: 0.057705
Epoch 869/1000  Loss: 0.041001
Epoch 870/1000  Loss: 0.055862
Epoch 871/1000  Loss: 0.030006
Epoch 872/1000  Loss: 0.036790
Epoch 873/1000  Loss: 0.034026
Epoch 874/1000  Loss: 0.031790
Epoch 875/1000  Loss: 0.062514
Epoch 876/1000  Loss: 0.043602
Epoch 877/1000  Loss: 0.054326
Epoch 878/1000  Loss: 0.027678
Epoch 879/1000  Loss: 0.019065
Epoch 880/1000  Loss: 0.032272
Epoch 881/1000  Loss: 0.051436
Epoch 882/1000  Loss: 0.023885
Epoch 883/1000  Loss: 0.067093
Epoch 884/1000  Loss: 0.036447
Epoch 885/1000  Loss: 0.040454
Epoch 886/1000  Loss: 0.056278
Epoch 887/1000  Loss: 0.034565
Epoch 888/1000  Loss: 0.028243
Epoch 889/1000  Loss: 0.044677
Epoch 890/1000  Loss: 0.045236
Epoch 891/1000  Loss: 0.029622
Epoch 892/1000  Loss: 0.029427
Epoch 893/1000  Loss: 0.041539
Epoch 894/1000  Loss: 0.044113
Epoch 895/1000  Loss: 0.046430
Epoch 896/1000  Loss: 0.058905
Epoch 897/1000  Loss: 0.047678
Epoch 898/1000  Loss: 0.044014
Epoch 899/1000  Loss: 0.035722
Epoch 900/1000  Loss: 0.023855
Epoch 901/1000  Loss: 0.024546
Epoch 902/1000  Loss: 0.051801
Epoch 903/1000  Loss: 0.035954
Epoch 904/1000  Loss: 0.039736
Epoch 905/1000  Loss: 0.029780
Epoch 906/1000  Loss: 0.029476
Epoch 907/1000  Loss: 0.039256
Epoch 908/1000  Loss: 0.042143
Epoch 909/1000  Loss: 0.053468
Epoch 910/1000  Loss: 0.029679
Epoch 911/1000  Loss: 0.030255
Epoch 912/1000  Loss: 0.040547
Epoch 913/1000  Loss: 0.035953
Epoch 914/1000  Loss: 0.044752
Epoch 915/1000  Loss: 0.046796
Epoch 916/1000  Loss: 0.044304
Epoch 917/1000  Loss: 0.023275
Epoch 918/1000  Loss: 0.040664
Epoch 919/1000  Loss: 0.048160
Epoch 920/1000  Loss: 0.042905
Epoch 921/1000  Loss: 0.035723
Epoch 922/1000  Loss: 0.035226
Epoch 923/1000  Loss: 0.044708
Epoch 924/1000  Loss: 0.031908
Epoch 925/1000  Loss: 0.046539
Epoch 926/1000  Loss: 0.048136
Epoch 927/1000  Loss: 0.047160
Epoch 928/1000  Loss: 0.016696
Epoch 929/1000  Loss: 0.052687
Epoch 930/1000  Loss: 0.052761
Epoch 931/1000  Loss: 0.066695
Epoch 932/1000  Loss: 0.038394
Epoch 933/1000  Loss: 0.016582
Epoch 934/1000  Loss: 0.037108
Epoch 935/1000  Loss: 0.058789
Epoch 936/1000  Loss: 0.034917
Epoch 937/1000  Loss: 0.046020
Epoch 938/1000  Loss: 0.047263
Epoch 939/1000  Loss: 0.046309
Epoch 940/1000  Loss: 0.052564
Epoch 941/1000  Loss: 0.047981
Epoch 942/1000  Loss: 0.041587
Epoch 943/1000  Loss: 0.035510
Epoch 944/1000  Loss: 0.051400
Epoch 945/1000  Loss: 0.050535
Epoch 946/1000  Loss: 0.047740
Epoch 947/1000  Loss: 0.035309
Epoch 948/1000  Loss: 0.046435
Epoch 949/1000  Loss: 0.039199
Epoch 950/1000  Loss: 0.027170
Epoch 951/1000  Loss: 0.027954
Epoch 952/1000  Loss: 0.052747
Epoch 953/1000  Loss: 0.050614
Epoch 954/1000  Loss: 0.042360
Epoch 955/1000  Loss: 0.041332
Epoch 956/1000  Loss: 0.036960
Epoch 957/1000  Loss: 0.025261
Epoch 958/1000  Loss: 0.024284
Epoch 959/1000  Loss: 0.038745
Epoch 960/1000  Loss: 0.044976
Epoch 961/1000  Loss: 0.041010
Epoch 962/1000  Loss: 0.036785
Epoch 963/1000  Loss: 0.041040
Epoch 964/1000  Loss: 0.035248
Epoch 965/1000  Loss: 0.030825
Epoch 966/1000  Loss: 0.031372
Epoch 967/1000  Loss: 0.033457
Epoch 968/1000  Loss: 0.031013
Epoch 969/1000  Loss: 0.057054
Epoch 970/1000  Loss: 0.031189
Epoch 971/1000  Loss: 0.058935
Epoch 972/1000  Loss: 0.023539
Epoch 973/1000  Loss: 0.046884
Epoch 974/1000  Loss: 0.030674
Epoch 975/1000  Loss: 0.049840
Epoch 976/1000  Loss: 0.064007
Epoch 977/1000  Loss: 0.039053
Epoch 978/1000  Loss: 0.038373
Epoch 979/1000  Loss: 0.063344
Epoch 980/1000  Loss: 0.019196
Epoch 981/1000  Loss: 0.038449
Epoch 982/1000  Loss: 0.022112
Epoch 983/1000  Loss: 0.048024
Epoch 984/1000  Loss: 0.019763
Epoch 985/1000  Loss: 0.049319
Epoch 986/1000  Loss: 0.069049
Epoch 987/1000  Loss: 0.027151
Epoch 988/1000  Loss: 0.050706
Epoch 989/1000  Loss: 0.049179
Epoch 990/1000  Loss: 0.045189
Epoch 991/1000  Loss: 0.037256
Epoch 992/1000  Loss: 0.022591
Epoch 993/1000  Loss: 0.031040
Epoch 994/1000  Loss: 0.033189
Epoch 995/1000  Loss: 0.065465
Epoch 996/1000  Loss: 0.053109
Epoch 997/1000  Loss: 0.026920
Epoch 998/1000  Loss: 0.049193
Epoch 999/1000  Loss: 0.028462
Epoch 1000/1000  Loss: 0.026785

Samples saved to /work/nvme/bemc/abagchi2/finance-diffusion/sweep_results/k3/samples and /work/nvme/bemc/abagchi2/finance-diffusion/sweep_results/k3/samples_all.npz

============================================================
Portfolio Performance (no transaction costs)
============================================================
EW            Mean: 1.3504%  Std: 7.4747%  Sharpe: 0.6258  Sortino: 83.0021  Calmar: 0.7653  RtC: -0.0000
Factordiff    Mean: 0.8643%  Std: 6.1018%  Sharpe: 0.4907  Sortino: 101.9886  Calmar: 0.5079  RtC: -11.1499
Emp           Mean: 0.9877%  Std: 6.0084%  Sharpe: 0.5695  Sortino: 80.9992  Calmar: 0.7112  RtC: -1.4539
ShrEmp        Mean: 1.1886%  Std: 6.1249%  Sharpe: 0.6722  Sortino: 98.5431  Calmar: 0.8542  RtC: 3.3561

With transaction costs (Factordiff):
  Mean: 0.5089%  Std: 6.1954%  Sharpe: 0.2846  Sortino: 0.3833  Calmar: 0.3247  RtC: -21.4862

Model saved to /work/nvme/bemc/abagchi2/finance-diffusion/sweep_results/k3/checkpoint_k3.pt

Plots and CSV data saved to /work/nvme/bemc/abagchi2/finance-diffusion/sweep_results/k3/plots
