Using device: cuda
Loading data from /work/nvme/bemc/abagchi2/finance-diffusion/data/data_clean.pt...
  Shape: 150 months, 200 assets, 240 factors (subset of 350)
Epoch 1/1000  Loss: 0.904402
Epoch 2/1000  Loss: 0.643740
Epoch 3/1000  Loss: 0.440950
Epoch 4/1000  Loss: 0.300207
Epoch 5/1000  Loss: 0.188863
Epoch 6/1000  Loss: 0.108728
Epoch 7/1000  Loss: 0.074468
Epoch 8/1000  Loss: 0.059622
Epoch 9/1000  Loss: 0.069473
Epoch 10/1000  Loss: 0.037221
Epoch 11/1000  Loss: 0.043264
Epoch 12/1000  Loss: 0.049854
Epoch 13/1000  Loss: 0.058263
Epoch 14/1000  Loss: 0.058815
Epoch 15/1000  Loss: 0.037277
Epoch 16/1000  Loss: 0.051655
Epoch 17/1000  Loss: 0.054171
Epoch 18/1000  Loss: 0.060241
Epoch 19/1000  Loss: 0.052919
Epoch 20/1000  Loss: 0.045815
Epoch 21/1000  Loss: 0.032197
Epoch 22/1000  Loss: 0.058621
Epoch 23/1000  Loss: 0.039502
Epoch 24/1000  Loss: 0.041002
Epoch 25/1000  Loss: 0.034437
Epoch 26/1000  Loss: 0.029621
Epoch 27/1000  Loss: 0.033499
Epoch 28/1000  Loss: 0.053666
Epoch 29/1000  Loss: 0.057147
Epoch 30/1000  Loss: 0.049757
Epoch 31/1000  Loss: 0.033000
Epoch 32/1000  Loss: 0.062175
Epoch 33/1000  Loss: 0.055115
Epoch 34/1000  Loss: 0.070779
Epoch 35/1000  Loss: 0.065247
Epoch 36/1000  Loss: 0.018871
Epoch 37/1000  Loss: 0.045317
Epoch 38/1000  Loss: 0.033076
Epoch 39/1000  Loss: 0.036601
Epoch 40/1000  Loss: 0.042382
Epoch 41/1000  Loss: 0.045113
Epoch 42/1000  Loss: 0.047312
Epoch 43/1000  Loss: 0.037241
Epoch 44/1000  Loss: 0.039929
Epoch 45/1000  Loss: 0.022963
Epoch 46/1000  Loss: 0.034128
Epoch 47/1000  Loss: 0.056634
Epoch 48/1000  Loss: 0.025683
Epoch 49/1000  Loss: 0.038107
Epoch 50/1000  Loss: 0.033330
Epoch 51/1000  Loss: 0.064217
Epoch 52/1000  Loss: 0.039101
Epoch 53/1000  Loss: 0.059445
Epoch 54/1000  Loss: 0.057653
Epoch 55/1000  Loss: 0.062157
Epoch 56/1000  Loss: 0.040972
Epoch 57/1000  Loss: 0.030093
Epoch 58/1000  Loss: 0.062255
Epoch 59/1000  Loss: 0.024547
Epoch 60/1000  Loss: 0.028876
Epoch 61/1000  Loss: 0.028235
Epoch 62/1000  Loss: 0.042482
Epoch 63/1000  Loss: 0.041618
Epoch 64/1000  Loss: 0.065437
Epoch 65/1000  Loss: 0.048741
Epoch 66/1000  Loss: 0.023888
Epoch 67/1000  Loss: 0.057784
Epoch 68/1000  Loss: 0.066270
Epoch 69/1000  Loss: 0.036847
Epoch 70/1000  Loss: 0.039391
Epoch 71/1000  Loss: 0.038977
Epoch 72/1000  Loss: 0.036328
Epoch 73/1000  Loss: 0.022481
Epoch 74/1000  Loss: 0.030434
Epoch 75/1000  Loss: 0.020855
Epoch 76/1000  Loss: 0.034597
Epoch 77/1000  Loss: 0.032639
Epoch 78/1000  Loss: 0.029206
Epoch 79/1000  Loss: 0.049185
Epoch 80/1000  Loss: 0.056402
Epoch 81/1000  Loss: 0.073881
Epoch 82/1000  Loss: 0.056947
Epoch 83/1000  Loss: 0.060379
Epoch 84/1000  Loss: 0.045788
Epoch 85/1000  Loss: 0.046425
Epoch 86/1000  Loss: 0.025445
Epoch 87/1000  Loss: 0.034720
Epoch 88/1000  Loss: 0.041090
Epoch 89/1000  Loss: 0.054318
Epoch 90/1000  Loss: 0.032275
Epoch 91/1000  Loss: 0.055960
Epoch 92/1000  Loss: 0.061783
Epoch 93/1000  Loss: 0.044474
Epoch 94/1000  Loss: 0.038200
Epoch 95/1000  Loss: 0.065002
Epoch 96/1000  Loss: 0.030693
Epoch 97/1000  Loss: 0.031866
Epoch 98/1000  Loss: 0.024196
Epoch 99/1000  Loss: 0.033022
Epoch 100/1000  Loss: 0.042538
Epoch 101/1000  Loss: 0.033883
Epoch 102/1000  Loss: 0.039138
Epoch 103/1000  Loss: 0.047199
Epoch 104/1000  Loss: 0.063060
Epoch 105/1000  Loss: 0.033607
Epoch 106/1000  Loss: 0.032402
Epoch 107/1000  Loss: 0.048776
Epoch 108/1000  Loss: 0.037093
Epoch 109/1000  Loss: 0.037394
Epoch 110/1000  Loss: 0.028610
Epoch 111/1000  Loss: 0.029141
Epoch 112/1000  Loss: 0.036969
Epoch 113/1000  Loss: 0.038825
Epoch 114/1000  Loss: 0.039906
Epoch 115/1000  Loss: 0.027418
Epoch 116/1000  Loss: 0.045495
Epoch 117/1000  Loss: 0.030112
Epoch 118/1000  Loss: 0.065611
Epoch 119/1000  Loss: 0.044363
Epoch 120/1000  Loss: 0.043368
Epoch 121/1000  Loss: 0.042311
Epoch 122/1000  Loss: 0.034606
Epoch 123/1000  Loss: 0.039047
Epoch 124/1000  Loss: 0.040601
Epoch 125/1000  Loss: 0.037224
Epoch 126/1000  Loss: 0.047638
Epoch 127/1000  Loss: 0.052100
Epoch 128/1000  Loss: 0.036875
Epoch 129/1000  Loss: 0.037571
Epoch 130/1000  Loss: 0.016999
Epoch 131/1000  Loss: 0.021677
Epoch 132/1000  Loss: 0.022555
Epoch 133/1000  Loss: 0.019695
Epoch 134/1000  Loss: 0.027621
Epoch 135/1000  Loss: 0.048006
Epoch 136/1000  Loss: 0.028822
Epoch 137/1000  Loss: 0.036706
Epoch 138/1000  Loss: 0.039100
Epoch 139/1000  Loss: 0.041916
Epoch 140/1000  Loss: 0.031727
Epoch 141/1000  Loss: 0.035219
Epoch 142/1000  Loss: 0.054954
Epoch 143/1000  Loss: 0.056841
Epoch 144/1000  Loss: 0.029734
Epoch 145/1000  Loss: 0.049471
Epoch 146/1000  Loss: 0.051607
Epoch 147/1000  Loss: 0.030626
Epoch 148/1000  Loss: 0.038450
Epoch 149/1000  Loss: 0.041793
Epoch 150/1000  Loss: 0.032111
Epoch 151/1000  Loss: 0.057255
Epoch 152/1000  Loss: 0.034909
Epoch 153/1000  Loss: 0.046253
Epoch 154/1000  Loss: 0.032601
Epoch 155/1000  Loss: 0.024218
Epoch 156/1000  Loss: 0.052400
Epoch 157/1000  Loss: 0.044080
Epoch 158/1000  Loss: 0.040760
Epoch 159/1000  Loss: 0.021260
Epoch 160/1000  Loss: 0.067385
Epoch 161/1000  Loss: 0.038355
Epoch 162/1000  Loss: 0.050137
Epoch 163/1000  Loss: 0.032695
Epoch 164/1000  Loss: 0.041356
Epoch 165/1000  Loss: 0.029409
Epoch 166/1000  Loss: 0.043532
Epoch 167/1000  Loss: 0.044302
Epoch 168/1000  Loss: 0.025331
Epoch 169/1000  Loss: 0.040179
Epoch 170/1000  Loss: 0.042731
Epoch 171/1000  Loss: 0.040854
Epoch 172/1000  Loss: 0.035784
Epoch 173/1000  Loss: 0.050751
Epoch 174/1000  Loss: 0.035655
Epoch 175/1000  Loss: 0.041659
Epoch 176/1000  Loss: 0.048358
Epoch 177/1000  Loss: 0.050942
Epoch 178/1000  Loss: 0.030927
Epoch 179/1000  Loss: 0.048177
Epoch 180/1000  Loss: 0.045074
Epoch 181/1000  Loss: 0.042495
Epoch 182/1000  Loss: 0.040984
Epoch 183/1000  Loss: 0.040761
Epoch 184/1000  Loss: 0.041263
Epoch 185/1000  Loss: 0.034794
Epoch 186/1000  Loss: 0.024525
Epoch 187/1000  Loss: 0.071563
Epoch 188/1000  Loss: 0.036070
Epoch 189/1000  Loss: 0.038663
Epoch 190/1000  Loss: 0.035837
Epoch 191/1000  Loss: 0.047982
Epoch 192/1000  Loss: 0.041128
Epoch 193/1000  Loss: 0.031004
Epoch 194/1000  Loss: 0.014317
Epoch 195/1000  Loss: 0.041459
Epoch 196/1000  Loss: 0.036209
Epoch 197/1000  Loss: 0.031069
Epoch 198/1000  Loss: 0.027377
Epoch 199/1000  Loss: 0.050379
Epoch 200/1000  Loss: 0.042627
Epoch 201/1000  Loss: 0.071652
Epoch 202/1000  Loss: 0.025296
Epoch 203/1000  Loss: 0.052561
Epoch 204/1000  Loss: 0.025831
Epoch 205/1000  Loss: 0.058500
Epoch 206/1000  Loss: 0.021304
Epoch 207/1000  Loss: 0.030203
Epoch 208/1000  Loss: 0.034412
Epoch 209/1000  Loss: 0.037146
Epoch 210/1000  Loss: 0.041411
Epoch 211/1000  Loss: 0.038170
Epoch 212/1000  Loss: 0.039300
Epoch 213/1000  Loss: 0.048420
Epoch 214/1000  Loss: 0.042826
Epoch 215/1000  Loss: 0.021233
Epoch 216/1000  Loss: 0.043410
Epoch 217/1000  Loss: 0.032359
Epoch 218/1000  Loss: 0.043101
Epoch 219/1000  Loss: 0.045113
Epoch 220/1000  Loss: 0.054522
Epoch 221/1000  Loss: 0.043635
Epoch 222/1000  Loss: 0.028585
Epoch 223/1000  Loss: 0.036559
Epoch 224/1000  Loss: 0.047403
Epoch 225/1000  Loss: 0.043804
Epoch 226/1000  Loss: 0.035302
Epoch 227/1000  Loss: 0.025188
Epoch 228/1000  Loss: 0.052149
Epoch 229/1000  Loss: 0.042788
Epoch 230/1000  Loss: 0.058965
Epoch 231/1000  Loss: 0.022366
Epoch 232/1000  Loss: 0.027667
Epoch 233/1000  Loss: 0.046287
Epoch 234/1000  Loss: 0.025044
Epoch 235/1000  Loss: 0.035180
Epoch 236/1000  Loss: 0.051134
Epoch 237/1000  Loss: 0.039187
Epoch 238/1000  Loss: 0.016711
Epoch 239/1000  Loss: 0.026765
Epoch 240/1000  Loss: 0.054768
Epoch 241/1000  Loss: 0.047499
Epoch 242/1000  Loss: 0.047986
Epoch 243/1000  Loss: 0.026424
Epoch 244/1000  Loss: 0.046601
Epoch 245/1000  Loss: 0.050122
Epoch 246/1000  Loss: 0.048400
Epoch 247/1000  Loss: 0.061252
Epoch 248/1000  Loss: 0.053212
Epoch 249/1000  Loss: 0.045792
Epoch 250/1000  Loss: 0.037656
Epoch 251/1000  Loss: 0.045025
Epoch 252/1000  Loss: 0.032004
Epoch 253/1000  Loss: 0.044990
Epoch 254/1000  Loss: 0.049574
Epoch 255/1000  Loss: 0.028580
Epoch 256/1000  Loss: 0.052287
Epoch 257/1000  Loss: 0.070045
Epoch 258/1000  Loss: 0.019416
Epoch 259/1000  Loss: 0.041090
Epoch 260/1000  Loss: 0.032365
Epoch 261/1000  Loss: 0.033798
Epoch 262/1000  Loss: 0.025788
Epoch 263/1000  Loss: 0.035418
Epoch 264/1000  Loss: 0.020747
Epoch 265/1000  Loss: 0.057327
Epoch 266/1000  Loss: 0.042670
Epoch 267/1000  Loss: 0.050192
Epoch 268/1000  Loss: 0.032287
Epoch 269/1000  Loss: 0.052108
Epoch 270/1000  Loss: 0.038232
Epoch 271/1000  Loss: 0.033915
Epoch 272/1000  Loss: 0.029952
Epoch 273/1000  Loss: 0.025635
Epoch 274/1000  Loss: 0.036631
Epoch 275/1000  Loss: 0.049938
Epoch 276/1000  Loss: 0.035380
Epoch 277/1000  Loss: 0.023257
Epoch 278/1000  Loss: 0.023821
Epoch 279/1000  Loss: 0.049504
Epoch 280/1000  Loss: 0.015174
Epoch 281/1000  Loss: 0.074641
Epoch 282/1000  Loss: 0.042335
Epoch 283/1000  Loss: 0.030716
Epoch 284/1000  Loss: 0.046198
Epoch 285/1000  Loss: 0.019979
Epoch 286/1000  Loss: 0.035890
Epoch 287/1000  Loss: 0.054320
Epoch 288/1000  Loss: 0.048396
Epoch 289/1000  Loss: 0.024638
Epoch 290/1000  Loss: 0.047067
Epoch 291/1000  Loss: 0.034734
Epoch 292/1000  Loss: 0.028835
Epoch 293/1000  Loss: 0.046837
Epoch 294/1000  Loss: 0.029513
Epoch 295/1000  Loss: 0.011785
Epoch 296/1000  Loss: 0.039897
Epoch 297/1000  Loss: 0.040997
Epoch 298/1000  Loss: 0.061284
Epoch 299/1000  Loss: 0.028129
Epoch 300/1000  Loss: 0.033289
Epoch 301/1000  Loss: 0.024818
Epoch 302/1000  Loss: 0.039694
Epoch 303/1000  Loss: 0.027156
Epoch 304/1000  Loss: 0.030464
Epoch 305/1000  Loss: 0.074110
Epoch 306/1000  Loss: 0.046471
Epoch 307/1000  Loss: 0.044115
Epoch 308/1000  Loss: 0.025543
Epoch 309/1000  Loss: 0.044383
Epoch 310/1000  Loss: 0.050232
Epoch 311/1000  Loss: 0.025277
Epoch 312/1000  Loss: 0.023683
Epoch 313/1000  Loss: 0.024189
Epoch 314/1000  Loss: 0.035682
Epoch 315/1000  Loss: 0.027223
Epoch 316/1000  Loss: 0.035775
Epoch 317/1000  Loss: 0.042616
Epoch 318/1000  Loss: 0.024273
Epoch 319/1000  Loss: 0.043027
Epoch 320/1000  Loss: 0.043625
Epoch 321/1000  Loss: 0.031324
Epoch 322/1000  Loss: 0.028547
Epoch 323/1000  Loss: 0.021164
Epoch 324/1000  Loss: 0.037593
Epoch 325/1000  Loss: 0.032555
Epoch 326/1000  Loss: 0.038193
Epoch 327/1000  Loss: 0.039946
Epoch 328/1000  Loss: 0.054898
Epoch 329/1000  Loss: 0.047057
Epoch 330/1000  Loss: 0.038211
Epoch 331/1000  Loss: 0.031460
Epoch 332/1000  Loss: 0.037097
Epoch 333/1000  Loss: 0.026336
Epoch 334/1000  Loss: 0.043540
Epoch 335/1000  Loss: 0.031886
Epoch 336/1000  Loss: 0.048585
Epoch 337/1000  Loss: 0.042384
Epoch 338/1000  Loss: 0.024911
Epoch 339/1000  Loss: 0.031504
Epoch 340/1000  Loss: 0.048121
Epoch 341/1000  Loss: 0.045149
Epoch 342/1000  Loss: 0.023961
Epoch 343/1000  Loss: 0.049662
Epoch 344/1000  Loss: 0.043814
Epoch 345/1000  Loss: 0.037918
Epoch 346/1000  Loss: 0.030464
Epoch 347/1000  Loss: 0.029573
Epoch 348/1000  Loss: 0.032698
Epoch 349/1000  Loss: 0.038987
Epoch 350/1000  Loss: 0.028045
Epoch 351/1000  Loss: 0.029526
Epoch 352/1000  Loss: 0.044291
Epoch 353/1000  Loss: 0.036666
Epoch 354/1000  Loss: 0.028874
Epoch 355/1000  Loss: 0.034619
Epoch 356/1000  Loss: 0.042064
Epoch 357/1000  Loss: 0.041939
Epoch 358/1000  Loss: 0.028716
Epoch 359/1000  Loss: 0.025833
Epoch 360/1000  Loss: 0.042807
Epoch 361/1000  Loss: 0.042641
Epoch 362/1000  Loss: 0.048013
Epoch 363/1000  Loss: 0.062214
Epoch 364/1000  Loss: 0.058901
Epoch 365/1000  Loss: 0.025373
Epoch 366/1000  Loss: 0.039120
Epoch 367/1000  Loss: 0.030621
Epoch 368/1000  Loss: 0.032335
Epoch 369/1000  Loss: 0.054133
Epoch 370/1000  Loss: 0.068316
Epoch 371/1000  Loss: 0.031995
Epoch 372/1000  Loss: 0.034360
Epoch 373/1000  Loss: 0.034528
Epoch 374/1000  Loss: 0.052370
Epoch 375/1000  Loss: 0.049065
Epoch 376/1000  Loss: 0.031321
Epoch 377/1000  Loss: 0.027530
Epoch 378/1000  Loss: 0.022701
Epoch 379/1000  Loss: 0.060862
Epoch 380/1000  Loss: 0.031192
Epoch 381/1000  Loss: 0.041576
Epoch 382/1000  Loss: 0.032909
Epoch 383/1000  Loss: 0.055137
Epoch 384/1000  Loss: 0.034150
Epoch 385/1000  Loss: 0.034729
Epoch 386/1000  Loss: 0.048706
Epoch 387/1000  Loss: 0.035242
Epoch 388/1000  Loss: 0.042866
Epoch 389/1000  Loss: 0.054307
Epoch 390/1000  Loss: 0.024343
Epoch 391/1000  Loss: 0.058738
Epoch 392/1000  Loss: 0.036979
Epoch 393/1000  Loss: 0.030181
Epoch 394/1000  Loss: 0.040587
Epoch 395/1000  Loss: 0.037961
Epoch 396/1000  Loss: 0.047644
Epoch 397/1000  Loss: 0.047487
Epoch 398/1000  Loss: 0.042137
Epoch 399/1000  Loss: 0.026679
Epoch 400/1000  Loss: 0.026084
Epoch 401/1000  Loss: 0.043710
Epoch 402/1000  Loss: 0.033336
Epoch 403/1000  Loss: 0.058681
Epoch 404/1000  Loss: 0.036123
Epoch 405/1000  Loss: 0.034698
Epoch 406/1000  Loss: 0.043310
Epoch 407/1000  Loss: 0.039655
Epoch 408/1000  Loss: 0.022976
Epoch 409/1000  Loss: 0.031514
Epoch 410/1000  Loss: 0.048408
Epoch 411/1000  Loss: 0.035081
Epoch 412/1000  Loss: 0.032611
Epoch 413/1000  Loss: 0.040088
Epoch 414/1000  Loss: 0.046056
Epoch 415/1000  Loss: 0.041494
Epoch 416/1000  Loss: 0.025963
Epoch 417/1000  Loss: 0.030549
Epoch 418/1000  Loss: 0.026089
Epoch 419/1000  Loss: 0.035206
Epoch 420/1000  Loss: 0.035760
Epoch 421/1000  Loss: 0.021129
Epoch 422/1000  Loss: 0.042776
Epoch 423/1000  Loss: 0.033992
Epoch 424/1000  Loss: 0.068571
Epoch 425/1000  Loss: 0.037172
Epoch 426/1000  Loss: 0.028606
Epoch 427/1000  Loss: 0.048614
Epoch 428/1000  Loss: 0.035100
Epoch 429/1000  Loss: 0.035531
Epoch 430/1000  Loss: 0.041389
Epoch 431/1000  Loss: 0.024110
Epoch 432/1000  Loss: 0.032300
Epoch 433/1000  Loss: 0.038565
Epoch 434/1000  Loss: 0.028484
Epoch 435/1000  Loss: 0.044020
Epoch 436/1000  Loss: 0.052847
Epoch 437/1000  Loss: 0.033544
Epoch 438/1000  Loss: 0.049182
Epoch 439/1000  Loss: 0.063251
Epoch 440/1000  Loss: 0.027732
Epoch 441/1000  Loss: 0.029392
Epoch 442/1000  Loss: 0.024283
Epoch 443/1000  Loss: 0.025565
Epoch 444/1000  Loss: 0.041963
Epoch 445/1000  Loss: 0.038469
Epoch 446/1000  Loss: 0.029377
Epoch 447/1000  Loss: 0.039850
Epoch 448/1000  Loss: 0.030855
Epoch 449/1000  Loss: 0.025352
Epoch 450/1000  Loss: 0.036722
Epoch 451/1000  Loss: 0.037770
Epoch 452/1000  Loss: 0.074511
Epoch 453/1000  Loss: 0.043480
Epoch 454/1000  Loss: 0.048046
Epoch 455/1000  Loss: 0.042738
Epoch 456/1000  Loss: 0.031482
Epoch 457/1000  Loss: 0.046971
Epoch 458/1000  Loss: 0.033242
Epoch 459/1000  Loss: 0.029645
Epoch 460/1000  Loss: 0.034572
Epoch 461/1000  Loss: 0.024743
Epoch 462/1000  Loss: 0.030950
Epoch 463/1000  Loss: 0.051641
Epoch 464/1000  Loss: 0.020585
Epoch 465/1000  Loss: 0.034515
Epoch 466/1000  Loss: 0.024654
Epoch 467/1000  Loss: 0.036467
Epoch 468/1000  Loss: 0.035889
Epoch 469/1000  Loss: 0.018370
Epoch 470/1000  Loss: 0.028301
Epoch 471/1000  Loss: 0.067618
Epoch 472/1000  Loss: 0.038041
Epoch 473/1000  Loss: 0.038211
Epoch 474/1000  Loss: 0.022581
Epoch 475/1000  Loss: 0.033100
Epoch 476/1000  Loss: 0.032925
Epoch 477/1000  Loss: 0.020615
Epoch 478/1000  Loss: 0.022105
Epoch 479/1000  Loss: 0.048972
Epoch 480/1000  Loss: 0.033506
Epoch 481/1000  Loss: 0.050109
Epoch 482/1000  Loss: 0.030093
Epoch 483/1000  Loss: 0.039126
Epoch 484/1000  Loss: 0.027369
Epoch 485/1000  Loss: 0.027273
Epoch 486/1000  Loss: 0.029618
Epoch 487/1000  Loss: 0.039721
Epoch 488/1000  Loss: 0.039551
Epoch 489/1000  Loss: 0.022748
Epoch 490/1000  Loss: 0.035550
Epoch 491/1000  Loss: 0.050272
Epoch 492/1000  Loss: 0.029292
Epoch 493/1000  Loss: 0.058226
Epoch 494/1000  Loss: 0.028467
Epoch 495/1000  Loss: 0.025347
Epoch 496/1000  Loss: 0.029304
Epoch 497/1000  Loss: 0.027709
Epoch 498/1000  Loss: 0.030139
Epoch 499/1000  Loss: 0.016249
Epoch 500/1000  Loss: 0.071848
Epoch 501/1000  Loss: 0.045009
Epoch 502/1000  Loss: 0.034275
Epoch 503/1000  Loss: 0.036968
Epoch 504/1000  Loss: 0.040559
Epoch 505/1000  Loss: 0.023963
Epoch 506/1000  Loss: 0.045513
Epoch 507/1000  Loss: 0.038942
Epoch 508/1000  Loss: 0.047143
Epoch 509/1000  Loss: 0.041202
Epoch 510/1000  Loss: 0.047794
Epoch 511/1000  Loss: 0.033748
Epoch 512/1000  Loss: 0.049285
Epoch 513/1000  Loss: 0.040199
Epoch 514/1000  Loss: 0.021586
Epoch 515/1000  Loss: 0.040988
Epoch 516/1000  Loss: 0.064965
Epoch 517/1000  Loss: 0.031054
Epoch 518/1000  Loss: 0.038208
Epoch 519/1000  Loss: 0.044697
Epoch 520/1000  Loss: 0.034467
Epoch 521/1000  Loss: 0.023401
Epoch 522/1000  Loss: 0.029151
Epoch 523/1000  Loss: 0.058717
Epoch 524/1000  Loss: 0.035876
Epoch 525/1000  Loss: 0.028511
Epoch 526/1000  Loss: 0.027965
Epoch 527/1000  Loss: 0.040330
Epoch 528/1000  Loss: 0.053171
Epoch 529/1000  Loss: 0.059227
Epoch 530/1000  Loss: 0.030938
Epoch 531/1000  Loss: 0.055709
Epoch 532/1000  Loss: 0.030879
Epoch 533/1000  Loss: 0.042353
Epoch 534/1000  Loss: 0.036253
Epoch 535/1000  Loss: 0.047752
Epoch 536/1000  Loss: 0.023260
Epoch 537/1000  Loss: 0.034333
Epoch 538/1000  Loss: 0.026294
Epoch 539/1000  Loss: 0.029434
Epoch 540/1000  Loss: 0.038446
Epoch 541/1000  Loss: 0.031336
Epoch 542/1000  Loss: 0.031688
Epoch 543/1000  Loss: 0.025150
Epoch 544/1000  Loss: 0.054466
Epoch 545/1000  Loss: 0.036439
Epoch 546/1000  Loss: 0.044172
Epoch 547/1000  Loss: 0.027578
Epoch 548/1000  Loss: 0.045632
Epoch 549/1000  Loss: 0.027764
Epoch 550/1000  Loss: 0.044047
Epoch 551/1000  Loss: 0.029124
Epoch 552/1000  Loss: 0.021030
Epoch 553/1000  Loss: 0.020754
Epoch 554/1000  Loss: 0.031377
Epoch 555/1000  Loss: 0.027877
Epoch 556/1000  Loss: 0.042963
Epoch 557/1000  Loss: 0.043533
Epoch 558/1000  Loss: 0.031157
Epoch 559/1000  Loss: 0.037122
Epoch 560/1000  Loss: 0.031980
Epoch 561/1000  Loss: 0.029276
Epoch 562/1000  Loss: 0.026782
Epoch 563/1000  Loss: 0.040455
Epoch 564/1000  Loss: 0.051266
Epoch 565/1000  Loss: 0.022543
Epoch 566/1000  Loss: 0.029624
Epoch 567/1000  Loss: 0.036962
Epoch 568/1000  Loss: 0.037854
Epoch 569/1000  Loss: 0.057144
Epoch 570/1000  Loss: 0.033971
Epoch 571/1000  Loss: 0.040227
Epoch 572/1000  Loss: 0.036193
Epoch 573/1000  Loss: 0.023729
Epoch 574/1000  Loss: 0.042004
Epoch 575/1000  Loss: 0.041216
Epoch 576/1000  Loss: 0.028021
Epoch 577/1000  Loss: 0.041538
Epoch 578/1000  Loss: 0.016979
Epoch 579/1000  Loss: 0.043877
Epoch 580/1000  Loss: 0.034232
Epoch 581/1000  Loss: 0.022666
Epoch 582/1000  Loss: 0.012338
Epoch 583/1000  Loss: 0.028564
Epoch 584/1000  Loss: 0.051389
Epoch 585/1000  Loss: 0.041280
Epoch 586/1000  Loss: 0.032105
Epoch 587/1000  Loss: 0.042643
Epoch 588/1000  Loss: 0.038148
Epoch 589/1000  Loss: 0.039194
Epoch 590/1000  Loss: 0.037574
Epoch 591/1000  Loss: 0.012505
Epoch 592/1000  Loss: 0.049660
Epoch 593/1000  Loss: 0.036377
Epoch 594/1000  Loss: 0.034024
Epoch 595/1000  Loss: 0.026302
Epoch 596/1000  Loss: 0.040486
Epoch 597/1000  Loss: 0.073764
Epoch 598/1000  Loss: 0.025342
Epoch 599/1000  Loss: 0.044113
Epoch 600/1000  Loss: 0.049464
Epoch 601/1000  Loss: 0.036763
Epoch 602/1000  Loss: 0.044710
Epoch 603/1000  Loss: 0.026446
Epoch 604/1000  Loss: 0.024672
Epoch 605/1000  Loss: 0.021543
Epoch 606/1000  Loss: 0.037288
Epoch 607/1000  Loss: 0.047385
Epoch 608/1000  Loss: 0.039359
Epoch 609/1000  Loss: 0.026098
Epoch 610/1000  Loss: 0.021942
Epoch 611/1000  Loss: 0.017148
Epoch 612/1000  Loss: 0.032440
Epoch 613/1000  Loss: 0.027322
Epoch 614/1000  Loss: 0.031000
Epoch 615/1000  Loss: 0.034996
Epoch 616/1000  Loss: 0.034670
Epoch 617/1000  Loss: 0.025869
Epoch 618/1000  Loss: 0.029769
Epoch 619/1000  Loss: 0.040052
Epoch 620/1000  Loss: 0.040633
Epoch 621/1000  Loss: 0.064588
Epoch 622/1000  Loss: 0.035395
Epoch 623/1000  Loss: 0.021065
Epoch 624/1000  Loss: 0.056716
Epoch 625/1000  Loss: 0.034733
Epoch 626/1000  Loss: 0.023572
Epoch 627/1000  Loss: 0.026466
Epoch 628/1000  Loss: 0.040937
Epoch 629/1000  Loss: 0.028748
Epoch 630/1000  Loss: 0.024302
Epoch 631/1000  Loss: 0.031618
Epoch 632/1000  Loss: 0.049245
Epoch 633/1000  Loss: 0.041006
Epoch 634/1000  Loss: 0.041316
Epoch 635/1000  Loss: 0.065263
Epoch 636/1000  Loss: 0.036086
Epoch 637/1000  Loss: 0.041718
Epoch 638/1000  Loss: 0.029723
Epoch 639/1000  Loss: 0.023560
Epoch 640/1000  Loss: 0.031010
Epoch 641/1000  Loss: 0.035642
Epoch 642/1000  Loss: 0.031384
Epoch 643/1000  Loss: 0.037586
Epoch 644/1000  Loss: 0.029433
Epoch 645/1000  Loss: 0.036923
Epoch 646/1000  Loss: 0.039085
Epoch 647/1000  Loss: 0.043229
Epoch 648/1000  Loss: 0.032374
Epoch 649/1000  Loss: 0.026740
Epoch 650/1000  Loss: 0.047978
Epoch 651/1000  Loss: 0.057373
Epoch 652/1000  Loss: 0.024646
Epoch 653/1000  Loss: 0.039988
Epoch 654/1000  Loss: 0.041050
Epoch 655/1000  Loss: 0.014227
Epoch 656/1000  Loss: 0.041153
Epoch 657/1000  Loss: 0.032968
Epoch 658/1000  Loss: 0.032279
Epoch 659/1000  Loss: 0.031936
Epoch 660/1000  Loss: 0.021276
Epoch 661/1000  Loss: 0.022153
Epoch 662/1000  Loss: 0.021969
Epoch 663/1000  Loss: 0.033369
Epoch 664/1000  Loss: 0.029661
Epoch 665/1000  Loss: 0.051298
Epoch 666/1000  Loss: 0.038459
Epoch 667/1000  Loss: 0.046844
Epoch 668/1000  Loss: 0.044180
Epoch 669/1000  Loss: 0.026058
Epoch 670/1000  Loss: 0.027145
Epoch 671/1000  Loss: 0.033602
Epoch 672/1000  Loss: 0.061143
Epoch 673/1000  Loss: 0.025440
Epoch 674/1000  Loss: 0.047880
Epoch 675/1000  Loss: 0.020568
Epoch 676/1000  Loss: 0.022859
Epoch 677/1000  Loss: 0.032249
Epoch 678/1000  Loss: 0.057972
Epoch 679/1000  Loss: 0.043598
Epoch 680/1000  Loss: 0.028697
Epoch 681/1000  Loss: 0.034601
Epoch 682/1000  Loss: 0.047852
Epoch 683/1000  Loss: 0.020801
Epoch 684/1000  Loss: 0.052107
Epoch 685/1000  Loss: 0.026088
Epoch 686/1000  Loss: 0.016786
Epoch 687/1000  Loss: 0.038310
Epoch 688/1000  Loss: 0.020231
Epoch 689/1000  Loss: 0.030248
Epoch 690/1000  Loss: 0.032026
Epoch 691/1000  Loss: 0.030686
Epoch 692/1000  Loss: 0.028536
Epoch 693/1000  Loss: 0.032433
Epoch 694/1000  Loss: 0.039177
Epoch 695/1000  Loss: 0.021670
Epoch 696/1000  Loss: 0.028812
Epoch 697/1000  Loss: 0.016734
Epoch 698/1000  Loss: 0.027980
Epoch 699/1000  Loss: 0.038028
Epoch 700/1000  Loss: 0.058429
Epoch 701/1000  Loss: 0.019286
Epoch 702/1000  Loss: 0.015378
Epoch 703/1000  Loss: 0.038397
Epoch 704/1000  Loss: 0.021391
Epoch 705/1000  Loss: 0.046282
Epoch 706/1000  Loss: 0.036223
Epoch 707/1000  Loss: 0.045214
Epoch 708/1000  Loss: 0.018410
Epoch 709/1000  Loss: 0.019381
Epoch 710/1000  Loss: 0.017139
Epoch 711/1000  Loss: 0.028931
Epoch 712/1000  Loss: 0.045489
Epoch 713/1000  Loss: 0.059353
Epoch 714/1000  Loss: 0.044413
Epoch 715/1000  Loss: 0.046565
Epoch 716/1000  Loss: 0.032626
Epoch 717/1000  Loss: 0.033627
Epoch 718/1000  Loss: 0.033268
Epoch 719/1000  Loss: 0.016346
Epoch 720/1000  Loss: 0.034088
Epoch 721/1000  Loss: 0.026817
Epoch 722/1000  Loss: 0.028872
Epoch 723/1000  Loss: 0.035846
Epoch 724/1000  Loss: 0.030664
Epoch 725/1000  Loss: 0.037754
Epoch 726/1000  Loss: 0.028465
Epoch 727/1000  Loss: 0.025716
Epoch 728/1000  Loss: 0.045923
Epoch 729/1000  Loss: 0.018498
Epoch 730/1000  Loss: 0.026551
Epoch 731/1000  Loss: 0.035233
Epoch 732/1000  Loss: 0.030943
Epoch 733/1000  Loss: 0.032845
Epoch 734/1000  Loss: 0.032123
Epoch 735/1000  Loss: 0.036545
Epoch 736/1000  Loss: 0.039776
Epoch 737/1000  Loss: 0.032725
Epoch 738/1000  Loss: 0.039975
Epoch 739/1000  Loss: 0.018060
Epoch 740/1000  Loss: 0.024746
Epoch 741/1000  Loss: 0.025102
Epoch 742/1000  Loss: 0.027010
Epoch 743/1000  Loss: 0.016353
Epoch 744/1000  Loss: 0.055438
Epoch 745/1000  Loss: 0.018104
Epoch 746/1000  Loss: 0.021891
Epoch 747/1000  Loss: 0.037205
Epoch 748/1000  Loss: 0.040603
Epoch 749/1000  Loss: 0.035288
Epoch 750/1000  Loss: 0.034752
Epoch 751/1000  Loss: 0.027798
Epoch 752/1000  Loss: 0.028462
Epoch 753/1000  Loss: 0.044213
Epoch 754/1000  Loss: 0.031172
Epoch 755/1000  Loss: 0.021169
Epoch 756/1000  Loss: 0.023698
Epoch 757/1000  Loss: 0.024407
Epoch 758/1000  Loss: 0.038721
Epoch 759/1000  Loss: 0.029527
Epoch 760/1000  Loss: 0.028856
Epoch 761/1000  Loss: 0.025988
Epoch 762/1000  Loss: 0.039752
Epoch 763/1000  Loss: 0.031933
Epoch 764/1000  Loss: 0.037265
Epoch 765/1000  Loss: 0.027970
Epoch 766/1000  Loss: 0.025698
Epoch 767/1000  Loss: 0.019710
Epoch 768/1000  Loss: 0.012150
Epoch 769/1000  Loss: 0.029523
Epoch 770/1000  Loss: 0.022994
Epoch 771/1000  Loss: 0.039453
Epoch 772/1000  Loss: 0.016362
Epoch 773/1000  Loss: 0.033804
Epoch 774/1000  Loss: 0.025499
Epoch 775/1000  Loss: 0.038766
Epoch 776/1000  Loss: 0.020901
Epoch 777/1000  Loss: 0.035289
Epoch 778/1000  Loss: 0.027217
Epoch 779/1000  Loss: 0.027035
Epoch 780/1000  Loss: 0.022442
Epoch 781/1000  Loss: 0.015537
Epoch 782/1000  Loss: 0.031554
Epoch 783/1000  Loss: 0.019157
Epoch 784/1000  Loss: 0.046095
Epoch 785/1000  Loss: 0.021187
Epoch 786/1000  Loss: 0.014372
Epoch 787/1000  Loss: 0.028028
Epoch 788/1000  Loss: 0.037946
Epoch 789/1000  Loss: 0.039338
Epoch 790/1000  Loss: 0.041985
Epoch 791/1000  Loss: 0.030150
Epoch 792/1000  Loss: 0.040659
Epoch 793/1000  Loss: 0.021473
Epoch 794/1000  Loss: 0.028476
Epoch 795/1000  Loss: 0.027996
Epoch 796/1000  Loss: 0.038732
Epoch 797/1000  Loss: 0.013364
Epoch 798/1000  Loss: 0.034376
Epoch 799/1000  Loss: 0.017317
Epoch 800/1000  Loss: 0.056155
Epoch 801/1000  Loss: 0.026402
Epoch 802/1000  Loss: 0.034747
Epoch 803/1000  Loss: 0.026433
Epoch 804/1000  Loss: 0.022186
Epoch 805/1000  Loss: 0.037782
Epoch 806/1000  Loss: 0.035455
Epoch 807/1000  Loss: 0.024602
Epoch 808/1000  Loss: 0.037481
Epoch 809/1000  Loss: 0.023936
Epoch 810/1000  Loss: 0.027679
Epoch 811/1000  Loss: 0.013010
Epoch 812/1000  Loss: 0.021916
Epoch 813/1000  Loss: 0.041151
Epoch 814/1000  Loss: 0.034655
Epoch 815/1000  Loss: 0.030249
Epoch 816/1000  Loss: 0.021756
Epoch 817/1000  Loss: 0.046748
Epoch 818/1000  Loss: 0.023726
Epoch 819/1000  Loss: 0.026968
Epoch 820/1000  Loss: 0.031158
Epoch 821/1000  Loss: 0.037089
Epoch 822/1000  Loss: 0.020596
Epoch 823/1000  Loss: 0.031854
Epoch 824/1000  Loss: 0.015823
Epoch 825/1000  Loss: 0.033082
Epoch 826/1000  Loss: 0.024748
Epoch 827/1000  Loss: 0.022471
Epoch 828/1000  Loss: 0.026424
Epoch 829/1000  Loss: 0.021094
Epoch 830/1000  Loss: 0.017920
Epoch 831/1000  Loss: 0.022504
Epoch 832/1000  Loss: 0.025627
Epoch 833/1000  Loss: 0.025362
Epoch 834/1000  Loss: 0.023874
Epoch 835/1000  Loss: 0.043179
Epoch 836/1000  Loss: 0.038551
Epoch 837/1000  Loss: 0.030713
Epoch 838/1000  Loss: 0.030060
Epoch 839/1000  Loss: 0.020854
Epoch 840/1000  Loss: 0.017269
Epoch 841/1000  Loss: 0.018118
Epoch 842/1000  Loss: 0.025578
Epoch 843/1000  Loss: 0.039767
Epoch 844/1000  Loss: 0.038669
Epoch 845/1000  Loss: 0.036376
Epoch 846/1000  Loss: 0.055487
Epoch 847/1000  Loss: 0.025527
Epoch 848/1000  Loss: 0.020488
Epoch 849/1000  Loss: 0.039570
Epoch 850/1000  Loss: 0.020054
Epoch 851/1000  Loss: 0.021541
Epoch 852/1000  Loss: 0.049371
Epoch 853/1000  Loss: 0.021427
Epoch 854/1000  Loss: 0.019913
Epoch 855/1000  Loss: 0.024421
Epoch 856/1000  Loss: 0.017685
Epoch 857/1000  Loss: 0.034494
Epoch 858/1000  Loss: 0.024289
Epoch 859/1000  Loss: 0.025002
Epoch 860/1000  Loss: 0.030654
Epoch 861/1000  Loss: 0.032375
Epoch 862/1000  Loss: 0.020524
Epoch 863/1000  Loss: 0.017756
Epoch 864/1000  Loss: 0.030501
Epoch 865/1000  Loss: 0.033872
Epoch 866/1000  Loss: 0.031178
Epoch 867/1000  Loss: 0.022560
Epoch 868/1000  Loss: 0.040959
Epoch 869/1000  Loss: 0.028830
Epoch 870/1000  Loss: 0.036046
Epoch 871/1000  Loss: 0.018301
Epoch 872/1000  Loss: 0.025642
Epoch 873/1000  Loss: 0.022197
Epoch 874/1000  Loss: 0.020982
Epoch 875/1000  Loss: 0.041372
Epoch 876/1000  Loss: 0.025559
Epoch 877/1000  Loss: 0.037592
Epoch 878/1000  Loss: 0.019715
Epoch 879/1000  Loss: 0.011791
Epoch 880/1000  Loss: 0.022476
Epoch 881/1000  Loss: 0.034368
Epoch 882/1000  Loss: 0.015699
Epoch 883/1000  Loss: 0.042673
Epoch 884/1000  Loss: 0.023965
Epoch 885/1000  Loss: 0.026557
Epoch 886/1000  Loss: 0.037976
Epoch 887/1000  Loss: 0.026702
Epoch 888/1000  Loss: 0.018314
Epoch 889/1000  Loss: 0.027887
Epoch 890/1000  Loss: 0.029916
Epoch 891/1000  Loss: 0.020725
Epoch 892/1000  Loss: 0.016565
Epoch 893/1000  Loss: 0.028807
Epoch 894/1000  Loss: 0.029218
Epoch 895/1000  Loss: 0.035031
Epoch 896/1000  Loss: 0.045413
Epoch 897/1000  Loss: 0.036630
Epoch 898/1000  Loss: 0.027900
Epoch 899/1000  Loss: 0.023584
Epoch 900/1000  Loss: 0.013540
Epoch 901/1000  Loss: 0.014780
Epoch 902/1000  Loss: 0.031712
Epoch 903/1000  Loss: 0.023488
Epoch 904/1000  Loss: 0.026819
Epoch 905/1000  Loss: 0.018249
Epoch 906/1000  Loss: 0.017970
Epoch 907/1000  Loss: 0.024550
Epoch 908/1000  Loss: 0.033088
Epoch 909/1000  Loss: 0.035450
Epoch 910/1000  Loss: 0.016998
Epoch 911/1000  Loss: 0.016791
Epoch 912/1000  Loss: 0.030020
Epoch 913/1000  Loss: 0.021452
Epoch 914/1000  Loss: 0.029229
Epoch 915/1000  Loss: 0.030735
Epoch 916/1000  Loss: 0.027808
Epoch 917/1000  Loss: 0.012333
Epoch 918/1000  Loss: 0.022642
Epoch 919/1000  Loss: 0.030659
Epoch 920/1000  Loss: 0.025966
Epoch 921/1000  Loss: 0.019773
Epoch 922/1000  Loss: 0.023169
Epoch 923/1000  Loss: 0.029007
Epoch 924/1000  Loss: 0.019549
Epoch 925/1000  Loss: 0.028392
Epoch 926/1000  Loss: 0.031134
Epoch 927/1000  Loss: 0.031320
Epoch 928/1000  Loss: 0.010396
Epoch 929/1000  Loss: 0.032861
Epoch 930/1000  Loss: 0.032516
Epoch 931/1000  Loss: 0.037771
Epoch 932/1000  Loss: 0.022008
Epoch 933/1000  Loss: 0.008840
Epoch 934/1000  Loss: 0.022663
Epoch 935/1000  Loss: 0.034340
Epoch 936/1000  Loss: 0.025071
Epoch 937/1000  Loss: 0.030514
Epoch 938/1000  Loss: 0.027917
Epoch 939/1000  Loss: 0.026542
Epoch 940/1000  Loss: 0.036583
Epoch 941/1000  Loss: 0.032438
Epoch 942/1000  Loss: 0.031298
Epoch 943/1000  Loss: 0.021755
Epoch 944/1000  Loss: 0.034867
Epoch 945/1000  Loss: 0.039377
Epoch 946/1000  Loss: 0.028012
Epoch 947/1000  Loss: 0.021325
Epoch 948/1000  Loss: 0.024441
Epoch 949/1000  Loss: 0.024555
Epoch 950/1000  Loss: 0.015015
Epoch 951/1000  Loss: 0.014213
Epoch 952/1000  Loss: 0.030767
Epoch 953/1000  Loss: 0.027075
Epoch 954/1000  Loss: 0.025284
Epoch 955/1000  Loss: 0.023351
Epoch 956/1000  Loss: 0.023035
Epoch 957/1000  Loss: 0.014655
Epoch 958/1000  Loss: 0.011530
Epoch 959/1000  Loss: 0.021079
Epoch 960/1000  Loss: 0.025840
Epoch 961/1000  Loss: 0.020310
Epoch 962/1000  Loss: 0.020501
Epoch 963/1000  Loss: 0.027032
Epoch 964/1000  Loss: 0.018580
Epoch 965/1000  Loss: 0.014292
Epoch 966/1000  Loss: 0.018600
Epoch 967/1000  Loss: 0.020719
Epoch 968/1000  Loss: 0.017240
Epoch 969/1000  Loss: 0.030854
Epoch 970/1000  Loss: 0.015877
Epoch 971/1000  Loss: 0.035468
Epoch 972/1000  Loss: 0.012664
Epoch 973/1000  Loss: 0.026688
Epoch 974/1000  Loss: 0.016140
Epoch 975/1000  Loss: 0.027887
Epoch 976/1000  Loss: 0.037397
Epoch 977/1000  Loss: 0.023760
Epoch 978/1000  Loss: 0.018018
Epoch 979/1000  Loss: 0.038392
Epoch 980/1000  Loss: 0.012683
Epoch 981/1000  Loss: 0.025610
Epoch 982/1000  Loss: 0.010101
Epoch 983/1000  Loss: 0.032465
Epoch 984/1000  Loss: 0.012018
Epoch 985/1000  Loss: 0.031137
Epoch 986/1000  Loss: 0.036118
Epoch 987/1000  Loss: 0.012865
Epoch 988/1000  Loss: 0.030084
Epoch 989/1000  Loss: 0.028442
Epoch 990/1000  Loss: 0.029898
Epoch 991/1000  Loss: 0.019736
Epoch 992/1000  Loss: 0.012208
Epoch 993/1000  Loss: 0.014503
Epoch 994/1000  Loss: 0.016100
Epoch 995/1000  Loss: 0.037978
Epoch 996/1000  Loss: 0.026537
Epoch 997/1000  Loss: 0.012370
Epoch 998/1000  Loss: 0.031563
Epoch 999/1000  Loss: 0.011829
Epoch 1000/1000  Loss: 0.014520

Samples saved to /work/nvme/bemc/abagchi2/finance-diffusion/sweep_results/k240/samples and /work/nvme/bemc/abagchi2/finance-diffusion/sweep_results/k240/samples_all.npz

============================================================
Portfolio Performance (no transaction costs)
============================================================
EW            Mean: 1.3504%  Std: 7.4747%  Sharpe: 0.6258  Sortino: 83.0021  Calmar: 0.7653  RtC: -0.0000
Factordiff    Mean: 2.8144%  Std: 12.7339%  Sharpe: 0.7656  Sortino: 169.9480  Calmar: 0.8354  RtC: 39.2428
Emp           Mean: 0.9877%  Std: 6.0084%  Sharpe: 0.5695  Sortino: 80.9992  Calmar: 0.7112  RtC: -1.4539
ShrEmp        Mean: 1.1886%  Std: 6.1249%  Sharpe: 0.6722  Sortino: 98.5431  Calmar: 0.8542  RtC: 3.3561

With transaction costs (Factordiff):
  Mean: 1.9127%  Std: 13.3026%  Sharpe: 0.4981  Sortino: 1.0261  Calmar: 0.5166  RtC: 3.7894

Model saved to /work/nvme/bemc/abagchi2/finance-diffusion/sweep_results/k240/checkpoint_k240.pt

Plots and CSV data saved to /work/nvme/bemc/abagchi2/finance-diffusion/sweep_results/k240/plots
