Using device: cuda
Loading data from /work/nvme/bemc/abagchi2/finance-diffusion/data/data_clean.pt...
  Shape: 150 months, 200 assets, 1 factors (subset of 350)
Epoch 1/1000  Loss: 0.905206
Epoch 2/1000  Loss: 0.645062
Epoch 3/1000  Loss: 0.444788
Epoch 4/1000  Loss: 0.303526
Epoch 5/1000  Loss: 0.194980
Epoch 6/1000  Loss: 0.117749
Epoch 7/1000  Loss: 0.084221
Epoch 8/1000  Loss: 0.070920
Epoch 9/1000  Loss: 0.070977
Epoch 10/1000  Loss: 0.040324
Epoch 11/1000  Loss: 0.040623
Epoch 12/1000  Loss: 0.051303
Epoch 13/1000  Loss: 0.054577
Epoch 14/1000  Loss: 0.054263
Epoch 15/1000  Loss: 0.035743
Epoch 16/1000  Loss: 0.046242
Epoch 17/1000  Loss: 0.053412
Epoch 18/1000  Loss: 0.060770
Epoch 19/1000  Loss: 0.056926
Epoch 20/1000  Loss: 0.046383
Epoch 21/1000  Loss: 0.041787
Epoch 22/1000  Loss: 0.061973
Epoch 23/1000  Loss: 0.040377
Epoch 24/1000  Loss: 0.042187
Epoch 25/1000  Loss: 0.030477
Epoch 26/1000  Loss: 0.028848
Epoch 27/1000  Loss: 0.034041
Epoch 28/1000  Loss: 0.054107
Epoch 29/1000  Loss: 0.061074
Epoch 30/1000  Loss: 0.053746
Epoch 31/1000  Loss: 0.036265
Epoch 32/1000  Loss: 0.066685
Epoch 33/1000  Loss: 0.057484
Epoch 34/1000  Loss: 0.080343
Epoch 35/1000  Loss: 0.067654
Epoch 36/1000  Loss: 0.019768
Epoch 37/1000  Loss: 0.052444
Epoch 38/1000  Loss: 0.036311
Epoch 39/1000  Loss: 0.036691
Epoch 40/1000  Loss: 0.049210
Epoch 41/1000  Loss: 0.046040
Epoch 42/1000  Loss: 0.049784
Epoch 43/1000  Loss: 0.038641
Epoch 44/1000  Loss: 0.043612
Epoch 45/1000  Loss: 0.023607
Epoch 46/1000  Loss: 0.035921
Epoch 47/1000  Loss: 0.060923
Epoch 48/1000  Loss: 0.021524
Epoch 49/1000  Loss: 0.038622
Epoch 50/1000  Loss: 0.036198
Epoch 51/1000  Loss: 0.074539
Epoch 52/1000  Loss: 0.044209
Epoch 53/1000  Loss: 0.066003
Epoch 54/1000  Loss: 0.062640
Epoch 55/1000  Loss: 0.067313
Epoch 56/1000  Loss: 0.043640
Epoch 57/1000  Loss: 0.031420
Epoch 58/1000  Loss: 0.069622
Epoch 59/1000  Loss: 0.025775
Epoch 60/1000  Loss: 0.029691
Epoch 61/1000  Loss: 0.028802
Epoch 62/1000  Loss: 0.047292
Epoch 63/1000  Loss: 0.043676
Epoch 64/1000  Loss: 0.072099
Epoch 65/1000  Loss: 0.048135
Epoch 66/1000  Loss: 0.024472
Epoch 67/1000  Loss: 0.061035
Epoch 68/1000  Loss: 0.072869
Epoch 69/1000  Loss: 0.041726
Epoch 70/1000  Loss: 0.040529
Epoch 71/1000  Loss: 0.045285
Epoch 72/1000  Loss: 0.041628
Epoch 73/1000  Loss: 0.025554
Epoch 74/1000  Loss: 0.035158
Epoch 75/1000  Loss: 0.023821
Epoch 76/1000  Loss: 0.041684
Epoch 77/1000  Loss: 0.040514
Epoch 78/1000  Loss: 0.032587
Epoch 79/1000  Loss: 0.054153
Epoch 80/1000  Loss: 0.059080
Epoch 81/1000  Loss: 0.081549
Epoch 82/1000  Loss: 0.061180
Epoch 83/1000  Loss: 0.064341
Epoch 84/1000  Loss: 0.050241
Epoch 85/1000  Loss: 0.053549
Epoch 86/1000  Loss: 0.028402
Epoch 87/1000  Loss: 0.039936
Epoch 88/1000  Loss: 0.047078
Epoch 89/1000  Loss: 0.060905
Epoch 90/1000  Loss: 0.035813
Epoch 91/1000  Loss: 0.063458
Epoch 92/1000  Loss: 0.068540
Epoch 93/1000  Loss: 0.045794
Epoch 94/1000  Loss: 0.037062
Epoch 95/1000  Loss: 0.070467
Epoch 96/1000  Loss: 0.033931
Epoch 97/1000  Loss: 0.036391
Epoch 98/1000  Loss: 0.028922
Epoch 99/1000  Loss: 0.032587
Epoch 100/1000  Loss: 0.047700
Epoch 101/1000  Loss: 0.035435
Epoch 102/1000  Loss: 0.041650
Epoch 103/1000  Loss: 0.051224
Epoch 104/1000  Loss: 0.071580
Epoch 105/1000  Loss: 0.038552
Epoch 106/1000  Loss: 0.030766
Epoch 107/1000  Loss: 0.053403
Epoch 108/1000  Loss: 0.039593
Epoch 109/1000  Loss: 0.040359
Epoch 110/1000  Loss: 0.031725
Epoch 111/1000  Loss: 0.031650
Epoch 112/1000  Loss: 0.041098
Epoch 113/1000  Loss: 0.041738
Epoch 114/1000  Loss: 0.044031
Epoch 115/1000  Loss: 0.032324
Epoch 116/1000  Loss: 0.049930
Epoch 117/1000  Loss: 0.031372
Epoch 118/1000  Loss: 0.070428
Epoch 119/1000  Loss: 0.047844
Epoch 120/1000  Loss: 0.045614
Epoch 121/1000  Loss: 0.046422
Epoch 122/1000  Loss: 0.036648
Epoch 123/1000  Loss: 0.039718
Epoch 124/1000  Loss: 0.045560
Epoch 125/1000  Loss: 0.043181
Epoch 126/1000  Loss: 0.048997
Epoch 127/1000  Loss: 0.053563
Epoch 128/1000  Loss: 0.039877
Epoch 129/1000  Loss: 0.041699
Epoch 130/1000  Loss: 0.017427
Epoch 131/1000  Loss: 0.022909
Epoch 132/1000  Loss: 0.024055
Epoch 133/1000  Loss: 0.021035
Epoch 134/1000  Loss: 0.028340
Epoch 135/1000  Loss: 0.054599
Epoch 136/1000  Loss: 0.031643
Epoch 137/1000  Loss: 0.037233
Epoch 138/1000  Loss: 0.037981
Epoch 139/1000  Loss: 0.045101
Epoch 140/1000  Loss: 0.033080
Epoch 141/1000  Loss: 0.042491
Epoch 142/1000  Loss: 0.060416
Epoch 143/1000  Loss: 0.059563
Epoch 144/1000  Loss: 0.031111
Epoch 145/1000  Loss: 0.051828
Epoch 146/1000  Loss: 0.056705
Epoch 147/1000  Loss: 0.033169
Epoch 148/1000  Loss: 0.040807
Epoch 149/1000  Loss: 0.045248
Epoch 150/1000  Loss: 0.034411
Epoch 151/1000  Loss: 0.061513
Epoch 152/1000  Loss: 0.037836
Epoch 153/1000  Loss: 0.050292
Epoch 154/1000  Loss: 0.034499
Epoch 155/1000  Loss: 0.027351
Epoch 156/1000  Loss: 0.060001
Epoch 157/1000  Loss: 0.049846
Epoch 158/1000  Loss: 0.043212
Epoch 159/1000  Loss: 0.021493
Epoch 160/1000  Loss: 0.074517
Epoch 161/1000  Loss: 0.039790
Epoch 162/1000  Loss: 0.055468
Epoch 163/1000  Loss: 0.035400
Epoch 164/1000  Loss: 0.046666
Epoch 165/1000  Loss: 0.032543
Epoch 166/1000  Loss: 0.048936
Epoch 167/1000  Loss: 0.049475
Epoch 168/1000  Loss: 0.028676
Epoch 169/1000  Loss: 0.046800
Epoch 170/1000  Loss: 0.050371
Epoch 171/1000  Loss: 0.044698
Epoch 172/1000  Loss: 0.035456
Epoch 173/1000  Loss: 0.053712
Epoch 174/1000  Loss: 0.038691
Epoch 175/1000  Loss: 0.044623
Epoch 176/1000  Loss: 0.052809
Epoch 177/1000  Loss: 0.055706
Epoch 178/1000  Loss: 0.036234
Epoch 179/1000  Loss: 0.055082
Epoch 180/1000  Loss: 0.051702
Epoch 181/1000  Loss: 0.046852
Epoch 182/1000  Loss: 0.047951
Epoch 183/1000  Loss: 0.046654
Epoch 184/1000  Loss: 0.048756
Epoch 185/1000  Loss: 0.038284
Epoch 186/1000  Loss: 0.026269
Epoch 187/1000  Loss: 0.082388
Epoch 188/1000  Loss: 0.039832
Epoch 189/1000  Loss: 0.042096
Epoch 190/1000  Loss: 0.040243
Epoch 191/1000  Loss: 0.051087
Epoch 192/1000  Loss: 0.046292
Epoch 193/1000  Loss: 0.035237
Epoch 194/1000  Loss: 0.015378
Epoch 195/1000  Loss: 0.046834
Epoch 196/1000  Loss: 0.040726
Epoch 197/1000  Loss: 0.032672
Epoch 198/1000  Loss: 0.031877
Epoch 199/1000  Loss: 0.053862
Epoch 200/1000  Loss: 0.044242
Epoch 201/1000  Loss: 0.074187
Epoch 202/1000  Loss: 0.027811
Epoch 203/1000  Loss: 0.055918
Epoch 204/1000  Loss: 0.024371
Epoch 205/1000  Loss: 0.059801
Epoch 206/1000  Loss: 0.021752
Epoch 207/1000  Loss: 0.031720
Epoch 208/1000  Loss: 0.040234
Epoch 209/1000  Loss: 0.040638
Epoch 210/1000  Loss: 0.044193
Epoch 211/1000  Loss: 0.039430
Epoch 212/1000  Loss: 0.044064
Epoch 213/1000  Loss: 0.056763
Epoch 214/1000  Loss: 0.043203
Epoch 215/1000  Loss: 0.025519
Epoch 216/1000  Loss: 0.048575
Epoch 217/1000  Loss: 0.036909
Epoch 218/1000  Loss: 0.046515
Epoch 219/1000  Loss: 0.049549
Epoch 220/1000  Loss: 0.062007
Epoch 221/1000  Loss: 0.044378
Epoch 222/1000  Loss: 0.030459
Epoch 223/1000  Loss: 0.039352
Epoch 224/1000  Loss: 0.053013
Epoch 225/1000  Loss: 0.049018
Epoch 226/1000  Loss: 0.038429
Epoch 227/1000  Loss: 0.029094
Epoch 228/1000  Loss: 0.055967
Epoch 229/1000  Loss: 0.044564
Epoch 230/1000  Loss: 0.064022
Epoch 231/1000  Loss: 0.026157
Epoch 232/1000  Loss: 0.031108
Epoch 233/1000  Loss: 0.047950
Epoch 234/1000  Loss: 0.025942
Epoch 235/1000  Loss: 0.038833
Epoch 236/1000  Loss: 0.053627
Epoch 237/1000  Loss: 0.042412
Epoch 238/1000  Loss: 0.016759
Epoch 239/1000  Loss: 0.027317
Epoch 240/1000  Loss: 0.056941
Epoch 241/1000  Loss: 0.056388
Epoch 242/1000  Loss: 0.048993
Epoch 243/1000  Loss: 0.029901
Epoch 244/1000  Loss: 0.049695
Epoch 245/1000  Loss: 0.053260
Epoch 246/1000  Loss: 0.056655
Epoch 247/1000  Loss: 0.071566
Epoch 248/1000  Loss: 0.056596
Epoch 249/1000  Loss: 0.048118
Epoch 250/1000  Loss: 0.043440
Epoch 251/1000  Loss: 0.047029
Epoch 252/1000  Loss: 0.033782
Epoch 253/1000  Loss: 0.049421
Epoch 254/1000  Loss: 0.052539
Epoch 255/1000  Loss: 0.032183
Epoch 256/1000  Loss: 0.056568
Epoch 257/1000  Loss: 0.076003
Epoch 258/1000  Loss: 0.021633
Epoch 259/1000  Loss: 0.045473
Epoch 260/1000  Loss: 0.033235
Epoch 261/1000  Loss: 0.039213
Epoch 262/1000  Loss: 0.031772
Epoch 263/1000  Loss: 0.039429
Epoch 264/1000  Loss: 0.024515
Epoch 265/1000  Loss: 0.065259
Epoch 266/1000  Loss: 0.047456
Epoch 267/1000  Loss: 0.056339
Epoch 268/1000  Loss: 0.031066
Epoch 269/1000  Loss: 0.059174
Epoch 270/1000  Loss: 0.045038
Epoch 271/1000  Loss: 0.035127
Epoch 272/1000  Loss: 0.035002
Epoch 273/1000  Loss: 0.029692
Epoch 274/1000  Loss: 0.038289
Epoch 275/1000  Loss: 0.052172
Epoch 276/1000  Loss: 0.041217
Epoch 277/1000  Loss: 0.026081
Epoch 278/1000  Loss: 0.024601
Epoch 279/1000  Loss: 0.055609
Epoch 280/1000  Loss: 0.017156
Epoch 281/1000  Loss: 0.082748
Epoch 282/1000  Loss: 0.045311
Epoch 283/1000  Loss: 0.036146
Epoch 284/1000  Loss: 0.053581
Epoch 285/1000  Loss: 0.023233
Epoch 286/1000  Loss: 0.037365
Epoch 287/1000  Loss: 0.056873
Epoch 288/1000  Loss: 0.055352
Epoch 289/1000  Loss: 0.028234
Epoch 290/1000  Loss: 0.051548
Epoch 291/1000  Loss: 0.035893
Epoch 292/1000  Loss: 0.028684
Epoch 293/1000  Loss: 0.051783
Epoch 294/1000  Loss: 0.033130
Epoch 295/1000  Loss: 0.014031
Epoch 296/1000  Loss: 0.045459
Epoch 297/1000  Loss: 0.043364
Epoch 298/1000  Loss: 0.066824
Epoch 299/1000  Loss: 0.032228
Epoch 300/1000  Loss: 0.040961
Epoch 301/1000  Loss: 0.028242
Epoch 302/1000  Loss: 0.047238
Epoch 303/1000  Loss: 0.029224
Epoch 304/1000  Loss: 0.032578
Epoch 305/1000  Loss: 0.078096
Epoch 306/1000  Loss: 0.056474
Epoch 307/1000  Loss: 0.047122
Epoch 308/1000  Loss: 0.030283
Epoch 309/1000  Loss: 0.045091
Epoch 310/1000  Loss: 0.059358
Epoch 311/1000  Loss: 0.027708
Epoch 312/1000  Loss: 0.026630
Epoch 313/1000  Loss: 0.026861
Epoch 314/1000  Loss: 0.039796
Epoch 315/1000  Loss: 0.031793
Epoch 316/1000  Loss: 0.038360
Epoch 317/1000  Loss: 0.046815
Epoch 318/1000  Loss: 0.028556
Epoch 319/1000  Loss: 0.048880
Epoch 320/1000  Loss: 0.049696
Epoch 321/1000  Loss: 0.034772
Epoch 322/1000  Loss: 0.028087
Epoch 323/1000  Loss: 0.025436
Epoch 324/1000  Loss: 0.045556
Epoch 325/1000  Loss: 0.039056
Epoch 326/1000  Loss: 0.039316
Epoch 327/1000  Loss: 0.047107
Epoch 328/1000  Loss: 0.058642
Epoch 329/1000  Loss: 0.053334
Epoch 330/1000  Loss: 0.040934
Epoch 331/1000  Loss: 0.033604
Epoch 332/1000  Loss: 0.044243
Epoch 333/1000  Loss: 0.030770
Epoch 334/1000  Loss: 0.046232
Epoch 335/1000  Loss: 0.032726
Epoch 336/1000  Loss: 0.050993
Epoch 337/1000  Loss: 0.048673
Epoch 338/1000  Loss: 0.030318
Epoch 339/1000  Loss: 0.036656
Epoch 340/1000  Loss: 0.052355
Epoch 341/1000  Loss: 0.050607
Epoch 342/1000  Loss: 0.027584
Epoch 343/1000  Loss: 0.055130
Epoch 344/1000  Loss: 0.053874
Epoch 345/1000  Loss: 0.039098
Epoch 346/1000  Loss: 0.034116
Epoch 347/1000  Loss: 0.031708
Epoch 348/1000  Loss: 0.040246
Epoch 349/1000  Loss: 0.043528
Epoch 350/1000  Loss: 0.028740
Epoch 351/1000  Loss: 0.030515
Epoch 352/1000  Loss: 0.050667
Epoch 353/1000  Loss: 0.043267
Epoch 354/1000  Loss: 0.032927
Epoch 355/1000  Loss: 0.035416
Epoch 356/1000  Loss: 0.052591
Epoch 357/1000  Loss: 0.043491
Epoch 358/1000  Loss: 0.033036
Epoch 359/1000  Loss: 0.027100
Epoch 360/1000  Loss: 0.045775
Epoch 361/1000  Loss: 0.046303
Epoch 362/1000  Loss: 0.052898
Epoch 363/1000  Loss: 0.070167
Epoch 364/1000  Loss: 0.066321
Epoch 365/1000  Loss: 0.027299
Epoch 366/1000  Loss: 0.043624
Epoch 367/1000  Loss: 0.032840
Epoch 368/1000  Loss: 0.035862
Epoch 369/1000  Loss: 0.057879
Epoch 370/1000  Loss: 0.077720
Epoch 371/1000  Loss: 0.035646
Epoch 372/1000  Loss: 0.039935
Epoch 373/1000  Loss: 0.037155
Epoch 374/1000  Loss: 0.057357
Epoch 375/1000  Loss: 0.056451
Epoch 376/1000  Loss: 0.036869
Epoch 377/1000  Loss: 0.029997
Epoch 378/1000  Loss: 0.028210
Epoch 379/1000  Loss: 0.064708
Epoch 380/1000  Loss: 0.035327
Epoch 381/1000  Loss: 0.049962
Epoch 382/1000  Loss: 0.041697
Epoch 383/1000  Loss: 0.061435
Epoch 384/1000  Loss: 0.038143
Epoch 385/1000  Loss: 0.040273
Epoch 386/1000  Loss: 0.055225
Epoch 387/1000  Loss: 0.038711
Epoch 388/1000  Loss: 0.053032
Epoch 389/1000  Loss: 0.062707
Epoch 390/1000  Loss: 0.028031
Epoch 391/1000  Loss: 0.066355
Epoch 392/1000  Loss: 0.044161
Epoch 393/1000  Loss: 0.031304
Epoch 394/1000  Loss: 0.045035
Epoch 395/1000  Loss: 0.040841
Epoch 396/1000  Loss: 0.052132
Epoch 397/1000  Loss: 0.054203
Epoch 398/1000  Loss: 0.047073
Epoch 399/1000  Loss: 0.028040
Epoch 400/1000  Loss: 0.030704
Epoch 401/1000  Loss: 0.049138
Epoch 402/1000  Loss: 0.039388
Epoch 403/1000  Loss: 0.063711
Epoch 404/1000  Loss: 0.038560
Epoch 405/1000  Loss: 0.039952
Epoch 406/1000  Loss: 0.046653
Epoch 407/1000  Loss: 0.046377
Epoch 408/1000  Loss: 0.024218
Epoch 409/1000  Loss: 0.036433
Epoch 410/1000  Loss: 0.057729
Epoch 411/1000  Loss: 0.043651
Epoch 412/1000  Loss: 0.036179
Epoch 413/1000  Loss: 0.041341
Epoch 414/1000  Loss: 0.055039
Epoch 415/1000  Loss: 0.047705
Epoch 416/1000  Loss: 0.029588
Epoch 417/1000  Loss: 0.035057
Epoch 418/1000  Loss: 0.030568
Epoch 419/1000  Loss: 0.040765
Epoch 420/1000  Loss: 0.043172
Epoch 421/1000  Loss: 0.025248
Epoch 422/1000  Loss: 0.047879
Epoch 423/1000  Loss: 0.036537
Epoch 424/1000  Loss: 0.074518
Epoch 425/1000  Loss: 0.046329
Epoch 426/1000  Loss: 0.033336
Epoch 427/1000  Loss: 0.057019
Epoch 428/1000  Loss: 0.036616
Epoch 429/1000  Loss: 0.044262
Epoch 430/1000  Loss: 0.045790
Epoch 431/1000  Loss: 0.030257
Epoch 432/1000  Loss: 0.039674
Epoch 433/1000  Loss: 0.045416
Epoch 434/1000  Loss: 0.032551
Epoch 435/1000  Loss: 0.047072
Epoch 436/1000  Loss: 0.056307
Epoch 437/1000  Loss: 0.034439
Epoch 438/1000  Loss: 0.059526
Epoch 439/1000  Loss: 0.067500
Epoch 440/1000  Loss: 0.029940
Epoch 441/1000  Loss: 0.034644
Epoch 442/1000  Loss: 0.029611
Epoch 443/1000  Loss: 0.030719
Epoch 444/1000  Loss: 0.045497
Epoch 445/1000  Loss: 0.041525
Epoch 446/1000  Loss: 0.031616
Epoch 447/1000  Loss: 0.042982
Epoch 448/1000  Loss: 0.035053
Epoch 449/1000  Loss: 0.026668
Epoch 450/1000  Loss: 0.043505
Epoch 451/1000  Loss: 0.043092
Epoch 452/1000  Loss: 0.086787
Epoch 453/1000  Loss: 0.051285
Epoch 454/1000  Loss: 0.053845
Epoch 455/1000  Loss: 0.050596
Epoch 456/1000  Loss: 0.035578
Epoch 457/1000  Loss: 0.052443
Epoch 458/1000  Loss: 0.038497
Epoch 459/1000  Loss: 0.033104
Epoch 460/1000  Loss: 0.039381
Epoch 461/1000  Loss: 0.027683
Epoch 462/1000  Loss: 0.036724
Epoch 463/1000  Loss: 0.055300
Epoch 464/1000  Loss: 0.023452
Epoch 465/1000  Loss: 0.042309
Epoch 466/1000  Loss: 0.031347
Epoch 467/1000  Loss: 0.044382
Epoch 468/1000  Loss: 0.041808
Epoch 469/1000  Loss: 0.022835
Epoch 470/1000  Loss: 0.035373
Epoch 471/1000  Loss: 0.071020
Epoch 472/1000  Loss: 0.044346
Epoch 473/1000  Loss: 0.044124
Epoch 474/1000  Loss: 0.028136
Epoch 475/1000  Loss: 0.039297
Epoch 476/1000  Loss: 0.036665
Epoch 477/1000  Loss: 0.023133
Epoch 478/1000  Loss: 0.028536
Epoch 479/1000  Loss: 0.052648
Epoch 480/1000  Loss: 0.041189
Epoch 481/1000  Loss: 0.058116
Epoch 482/1000  Loss: 0.032703
Epoch 483/1000  Loss: 0.049941
Epoch 484/1000  Loss: 0.029848
Epoch 485/1000  Loss: 0.029432
Epoch 486/1000  Loss: 0.033743
Epoch 487/1000  Loss: 0.047283
Epoch 488/1000  Loss: 0.045519
Epoch 489/1000  Loss: 0.028481
Epoch 490/1000  Loss: 0.040489
Epoch 491/1000  Loss: 0.056369
Epoch 492/1000  Loss: 0.032593
Epoch 493/1000  Loss: 0.063441
Epoch 494/1000  Loss: 0.032879
Epoch 495/1000  Loss: 0.026837
Epoch 496/1000  Loss: 0.035100
Epoch 497/1000  Loss: 0.029857
Epoch 498/1000  Loss: 0.033880
Epoch 499/1000  Loss: 0.018044
Epoch 500/1000  Loss: 0.080857
Epoch 501/1000  Loss: 0.053035
Epoch 502/1000  Loss: 0.041275
Epoch 503/1000  Loss: 0.043347
Epoch 504/1000  Loss: 0.046289
Epoch 505/1000  Loss: 0.029089
Epoch 506/1000  Loss: 0.052031
Epoch 507/1000  Loss: 0.041239
Epoch 508/1000  Loss: 0.052753
Epoch 509/1000  Loss: 0.043669
Epoch 510/1000  Loss: 0.054028
Epoch 511/1000  Loss: 0.038323
Epoch 512/1000  Loss: 0.062800
Epoch 513/1000  Loss: 0.043985
Epoch 514/1000  Loss: 0.025040
Epoch 515/1000  Loss: 0.045063
Epoch 516/1000  Loss: 0.076590
Epoch 517/1000  Loss: 0.035962
Epoch 518/1000  Loss: 0.045544
Epoch 519/1000  Loss: 0.055256
Epoch 520/1000  Loss: 0.040551
Epoch 521/1000  Loss: 0.027323
Epoch 522/1000  Loss: 0.042291
Epoch 523/1000  Loss: 0.068810
Epoch 524/1000  Loss: 0.039828
Epoch 525/1000  Loss: 0.033281
Epoch 526/1000  Loss: 0.032729
Epoch 527/1000  Loss: 0.048387
Epoch 528/1000  Loss: 0.062959
Epoch 529/1000  Loss: 0.069231
Epoch 530/1000  Loss: 0.036015
Epoch 531/1000  Loss: 0.059407
Epoch 532/1000  Loss: 0.035908
Epoch 533/1000  Loss: 0.045885
Epoch 534/1000  Loss: 0.042980
Epoch 535/1000  Loss: 0.059025
Epoch 536/1000  Loss: 0.028118
Epoch 537/1000  Loss: 0.043400
Epoch 538/1000  Loss: 0.031644
Epoch 539/1000  Loss: 0.040851
Epoch 540/1000  Loss: 0.042698
Epoch 541/1000  Loss: 0.036196
Epoch 542/1000  Loss: 0.039880
Epoch 543/1000  Loss: 0.029482
Epoch 544/1000  Loss: 0.062144
Epoch 545/1000  Loss: 0.040849
Epoch 546/1000  Loss: 0.051377
Epoch 547/1000  Loss: 0.034109
Epoch 548/1000  Loss: 0.056396
Epoch 549/1000  Loss: 0.030418
Epoch 550/1000  Loss: 0.052145
Epoch 551/1000  Loss: 0.036198
Epoch 552/1000  Loss: 0.025988
Epoch 553/1000  Loss: 0.025349
Epoch 554/1000  Loss: 0.035227
Epoch 555/1000  Loss: 0.035840
Epoch 556/1000  Loss: 0.050358
Epoch 557/1000  Loss: 0.055810
Epoch 558/1000  Loss: 0.035373
Epoch 559/1000  Loss: 0.044000
Epoch 560/1000  Loss: 0.035643
Epoch 561/1000  Loss: 0.033938
Epoch 562/1000  Loss: 0.033500
Epoch 563/1000  Loss: 0.048924
Epoch 564/1000  Loss: 0.056723
Epoch 565/1000  Loss: 0.028938
Epoch 566/1000  Loss: 0.033812
Epoch 567/1000  Loss: 0.042142
Epoch 568/1000  Loss: 0.044840
Epoch 569/1000  Loss: 0.064100
Epoch 570/1000  Loss: 0.041095
Epoch 571/1000  Loss: 0.044082
Epoch 572/1000  Loss: 0.042917
Epoch 573/1000  Loss: 0.027364
Epoch 574/1000  Loss: 0.047585
Epoch 575/1000  Loss: 0.050044
Epoch 576/1000  Loss: 0.037234
Epoch 577/1000  Loss: 0.050954
Epoch 578/1000  Loss: 0.022581
Epoch 579/1000  Loss: 0.051413
Epoch 580/1000  Loss: 0.040469
Epoch 581/1000  Loss: 0.027607
Epoch 582/1000  Loss: 0.015976
Epoch 583/1000  Loss: 0.033086
Epoch 584/1000  Loss: 0.057794
Epoch 585/1000  Loss: 0.047597
Epoch 586/1000  Loss: 0.036829
Epoch 587/1000  Loss: 0.048708
Epoch 588/1000  Loss: 0.043784
Epoch 589/1000  Loss: 0.045036
Epoch 590/1000  Loss: 0.048040
Epoch 591/1000  Loss: 0.014025
Epoch 592/1000  Loss: 0.059824
Epoch 593/1000  Loss: 0.044527
Epoch 594/1000  Loss: 0.041453
Epoch 595/1000  Loss: 0.036086
Epoch 596/1000  Loss: 0.051953
Epoch 597/1000  Loss: 0.084929
Epoch 598/1000  Loss: 0.030856
Epoch 599/1000  Loss: 0.049527
Epoch 600/1000  Loss: 0.057074
Epoch 601/1000  Loss: 0.044987
Epoch 602/1000  Loss: 0.051078
Epoch 603/1000  Loss: 0.036298
Epoch 604/1000  Loss: 0.027020
Epoch 605/1000  Loss: 0.028467
Epoch 606/1000  Loss: 0.044253
Epoch 607/1000  Loss: 0.052269
Epoch 608/1000  Loss: 0.048665
Epoch 609/1000  Loss: 0.028861
Epoch 610/1000  Loss: 0.026827
Epoch 611/1000  Loss: 0.022358
Epoch 612/1000  Loss: 0.042418
Epoch 613/1000  Loss: 0.033320
Epoch 614/1000  Loss: 0.039555
Epoch 615/1000  Loss: 0.038502
Epoch 616/1000  Loss: 0.041873
Epoch 617/1000  Loss: 0.035096
Epoch 618/1000  Loss: 0.038662
Epoch 619/1000  Loss: 0.049164
Epoch 620/1000  Loss: 0.046729
Epoch 621/1000  Loss: 0.076761
Epoch 622/1000  Loss: 0.043857
Epoch 623/1000  Loss: 0.027192
Epoch 624/1000  Loss: 0.072189
Epoch 625/1000  Loss: 0.041543
Epoch 626/1000  Loss: 0.030579
Epoch 627/1000  Loss: 0.035838
Epoch 628/1000  Loss: 0.050891
Epoch 629/1000  Loss: 0.035319
Epoch 630/1000  Loss: 0.028399
Epoch 631/1000  Loss: 0.039938
Epoch 632/1000  Loss: 0.059098
Epoch 633/1000  Loss: 0.050688
Epoch 634/1000  Loss: 0.053316
Epoch 635/1000  Loss: 0.073899
Epoch 636/1000  Loss: 0.042907
Epoch 637/1000  Loss: 0.054826
Epoch 638/1000  Loss: 0.033937
Epoch 639/1000  Loss: 0.032514
Epoch 640/1000  Loss: 0.039180
Epoch 641/1000  Loss: 0.044594
Epoch 642/1000  Loss: 0.036778
Epoch 643/1000  Loss: 0.050412
Epoch 644/1000  Loss: 0.038789
Epoch 645/1000  Loss: 0.045230
Epoch 646/1000  Loss: 0.046182
Epoch 647/1000  Loss: 0.053258
Epoch 648/1000  Loss: 0.041663
Epoch 649/1000  Loss: 0.034670
Epoch 650/1000  Loss: 0.059908
Epoch 651/1000  Loss: 0.069506
Epoch 652/1000  Loss: 0.028885
Epoch 653/1000  Loss: 0.045020
Epoch 654/1000  Loss: 0.051735
Epoch 655/1000  Loss: 0.017442
Epoch 656/1000  Loss: 0.051511
Epoch 657/1000  Loss: 0.043517
Epoch 658/1000  Loss: 0.042044
Epoch 659/1000  Loss: 0.040607
Epoch 660/1000  Loss: 0.028308
Epoch 661/1000  Loss: 0.024230
Epoch 662/1000  Loss: 0.025488
Epoch 663/1000  Loss: 0.038986
Epoch 664/1000  Loss: 0.036595
Epoch 665/1000  Loss: 0.062355
Epoch 666/1000  Loss: 0.047726
Epoch 667/1000  Loss: 0.058946
Epoch 668/1000  Loss: 0.054976
Epoch 669/1000  Loss: 0.034055
Epoch 670/1000  Loss: 0.034771
Epoch 671/1000  Loss: 0.041880
Epoch 672/1000  Loss: 0.075144
Epoch 673/1000  Loss: 0.032386
Epoch 674/1000  Loss: 0.060868
Epoch 675/1000  Loss: 0.026374
Epoch 676/1000  Loss: 0.029272
Epoch 677/1000  Loss: 0.042301
Epoch 678/1000  Loss: 0.071098
Epoch 679/1000  Loss: 0.055473
Epoch 680/1000  Loss: 0.034052
Epoch 681/1000  Loss: 0.042515
Epoch 682/1000  Loss: 0.061687
Epoch 683/1000  Loss: 0.027593
Epoch 684/1000  Loss: 0.059994
Epoch 685/1000  Loss: 0.031253
Epoch 686/1000  Loss: 0.024673
Epoch 687/1000  Loss: 0.049050
Epoch 688/1000  Loss: 0.027087
Epoch 689/1000  Loss: 0.037751
Epoch 690/1000  Loss: 0.040262
Epoch 691/1000  Loss: 0.042558
Epoch 692/1000  Loss: 0.039160
Epoch 693/1000  Loss: 0.043392
Epoch 694/1000  Loss: 0.047505
Epoch 695/1000  Loss: 0.027738
Epoch 696/1000  Loss: 0.036298
Epoch 697/1000  Loss: 0.023804
Epoch 698/1000  Loss: 0.037920
Epoch 699/1000  Loss: 0.050647
Epoch 700/1000  Loss: 0.069639
Epoch 701/1000  Loss: 0.024708
Epoch 702/1000  Loss: 0.022937
Epoch 703/1000  Loss: 0.046919
Epoch 704/1000  Loss: 0.027572
Epoch 705/1000  Loss: 0.058421
Epoch 706/1000  Loss: 0.052761
Epoch 707/1000  Loss: 0.058868
Epoch 708/1000  Loss: 0.028425
Epoch 709/1000  Loss: 0.025876
Epoch 710/1000  Loss: 0.028057
Epoch 711/1000  Loss: 0.035141
Epoch 712/1000  Loss: 0.057185
Epoch 713/1000  Loss: 0.073597
Epoch 714/1000  Loss: 0.058663
Epoch 715/1000  Loss: 0.060815
Epoch 716/1000  Loss: 0.042703
Epoch 717/1000  Loss: 0.043617
Epoch 718/1000  Loss: 0.043814
Epoch 719/1000  Loss: 0.021813
Epoch 720/1000  Loss: 0.043368
Epoch 721/1000  Loss: 0.034577
Epoch 722/1000  Loss: 0.036000
Epoch 723/1000  Loss: 0.045660
Epoch 724/1000  Loss: 0.037992
Epoch 725/1000  Loss: 0.047092
Epoch 726/1000  Loss: 0.039631
Epoch 727/1000  Loss: 0.034075
Epoch 728/1000  Loss: 0.054232
Epoch 729/1000  Loss: 0.022815
Epoch 730/1000  Loss: 0.033344
Epoch 731/1000  Loss: 0.043329
Epoch 732/1000  Loss: 0.039386
Epoch 733/1000  Loss: 0.048315
Epoch 734/1000  Loss: 0.040341
Epoch 735/1000  Loss: 0.049644
Epoch 736/1000  Loss: 0.048848
Epoch 737/1000  Loss: 0.045193
Epoch 738/1000  Loss: 0.052039
Epoch 739/1000  Loss: 0.024153
Epoch 740/1000  Loss: 0.035596
Epoch 741/1000  Loss: 0.032232
Epoch 742/1000  Loss: 0.036113
Epoch 743/1000  Loss: 0.021320
Epoch 744/1000  Loss: 0.068260
Epoch 745/1000  Loss: 0.023061
Epoch 746/1000  Loss: 0.030051
Epoch 747/1000  Loss: 0.047166
Epoch 748/1000  Loss: 0.061214
Epoch 749/1000  Loss: 0.043058
Epoch 750/1000  Loss: 0.048519
Epoch 751/1000  Loss: 0.035605
Epoch 752/1000  Loss: 0.033820
Epoch 753/1000  Loss: 0.051806
Epoch 754/1000  Loss: 0.040524
Epoch 755/1000  Loss: 0.028825
Epoch 756/1000  Loss: 0.032292
Epoch 757/1000  Loss: 0.036343
Epoch 758/1000  Loss: 0.051331
Epoch 759/1000  Loss: 0.041149
Epoch 760/1000  Loss: 0.045702
Epoch 761/1000  Loss: 0.032166
Epoch 762/1000  Loss: 0.053604
Epoch 763/1000  Loss: 0.039934
Epoch 764/1000  Loss: 0.049922
Epoch 765/1000  Loss: 0.038729
Epoch 766/1000  Loss: 0.033091
Epoch 767/1000  Loss: 0.027343
Epoch 768/1000  Loss: 0.017218
Epoch 769/1000  Loss: 0.039891
Epoch 770/1000  Loss: 0.036008
Epoch 771/1000  Loss: 0.055347
Epoch 772/1000  Loss: 0.022003
Epoch 773/1000  Loss: 0.039698
Epoch 774/1000  Loss: 0.036679
Epoch 775/1000  Loss: 0.050559
Epoch 776/1000  Loss: 0.033916
Epoch 777/1000  Loss: 0.046984
Epoch 778/1000  Loss: 0.041086
Epoch 779/1000  Loss: 0.037177
Epoch 780/1000  Loss: 0.031975
Epoch 781/1000  Loss: 0.026718
Epoch 782/1000  Loss: 0.038738
Epoch 783/1000  Loss: 0.029053
Epoch 784/1000  Loss: 0.064378
Epoch 785/1000  Loss: 0.030271
Epoch 786/1000  Loss: 0.019464
Epoch 787/1000  Loss: 0.035708
Epoch 788/1000  Loss: 0.056866
Epoch 789/1000  Loss: 0.052559
Epoch 790/1000  Loss: 0.049297
Epoch 791/1000  Loss: 0.040193
Epoch 792/1000  Loss: 0.055775
Epoch 793/1000  Loss: 0.031417
Epoch 794/1000  Loss: 0.045852
Epoch 795/1000  Loss: 0.036236
Epoch 796/1000  Loss: 0.051117
Epoch 797/1000  Loss: 0.020834
Epoch 798/1000  Loss: 0.048273
Epoch 799/1000  Loss: 0.024204
Epoch 800/1000  Loss: 0.076346
Epoch 801/1000  Loss: 0.039952
Epoch 802/1000  Loss: 0.043914
Epoch 803/1000  Loss: 0.042359
Epoch 804/1000  Loss: 0.034531
Epoch 805/1000  Loss: 0.053132
Epoch 806/1000  Loss: 0.050345
Epoch 807/1000  Loss: 0.035510
Epoch 808/1000  Loss: 0.051113
Epoch 809/1000  Loss: 0.038622
Epoch 810/1000  Loss: 0.038549
Epoch 811/1000  Loss: 0.020931
Epoch 812/1000  Loss: 0.033444
Epoch 813/1000  Loss: 0.055708
Epoch 814/1000  Loss: 0.048202
Epoch 815/1000  Loss: 0.044339
Epoch 816/1000  Loss: 0.031479
Epoch 817/1000  Loss: 0.055087
Epoch 818/1000  Loss: 0.032841
Epoch 819/1000  Loss: 0.037633
Epoch 820/1000  Loss: 0.039123
Epoch 821/1000  Loss: 0.051874
Epoch 822/1000  Loss: 0.028988
Epoch 823/1000  Loss: 0.047009
Epoch 824/1000  Loss: 0.026104
Epoch 825/1000  Loss: 0.045207
Epoch 826/1000  Loss: 0.038671
Epoch 827/1000  Loss: 0.034387
Epoch 828/1000  Loss: 0.041948
Epoch 829/1000  Loss: 0.030040
Epoch 830/1000  Loss: 0.026083
Epoch 831/1000  Loss: 0.034164
Epoch 832/1000  Loss: 0.035664
Epoch 833/1000  Loss: 0.037251
Epoch 834/1000  Loss: 0.036076
Epoch 835/1000  Loss: 0.062386
Epoch 836/1000  Loss: 0.055257
Epoch 837/1000  Loss: 0.045416
Epoch 838/1000  Loss: 0.046961
Epoch 839/1000  Loss: 0.031040
Epoch 840/1000  Loss: 0.023303
Epoch 841/1000  Loss: 0.027231
Epoch 842/1000  Loss: 0.038685
Epoch 843/1000  Loss: 0.054197
Epoch 844/1000  Loss: 0.055500
Epoch 845/1000  Loss: 0.051656
Epoch 846/1000  Loss: 0.077003
Epoch 847/1000  Loss: 0.038598
Epoch 848/1000  Loss: 0.029208
Epoch 849/1000  Loss: 0.052937
Epoch 850/1000  Loss: 0.031515
Epoch 851/1000  Loss: 0.030671
Epoch 852/1000  Loss: 0.064620
Epoch 853/1000  Loss: 0.027704
Epoch 854/1000  Loss: 0.030694
Epoch 855/1000  Loss: 0.033931
Epoch 856/1000  Loss: 0.027201
Epoch 857/1000  Loss: 0.043316
Epoch 858/1000  Loss: 0.035467
Epoch 859/1000  Loss: 0.034529
Epoch 860/1000  Loss: 0.045441
Epoch 861/1000  Loss: 0.045861
Epoch 862/1000  Loss: 0.032828
Epoch 863/1000  Loss: 0.031363
Epoch 864/1000  Loss: 0.043406
Epoch 865/1000  Loss: 0.050078
Epoch 866/1000  Loss: 0.050576
Epoch 867/1000  Loss: 0.031656
Epoch 868/1000  Loss: 0.055667
Epoch 869/1000  Loss: 0.040078
Epoch 870/1000  Loss: 0.053451
Epoch 871/1000  Loss: 0.031550
Epoch 872/1000  Loss: 0.037400
Epoch 873/1000  Loss: 0.034017
Epoch 874/1000  Loss: 0.033690
Epoch 875/1000  Loss: 0.066739
Epoch 876/1000  Loss: 0.041342
Epoch 877/1000  Loss: 0.054574
Epoch 878/1000  Loss: 0.028864
Epoch 879/1000  Loss: 0.020342
Epoch 880/1000  Loss: 0.032855
Epoch 881/1000  Loss: 0.053120
Epoch 882/1000  Loss: 0.024236
Epoch 883/1000  Loss: 0.069808
Epoch 884/1000  Loss: 0.037758
Epoch 885/1000  Loss: 0.044293
Epoch 886/1000  Loss: 0.060440
Epoch 887/1000  Loss: 0.037316
Epoch 888/1000  Loss: 0.027712
Epoch 889/1000  Loss: 0.047386
Epoch 890/1000  Loss: 0.045840
Epoch 891/1000  Loss: 0.030723
Epoch 892/1000  Loss: 0.029918
Epoch 893/1000  Loss: 0.043703
Epoch 894/1000  Loss: 0.045014
Epoch 895/1000  Loss: 0.048841
Epoch 896/1000  Loss: 0.063115
Epoch 897/1000  Loss: 0.048450
Epoch 898/1000  Loss: 0.045431
Epoch 899/1000  Loss: 0.040888
Epoch 900/1000  Loss: 0.026253
Epoch 901/1000  Loss: 0.025373
Epoch 902/1000  Loss: 0.052363
Epoch 903/1000  Loss: 0.036839
Epoch 904/1000  Loss: 0.040973
Epoch 905/1000  Loss: 0.032596
Epoch 906/1000  Loss: 0.029256
Epoch 907/1000  Loss: 0.041046
Epoch 908/1000  Loss: 0.045937
Epoch 909/1000  Loss: 0.056888
Epoch 910/1000  Loss: 0.029444
Epoch 911/1000  Loss: 0.031647
Epoch 912/1000  Loss: 0.041249
Epoch 913/1000  Loss: 0.040504
Epoch 914/1000  Loss: 0.044596
Epoch 915/1000  Loss: 0.045533
Epoch 916/1000  Loss: 0.048214
Epoch 917/1000  Loss: 0.023252
Epoch 918/1000  Loss: 0.038468
Epoch 919/1000  Loss: 0.048492
Epoch 920/1000  Loss: 0.044728
Epoch 921/1000  Loss: 0.040070
Epoch 922/1000  Loss: 0.036481
Epoch 923/1000  Loss: 0.049136
Epoch 924/1000  Loss: 0.031906
Epoch 925/1000  Loss: 0.049056
Epoch 926/1000  Loss: 0.048754
Epoch 927/1000  Loss: 0.051458
Epoch 928/1000  Loss: 0.017488
Epoch 929/1000  Loss: 0.053785
Epoch 930/1000  Loss: 0.054833
Epoch 931/1000  Loss: 0.064707
Epoch 932/1000  Loss: 0.043468
Epoch 933/1000  Loss: 0.017409
Epoch 934/1000  Loss: 0.039828
Epoch 935/1000  Loss: 0.059750
Epoch 936/1000  Loss: 0.036919
Epoch 937/1000  Loss: 0.046022
Epoch 938/1000  Loss: 0.049662
Epoch 939/1000  Loss: 0.045509
Epoch 940/1000  Loss: 0.055309
Epoch 941/1000  Loss: 0.052273
Epoch 942/1000  Loss: 0.045270
Epoch 943/1000  Loss: 0.039951
Epoch 944/1000  Loss: 0.054048
Epoch 945/1000  Loss: 0.049150
Epoch 946/1000  Loss: 0.046055
Epoch 947/1000  Loss: 0.040776
Epoch 948/1000  Loss: 0.043902
Epoch 949/1000  Loss: 0.039145
Epoch 950/1000  Loss: 0.028729
Epoch 951/1000  Loss: 0.025973
Epoch 952/1000  Loss: 0.053163
Epoch 953/1000  Loss: 0.049405
Epoch 954/1000  Loss: 0.041421
Epoch 955/1000  Loss: 0.041671
Epoch 956/1000  Loss: 0.040933
Epoch 957/1000  Loss: 0.025707
Epoch 958/1000  Loss: 0.023513
Epoch 959/1000  Loss: 0.039772
Epoch 960/1000  Loss: 0.046898
Epoch 961/1000  Loss: 0.042078
Epoch 962/1000  Loss: 0.037011
Epoch 963/1000  Loss: 0.041726
Epoch 964/1000  Loss: 0.035978
Epoch 965/1000  Loss: 0.031448
Epoch 966/1000  Loss: 0.033302
Epoch 967/1000  Loss: 0.035999
Epoch 968/1000  Loss: 0.031369
Epoch 969/1000  Loss: 0.058388
Epoch 970/1000  Loss: 0.033972
Epoch 971/1000  Loss: 0.058458
Epoch 972/1000  Loss: 0.023430
Epoch 973/1000  Loss: 0.047819
Epoch 974/1000  Loss: 0.034524
Epoch 975/1000  Loss: 0.051380
Epoch 976/1000  Loss: 0.066423
Epoch 977/1000  Loss: 0.040130
Epoch 978/1000  Loss: 0.037188
Epoch 979/1000  Loss: 0.062356
Epoch 980/1000  Loss: 0.018626
Epoch 981/1000  Loss: 0.039900
Epoch 982/1000  Loss: 0.022846
Epoch 983/1000  Loss: 0.048733
Epoch 984/1000  Loss: 0.021920
Epoch 985/1000  Loss: 0.052565
Epoch 986/1000  Loss: 0.068252
Epoch 987/1000  Loss: 0.027444
Epoch 988/1000  Loss: 0.050304
Epoch 989/1000  Loss: 0.050998
Epoch 990/1000  Loss: 0.045641
Epoch 991/1000  Loss: 0.037092
Epoch 992/1000  Loss: 0.024264
Epoch 993/1000  Loss: 0.034675
Epoch 994/1000  Loss: 0.035065
Epoch 995/1000  Loss: 0.068020
Epoch 996/1000  Loss: 0.051174
Epoch 997/1000  Loss: 0.025432
Epoch 998/1000  Loss: 0.050060
Epoch 999/1000  Loss: 0.026974
Epoch 1000/1000  Loss: 0.026131

Samples saved to /work/nvme/bemc/abagchi2/finance-diffusion/sweep_results/k1/samples and /work/nvme/bemc/abagchi2/finance-diffusion/sweep_results/k1/samples_all.npz

============================================================
Portfolio Performance (no transaction costs)
============================================================
EW            Mean: 1.3504%  Std: 7.4747%  Sharpe: 0.6258  Sortino: 83.0021  Calmar: 0.7653  RtC: -0.0000
Factordiff    Mean: 0.8720%  Std: 7.1706%  Sharpe: 0.4213  Sortino: 66.5701  Calmar: 0.3926  RtC: -14.6094
Emp           Mean: 0.9877%  Std: 6.0084%  Sharpe: 0.5695  Sortino: 80.9992  Calmar: 0.7112  RtC: -1.4539
ShrEmp        Mean: 1.1886%  Std: 6.1249%  Sharpe: 0.6722  Sortino: 98.5431  Calmar: 0.8542  RtC: 3.3561

With transaction costs (Factordiff):
  Mean: 1.2206%  Std: 6.9293%  Sharpe: 0.6102  Sortino: 1.0472  Calmar: 0.6664  RtC: 0.1892

Model saved to /work/nvme/bemc/abagchi2/finance-diffusion/sweep_results/k1/checkpoint_k1.pt

Plots and CSV data saved to /work/nvme/bemc/abagchi2/finance-diffusion/sweep_results/k1/plots
