Using device: cuda
Loading data from /work/nvme/bemc/abagchi2/finance-diffusion/data/data_clean.pt...
  Shape: 150 months, 200 assets, 350 factors
Epoch 1/1000  Loss: 0.904285
Epoch 2/1000  Loss: 0.644267
Epoch 3/1000  Loss: 0.441774
Epoch 4/1000  Loss: 0.298548
Epoch 5/1000  Loss: 0.186948
Epoch 6/1000  Loss: 0.106857
Epoch 7/1000  Loss: 0.068117
Epoch 8/1000  Loss: 0.066806
Epoch 9/1000  Loss: 0.073002
Epoch 10/1000  Loss: 0.043467
Epoch 11/1000  Loss: 0.040857
Epoch 12/1000  Loss: 0.048999
Epoch 13/1000  Loss: 0.053703
Epoch 14/1000  Loss: 0.054674
Epoch 15/1000  Loss: 0.035338
Epoch 16/1000  Loss: 0.049869
Epoch 17/1000  Loss: 0.053701
Epoch 18/1000  Loss: 0.057323
Epoch 19/1000  Loss: 0.050072
Epoch 20/1000  Loss: 0.045558
Epoch 21/1000  Loss: 0.034701
Epoch 22/1000  Loss: 0.056361
Epoch 23/1000  Loss: 0.041078
Epoch 24/1000  Loss: 0.040054
Epoch 25/1000  Loss: 0.031642
Epoch 26/1000  Loss: 0.027235
Epoch 27/1000  Loss: 0.034332
Epoch 28/1000  Loss: 0.051680
Epoch 29/1000  Loss: 0.053884
Epoch 30/1000  Loss: 0.050790
Epoch 31/1000  Loss: 0.029873
Epoch 32/1000  Loss: 0.060441
Epoch 33/1000  Loss: 0.050308
Epoch 34/1000  Loss: 0.069222
Epoch 35/1000  Loss: 0.064625
Epoch 36/1000  Loss: 0.020001
Epoch 37/1000  Loss: 0.049911
Epoch 38/1000  Loss: 0.035533
Epoch 39/1000  Loss: 0.036064
Epoch 40/1000  Loss: 0.043724
Epoch 41/1000  Loss: 0.047054
Epoch 42/1000  Loss: 0.047792
Epoch 43/1000  Loss: 0.035790
Epoch 44/1000  Loss: 0.038596
Epoch 45/1000  Loss: 0.024976
Epoch 46/1000  Loss: 0.034058
Epoch 47/1000  Loss: 0.053979
Epoch 48/1000  Loss: 0.020317
Epoch 49/1000  Loss: 0.037747
Epoch 50/1000  Loss: 0.032147
Epoch 51/1000  Loss: 0.067134
Epoch 52/1000  Loss: 0.039037
Epoch 53/1000  Loss: 0.061818
Epoch 54/1000  Loss: 0.054070
Epoch 55/1000  Loss: 0.059711
Epoch 56/1000  Loss: 0.040708
Epoch 57/1000  Loss: 0.030978
Epoch 58/1000  Loss: 0.066197
Epoch 59/1000  Loss: 0.024918
Epoch 60/1000  Loss: 0.027210
Epoch 61/1000  Loss: 0.028430
Epoch 62/1000  Loss: 0.041450
Epoch 63/1000  Loss: 0.040674
Epoch 64/1000  Loss: 0.068350
Epoch 65/1000  Loss: 0.045204
Epoch 66/1000  Loss: 0.022789
Epoch 67/1000  Loss: 0.053730
Epoch 68/1000  Loss: 0.063580
Epoch 69/1000  Loss: 0.037467
Epoch 70/1000  Loss: 0.039247
Epoch 71/1000  Loss: 0.042717
Epoch 72/1000  Loss: 0.037768
Epoch 73/1000  Loss: 0.023737
Epoch 74/1000  Loss: 0.030534
Epoch 75/1000  Loss: 0.022989
Epoch 76/1000  Loss: 0.036763
Epoch 77/1000  Loss: 0.033111
Epoch 78/1000  Loss: 0.032115
Epoch 79/1000  Loss: 0.048591
Epoch 80/1000  Loss: 0.056559
Epoch 81/1000  Loss: 0.069331
Epoch 82/1000  Loss: 0.054814
Epoch 83/1000  Loss: 0.054923
Epoch 84/1000  Loss: 0.044423
Epoch 85/1000  Loss: 0.047117
Epoch 86/1000  Loss: 0.026128
Epoch 87/1000  Loss: 0.036126
Epoch 88/1000  Loss: 0.041237
Epoch 89/1000  Loss: 0.054752
Epoch 90/1000  Loss: 0.031729
Epoch 91/1000  Loss: 0.056155
Epoch 92/1000  Loss: 0.061522
Epoch 93/1000  Loss: 0.044859
Epoch 94/1000  Loss: 0.037975
Epoch 95/1000  Loss: 0.062003
Epoch 96/1000  Loss: 0.033122
Epoch 97/1000  Loss: 0.028715
Epoch 98/1000  Loss: 0.025785
Epoch 99/1000  Loss: 0.031227
Epoch 100/1000  Loss: 0.040902
Epoch 101/1000  Loss: 0.033263
Epoch 102/1000  Loss: 0.037745
Epoch 103/1000  Loss: 0.049486
Epoch 104/1000  Loss: 0.060500
Epoch 105/1000  Loss: 0.031471
Epoch 106/1000  Loss: 0.032712
Epoch 107/1000  Loss: 0.047828
Epoch 108/1000  Loss: 0.036174
Epoch 109/1000  Loss: 0.035757
Epoch 110/1000  Loss: 0.029429
Epoch 111/1000  Loss: 0.029274
Epoch 112/1000  Loss: 0.034467
Epoch 113/1000  Loss: 0.039136
Epoch 114/1000  Loss: 0.039068
Epoch 115/1000  Loss: 0.029962
Epoch 116/1000  Loss: 0.044940
Epoch 117/1000  Loss: 0.027423
Epoch 118/1000  Loss: 0.066789
Epoch 119/1000  Loss: 0.045612
Epoch 120/1000  Loss: 0.043904
Epoch 121/1000  Loss: 0.040922
Epoch 122/1000  Loss: 0.032400
Epoch 123/1000  Loss: 0.038664
Epoch 124/1000  Loss: 0.042066
Epoch 125/1000  Loss: 0.035988
Epoch 126/1000  Loss: 0.050138
Epoch 127/1000  Loss: 0.051276
Epoch 128/1000  Loss: 0.036629
Epoch 129/1000  Loss: 0.040195
Epoch 130/1000  Loss: 0.015586
Epoch 131/1000  Loss: 0.021775
Epoch 132/1000  Loss: 0.020334
Epoch 133/1000  Loss: 0.017456
Epoch 134/1000  Loss: 0.027535
Epoch 135/1000  Loss: 0.050460
Epoch 136/1000  Loss: 0.028078
Epoch 137/1000  Loss: 0.034021
Epoch 138/1000  Loss: 0.033254
Epoch 139/1000  Loss: 0.041763
Epoch 140/1000  Loss: 0.031020
Epoch 141/1000  Loss: 0.038113
Epoch 142/1000  Loss: 0.054257
Epoch 143/1000  Loss: 0.059886
Epoch 144/1000  Loss: 0.028063
Epoch 145/1000  Loss: 0.046517
Epoch 146/1000  Loss: 0.049579
Epoch 147/1000  Loss: 0.027162
Epoch 148/1000  Loss: 0.039586
Epoch 149/1000  Loss: 0.042774
Epoch 150/1000  Loss: 0.030831
Epoch 151/1000  Loss: 0.058349
Epoch 152/1000  Loss: 0.034701
Epoch 153/1000  Loss: 0.044988
Epoch 154/1000  Loss: 0.031014
Epoch 155/1000  Loss: 0.023486
Epoch 156/1000  Loss: 0.052559
Epoch 157/1000  Loss: 0.044160
Epoch 158/1000  Loss: 0.041763
Epoch 159/1000  Loss: 0.020414
Epoch 160/1000  Loss: 0.063842
Epoch 161/1000  Loss: 0.036747
Epoch 162/1000  Loss: 0.050495
Epoch 163/1000  Loss: 0.031640
Epoch 164/1000  Loss: 0.043621
Epoch 165/1000  Loss: 0.030235
Epoch 166/1000  Loss: 0.042388
Epoch 167/1000  Loss: 0.040157
Epoch 168/1000  Loss: 0.028754
Epoch 169/1000  Loss: 0.039329
Epoch 170/1000  Loss: 0.043958
Epoch 171/1000  Loss: 0.041443
Epoch 172/1000  Loss: 0.032596
Epoch 173/1000  Loss: 0.049513
Epoch 174/1000  Loss: 0.035034
Epoch 175/1000  Loss: 0.043030
Epoch 176/1000  Loss: 0.046434
Epoch 177/1000  Loss: 0.054928
Epoch 178/1000  Loss: 0.030702
Epoch 179/1000  Loss: 0.046987
Epoch 180/1000  Loss: 0.042200
Epoch 181/1000  Loss: 0.042856
Epoch 182/1000  Loss: 0.042128
Epoch 183/1000  Loss: 0.039613
Epoch 184/1000  Loss: 0.041693
Epoch 185/1000  Loss: 0.033892
Epoch 186/1000  Loss: 0.025835
Epoch 187/1000  Loss: 0.077140
Epoch 188/1000  Loss: 0.034604
Epoch 189/1000  Loss: 0.040208
Epoch 190/1000  Loss: 0.034222
Epoch 191/1000  Loss: 0.047548
Epoch 192/1000  Loss: 0.042487
Epoch 193/1000  Loss: 0.032213
Epoch 194/1000  Loss: 0.014918
Epoch 195/1000  Loss: 0.041648
Epoch 196/1000  Loss: 0.035070
Epoch 197/1000  Loss: 0.031175
Epoch 198/1000  Loss: 0.026567
Epoch 199/1000  Loss: 0.047664
Epoch 200/1000  Loss: 0.040970
Epoch 201/1000  Loss: 0.070701
Epoch 202/1000  Loss: 0.024761
Epoch 203/1000  Loss: 0.053654
Epoch 204/1000  Loss: 0.022933
Epoch 205/1000  Loss: 0.054828
Epoch 206/1000  Loss: 0.022023
Epoch 207/1000  Loss: 0.028485
Epoch 208/1000  Loss: 0.035733
Epoch 209/1000  Loss: 0.037434
Epoch 210/1000  Loss: 0.040844
Epoch 211/1000  Loss: 0.035285
Epoch 212/1000  Loss: 0.041138
Epoch 213/1000  Loss: 0.050455
Epoch 214/1000  Loss: 0.041156
Epoch 215/1000  Loss: 0.020322
Epoch 216/1000  Loss: 0.045393
Epoch 217/1000  Loss: 0.030713
Epoch 218/1000  Loss: 0.043621
Epoch 219/1000  Loss: 0.046850
Epoch 220/1000  Loss: 0.055753
Epoch 221/1000  Loss: 0.043547
Epoch 222/1000  Loss: 0.028536
Epoch 223/1000  Loss: 0.035632
Epoch 224/1000  Loss: 0.047619
Epoch 225/1000  Loss: 0.044947
Epoch 226/1000  Loss: 0.036638
Epoch 227/1000  Loss: 0.028348
Epoch 228/1000  Loss: 0.048771
Epoch 229/1000  Loss: 0.041758
Epoch 230/1000  Loss: 0.057334
Epoch 231/1000  Loss: 0.022736
Epoch 232/1000  Loss: 0.026018
Epoch 233/1000  Loss: 0.045617
Epoch 234/1000  Loss: 0.024379
Epoch 235/1000  Loss: 0.035152
Epoch 236/1000  Loss: 0.049120
Epoch 237/1000  Loss: 0.037101
Epoch 238/1000  Loss: 0.016180
Epoch 239/1000  Loss: 0.024218
Epoch 240/1000  Loss: 0.055734
Epoch 241/1000  Loss: 0.048000
Epoch 242/1000  Loss: 0.041480
Epoch 243/1000  Loss: 0.025471
Epoch 244/1000  Loss: 0.046305
Epoch 245/1000  Loss: 0.048052
Epoch 246/1000  Loss: 0.049285
Epoch 247/1000  Loss: 0.061298
Epoch 248/1000  Loss: 0.050746
Epoch 249/1000  Loss: 0.041346
Epoch 250/1000  Loss: 0.037138
Epoch 251/1000  Loss: 0.041783
Epoch 252/1000  Loss: 0.028151
Epoch 253/1000  Loss: 0.045246
Epoch 254/1000  Loss: 0.050123
Epoch 255/1000  Loss: 0.030993
Epoch 256/1000  Loss: 0.049595
Epoch 257/1000  Loss: 0.066219
Epoch 258/1000  Loss: 0.019944
Epoch 259/1000  Loss: 0.039573
Epoch 260/1000  Loss: 0.026410
Epoch 261/1000  Loss: 0.032634
Epoch 262/1000  Loss: 0.025945
Epoch 263/1000  Loss: 0.034649
Epoch 264/1000  Loss: 0.022093
Epoch 265/1000  Loss: 0.054554
Epoch 266/1000  Loss: 0.041797
Epoch 267/1000  Loss: 0.052720
Epoch 268/1000  Loss: 0.028963
Epoch 269/1000  Loss: 0.049018
Epoch 270/1000  Loss: 0.039826
Epoch 271/1000  Loss: 0.033446
Epoch 272/1000  Loss: 0.030069
Epoch 273/1000  Loss: 0.027832
Epoch 274/1000  Loss: 0.033803
Epoch 275/1000  Loss: 0.047031
Epoch 276/1000  Loss: 0.035082
Epoch 277/1000  Loss: 0.024703
Epoch 278/1000  Loss: 0.022061
Epoch 279/1000  Loss: 0.048586
Epoch 280/1000  Loss: 0.014540
Epoch 281/1000  Loss: 0.073445
Epoch 282/1000  Loss: 0.040710
Epoch 283/1000  Loss: 0.030907
Epoch 284/1000  Loss: 0.047848
Epoch 285/1000  Loss: 0.019046
Epoch 286/1000  Loss: 0.034581
Epoch 287/1000  Loss: 0.052623
Epoch 288/1000  Loss: 0.051387
Epoch 289/1000  Loss: 0.026502
Epoch 290/1000  Loss: 0.046958
Epoch 291/1000  Loss: 0.033613
Epoch 292/1000  Loss: 0.026971
Epoch 293/1000  Loss: 0.045742
Epoch 294/1000  Loss: 0.026150
Epoch 295/1000  Loss: 0.011790
Epoch 296/1000  Loss: 0.037906
Epoch 297/1000  Loss: 0.037679
Epoch 298/1000  Loss: 0.061408
Epoch 299/1000  Loss: 0.027299
Epoch 300/1000  Loss: 0.034034
Epoch 301/1000  Loss: 0.024315
Epoch 302/1000  Loss: 0.042036
Epoch 303/1000  Loss: 0.024404
Epoch 304/1000  Loss: 0.026932
Epoch 305/1000  Loss: 0.073671
Epoch 306/1000  Loss: 0.049262
Epoch 307/1000  Loss: 0.042349
Epoch 308/1000  Loss: 0.025988
Epoch 309/1000  Loss: 0.039225
Epoch 310/1000  Loss: 0.050994
Epoch 311/1000  Loss: 0.024472
Epoch 312/1000  Loss: 0.020677
Epoch 313/1000  Loss: 0.022217
Epoch 314/1000  Loss: 0.033423
Epoch 315/1000  Loss: 0.027727
Epoch 316/1000  Loss: 0.035582
Epoch 317/1000  Loss: 0.040313
Epoch 318/1000  Loss: 0.025240
Epoch 319/1000  Loss: 0.041421
Epoch 320/1000  Loss: 0.045255
Epoch 321/1000  Loss: 0.031219
Epoch 322/1000  Loss: 0.024059
Epoch 323/1000  Loss: 0.021441
Epoch 324/1000  Loss: 0.036658
Epoch 325/1000  Loss: 0.034249
Epoch 326/1000  Loss: 0.038536
Epoch 327/1000  Loss: 0.040063
Epoch 328/1000  Loss: 0.052747
Epoch 329/1000  Loss: 0.048046
Epoch 330/1000  Loss: 0.036389
Epoch 331/1000  Loss: 0.030878
Epoch 332/1000  Loss: 0.038789
Epoch 333/1000  Loss: 0.026805
Epoch 334/1000  Loss: 0.036845
Epoch 335/1000  Loss: 0.029107
Epoch 336/1000  Loss: 0.045749
Epoch 337/1000  Loss: 0.041645
Epoch 338/1000  Loss: 0.024519
Epoch 339/1000  Loss: 0.030875
Epoch 340/1000  Loss: 0.046956
Epoch 341/1000  Loss: 0.043107
Epoch 342/1000  Loss: 0.023160
Epoch 343/1000  Loss: 0.046821
Epoch 344/1000  Loss: 0.044657
Epoch 345/1000  Loss: 0.036991
Epoch 346/1000  Loss: 0.031083
Epoch 347/1000  Loss: 0.029496
Epoch 348/1000  Loss: 0.031518
Epoch 349/1000  Loss: 0.037579
Epoch 350/1000  Loss: 0.025190
Epoch 351/1000  Loss: 0.025711
Epoch 352/1000  Loss: 0.043235
Epoch 353/1000  Loss: 0.035399
Epoch 354/1000  Loss: 0.029142
Epoch 355/1000  Loss: 0.032663
Epoch 356/1000  Loss: 0.042394
Epoch 357/1000  Loss: 0.040140
Epoch 358/1000  Loss: 0.026534
Epoch 359/1000  Loss: 0.023493
Epoch 360/1000  Loss: 0.041769
Epoch 361/1000  Loss: 0.039493
Epoch 362/1000  Loss: 0.044913
Epoch 363/1000  Loss: 0.062067
Epoch 364/1000  Loss: 0.057104
Epoch 365/1000  Loss: 0.025417
Epoch 366/1000  Loss: 0.040002
Epoch 367/1000  Loss: 0.027701
Epoch 368/1000  Loss: 0.032212
Epoch 369/1000  Loss: 0.051243
Epoch 370/1000  Loss: 0.068520
Epoch 371/1000  Loss: 0.031577
Epoch 372/1000  Loss: 0.032977
Epoch 373/1000  Loss: 0.030903
Epoch 374/1000  Loss: 0.050081
Epoch 375/1000  Loss: 0.050770
Epoch 376/1000  Loss: 0.028234
Epoch 377/1000  Loss: 0.024740
Epoch 378/1000  Loss: 0.023440
Epoch 379/1000  Loss: 0.056678
Epoch 380/1000  Loss: 0.030304
Epoch 381/1000  Loss: 0.042765
Epoch 382/1000  Loss: 0.031971
Epoch 383/1000  Loss: 0.049499
Epoch 384/1000  Loss: 0.030945
Epoch 385/1000  Loss: 0.034210
Epoch 386/1000  Loss: 0.050323
Epoch 387/1000  Loss: 0.035700
Epoch 388/1000  Loss: 0.044937
Epoch 389/1000  Loss: 0.053481
Epoch 390/1000  Loss: 0.021816
Epoch 391/1000  Loss: 0.058717
Epoch 392/1000  Loss: 0.036295
Epoch 393/1000  Loss: 0.028780
Epoch 394/1000  Loss: 0.037420
Epoch 395/1000  Loss: 0.037793
Epoch 396/1000  Loss: 0.042900
Epoch 397/1000  Loss: 0.047241
Epoch 398/1000  Loss: 0.040621
Epoch 399/1000  Loss: 0.023524
Epoch 400/1000  Loss: 0.026388
Epoch 401/1000  Loss: 0.043146
Epoch 402/1000  Loss: 0.029724
Epoch 403/1000  Loss: 0.057841
Epoch 404/1000  Loss: 0.033820
Epoch 405/1000  Loss: 0.034973
Epoch 406/1000  Loss: 0.036901
Epoch 407/1000  Loss: 0.037338
Epoch 408/1000  Loss: 0.020099
Epoch 409/1000  Loss: 0.030348
Epoch 410/1000  Loss: 0.045400
Epoch 411/1000  Loss: 0.036457
Epoch 412/1000  Loss: 0.031991
Epoch 413/1000  Loss: 0.037688
Epoch 414/1000  Loss: 0.047435
Epoch 415/1000  Loss: 0.042892
Epoch 416/1000  Loss: 0.023283
Epoch 417/1000  Loss: 0.031296
Epoch 418/1000  Loss: 0.025647
Epoch 419/1000  Loss: 0.031733
Epoch 420/1000  Loss: 0.035148
Epoch 421/1000  Loss: 0.020569
Epoch 422/1000  Loss: 0.041310
Epoch 423/1000  Loss: 0.030357
Epoch 424/1000  Loss: 0.062646
Epoch 425/1000  Loss: 0.034787
Epoch 426/1000  Loss: 0.027416
Epoch 427/1000  Loss: 0.048106
Epoch 428/1000  Loss: 0.034360
Epoch 429/1000  Loss: 0.035067
Epoch 430/1000  Loss: 0.036882
Epoch 431/1000  Loss: 0.023886
Epoch 432/1000  Loss: 0.029075
Epoch 433/1000  Loss: 0.038561
Epoch 434/1000  Loss: 0.027864
Epoch 435/1000  Loss: 0.040947
Epoch 436/1000  Loss: 0.051615
Epoch 437/1000  Loss: 0.033076
Epoch 438/1000  Loss: 0.048568
Epoch 439/1000  Loss: 0.061812
Epoch 440/1000  Loss: 0.027756
Epoch 441/1000  Loss: 0.028603
Epoch 442/1000  Loss: 0.023066
Epoch 443/1000  Loss: 0.024947
Epoch 444/1000  Loss: 0.041773
Epoch 445/1000  Loss: 0.039034
Epoch 446/1000  Loss: 0.027000
Epoch 447/1000  Loss: 0.038653
Epoch 448/1000  Loss: 0.030511
Epoch 449/1000  Loss: 0.025340
Epoch 450/1000  Loss: 0.034073
Epoch 451/1000  Loss: 0.034918
Epoch 452/1000  Loss: 0.076103
Epoch 453/1000  Loss: 0.044444
Epoch 454/1000  Loss: 0.044705
Epoch 455/1000  Loss: 0.044856
Epoch 456/1000  Loss: 0.031022
Epoch 457/1000  Loss: 0.044265
Epoch 458/1000  Loss: 0.031177
Epoch 459/1000  Loss: 0.028574
Epoch 460/1000  Loss: 0.031640
Epoch 461/1000  Loss: 0.022767
Epoch 462/1000  Loss: 0.026505
Epoch 463/1000  Loss: 0.047809
Epoch 464/1000  Loss: 0.019028
Epoch 465/1000  Loss: 0.031265
Epoch 466/1000  Loss: 0.021946
Epoch 467/1000  Loss: 0.035914
Epoch 468/1000  Loss: 0.035361
Epoch 469/1000  Loss: 0.018349
Epoch 470/1000  Loss: 0.026511
Epoch 471/1000  Loss: 0.063872
Epoch 472/1000  Loss: 0.038689
Epoch 473/1000  Loss: 0.037625
Epoch 474/1000  Loss: 0.021325
Epoch 475/1000  Loss: 0.032446
Epoch 476/1000  Loss: 0.031841
Epoch 477/1000  Loss: 0.021772
Epoch 478/1000  Loss: 0.021144
Epoch 479/1000  Loss: 0.047913
Epoch 480/1000  Loss: 0.031986
Epoch 481/1000  Loss: 0.047869
Epoch 482/1000  Loss: 0.027326
Epoch 483/1000  Loss: 0.038938
Epoch 484/1000  Loss: 0.024649
Epoch 485/1000  Loss: 0.027318
Epoch 486/1000  Loss: 0.027810
Epoch 487/1000  Loss: 0.038635
Epoch 488/1000  Loss: 0.035623
Epoch 489/1000  Loss: 0.019034
Epoch 490/1000  Loss: 0.033226
Epoch 491/1000  Loss: 0.048031
Epoch 492/1000  Loss: 0.025865
Epoch 493/1000  Loss: 0.052185
Epoch 494/1000  Loss: 0.026091
Epoch 495/1000  Loss: 0.022236
Epoch 496/1000  Loss: 0.029108
Epoch 497/1000  Loss: 0.025920
Epoch 498/1000  Loss: 0.028437
Epoch 499/1000  Loss: 0.012452
Epoch 500/1000  Loss: 0.066386
Epoch 501/1000  Loss: 0.043394
Epoch 502/1000  Loss: 0.031308
Epoch 503/1000  Loss: 0.036743
Epoch 504/1000  Loss: 0.036038
Epoch 505/1000  Loss: 0.024843
Epoch 506/1000  Loss: 0.041597
Epoch 507/1000  Loss: 0.038121
Epoch 508/1000  Loss: 0.043899
Epoch 509/1000  Loss: 0.036629
Epoch 510/1000  Loss: 0.045044
Epoch 511/1000  Loss: 0.032718
Epoch 512/1000  Loss: 0.044820
Epoch 513/1000  Loss: 0.034558
Epoch 514/1000  Loss: 0.021131
Epoch 515/1000  Loss: 0.037265
Epoch 516/1000  Loss: 0.062751
Epoch 517/1000  Loss: 0.027128
Epoch 518/1000  Loss: 0.036664
Epoch 519/1000  Loss: 0.042580
Epoch 520/1000  Loss: 0.035101
Epoch 521/1000  Loss: 0.021385
Epoch 522/1000  Loss: 0.028372
Epoch 523/1000  Loss: 0.055680
Epoch 524/1000  Loss: 0.032337
Epoch 525/1000  Loss: 0.025783
Epoch 526/1000  Loss: 0.026538
Epoch 527/1000  Loss: 0.038786
Epoch 528/1000  Loss: 0.051265
Epoch 529/1000  Loss: 0.058030
Epoch 530/1000  Loss: 0.029146
Epoch 531/1000  Loss: 0.054038
Epoch 532/1000  Loss: 0.029314
Epoch 533/1000  Loss: 0.037405
Epoch 534/1000  Loss: 0.031509
Epoch 535/1000  Loss: 0.045829
Epoch 536/1000  Loss: 0.021392
Epoch 537/1000  Loss: 0.032701
Epoch 538/1000  Loss: 0.026160
Epoch 539/1000  Loss: 0.028268
Epoch 540/1000  Loss: 0.037908
Epoch 541/1000  Loss: 0.026946
Epoch 542/1000  Loss: 0.030574
Epoch 543/1000  Loss: 0.023395
Epoch 544/1000  Loss: 0.052945
Epoch 545/1000  Loss: 0.032716
Epoch 546/1000  Loss: 0.043456
Epoch 547/1000  Loss: 0.025207
Epoch 548/1000  Loss: 0.043581
Epoch 549/1000  Loss: 0.023796
Epoch 550/1000  Loss: 0.041227
Epoch 551/1000  Loss: 0.026933
Epoch 552/1000  Loss: 0.020004
Epoch 553/1000  Loss: 0.017004
Epoch 554/1000  Loss: 0.030019
Epoch 555/1000  Loss: 0.023286
Epoch 556/1000  Loss: 0.042412
Epoch 557/1000  Loss: 0.040405
Epoch 558/1000  Loss: 0.028269
Epoch 559/1000  Loss: 0.033238
Epoch 560/1000  Loss: 0.030893
Epoch 561/1000  Loss: 0.028970
Epoch 562/1000  Loss: 0.024934
Epoch 563/1000  Loss: 0.036912
Epoch 564/1000  Loss: 0.044219
Epoch 565/1000  Loss: 0.020806
Epoch 566/1000  Loss: 0.025196
Epoch 567/1000  Loss: 0.038890
Epoch 568/1000  Loss: 0.034419
Epoch 569/1000  Loss: 0.055197
Epoch 570/1000  Loss: 0.030757
Epoch 571/1000  Loss: 0.038748
Epoch 572/1000  Loss: 0.033208
Epoch 573/1000  Loss: 0.021860
Epoch 574/1000  Loss: 0.038180
Epoch 575/1000  Loss: 0.037380
Epoch 576/1000  Loss: 0.027221
Epoch 577/1000  Loss: 0.038216
Epoch 578/1000  Loss: 0.015421
Epoch 579/1000  Loss: 0.037185
Epoch 580/1000  Loss: 0.032576
Epoch 581/1000  Loss: 0.020031
Epoch 582/1000  Loss: 0.010415
Epoch 583/1000  Loss: 0.026054
Epoch 584/1000  Loss: 0.043795
Epoch 585/1000  Loss: 0.038302
Epoch 586/1000  Loss: 0.030026
Epoch 587/1000  Loss: 0.037576
Epoch 588/1000  Loss: 0.035003
Epoch 589/1000  Loss: 0.036556
Epoch 590/1000  Loss: 0.035487
Epoch 591/1000  Loss: 0.010303
Epoch 592/1000  Loss: 0.047763
Epoch 593/1000  Loss: 0.033409
Epoch 594/1000  Loss: 0.029743
Epoch 595/1000  Loss: 0.023206
Epoch 596/1000  Loss: 0.038350
Epoch 597/1000  Loss: 0.067098
Epoch 598/1000  Loss: 0.023799
Epoch 599/1000  Loss: 0.040457
Epoch 600/1000  Loss: 0.046714
Epoch 601/1000  Loss: 0.034744
Epoch 602/1000  Loss: 0.043109
Epoch 603/1000  Loss: 0.025266
Epoch 604/1000  Loss: 0.020119
Epoch 605/1000  Loss: 0.019023
Epoch 606/1000  Loss: 0.033341
Epoch 607/1000  Loss: 0.044429
Epoch 608/1000  Loss: 0.036065
Epoch 609/1000  Loss: 0.022278
Epoch 610/1000  Loss: 0.017975
Epoch 611/1000  Loss: 0.014989
Epoch 612/1000  Loss: 0.026503
Epoch 613/1000  Loss: 0.024378
Epoch 614/1000  Loss: 0.028865
Epoch 615/1000  Loss: 0.028382
Epoch 616/1000  Loss: 0.031002
Epoch 617/1000  Loss: 0.023310
Epoch 618/1000  Loss: 0.026383
Epoch 619/1000  Loss: 0.038430
Epoch 620/1000  Loss: 0.035718
Epoch 621/1000  Loss: 0.058704
Epoch 622/1000  Loss: 0.028461
Epoch 623/1000  Loss: 0.018593
Epoch 624/1000  Loss: 0.048268
Epoch 625/1000  Loss: 0.031482
Epoch 626/1000  Loss: 0.022389
Epoch 627/1000  Loss: 0.025977
Epoch 628/1000  Loss: 0.035232
Epoch 629/1000  Loss: 0.027263
Epoch 630/1000  Loss: 0.022307
Epoch 631/1000  Loss: 0.030115
Epoch 632/1000  Loss: 0.044695
Epoch 633/1000  Loss: 0.039829
Epoch 634/1000  Loss: 0.038297
Epoch 635/1000  Loss: 0.061320
Epoch 636/1000  Loss: 0.032296
Epoch 637/1000  Loss: 0.037985
Epoch 638/1000  Loss: 0.025397
Epoch 639/1000  Loss: 0.020799
Epoch 640/1000  Loss: 0.026994
Epoch 641/1000  Loss: 0.031590
Epoch 642/1000  Loss: 0.024466
Epoch 643/1000  Loss: 0.033375
Epoch 644/1000  Loss: 0.024747
Epoch 645/1000  Loss: 0.030284
Epoch 646/1000  Loss: 0.035044
Epoch 647/1000  Loss: 0.041807
Epoch 648/1000  Loss: 0.028311
Epoch 649/1000  Loss: 0.025408
Epoch 650/1000  Loss: 0.040441
Epoch 651/1000  Loss: 0.052561
Epoch 652/1000  Loss: 0.023707
Epoch 653/1000  Loss: 0.037820
Epoch 654/1000  Loss: 0.038083
Epoch 655/1000  Loss: 0.012167
Epoch 656/1000  Loss: 0.036338
Epoch 657/1000  Loss: 0.027720
Epoch 658/1000  Loss: 0.029699
Epoch 659/1000  Loss: 0.028574
Epoch 660/1000  Loss: 0.017748
Epoch 661/1000  Loss: 0.018017
Epoch 662/1000  Loss: 0.019268
Epoch 663/1000  Loss: 0.025499
Epoch 664/1000  Loss: 0.027635
Epoch 665/1000  Loss: 0.045706
Epoch 666/1000  Loss: 0.037176
Epoch 667/1000  Loss: 0.043375
Epoch 668/1000  Loss: 0.037726
Epoch 669/1000  Loss: 0.023760
Epoch 670/1000  Loss: 0.024479
Epoch 671/1000  Loss: 0.029634
Epoch 672/1000  Loss: 0.053041
Epoch 673/1000  Loss: 0.021784
Epoch 674/1000  Loss: 0.041660
Epoch 675/1000  Loss: 0.016921
Epoch 676/1000  Loss: 0.020291
Epoch 677/1000  Loss: 0.027400
Epoch 678/1000  Loss: 0.048602
Epoch 679/1000  Loss: 0.037442
Epoch 680/1000  Loss: 0.024717
Epoch 681/1000  Loss: 0.031593
Epoch 682/1000  Loss: 0.040407
Epoch 683/1000  Loss: 0.017276
Epoch 684/1000  Loss: 0.048074
Epoch 685/1000  Loss: 0.023250
Epoch 686/1000  Loss: 0.013419
Epoch 687/1000  Loss: 0.037287
Epoch 688/1000  Loss: 0.016588
Epoch 689/1000  Loss: 0.028588
Epoch 690/1000  Loss: 0.026368
Epoch 691/1000  Loss: 0.029264
Epoch 692/1000  Loss: 0.026508
Epoch 693/1000  Loss: 0.028917
Epoch 694/1000  Loss: 0.033879
Epoch 695/1000  Loss: 0.017200
Epoch 696/1000  Loss: 0.026049
Epoch 697/1000  Loss: 0.015331
Epoch 698/1000  Loss: 0.025261
Epoch 699/1000  Loss: 0.031834
Epoch 700/1000  Loss: 0.048819
Epoch 701/1000  Loss: 0.015661
Epoch 702/1000  Loss: 0.014316
Epoch 703/1000  Loss: 0.033710
Epoch 704/1000  Loss: 0.017534
Epoch 705/1000  Loss: 0.041757
Epoch 706/1000  Loss: 0.034499
Epoch 707/1000  Loss: 0.037883
Epoch 708/1000  Loss: 0.015358
Epoch 709/1000  Loss: 0.016441
Epoch 710/1000  Loss: 0.015692
Epoch 711/1000  Loss: 0.025495
Epoch 712/1000  Loss: 0.041972
Epoch 713/1000  Loss: 0.050424
Epoch 714/1000  Loss: 0.039377
Epoch 715/1000  Loss: 0.041013
Epoch 716/1000  Loss: 0.027212
Epoch 717/1000  Loss: 0.025924
Epoch 718/1000  Loss: 0.030174
Epoch 719/1000  Loss: 0.013629
Epoch 720/1000  Loss: 0.027747
Epoch 721/1000  Loss: 0.020604
Epoch 722/1000  Loss: 0.023564
Epoch 723/1000  Loss: 0.028930
Epoch 724/1000  Loss: 0.029233
Epoch 725/1000  Loss: 0.033112
Epoch 726/1000  Loss: 0.021000
Epoch 727/1000  Loss: 0.021853
Epoch 728/1000  Loss: 0.040121
Epoch 729/1000  Loss: 0.012117
Epoch 730/1000  Loss: 0.022647
Epoch 731/1000  Loss: 0.027693
Epoch 732/1000  Loss: 0.026390
Epoch 733/1000  Loss: 0.027783
Epoch 734/1000  Loss: 0.026193
Epoch 735/1000  Loss: 0.031720
Epoch 736/1000  Loss: 0.031917
Epoch 737/1000  Loss: 0.025841
Epoch 738/1000  Loss: 0.034803
Epoch 739/1000  Loss: 0.015688
Epoch 740/1000  Loss: 0.021366
Epoch 741/1000  Loss: 0.022829
Epoch 742/1000  Loss: 0.021296
Epoch 743/1000  Loss: 0.015435
Epoch 744/1000  Loss: 0.054224
Epoch 745/1000  Loss: 0.013648
Epoch 746/1000  Loss: 0.020271
Epoch 747/1000  Loss: 0.032242
Epoch 748/1000  Loss: 0.032020
Epoch 749/1000  Loss: 0.031178
Epoch 750/1000  Loss: 0.030048
Epoch 751/1000  Loss: 0.021190
Epoch 752/1000  Loss: 0.026507
Epoch 753/1000  Loss: 0.038502
Epoch 754/1000  Loss: 0.024815
Epoch 755/1000  Loss: 0.018508
Epoch 756/1000  Loss: 0.017622
Epoch 757/1000  Loss: 0.021835
Epoch 758/1000  Loss: 0.034275
Epoch 759/1000  Loss: 0.024455
Epoch 760/1000  Loss: 0.024445
Epoch 761/1000  Loss: 0.022338
Epoch 762/1000  Loss: 0.034691
Epoch 763/1000  Loss: 0.024281
Epoch 764/1000  Loss: 0.028274
Epoch 765/1000  Loss: 0.021824
Epoch 766/1000  Loss: 0.018964
Epoch 767/1000  Loss: 0.014018
Epoch 768/1000  Loss: 0.009664
Epoch 769/1000  Loss: 0.024188
Epoch 770/1000  Loss: 0.018357
Epoch 771/1000  Loss: 0.033266
Epoch 772/1000  Loss: 0.014522
Epoch 773/1000  Loss: 0.028378
Epoch 774/1000  Loss: 0.022867
Epoch 775/1000  Loss: 0.031931
Epoch 776/1000  Loss: 0.018410
Epoch 777/1000  Loss: 0.028939
Epoch 778/1000  Loss: 0.023392
Epoch 779/1000  Loss: 0.020229
Epoch 780/1000  Loss: 0.019029
Epoch 781/1000  Loss: 0.012284
Epoch 782/1000  Loss: 0.027010
Epoch 783/1000  Loss: 0.017215
Epoch 784/1000  Loss: 0.035359
Epoch 785/1000  Loss: 0.017054
Epoch 786/1000  Loss: 0.011334
Epoch 787/1000  Loss: 0.022357
Epoch 788/1000  Loss: 0.031118
Epoch 789/1000  Loss: 0.033818
Epoch 790/1000  Loss: 0.033273
Epoch 791/1000  Loss: 0.023536
Epoch 792/1000  Loss: 0.033908
Epoch 793/1000  Loss: 0.017312
Epoch 794/1000  Loss: 0.022439
Epoch 795/1000  Loss: 0.023716
Epoch 796/1000  Loss: 0.032401
Epoch 797/1000  Loss: 0.011078
Epoch 798/1000  Loss: 0.027867
Epoch 799/1000  Loss: 0.013586
Epoch 800/1000  Loss: 0.043003
Epoch 801/1000  Loss: 0.024645
Epoch 802/1000  Loss: 0.031109
Epoch 803/1000  Loss: 0.020980
Epoch 804/1000  Loss: 0.017870
Epoch 805/1000  Loss: 0.029279
Epoch 806/1000  Loss: 0.030751
Epoch 807/1000  Loss: 0.019122
Epoch 808/1000  Loss: 0.028500
Epoch 809/1000  Loss: 0.018197
Epoch 810/1000  Loss: 0.023244
Epoch 811/1000  Loss: 0.008494
Epoch 812/1000  Loss: 0.016467
Epoch 813/1000  Loss: 0.032379
Epoch 814/1000  Loss: 0.026333
Epoch 815/1000  Loss: 0.022845
Epoch 816/1000  Loss: 0.015578
Epoch 817/1000  Loss: 0.041032
Epoch 818/1000  Loss: 0.018029
Epoch 819/1000  Loss: 0.021811
Epoch 820/1000  Loss: 0.022111
Epoch 821/1000  Loss: 0.028066
Epoch 822/1000  Loss: 0.015039
Epoch 823/1000  Loss: 0.025277
Epoch 824/1000  Loss: 0.013221
Epoch 825/1000  Loss: 0.025527
Epoch 826/1000  Loss: 0.019695
Epoch 827/1000  Loss: 0.016210
Epoch 828/1000  Loss: 0.020243
Epoch 829/1000  Loss: 0.015534
Epoch 830/1000  Loss: 0.011727
Epoch 831/1000  Loss: 0.016916
Epoch 832/1000  Loss: 0.019754
Epoch 833/1000  Loss: 0.017418
Epoch 834/1000  Loss: 0.017760
Epoch 835/1000  Loss: 0.036793
Epoch 836/1000  Loss: 0.029351
Epoch 837/1000  Loss: 0.023912
Epoch 838/1000  Loss: 0.026343
Epoch 839/1000  Loss: 0.017428
Epoch 840/1000  Loss: 0.012071
Epoch 841/1000  Loss: 0.015255
Epoch 842/1000  Loss: 0.021797
Epoch 843/1000  Loss: 0.035591
Epoch 844/1000  Loss: 0.030354
Epoch 845/1000  Loss: 0.029131
Epoch 846/1000  Loss: 0.045597
Epoch 847/1000  Loss: 0.021013
Epoch 848/1000  Loss: 0.015912
Epoch 849/1000  Loss: 0.029104
Epoch 850/1000  Loss: 0.017291
Epoch 851/1000  Loss: 0.017203
Epoch 852/1000  Loss: 0.042889
Epoch 853/1000  Loss: 0.016654
Epoch 854/1000  Loss: 0.014468
Epoch 855/1000  Loss: 0.017921
Epoch 856/1000  Loss: 0.014018
Epoch 857/1000  Loss: 0.028718
Epoch 858/1000  Loss: 0.019025
Epoch 859/1000  Loss: 0.019805
Epoch 860/1000  Loss: 0.024655
Epoch 861/1000  Loss: 0.023881
Epoch 862/1000  Loss: 0.015814
Epoch 863/1000  Loss: 0.012493
Epoch 864/1000  Loss: 0.022253
Epoch 865/1000  Loss: 0.026553
Epoch 866/1000  Loss: 0.020408
Epoch 867/1000  Loss: 0.018796
Epoch 868/1000  Loss: 0.035871
Epoch 869/1000  Loss: 0.020799
Epoch 870/1000  Loss: 0.027789
Epoch 871/1000  Loss: 0.011036
Epoch 872/1000  Loss: 0.018031
Epoch 873/1000  Loss: 0.020375
Epoch 874/1000  Loss: 0.016643
Epoch 875/1000  Loss: 0.029345
Epoch 876/1000  Loss: 0.018894
Epoch 877/1000  Loss: 0.026486
Epoch 878/1000  Loss: 0.016077
Epoch 879/1000  Loss: 0.008190
Epoch 880/1000  Loss: 0.018620
Epoch 881/1000  Loss: 0.026369
Epoch 882/1000  Loss: 0.011625
Epoch 883/1000  Loss: 0.034384
Epoch 884/1000  Loss: 0.017331
Epoch 885/1000  Loss: 0.019137
Epoch 886/1000  Loss: 0.027855
Epoch 887/1000  Loss: 0.017454
Epoch 888/1000  Loss: 0.013908
Epoch 889/1000  Loss: 0.020975
Epoch 890/1000  Loss: 0.022247
Epoch 891/1000  Loss: 0.014808
Epoch 892/1000  Loss: 0.013680
Epoch 893/1000  Loss: 0.023001
Epoch 894/1000  Loss: 0.021712
Epoch 895/1000  Loss: 0.027403
Epoch 896/1000  Loss: 0.039485
Epoch 897/1000  Loss: 0.026599
Epoch 898/1000  Loss: 0.020046
Epoch 899/1000  Loss: 0.017241
Epoch 900/1000  Loss: 0.011617
Epoch 901/1000  Loss: 0.010695
Epoch 902/1000  Loss: 0.027304
Epoch 903/1000  Loss: 0.017210
Epoch 904/1000  Loss: 0.019844
Epoch 905/1000  Loss: 0.012252
Epoch 906/1000  Loss: 0.014724
Epoch 907/1000  Loss: 0.018808
Epoch 908/1000  Loss: 0.025818
Epoch 909/1000  Loss: 0.033007
Epoch 910/1000  Loss: 0.013236
Epoch 911/1000  Loss: 0.012264
Epoch 912/1000  Loss: 0.026873
Epoch 913/1000  Loss: 0.018412
Epoch 914/1000  Loss: 0.022367
Epoch 915/1000  Loss: 0.024245
Epoch 916/1000  Loss: 0.020338
Epoch 917/1000  Loss: 0.008016
Epoch 918/1000  Loss: 0.014649
Epoch 919/1000  Loss: 0.023603
Epoch 920/1000  Loss: 0.018239
Epoch 921/1000  Loss: 0.015095
Epoch 922/1000  Loss: 0.020378
Epoch 923/1000  Loss: 0.020794
Epoch 924/1000  Loss: 0.014756
Epoch 925/1000  Loss: 0.021340
Epoch 926/1000  Loss: 0.020532
Epoch 927/1000  Loss: 0.025640
Epoch 928/1000  Loss: 0.006340
Epoch 929/1000  Loss: 0.025414
Epoch 930/1000  Loss: 0.022848
Epoch 931/1000  Loss: 0.028122
Epoch 932/1000  Loss: 0.014643
Epoch 933/1000  Loss: 0.006019
Epoch 934/1000  Loss: 0.016487
Epoch 935/1000  Loss: 0.025523
Epoch 936/1000  Loss: 0.021774
Epoch 937/1000  Loss: 0.027282
Epoch 938/1000  Loss: 0.020427
Epoch 939/1000  Loss: 0.019774
Epoch 940/1000  Loss: 0.029586
Epoch 941/1000  Loss: 0.022273
Epoch 942/1000  Loss: 0.026642
Epoch 943/1000  Loss: 0.012894
Epoch 944/1000  Loss: 0.026424
Epoch 945/1000  Loss: 0.030154
Epoch 946/1000  Loss: 0.020910
Epoch 947/1000  Loss: 0.014898
Epoch 948/1000  Loss: 0.017379
Epoch 949/1000  Loss: 0.020445
Epoch 950/1000  Loss: 0.011736
Epoch 951/1000  Loss: 0.009139
Epoch 952/1000  Loss: 0.020980
Epoch 953/1000  Loss: 0.019224
Epoch 954/1000  Loss: 0.018579
Epoch 955/1000  Loss: 0.015439
Epoch 956/1000  Loss: 0.016617
Epoch 957/1000  Loss: 0.010448
Epoch 958/1000  Loss: 0.007771
Epoch 959/1000  Loss: 0.015266
Epoch 960/1000  Loss: 0.017242
Epoch 961/1000  Loss: 0.015260
Epoch 962/1000  Loss: 0.014114
Epoch 963/1000  Loss: 0.019807
Epoch 964/1000  Loss: 0.012272
Epoch 965/1000  Loss: 0.009486
Epoch 966/1000  Loss: 0.012159
Epoch 967/1000  Loss: 0.017339
Epoch 968/1000  Loss: 0.009776
Epoch 969/1000  Loss: 0.020643
Epoch 970/1000  Loss: 0.010170
Epoch 971/1000  Loss: 0.027573
Epoch 972/1000  Loss: 0.008395
Epoch 973/1000  Loss: 0.021771
Epoch 974/1000  Loss: 0.011650
Epoch 975/1000  Loss: 0.019219
Epoch 976/1000  Loss: 0.028312
Epoch 977/1000  Loss: 0.019554
Epoch 978/1000  Loss: 0.011537
Epoch 979/1000  Loss: 0.028405
Epoch 980/1000  Loss: 0.007604
Epoch 981/1000  Loss: 0.018182
Epoch 982/1000  Loss: 0.006023
Epoch 983/1000  Loss: 0.026008
Epoch 984/1000  Loss: 0.008823
Epoch 985/1000  Loss: 0.026074
Epoch 986/1000  Loss: 0.026902
Epoch 987/1000  Loss: 0.009562
Epoch 988/1000  Loss: 0.021758
Epoch 989/1000  Loss: 0.022052
Epoch 990/1000  Loss: 0.020485
Epoch 991/1000  Loss: 0.013055
Epoch 992/1000  Loss: 0.008192
Epoch 993/1000  Loss: 0.010288
Epoch 994/1000  Loss: 0.010697
Epoch 995/1000  Loss: 0.024171
Epoch 996/1000  Loss: 0.018975
Epoch 997/1000  Loss: 0.007553
Epoch 998/1000  Loss: 0.024972
Epoch 999/1000  Loss: 0.008443
Epoch 1000/1000  Loss: 0.010244

Samples saved to /work/nvme/bemc/abagchi2/finance-diffusion/sweep_results/k350/samples and /work/nvme/bemc/abagchi2/finance-diffusion/sweep_results/k350/samples_all.npz

============================================================
Portfolio Performance (no transaction costs)
============================================================
EW            Mean: 1.3504%  Std: 7.4747%  Sharpe: 0.6258  Sortino: 83.0021  Calmar: 0.7653  RtC: -0.0000
Factordiff    Mean: 1.5478%  Std: 14.8159%  Sharpe: 0.3619  Sortino: 64.3007  Calmar: 0.5101  RtC: -3.7276
Emp           Mean: 0.9877%  Std: 6.0084%  Sharpe: 0.5695  Sortino: 80.9992  Calmar: 0.7112  RtC: -1.4539
ShrEmp        Mean: 1.1886%  Std: 6.1249%  Sharpe: 0.6722  Sortino: 98.5431  Calmar: 0.8542  RtC: 3.3561

With transaction costs (Factordiff):
  Mean: 1.0068%  Std: 14.1938%  Sharpe: 0.2457  Sortino: 0.3827  Calmar: 0.3167  RtC: -27.7860

Model saved to /work/nvme/bemc/abagchi2/finance-diffusion/sweep_results/k350/checkpoint_k350.pt

Plots and CSV data saved to /work/nvme/bemc/abagchi2/finance-diffusion/sweep_results/k350/plots
