Using device: cuda
Loading data from /work/nvme/bemc/abagchi2/finance-diffusion/data/data_clean.pt...
  Shape: 150 months, 200 assets, 30 factors (subset of 350)
Epoch 1/1000  Loss: 0.906775
Epoch 2/1000  Loss: 0.647222
Epoch 3/1000  Loss: 0.444220
Epoch 4/1000  Loss: 0.302143
Epoch 5/1000  Loss: 0.194385
Epoch 6/1000  Loss: 0.119225
Epoch 7/1000  Loss: 0.079778
Epoch 8/1000  Loss: 0.061401
Epoch 9/1000  Loss: 0.070484
Epoch 10/1000  Loss: 0.039996
Epoch 11/1000  Loss: 0.038999
Epoch 12/1000  Loss: 0.047660
Epoch 13/1000  Loss: 0.051721
Epoch 14/1000  Loss: 0.051934
Epoch 15/1000  Loss: 0.035465
Epoch 16/1000  Loss: 0.046983
Epoch 17/1000  Loss: 0.049443
Epoch 18/1000  Loss: 0.055084
Epoch 19/1000  Loss: 0.056811
Epoch 20/1000  Loss: 0.047032
Epoch 21/1000  Loss: 0.035315
Epoch 22/1000  Loss: 0.059115
Epoch 23/1000  Loss: 0.041220
Epoch 24/1000  Loss: 0.037962
Epoch 25/1000  Loss: 0.030462
Epoch 26/1000  Loss: 0.027863
Epoch 27/1000  Loss: 0.031949
Epoch 28/1000  Loss: 0.052395
Epoch 29/1000  Loss: 0.056109
Epoch 30/1000  Loss: 0.051911
Epoch 31/1000  Loss: 0.035399
Epoch 32/1000  Loss: 0.064781
Epoch 33/1000  Loss: 0.054400
Epoch 34/1000  Loss: 0.074311
Epoch 35/1000  Loss: 0.066143
Epoch 36/1000  Loss: 0.018679
Epoch 37/1000  Loss: 0.049456
Epoch 38/1000  Loss: 0.034006
Epoch 39/1000  Loss: 0.035138
Epoch 40/1000  Loss: 0.044254
Epoch 41/1000  Loss: 0.045956
Epoch 42/1000  Loss: 0.049575
Epoch 43/1000  Loss: 0.039920
Epoch 44/1000  Loss: 0.040475
Epoch 45/1000  Loss: 0.024006
Epoch 46/1000  Loss: 0.034060
Epoch 47/1000  Loss: 0.055032
Epoch 48/1000  Loss: 0.020640
Epoch 49/1000  Loss: 0.038081
Epoch 50/1000  Loss: 0.035180
Epoch 51/1000  Loss: 0.070705
Epoch 52/1000  Loss: 0.040054
Epoch 53/1000  Loss: 0.062916
Epoch 54/1000  Loss: 0.059861
Epoch 55/1000  Loss: 0.061184
Epoch 56/1000  Loss: 0.040880
Epoch 57/1000  Loss: 0.030077
Epoch 58/1000  Loss: 0.063439
Epoch 59/1000  Loss: 0.023600
Epoch 60/1000  Loss: 0.029035
Epoch 61/1000  Loss: 0.030487
Epoch 62/1000  Loss: 0.040794
Epoch 63/1000  Loss: 0.041399
Epoch 64/1000  Loss: 0.066336
Epoch 65/1000  Loss: 0.045992
Epoch 66/1000  Loss: 0.024535
Epoch 67/1000  Loss: 0.057641
Epoch 68/1000  Loss: 0.067447
Epoch 69/1000  Loss: 0.039358
Epoch 70/1000  Loss: 0.039971
Epoch 71/1000  Loss: 0.039813
Epoch 72/1000  Loss: 0.038734
Epoch 73/1000  Loss: 0.023384
Epoch 74/1000  Loss: 0.028875
Epoch 75/1000  Loss: 0.023395
Epoch 76/1000  Loss: 0.033915
Epoch 77/1000  Loss: 0.034872
Epoch 78/1000  Loss: 0.033104
Epoch 79/1000  Loss: 0.050270
Epoch 80/1000  Loss: 0.056202
Epoch 81/1000  Loss: 0.075252
Epoch 82/1000  Loss: 0.057545
Epoch 83/1000  Loss: 0.056112
Epoch 84/1000  Loss: 0.043762
Epoch 85/1000  Loss: 0.050339
Epoch 86/1000  Loss: 0.025850
Epoch 87/1000  Loss: 0.034711
Epoch 88/1000  Loss: 0.043953
Epoch 89/1000  Loss: 0.056503
Epoch 90/1000  Loss: 0.036163
Epoch 91/1000  Loss: 0.055531
Epoch 92/1000  Loss: 0.064743
Epoch 93/1000  Loss: 0.047035
Epoch 94/1000  Loss: 0.038668
Epoch 95/1000  Loss: 0.065557
Epoch 96/1000  Loss: 0.033550
Epoch 97/1000  Loss: 0.036533
Epoch 98/1000  Loss: 0.027656
Epoch 99/1000  Loss: 0.031837
Epoch 100/1000  Loss: 0.045531
Epoch 101/1000  Loss: 0.035661
Epoch 102/1000  Loss: 0.041286
Epoch 103/1000  Loss: 0.050885
Epoch 104/1000  Loss: 0.068230
Epoch 105/1000  Loss: 0.034674
Epoch 106/1000  Loss: 0.032986
Epoch 107/1000  Loss: 0.048394
Epoch 108/1000  Loss: 0.037588
Epoch 109/1000  Loss: 0.037139
Epoch 110/1000  Loss: 0.030078
Epoch 111/1000  Loss: 0.028950
Epoch 112/1000  Loss: 0.038113
Epoch 113/1000  Loss: 0.041102
Epoch 114/1000  Loss: 0.041164
Epoch 115/1000  Loss: 0.029188
Epoch 116/1000  Loss: 0.047773
Epoch 117/1000  Loss: 0.028727
Epoch 118/1000  Loss: 0.068270
Epoch 119/1000  Loss: 0.045377
Epoch 120/1000  Loss: 0.044846
Epoch 121/1000  Loss: 0.043441
Epoch 122/1000  Loss: 0.035215
Epoch 123/1000  Loss: 0.038212
Epoch 124/1000  Loss: 0.046136
Epoch 125/1000  Loss: 0.040701
Epoch 126/1000  Loss: 0.047469
Epoch 127/1000  Loss: 0.051760
Epoch 128/1000  Loss: 0.038108
Epoch 129/1000  Loss: 0.042105
Epoch 130/1000  Loss: 0.017093
Epoch 131/1000  Loss: 0.021649
Epoch 132/1000  Loss: 0.021963
Epoch 133/1000  Loss: 0.020679
Epoch 134/1000  Loss: 0.026344
Epoch 135/1000  Loss: 0.050979
Epoch 136/1000  Loss: 0.030170
Epoch 137/1000  Loss: 0.035805
Epoch 138/1000  Loss: 0.036273
Epoch 139/1000  Loss: 0.043510
Epoch 140/1000  Loss: 0.030436
Epoch 141/1000  Loss: 0.038309
Epoch 142/1000  Loss: 0.059626
Epoch 143/1000  Loss: 0.057453
Epoch 144/1000  Loss: 0.031060
Epoch 145/1000  Loss: 0.053247
Epoch 146/1000  Loss: 0.050960
Epoch 147/1000  Loss: 0.029281
Epoch 148/1000  Loss: 0.037168
Epoch 149/1000  Loss: 0.042104
Epoch 150/1000  Loss: 0.033066
Epoch 151/1000  Loss: 0.057606
Epoch 152/1000  Loss: 0.037058
Epoch 153/1000  Loss: 0.048299
Epoch 154/1000  Loss: 0.034322
Epoch 155/1000  Loss: 0.025697
Epoch 156/1000  Loss: 0.054885
Epoch 157/1000  Loss: 0.046163
Epoch 158/1000  Loss: 0.041602
Epoch 159/1000  Loss: 0.022214
Epoch 160/1000  Loss: 0.068061
Epoch 161/1000  Loss: 0.037986
Epoch 162/1000  Loss: 0.052993
Epoch 163/1000  Loss: 0.034643
Epoch 164/1000  Loss: 0.042039
Epoch 165/1000  Loss: 0.033569
Epoch 166/1000  Loss: 0.048908
Epoch 167/1000  Loss: 0.047155
Epoch 168/1000  Loss: 0.027226
Epoch 169/1000  Loss: 0.042494
Epoch 170/1000  Loss: 0.045653
Epoch 171/1000  Loss: 0.041500
Epoch 172/1000  Loss: 0.035587
Epoch 173/1000  Loss: 0.051918
Epoch 174/1000  Loss: 0.037692
Epoch 175/1000  Loss: 0.041584
Epoch 176/1000  Loss: 0.050269
Epoch 177/1000  Loss: 0.053322
Epoch 178/1000  Loss: 0.035012
Epoch 179/1000  Loss: 0.050810
Epoch 180/1000  Loss: 0.046086
Epoch 181/1000  Loss: 0.044525
Epoch 182/1000  Loss: 0.046699
Epoch 183/1000  Loss: 0.041706
Epoch 184/1000  Loss: 0.044309
Epoch 185/1000  Loss: 0.036733
Epoch 186/1000  Loss: 0.024395
Epoch 187/1000  Loss: 0.076398
Epoch 188/1000  Loss: 0.036973
Epoch 189/1000  Loss: 0.037303
Epoch 190/1000  Loss: 0.036534
Epoch 191/1000  Loss: 0.049530
Epoch 192/1000  Loss: 0.045626
Epoch 193/1000  Loss: 0.033305
Epoch 194/1000  Loss: 0.016619
Epoch 195/1000  Loss: 0.044528
Epoch 196/1000  Loss: 0.039072
Epoch 197/1000  Loss: 0.030852
Epoch 198/1000  Loss: 0.027859
Epoch 199/1000  Loss: 0.049564
Epoch 200/1000  Loss: 0.041587
Epoch 201/1000  Loss: 0.066474
Epoch 202/1000  Loss: 0.025871
Epoch 203/1000  Loss: 0.052155
Epoch 204/1000  Loss: 0.025571
Epoch 205/1000  Loss: 0.060211
Epoch 206/1000  Loss: 0.021896
Epoch 207/1000  Loss: 0.031136
Epoch 208/1000  Loss: 0.038464
Epoch 209/1000  Loss: 0.038389
Epoch 210/1000  Loss: 0.041546
Epoch 211/1000  Loss: 0.039248
Epoch 212/1000  Loss: 0.042506
Epoch 213/1000  Loss: 0.051593
Epoch 214/1000  Loss: 0.042897
Epoch 215/1000  Loss: 0.023283
Epoch 216/1000  Loss: 0.044249
Epoch 217/1000  Loss: 0.036849
Epoch 218/1000  Loss: 0.045504
Epoch 219/1000  Loss: 0.047494
Epoch 220/1000  Loss: 0.059154
Epoch 221/1000  Loss: 0.046520
Epoch 222/1000  Loss: 0.028609
Epoch 223/1000  Loss: 0.040116
Epoch 224/1000  Loss: 0.050280
Epoch 225/1000  Loss: 0.048630
Epoch 226/1000  Loss: 0.037736
Epoch 227/1000  Loss: 0.026704
Epoch 228/1000  Loss: 0.052660
Epoch 229/1000  Loss: 0.045644
Epoch 230/1000  Loss: 0.059639
Epoch 231/1000  Loss: 0.023461
Epoch 232/1000  Loss: 0.030911
Epoch 233/1000  Loss: 0.048096
Epoch 234/1000  Loss: 0.027809
Epoch 235/1000  Loss: 0.036484
Epoch 236/1000  Loss: 0.051093
Epoch 237/1000  Loss: 0.039447
Epoch 238/1000  Loss: 0.017332
Epoch 239/1000  Loss: 0.027489
Epoch 240/1000  Loss: 0.056658
Epoch 241/1000  Loss: 0.045918
Epoch 242/1000  Loss: 0.047619
Epoch 243/1000  Loss: 0.027025
Epoch 244/1000  Loss: 0.047317
Epoch 245/1000  Loss: 0.049300
Epoch 246/1000  Loss: 0.054244
Epoch 247/1000  Loss: 0.061373
Epoch 248/1000  Loss: 0.053848
Epoch 249/1000  Loss: 0.044341
Epoch 250/1000  Loss: 0.041257
Epoch 251/1000  Loss: 0.044684
Epoch 252/1000  Loss: 0.030893
Epoch 253/1000  Loss: 0.047902
Epoch 254/1000  Loss: 0.050147
Epoch 255/1000  Loss: 0.029451
Epoch 256/1000  Loss: 0.050456
Epoch 257/1000  Loss: 0.071069
Epoch 258/1000  Loss: 0.022153
Epoch 259/1000  Loss: 0.041075
Epoch 260/1000  Loss: 0.031052
Epoch 261/1000  Loss: 0.033204
Epoch 262/1000  Loss: 0.030917
Epoch 263/1000  Loss: 0.035633
Epoch 264/1000  Loss: 0.021808
Epoch 265/1000  Loss: 0.060879
Epoch 266/1000  Loss: 0.048038
Epoch 267/1000  Loss: 0.054509
Epoch 268/1000  Loss: 0.031579
Epoch 269/1000  Loss: 0.053376
Epoch 270/1000  Loss: 0.039747
Epoch 271/1000  Loss: 0.035366
Epoch 272/1000  Loss: 0.033962
Epoch 273/1000  Loss: 0.026592
Epoch 274/1000  Loss: 0.036092
Epoch 275/1000  Loss: 0.051374
Epoch 276/1000  Loss: 0.039546
Epoch 277/1000  Loss: 0.027254
Epoch 278/1000  Loss: 0.025055
Epoch 279/1000  Loss: 0.053116
Epoch 280/1000  Loss: 0.015495
Epoch 281/1000  Loss: 0.080292
Epoch 282/1000  Loss: 0.044481
Epoch 283/1000  Loss: 0.032535
Epoch 284/1000  Loss: 0.048235
Epoch 285/1000  Loss: 0.021814
Epoch 286/1000  Loss: 0.041367
Epoch 287/1000  Loss: 0.056919
Epoch 288/1000  Loss: 0.051225
Epoch 289/1000  Loss: 0.027927
Epoch 290/1000  Loss: 0.050105
Epoch 291/1000  Loss: 0.032497
Epoch 292/1000  Loss: 0.028674
Epoch 293/1000  Loss: 0.049990
Epoch 294/1000  Loss: 0.029143
Epoch 295/1000  Loss: 0.014293
Epoch 296/1000  Loss: 0.040964
Epoch 297/1000  Loss: 0.038470
Epoch 298/1000  Loss: 0.065298
Epoch 299/1000  Loss: 0.029907
Epoch 300/1000  Loss: 0.040581
Epoch 301/1000  Loss: 0.027394
Epoch 302/1000  Loss: 0.045457
Epoch 303/1000  Loss: 0.027353
Epoch 304/1000  Loss: 0.031046
Epoch 305/1000  Loss: 0.073678
Epoch 306/1000  Loss: 0.049034
Epoch 307/1000  Loss: 0.043300
Epoch 308/1000  Loss: 0.026260
Epoch 309/1000  Loss: 0.042167
Epoch 310/1000  Loss: 0.056062
Epoch 311/1000  Loss: 0.026170
Epoch 312/1000  Loss: 0.023389
Epoch 313/1000  Loss: 0.026195
Epoch 314/1000  Loss: 0.039093
Epoch 315/1000  Loss: 0.030237
Epoch 316/1000  Loss: 0.036429
Epoch 317/1000  Loss: 0.048465
Epoch 318/1000  Loss: 0.026324
Epoch 319/1000  Loss: 0.045053
Epoch 320/1000  Loss: 0.046917
Epoch 321/1000  Loss: 0.034028
Epoch 322/1000  Loss: 0.029938
Epoch 323/1000  Loss: 0.025574
Epoch 324/1000  Loss: 0.040676
Epoch 325/1000  Loss: 0.035717
Epoch 326/1000  Loss: 0.040637
Epoch 327/1000  Loss: 0.040114
Epoch 328/1000  Loss: 0.055396
Epoch 329/1000  Loss: 0.051023
Epoch 330/1000  Loss: 0.038181
Epoch 331/1000  Loss: 0.032755
Epoch 332/1000  Loss: 0.042712
Epoch 333/1000  Loss: 0.026973
Epoch 334/1000  Loss: 0.047076
Epoch 335/1000  Loss: 0.031692
Epoch 336/1000  Loss: 0.046111
Epoch 337/1000  Loss: 0.043305
Epoch 338/1000  Loss: 0.025565
Epoch 339/1000  Loss: 0.033866
Epoch 340/1000  Loss: 0.051819
Epoch 341/1000  Loss: 0.044246
Epoch 342/1000  Loss: 0.024146
Epoch 343/1000  Loss: 0.047116
Epoch 344/1000  Loss: 0.047706
Epoch 345/1000  Loss: 0.038120
Epoch 346/1000  Loss: 0.032549
Epoch 347/1000  Loss: 0.032642
Epoch 348/1000  Loss: 0.035325
Epoch 349/1000  Loss: 0.042290
Epoch 350/1000  Loss: 0.028047
Epoch 351/1000  Loss: 0.028513
Epoch 352/1000  Loss: 0.048432
Epoch 353/1000  Loss: 0.039892
Epoch 354/1000  Loss: 0.030316
Epoch 355/1000  Loss: 0.036552
Epoch 356/1000  Loss: 0.049154
Epoch 357/1000  Loss: 0.045584
Epoch 358/1000  Loss: 0.029931
Epoch 359/1000  Loss: 0.026589
Epoch 360/1000  Loss: 0.046337
Epoch 361/1000  Loss: 0.042552
Epoch 362/1000  Loss: 0.049896
Epoch 363/1000  Loss: 0.064824
Epoch 364/1000  Loss: 0.059579
Epoch 365/1000  Loss: 0.026209
Epoch 366/1000  Loss: 0.045225
Epoch 367/1000  Loss: 0.032478
Epoch 368/1000  Loss: 0.032109
Epoch 369/1000  Loss: 0.055254
Epoch 370/1000  Loss: 0.074226
Epoch 371/1000  Loss: 0.031233
Epoch 372/1000  Loss: 0.036258
Epoch 373/1000  Loss: 0.035577
Epoch 374/1000  Loss: 0.053973
Epoch 375/1000  Loss: 0.053316
Epoch 376/1000  Loss: 0.032418
Epoch 377/1000  Loss: 0.027954
Epoch 378/1000  Loss: 0.025163
Epoch 379/1000  Loss: 0.058753
Epoch 380/1000  Loss: 0.032768
Epoch 381/1000  Loss: 0.044508
Epoch 382/1000  Loss: 0.036530
Epoch 383/1000  Loss: 0.054784
Epoch 384/1000  Loss: 0.035283
Epoch 385/1000  Loss: 0.037924
Epoch 386/1000  Loss: 0.052362
Epoch 387/1000  Loss: 0.037339
Epoch 388/1000  Loss: 0.047150
Epoch 389/1000  Loss: 0.055472
Epoch 390/1000  Loss: 0.024637
Epoch 391/1000  Loss: 0.063301
Epoch 392/1000  Loss: 0.042350
Epoch 393/1000  Loss: 0.029841
Epoch 394/1000  Loss: 0.040719
Epoch 395/1000  Loss: 0.040061
Epoch 396/1000  Loss: 0.047605
Epoch 397/1000  Loss: 0.051348
Epoch 398/1000  Loss: 0.042414
Epoch 399/1000  Loss: 0.025749
Epoch 400/1000  Loss: 0.029708
Epoch 401/1000  Loss: 0.047013
Epoch 402/1000  Loss: 0.034948
Epoch 403/1000  Loss: 0.060480
Epoch 404/1000  Loss: 0.039992
Epoch 405/1000  Loss: 0.038124
Epoch 406/1000  Loss: 0.041786
Epoch 407/1000  Loss: 0.041283
Epoch 408/1000  Loss: 0.021162
Epoch 409/1000  Loss: 0.032818
Epoch 410/1000  Loss: 0.050525
Epoch 411/1000  Loss: 0.039224
Epoch 412/1000  Loss: 0.036524
Epoch 413/1000  Loss: 0.040989
Epoch 414/1000  Loss: 0.051368
Epoch 415/1000  Loss: 0.045821
Epoch 416/1000  Loss: 0.029601
Epoch 417/1000  Loss: 0.034035
Epoch 418/1000  Loss: 0.026648
Epoch 419/1000  Loss: 0.037369
Epoch 420/1000  Loss: 0.039954
Epoch 421/1000  Loss: 0.024737
Epoch 422/1000  Loss: 0.043732
Epoch 423/1000  Loss: 0.033395
Epoch 424/1000  Loss: 0.069492
Epoch 425/1000  Loss: 0.038606
Epoch 426/1000  Loss: 0.031144
Epoch 427/1000  Loss: 0.051393
Epoch 428/1000  Loss: 0.035446
Epoch 429/1000  Loss: 0.039540
Epoch 430/1000  Loss: 0.042402
Epoch 431/1000  Loss: 0.025330
Epoch 432/1000  Loss: 0.034945
Epoch 433/1000  Loss: 0.042563
Epoch 434/1000  Loss: 0.028829
Epoch 435/1000  Loss: 0.045357
Epoch 436/1000  Loss: 0.053916
Epoch 437/1000  Loss: 0.035191
Epoch 438/1000  Loss: 0.054359
Epoch 439/1000  Loss: 0.064828
Epoch 440/1000  Loss: 0.028598
Epoch 441/1000  Loss: 0.033347
Epoch 442/1000  Loss: 0.025496
Epoch 443/1000  Loss: 0.029817
Epoch 444/1000  Loss: 0.045428
Epoch 445/1000  Loss: 0.040524
Epoch 446/1000  Loss: 0.030378
Epoch 447/1000  Loss: 0.041791
Epoch 448/1000  Loss: 0.035318
Epoch 449/1000  Loss: 0.025613
Epoch 450/1000  Loss: 0.041636
Epoch 451/1000  Loss: 0.041189
Epoch 452/1000  Loss: 0.081447
Epoch 453/1000  Loss: 0.049608
Epoch 454/1000  Loss: 0.049742
Epoch 455/1000  Loss: 0.047409
Epoch 456/1000  Loss: 0.033247
Epoch 457/1000  Loss: 0.051227
Epoch 458/1000  Loss: 0.037768
Epoch 459/1000  Loss: 0.032843
Epoch 460/1000  Loss: 0.036637
Epoch 461/1000  Loss: 0.027899
Epoch 462/1000  Loss: 0.032338
Epoch 463/1000  Loss: 0.052864
Epoch 464/1000  Loss: 0.021248
Epoch 465/1000  Loss: 0.035350
Epoch 466/1000  Loss: 0.029680
Epoch 467/1000  Loss: 0.040250
Epoch 468/1000  Loss: 0.039028
Epoch 469/1000  Loss: 0.020896
Epoch 470/1000  Loss: 0.032760
Epoch 471/1000  Loss: 0.067355
Epoch 472/1000  Loss: 0.042142
Epoch 473/1000  Loss: 0.041916
Epoch 474/1000  Loss: 0.024799
Epoch 475/1000  Loss: 0.035792
Epoch 476/1000  Loss: 0.035592
Epoch 477/1000  Loss: 0.023324
Epoch 478/1000  Loss: 0.022659
Epoch 479/1000  Loss: 0.047852
Epoch 480/1000  Loss: 0.036483
Epoch 481/1000  Loss: 0.054724
Epoch 482/1000  Loss: 0.032448
Epoch 483/1000  Loss: 0.047855
Epoch 484/1000  Loss: 0.029575
Epoch 485/1000  Loss: 0.030522
Epoch 486/1000  Loss: 0.032734
Epoch 487/1000  Loss: 0.041944
Epoch 488/1000  Loss: 0.043530
Epoch 489/1000  Loss: 0.024853
Epoch 490/1000  Loss: 0.035456
Epoch 491/1000  Loss: 0.053492
Epoch 492/1000  Loss: 0.029377
Epoch 493/1000  Loss: 0.059024
Epoch 494/1000  Loss: 0.032128
Epoch 495/1000  Loss: 0.025705
Epoch 496/1000  Loss: 0.030149
Epoch 497/1000  Loss: 0.028199
Epoch 498/1000  Loss: 0.031294
Epoch 499/1000  Loss: 0.016360
Epoch 500/1000  Loss: 0.071828
Epoch 501/1000  Loss: 0.047823
Epoch 502/1000  Loss: 0.038815
Epoch 503/1000  Loss: 0.039966
Epoch 504/1000  Loss: 0.042517
Epoch 505/1000  Loss: 0.026505
Epoch 506/1000  Loss: 0.047150
Epoch 507/1000  Loss: 0.042656
Epoch 508/1000  Loss: 0.050806
Epoch 509/1000  Loss: 0.040698
Epoch 510/1000  Loss: 0.052147
Epoch 511/1000  Loss: 0.036381
Epoch 512/1000  Loss: 0.055831
Epoch 513/1000  Loss: 0.040127
Epoch 514/1000  Loss: 0.022064
Epoch 515/1000  Loss: 0.041484
Epoch 516/1000  Loss: 0.069255
Epoch 517/1000  Loss: 0.033693
Epoch 518/1000  Loss: 0.042413
Epoch 519/1000  Loss: 0.050341
Epoch 520/1000  Loss: 0.040215
Epoch 521/1000  Loss: 0.026725
Epoch 522/1000  Loss: 0.038250
Epoch 523/1000  Loss: 0.063230
Epoch 524/1000  Loss: 0.038531
Epoch 525/1000  Loss: 0.030934
Epoch 526/1000  Loss: 0.031387
Epoch 527/1000  Loss: 0.044199
Epoch 528/1000  Loss: 0.055210
Epoch 529/1000  Loss: 0.063079
Epoch 530/1000  Loss: 0.031043
Epoch 531/1000  Loss: 0.058223
Epoch 532/1000  Loss: 0.032035
Epoch 533/1000  Loss: 0.042878
Epoch 534/1000  Loss: 0.040563
Epoch 535/1000  Loss: 0.054341
Epoch 536/1000  Loss: 0.026930
Epoch 537/1000  Loss: 0.037926
Epoch 538/1000  Loss: 0.028504
Epoch 539/1000  Loss: 0.035695
Epoch 540/1000  Loss: 0.039464
Epoch 541/1000  Loss: 0.030915
Epoch 542/1000  Loss: 0.034937
Epoch 543/1000  Loss: 0.030575
Epoch 544/1000  Loss: 0.062532
Epoch 545/1000  Loss: 0.038824
Epoch 546/1000  Loss: 0.045724
Epoch 547/1000  Loss: 0.028987
Epoch 548/1000  Loss: 0.049924
Epoch 549/1000  Loss: 0.028122
Epoch 550/1000  Loss: 0.046294
Epoch 551/1000  Loss: 0.033351
Epoch 552/1000  Loss: 0.025355
Epoch 553/1000  Loss: 0.020239
Epoch 554/1000  Loss: 0.033953
Epoch 555/1000  Loss: 0.031275
Epoch 556/1000  Loss: 0.047114
Epoch 557/1000  Loss: 0.050969
Epoch 558/1000  Loss: 0.035545
Epoch 559/1000  Loss: 0.041256
Epoch 560/1000  Loss: 0.035605
Epoch 561/1000  Loss: 0.031808
Epoch 562/1000  Loss: 0.033615
Epoch 563/1000  Loss: 0.045701
Epoch 564/1000  Loss: 0.055950
Epoch 565/1000  Loss: 0.026477
Epoch 566/1000  Loss: 0.031244
Epoch 567/1000  Loss: 0.040749
Epoch 568/1000  Loss: 0.039816
Epoch 569/1000  Loss: 0.059725
Epoch 570/1000  Loss: 0.035625
Epoch 571/1000  Loss: 0.042633
Epoch 572/1000  Loss: 0.041210
Epoch 573/1000  Loss: 0.024705
Epoch 574/1000  Loss: 0.046515
Epoch 575/1000  Loss: 0.046134
Epoch 576/1000  Loss: 0.030166
Epoch 577/1000  Loss: 0.047588
Epoch 578/1000  Loss: 0.017244
Epoch 579/1000  Loss: 0.047805
Epoch 580/1000  Loss: 0.035796
Epoch 581/1000  Loss: 0.029570
Epoch 582/1000  Loss: 0.014803
Epoch 583/1000  Loss: 0.030563
Epoch 584/1000  Loss: 0.053199
Epoch 585/1000  Loss: 0.044218
Epoch 586/1000  Loss: 0.034483
Epoch 587/1000  Loss: 0.045556
Epoch 588/1000  Loss: 0.043811
Epoch 589/1000  Loss: 0.043399
Epoch 590/1000  Loss: 0.040880
Epoch 591/1000  Loss: 0.014426
Epoch 592/1000  Loss: 0.055306
Epoch 593/1000  Loss: 0.040998
Epoch 594/1000  Loss: 0.040494
Epoch 595/1000  Loss: 0.030647
Epoch 596/1000  Loss: 0.045097
Epoch 597/1000  Loss: 0.078059
Epoch 598/1000  Loss: 0.028733
Epoch 599/1000  Loss: 0.047901
Epoch 600/1000  Loss: 0.054550
Epoch 601/1000  Loss: 0.040568
Epoch 602/1000  Loss: 0.046772
Epoch 603/1000  Loss: 0.031642
Epoch 604/1000  Loss: 0.026238
Epoch 605/1000  Loss: 0.023682
Epoch 606/1000  Loss: 0.040883
Epoch 607/1000  Loss: 0.049702
Epoch 608/1000  Loss: 0.046645
Epoch 609/1000  Loss: 0.028378
Epoch 610/1000  Loss: 0.024050
Epoch 611/1000  Loss: 0.019407
Epoch 612/1000  Loss: 0.038348
Epoch 613/1000  Loss: 0.030424
Epoch 614/1000  Loss: 0.036933
Epoch 615/1000  Loss: 0.038405
Epoch 616/1000  Loss: 0.040917
Epoch 617/1000  Loss: 0.031347
Epoch 618/1000  Loss: 0.033482
Epoch 619/1000  Loss: 0.045985
Epoch 620/1000  Loss: 0.044264
Epoch 621/1000  Loss: 0.067872
Epoch 622/1000  Loss: 0.038889
Epoch 623/1000  Loss: 0.024467
Epoch 624/1000  Loss: 0.060420
Epoch 625/1000  Loss: 0.038317
Epoch 626/1000  Loss: 0.028011
Epoch 627/1000  Loss: 0.032259
Epoch 628/1000  Loss: 0.044525
Epoch 629/1000  Loss: 0.033543
Epoch 630/1000  Loss: 0.027491
Epoch 631/1000  Loss: 0.034976
Epoch 632/1000  Loss: 0.053731
Epoch 633/1000  Loss: 0.048724
Epoch 634/1000  Loss: 0.050906
Epoch 635/1000  Loss: 0.073981
Epoch 636/1000  Loss: 0.043286
Epoch 637/1000  Loss: 0.048114
Epoch 638/1000  Loss: 0.031935
Epoch 639/1000  Loss: 0.028016
Epoch 640/1000  Loss: 0.033104
Epoch 641/1000  Loss: 0.040287
Epoch 642/1000  Loss: 0.033983
Epoch 643/1000  Loss: 0.044014
Epoch 644/1000  Loss: 0.035101
Epoch 645/1000  Loss: 0.039664
Epoch 646/1000  Loss: 0.042788
Epoch 647/1000  Loss: 0.048903
Epoch 648/1000  Loss: 0.040276
Epoch 649/1000  Loss: 0.033092
Epoch 650/1000  Loss: 0.057032
Epoch 651/1000  Loss: 0.062717
Epoch 652/1000  Loss: 0.029956
Epoch 653/1000  Loss: 0.043666
Epoch 654/1000  Loss: 0.046808
Epoch 655/1000  Loss: 0.017988
Epoch 656/1000  Loss: 0.047085
Epoch 657/1000  Loss: 0.037903
Epoch 658/1000  Loss: 0.039025
Epoch 659/1000  Loss: 0.037608
Epoch 660/1000  Loss: 0.027062
Epoch 661/1000  Loss: 0.024710
Epoch 662/1000  Loss: 0.025227
Epoch 663/1000  Loss: 0.036577
Epoch 664/1000  Loss: 0.033622
Epoch 665/1000  Loss: 0.058160
Epoch 666/1000  Loss: 0.045618
Epoch 667/1000  Loss: 0.054015
Epoch 668/1000  Loss: 0.047782
Epoch 669/1000  Loss: 0.032928
Epoch 670/1000  Loss: 0.031297
Epoch 671/1000  Loss: 0.035926
Epoch 672/1000  Loss: 0.066322
Epoch 673/1000  Loss: 0.028359
Epoch 674/1000  Loss: 0.055657
Epoch 675/1000  Loss: 0.022792
Epoch 676/1000  Loss: 0.024424
Epoch 677/1000  Loss: 0.035768
Epoch 678/1000  Loss: 0.061458
Epoch 679/1000  Loss: 0.049394
Epoch 680/1000  Loss: 0.032296
Epoch 681/1000  Loss: 0.038753
Epoch 682/1000  Loss: 0.055450
Epoch 683/1000  Loss: 0.023641
Epoch 684/1000  Loss: 0.055667
Epoch 685/1000  Loss: 0.028818
Epoch 686/1000  Loss: 0.021567
Epoch 687/1000  Loss: 0.043734
Epoch 688/1000  Loss: 0.023106
Epoch 689/1000  Loss: 0.034038
Epoch 690/1000  Loss: 0.037291
Epoch 691/1000  Loss: 0.037635
Epoch 692/1000  Loss: 0.033846
Epoch 693/1000  Loss: 0.039343
Epoch 694/1000  Loss: 0.045085
Epoch 695/1000  Loss: 0.025054
Epoch 696/1000  Loss: 0.033095
Epoch 697/1000  Loss: 0.022061
Epoch 698/1000  Loss: 0.033257
Epoch 699/1000  Loss: 0.042439
Epoch 700/1000  Loss: 0.063539
Epoch 701/1000  Loss: 0.021603
Epoch 702/1000  Loss: 0.019795
Epoch 703/1000  Loss: 0.043817
Epoch 704/1000  Loss: 0.025292
Epoch 705/1000  Loss: 0.049569
Epoch 706/1000  Loss: 0.044772
Epoch 707/1000  Loss: 0.051870
Epoch 708/1000  Loss: 0.023156
Epoch 709/1000  Loss: 0.022945
Epoch 710/1000  Loss: 0.022888
Epoch 711/1000  Loss: 0.034572
Epoch 712/1000  Loss: 0.052318
Epoch 713/1000  Loss: 0.066729
Epoch 714/1000  Loss: 0.049865
Epoch 715/1000  Loss: 0.054667
Epoch 716/1000  Loss: 0.037851
Epoch 717/1000  Loss: 0.037786
Epoch 718/1000  Loss: 0.037477
Epoch 719/1000  Loss: 0.021049
Epoch 720/1000  Loss: 0.041521
Epoch 721/1000  Loss: 0.032168
Epoch 722/1000  Loss: 0.034694
Epoch 723/1000  Loss: 0.041142
Epoch 724/1000  Loss: 0.034255
Epoch 725/1000  Loss: 0.043462
Epoch 726/1000  Loss: 0.034524
Epoch 727/1000  Loss: 0.030508
Epoch 728/1000  Loss: 0.054810
Epoch 729/1000  Loss: 0.020649
Epoch 730/1000  Loss: 0.029692
Epoch 731/1000  Loss: 0.039034
Epoch 732/1000  Loss: 0.039701
Epoch 733/1000  Loss: 0.042337
Epoch 734/1000  Loss: 0.036167
Epoch 735/1000  Loss: 0.044104
Epoch 736/1000  Loss: 0.045416
Epoch 737/1000  Loss: 0.039181
Epoch 738/1000  Loss: 0.046558
Epoch 739/1000  Loss: 0.023433
Epoch 740/1000  Loss: 0.032184
Epoch 741/1000  Loss: 0.029264
Epoch 742/1000  Loss: 0.033563
Epoch 743/1000  Loss: 0.019006
Epoch 744/1000  Loss: 0.064016
Epoch 745/1000  Loss: 0.019801
Epoch 746/1000  Loss: 0.027285
Epoch 747/1000  Loss: 0.044930
Epoch 748/1000  Loss: 0.048360
Epoch 749/1000  Loss: 0.043636
Epoch 750/1000  Loss: 0.042897
Epoch 751/1000  Loss: 0.034819
Epoch 752/1000  Loss: 0.032005
Epoch 753/1000  Loss: 0.045029
Epoch 754/1000  Loss: 0.035562
Epoch 755/1000  Loss: 0.028189
Epoch 756/1000  Loss: 0.026812
Epoch 757/1000  Loss: 0.031219
Epoch 758/1000  Loss: 0.044794
Epoch 759/1000  Loss: 0.038457
Epoch 760/1000  Loss: 0.035033
Epoch 761/1000  Loss: 0.028047
Epoch 762/1000  Loss: 0.044061
Epoch 763/1000  Loss: 0.037438
Epoch 764/1000  Loss: 0.043642
Epoch 765/1000  Loss: 0.035233
Epoch 766/1000  Loss: 0.030430
Epoch 767/1000  Loss: 0.024098
Epoch 768/1000  Loss: 0.016679
Epoch 769/1000  Loss: 0.037053
Epoch 770/1000  Loss: 0.030257
Epoch 771/1000  Loss: 0.045049
Epoch 772/1000  Loss: 0.019616
Epoch 773/1000  Loss: 0.035665
Epoch 774/1000  Loss: 0.035320
Epoch 775/1000  Loss: 0.043046
Epoch 776/1000  Loss: 0.027575
Epoch 777/1000  Loss: 0.042312
Epoch 778/1000  Loss: 0.037095
Epoch 779/1000  Loss: 0.034632
Epoch 780/1000  Loss: 0.028414
Epoch 781/1000  Loss: 0.020711
Epoch 782/1000  Loss: 0.037816
Epoch 783/1000  Loss: 0.026506
Epoch 784/1000  Loss: 0.056467
Epoch 785/1000  Loss: 0.024020
Epoch 786/1000  Loss: 0.016667
Epoch 787/1000  Loss: 0.032380
Epoch 788/1000  Loss: 0.052398
Epoch 789/1000  Loss: 0.044756
Epoch 790/1000  Loss: 0.047444
Epoch 791/1000  Loss: 0.038707
Epoch 792/1000  Loss: 0.052348
Epoch 793/1000  Loss: 0.027756
Epoch 794/1000  Loss: 0.038556
Epoch 795/1000  Loss: 0.031530
Epoch 796/1000  Loss: 0.042474
Epoch 797/1000  Loss: 0.016667
Epoch 798/1000  Loss: 0.043662
Epoch 799/1000  Loss: 0.024908
Epoch 800/1000  Loss: 0.068763
Epoch 801/1000  Loss: 0.035559
Epoch 802/1000  Loss: 0.042884
Epoch 803/1000  Loss: 0.040303
Epoch 804/1000  Loss: 0.026905
Epoch 805/1000  Loss: 0.050182
Epoch 806/1000  Loss: 0.043773
Epoch 807/1000  Loss: 0.030661
Epoch 808/1000  Loss: 0.047051
Epoch 809/1000  Loss: 0.030862
Epoch 810/1000  Loss: 0.035877
Epoch 811/1000  Loss: 0.017290
Epoch 812/1000  Loss: 0.030888
Epoch 813/1000  Loss: 0.050247
Epoch 814/1000  Loss: 0.040052
Epoch 815/1000  Loss: 0.035827
Epoch 816/1000  Loss: 0.027384
Epoch 817/1000  Loss: 0.051236
Epoch 818/1000  Loss: 0.030044
Epoch 819/1000  Loss: 0.034069
Epoch 820/1000  Loss: 0.037001
Epoch 821/1000  Loss: 0.046059
Epoch 822/1000  Loss: 0.025751
Epoch 823/1000  Loss: 0.039688
Epoch 824/1000  Loss: 0.024905
Epoch 825/1000  Loss: 0.039950
Epoch 826/1000  Loss: 0.032716
Epoch 827/1000  Loss: 0.030320
Epoch 828/1000  Loss: 0.038509
Epoch 829/1000  Loss: 0.025199
Epoch 830/1000  Loss: 0.023270
Epoch 831/1000  Loss: 0.032187
Epoch 832/1000  Loss: 0.033985
Epoch 833/1000  Loss: 0.033304
Epoch 834/1000  Loss: 0.027609
Epoch 835/1000  Loss: 0.053190
Epoch 836/1000  Loss: 0.046945
Epoch 837/1000  Loss: 0.039833
Epoch 838/1000  Loss: 0.042188
Epoch 839/1000  Loss: 0.027303
Epoch 840/1000  Loss: 0.022992
Epoch 841/1000  Loss: 0.024264
Epoch 842/1000  Loss: 0.033037
Epoch 843/1000  Loss: 0.047150
Epoch 844/1000  Loss: 0.051855
Epoch 845/1000  Loss: 0.045591
Epoch 846/1000  Loss: 0.072559
Epoch 847/1000  Loss: 0.033060
Epoch 848/1000  Loss: 0.027052
Epoch 849/1000  Loss: 0.047528
Epoch 850/1000  Loss: 0.027164
Epoch 851/1000  Loss: 0.025427
Epoch 852/1000  Loss: 0.059034
Epoch 853/1000  Loss: 0.027102
Epoch 854/1000  Loss: 0.028064
Epoch 855/1000  Loss: 0.029621
Epoch 856/1000  Loss: 0.024488
Epoch 857/1000  Loss: 0.040965
Epoch 858/1000  Loss: 0.033151
Epoch 859/1000  Loss: 0.032217
Epoch 860/1000  Loss: 0.040484
Epoch 861/1000  Loss: 0.040124
Epoch 862/1000  Loss: 0.026410
Epoch 863/1000  Loss: 0.025313
Epoch 864/1000  Loss: 0.037562
Epoch 865/1000  Loss: 0.042234
Epoch 866/1000  Loss: 0.045775
Epoch 867/1000  Loss: 0.030558
Epoch 868/1000  Loss: 0.054508
Epoch 869/1000  Loss: 0.036397
Epoch 870/1000  Loss: 0.046645
Epoch 871/1000  Loss: 0.024461
Epoch 872/1000  Loss: 0.033966
Epoch 873/1000  Loss: 0.030070
Epoch 874/1000  Loss: 0.028947
Epoch 875/1000  Loss: 0.054757
Epoch 876/1000  Loss: 0.037762
Epoch 877/1000  Loss: 0.048305
Epoch 878/1000  Loss: 0.025746
Epoch 879/1000  Loss: 0.018107
Epoch 880/1000  Loss: 0.028081
Epoch 881/1000  Loss: 0.045684
Epoch 882/1000  Loss: 0.020392
Epoch 883/1000  Loss: 0.059267
Epoch 884/1000  Loss: 0.033761
Epoch 885/1000  Loss: 0.037336
Epoch 886/1000  Loss: 0.052459
Epoch 887/1000  Loss: 0.033921
Epoch 888/1000  Loss: 0.024166
Epoch 889/1000  Loss: 0.038323
Epoch 890/1000  Loss: 0.041844
Epoch 891/1000  Loss: 0.027276
Epoch 892/1000  Loss: 0.024923
Epoch 893/1000  Loss: 0.041620
Epoch 894/1000  Loss: 0.038263
Epoch 895/1000  Loss: 0.044707
Epoch 896/1000  Loss: 0.060057
Epoch 897/1000  Loss: 0.042124
Epoch 898/1000  Loss: 0.037607
Epoch 899/1000  Loss: 0.035867
Epoch 900/1000  Loss: 0.024009
Epoch 901/1000  Loss: 0.019432
Epoch 902/1000  Loss: 0.047143
Epoch 903/1000  Loss: 0.033089
Epoch 904/1000  Loss: 0.034933
Epoch 905/1000  Loss: 0.026493
Epoch 906/1000  Loss: 0.025805
Epoch 907/1000  Loss: 0.035601
Epoch 908/1000  Loss: 0.038244
Epoch 909/1000  Loss: 0.050327
Epoch 910/1000  Loss: 0.022397
Epoch 911/1000  Loss: 0.026657
Epoch 912/1000  Loss: 0.038001
Epoch 913/1000  Loss: 0.031977
Epoch 914/1000  Loss: 0.038135
Epoch 915/1000  Loss: 0.041986
Epoch 916/1000  Loss: 0.040260
Epoch 917/1000  Loss: 0.019739
Epoch 918/1000  Loss: 0.033963
Epoch 919/1000  Loss: 0.042434
Epoch 920/1000  Loss: 0.038574
Epoch 921/1000  Loss: 0.031045
Epoch 922/1000  Loss: 0.035415
Epoch 923/1000  Loss: 0.041864
Epoch 924/1000  Loss: 0.028313
Epoch 925/1000  Loss: 0.043383
Epoch 926/1000  Loss: 0.042010
Epoch 927/1000  Loss: 0.044658
Epoch 928/1000  Loss: 0.015126
Epoch 929/1000  Loss: 0.048795
Epoch 930/1000  Loss: 0.047516
Epoch 931/1000  Loss: 0.054233
Epoch 932/1000  Loss: 0.033151
Epoch 933/1000  Loss: 0.015213
Epoch 934/1000  Loss: 0.032794
Epoch 935/1000  Loss: 0.052985
Epoch 936/1000  Loss: 0.033797
Epoch 937/1000  Loss: 0.042714
Epoch 938/1000  Loss: 0.040989
Epoch 939/1000  Loss: 0.039474
Epoch 940/1000  Loss: 0.048310
Epoch 941/1000  Loss: 0.043530
Epoch 942/1000  Loss: 0.038019
Epoch 943/1000  Loss: 0.032014
Epoch 944/1000  Loss: 0.045140
Epoch 945/1000  Loss: 0.045427
Epoch 946/1000  Loss: 0.041113
Epoch 947/1000  Loss: 0.033630
Epoch 948/1000  Loss: 0.038781
Epoch 949/1000  Loss: 0.034794
Epoch 950/1000  Loss: 0.022519
Epoch 951/1000  Loss: 0.024395
Epoch 952/1000  Loss: 0.043676
Epoch 953/1000  Loss: 0.043258
Epoch 954/1000  Loss: 0.036248
Epoch 955/1000  Loss: 0.036725
Epoch 956/1000  Loss: 0.035877
Epoch 957/1000  Loss: 0.022574
Epoch 958/1000  Loss: 0.021085
Epoch 959/1000  Loss: 0.033885
Epoch 960/1000  Loss: 0.038529
Epoch 961/1000  Loss: 0.037451
Epoch 962/1000  Loss: 0.032921
Epoch 963/1000  Loss: 0.036765
Epoch 964/1000  Loss: 0.032566
Epoch 965/1000  Loss: 0.025526
Epoch 966/1000  Loss: 0.028617
Epoch 967/1000  Loss: 0.030994
Epoch 968/1000  Loss: 0.027825
Epoch 969/1000  Loss: 0.047550
Epoch 970/1000  Loss: 0.026652
Epoch 971/1000  Loss: 0.052587
Epoch 972/1000  Loss: 0.019576
Epoch 973/1000  Loss: 0.040521
Epoch 974/1000  Loss: 0.028503
Epoch 975/1000  Loss: 0.045747
Epoch 976/1000  Loss: 0.057978
Epoch 977/1000  Loss: 0.033555
Epoch 978/1000  Loss: 0.030344
Epoch 979/1000  Loss: 0.053759
Epoch 980/1000  Loss: 0.016609
Epoch 981/1000  Loss: 0.034563
Epoch 982/1000  Loss: 0.018060
Epoch 983/1000  Loss: 0.044997
Epoch 984/1000  Loss: 0.018758
Epoch 985/1000  Loss: 0.046877
Epoch 986/1000  Loss: 0.058846
Epoch 987/1000  Loss: 0.021388
Epoch 988/1000  Loss: 0.041939
Epoch 989/1000  Loss: 0.042953
Epoch 990/1000  Loss: 0.037829
Epoch 991/1000  Loss: 0.033650
Epoch 992/1000  Loss: 0.020904
Epoch 993/1000  Loss: 0.027976
Epoch 994/1000  Loss: 0.029763
Epoch 995/1000  Loss: 0.059374
Epoch 996/1000  Loss: 0.041922
Epoch 997/1000  Loss: 0.022012
Epoch 998/1000  Loss: 0.043894
Epoch 999/1000  Loss: 0.021423
Epoch 1000/1000  Loss: 0.020715

Samples saved to /work/nvme/bemc/abagchi2/finance-diffusion/sweep_results/k30/samples and /work/nvme/bemc/abagchi2/finance-diffusion/sweep_results/k30/samples_all.npz

============================================================
Portfolio Performance (no transaction costs)
============================================================
EW            Mean: 1.3504%  Std: 7.4747%  Sharpe: 0.6258  Sortino: 83.0021  Calmar: 0.7653  RtC: -0.0000
Factordiff    Mean: 1.4669%  Std: 8.9143%  Sharpe: 0.5700  Sortino: 114.2847  Calmar: 0.6730  RtC: 10.6980
Emp           Mean: 0.9877%  Std: 6.0084%  Sharpe: 0.5695  Sortino: 80.9992  Calmar: 0.7112  RtC: -1.4539
ShrEmp        Mean: 1.1886%  Std: 6.1249%  Sharpe: 0.6722  Sortino: 98.5431  Calmar: 0.8542  RtC: 3.3561

With transaction costs (Factordiff):
  Mean: 0.8476%  Std: 7.3744%  Sharpe: 0.3982  Sortino: 0.7788  Calmar: 0.3535  RtC: -4.6981

Model saved to /work/nvme/bemc/abagchi2/finance-diffusion/sweep_results/k30/checkpoint_k30.pt

Plots and CSV data saved to /work/nvme/bemc/abagchi2/finance-diffusion/sweep_results/k30/plots
